#
# There is insufficient memory for the Java Runtime Environment to continue.
# Native memory allocation (malloc) failed to allocate 1975264 bytes. Error detail: Chunk::new
# Possible reasons:
#   The system is out of physical RAM or swap space
#   This process is running with CompressedOops enabled, and the Java Heap may be blocking the growth of the native heap
# Possible solutions:
#   Reduce memory load on the system
#   Increase physical memory or swap space
#   Check if swap backing store is full
#   Decrease Java heap size (-Xmx/-Xms)
#   Decrease number of Java threads
#   Decrease Java thread stack sizes (-Xss)
#   Set larger code cache with -XX:ReservedCodeCacheSize=
#   JVM is running with Unscaled Compressed Oops mode in which the Java heap is
#     placed in the first 4GB address space. The Java Heap base address is the
#     maximum limit for the native heap growth. Please use -XX:HeapBaseMinAddress
#     to set the Java Heap base and to place the Java Heap above 4GB virtual address.
# This output file may be truncated or incomplete.
#
#  Out of Memory Error (arena.cpp:168), pid=6392, tid=18660
#
# JRE version: OpenJDK Runtime Environment Corretto-21.0.4.7.1 (21.0.4+7) (build 21.0.4+7-LTS)
# Java VM: OpenJDK 64-Bit Server VM Corretto-21.0.4.7.1 (21.0.4+7-LTS, mixed mode, sharing, tiered, compressed oops, compressed class ptrs, g1 gc, windows-amd64)
# No core dump will be written. Minidumps are not enabled by default on client versions of Windows
#

---------------  S U M M A R Y ------------

Command Line: --add-opens=java.base/java.util=ALL-UNNAMED --add-opens=java.base/java.lang=ALL-UNNAMED --add-opens=java.base/java.lang.invoke=ALL-UNNAMED --add-opens=java.prefs/java.util.prefs=ALL-UNNAMED --add-opens=java.base/java.nio.charset=ALL-UNNAMED --add-opens=java.base/java.net=ALL-UNNAMED --add-opens=java.base/java.util.concurrent.atomic=ALL-UNNAMED -XX:MaxMetaspaceSize=384m -XX:+HeapDumpOnOutOfMemoryError -Xms256m -Xmx512m -Dfile.encoding=windows-1252 -Duser.country=US -Duser.language=en -Duser.variant -javaagent:C:\Users\ASUS\.gradle\wrapper\dists\gradle-8.7-bin\bhs2wmbdwecv87pi65oeuq5iu\gradle-8.7\lib\agents\gradle-instrumentation-agent-8.7.jar org.gradle.launcher.daemon.bootstrap.GradleDaemon 8.7

Host: Intel(R) Core(TM) i5-7300HQ CPU @ 2.50GHz, 4 cores, 7G,  Windows 10 , 64 bit Build 19041 (10.0.19041.2546)
Time: Tue Dec 17 23:42:42 2024 SE Asia Standard Time elapsed time: 7.798028 seconds (0d 0h 0m 7s)

---------------  T H R E A D  ---------------

Current thread (0x000001a29b5bc010):  JavaThread "C2 CompilerThread1" daemon [_thread_in_native, id=18660, stack(0x0000007f91c00000,0x0000007f91d00000) (1024K)]


Current CompileTask:
C2:   7798 5473       4       sun.reflect.generics.parser.SignatureParser::parsePackageNameAndSimpleClassTypeSignature (119 bytes)

Stack: [0x0000007f91c00000,0x0000007f91d00000]
Native frames: (J=compiled Java code, j=interpreted, Vv=VM code, C=native code)
V  [jvm.dll+0x6d83d9]
V  [jvm.dll+0x8b39f3]
V  [jvm.dll+0x8b5d4e]
V  [jvm.dll+0x8b6433]
V  [jvm.dll+0x285816]
V  [jvm.dll+0xc608d]
V  [jvm.dll+0xc65c3]
V  [jvm.dll+0x3bf09b]
V  [jvm.dll+0x38afb7]
V  [jvm.dll+0x38a42a]
V  [jvm.dll+0x24dcb2]
V  [jvm.dll+0x24d281]
V  [jvm.dll+0x1cbda4]
V  [jvm.dll+0x25c819]
V  [jvm.dll+0x25adcb]
V  [jvm.dll+0x3f9936]
V  [jvm.dll+0x85c768]
V  [jvm.dll+0x6d6bdd]
C  [ucrtbase.dll+0x21bb2]
C  [KERNEL32.DLL+0x17614]
C  [ntdll.dll+0x526a1]


---------------  P R O C E S S  ---------------

Threads class SMR info:
_java_thread_list=0x000001a29d1d7b80, length=38, elements={
0x000001a2e67f87b0, 0x000001a2fedfd030, 0x000001a2fee00160, 0x000001a2fee00e80,
0x000001a2fee02a50, 0x000001a2fee034b0, 0x000001a2fee04190, 0x000001a2fee04f20,
0x000001a2fee101a0, 0x000001a2fedca790, 0x000001a2ff1ff8d0, 0x000001a29b5bc010,
0x000001a29c2f2520, 0x000001a29bd410e0, 0x000001a29bc84e70, 0x000001a29c222e50,
0x000001a29c227640, 0x000001a29be20350, 0x000001a29bcf3c90, 0x000001a29bcf2f70,
0x000001a29bcf0ea0, 0x000001a29bcf2250, 0x000001a29bcf3600, 0x000001a29bcf0810,
0x000001a29bcf28e0, 0x000001a29bcf1bc0, 0x000001a29bff26f0, 0x000001a29bff82d0,
0x000001a29bff3410, 0x000001a29bff2d80, 0x000001a29bff54e0, 0x000001a29bff3aa0,
0x000001a29bff4130, 0x000001a29bff47c0, 0x000001a29bff8960, 0x000001a29bff4e50,
0x000001a29bff6200, 0x000001a29bff6f20
}

Java Threads: ( => current thread )
  0x000001a2e67f87b0 JavaThread "main"                              [_thread_blocked, id=13768, stack(0x0000007f90a00000,0x0000007f90b00000) (1024K)]
  0x000001a2fedfd030 JavaThread "Reference Handler"          daemon [_thread_blocked, id=17640, stack(0x0000007f91200000,0x0000007f91300000) (1024K)]
  0x000001a2fee00160 JavaThread "Finalizer"                  daemon [_thread_blocked, id=17008, stack(0x0000007f91300000,0x0000007f91400000) (1024K)]
  0x000001a2fee00e80 JavaThread "Signal Dispatcher"          daemon [_thread_blocked, id=10380, stack(0x0000007f91400000,0x0000007f91500000) (1024K)]
  0x000001a2fee02a50 JavaThread "Attach Listener"            daemon [_thread_blocked, id=15676, stack(0x0000007f91500000,0x0000007f91600000) (1024K)]
  0x000001a2fee034b0 JavaThread "Service Thread"             daemon [_thread_blocked, id=724, stack(0x0000007f91600000,0x0000007f91700000) (1024K)]
  0x000001a2fee04190 JavaThread "Monitor Deflation Thread"   daemon [_thread_blocked, id=10224, stack(0x0000007f91700000,0x0000007f91800000) (1024K)]
  0x000001a2fee04f20 JavaThread "C2 CompilerThread0"         daemon [_thread_in_native, id=18656, stack(0x0000007f91800000,0x0000007f91900000) (1024K)]
  0x000001a2fee101a0 JavaThread "C1 CompilerThread0"         daemon [_thread_blocked, id=16072, stack(0x0000007f91900000,0x0000007f91a00000) (1024K)]
  0x000001a2fedca790 JavaThread "Common-Cleaner"             daemon [_thread_blocked, id=3436, stack(0x0000007f91a00000,0x0000007f91b00000) (1024K)]
  0x000001a2ff1ff8d0 JavaThread "Notification Thread"        daemon [_thread_blocked, id=6292, stack(0x0000007f91b00000,0x0000007f91c00000) (1024K)]
=>0x000001a29b5bc010 JavaThread "C2 CompilerThread1"         daemon [_thread_in_native, id=18660, stack(0x0000007f91c00000,0x0000007f91d00000) (1024K)]
  0x000001a29c2f2520 JavaThread "Daemon health stats"               [_thread_blocked, id=11452, stack(0x0000007f92000000,0x0000007f92100000) (1024K)]
  0x000001a29bd410e0 JavaThread "Incoming local TCP Connector on port 53439"        [_thread_in_native, id=18688, stack(0x0000007f92100000,0x0000007f92200000) (1024K)]
  0x000001a29bc84e70 JavaThread "Daemon periodic checks"            [_thread_blocked, id=10816, stack(0x0000007f92200000,0x0000007f92300000) (1024K)]
  0x000001a29c222e50 JavaThread "Daemon"                            [_thread_blocked, id=11448, stack(0x0000007f92300000,0x0000007f92400000) (1024K)]
  0x000001a29c227640 JavaThread "Handler for socket connection from /127.0.0.1:53439 to /127.0.0.1:53440"        [_thread_in_native, id=18648, stack(0x0000007f92400000,0x0000007f92500000) (1024K)]
  0x000001a29be20350 JavaThread "Cancel handler"                    [_thread_blocked, id=9532, stack(0x0000007f92500000,0x0000007f92600000) (1024K)]
  0x000001a29bcf3c90 JavaThread "Daemon worker"                     [_thread_in_vm, id=17076, stack(0x0000007f92600000,0x0000007f92700000) (1024K)]
  0x000001a29bcf2f70 JavaThread "Asynchronous log dispatcher for DefaultDaemonConnection: socket connection from /127.0.0.1:53439 to /127.0.0.1:53440"        [_thread_blocked, id=6020, stack(0x0000007f92700000,0x0000007f92800000) (1024K)]
  0x000001a29bcf0ea0 JavaThread "Stdin handler"                     [_thread_blocked, id=13808, stack(0x0000007f92800000,0x0000007f92900000) (1024K)]
  0x000001a29bcf2250 JavaThread "Daemon client event forwarder"        [_thread_blocked, id=10520, stack(0x0000007f92900000,0x0000007f92a00000) (1024K)]
  0x000001a29bcf3600 JavaThread "Cache worker for journal cache (C:\Users\ASUS\.gradle\caches\journal-1)"        [_thread_blocked, id=17352, stack(0x0000007f92a00000,0x0000007f92b00000) (1024K)]
  0x000001a29bcf0810 JavaThread "File lock request listener"        [_thread_in_native, id=10968, stack(0x0000007f92b00000,0x0000007f92c00000) (1024K)]
  0x000001a29bcf28e0 JavaThread "Cache worker for file hash cache (C:\Users\ASUS\.gradle\caches\8.7\fileHashes)"        [_thread_blocked, id=13340, stack(0x0000007f92c00000,0x0000007f92d00000) (1024K)]
  0x000001a29bcf1bc0 JavaThread "Cache worker for file hash cache (D:\codegym\module4\ss3\bai_tap\mailbox_config\.gradle\8.7\fileHashes)"        [_thread_blocked, id=17904, stack(0x0000007f92d00000,0x0000007f92e00000) (1024K)]
  0x000001a29bff26f0 JavaThread "File watcher server"        daemon [_thread_in_native, id=11008, stack(0x0000007f92e00000,0x0000007f92f00000) (1024K)]
  0x000001a29bff82d0 JavaThread "File watcher consumer"      daemon [_thread_blocked, id=18240, stack(0x0000007f92f00000,0x0000007f93000000) (1024K)]
  0x000001a29bff3410 JavaThread "Cache worker for checksums cache (D:\codegym\module4\ss3\bai_tap\mailbox_config\.gradle\8.7\checksums)"        [_thread_blocked, id=18108, stack(0x0000007f93000000,0x0000007f93100000) (1024K)]
  0x000001a29bff2d80 JavaThread "Cache worker for cache directory md-supplier (C:\Users\ASUS\.gradle\caches\8.7\md-supplier)"        [_thread_blocked, id=7136, stack(0x0000007f93100000,0x0000007f93200000) (1024K)]
  0x000001a29bff54e0 JavaThread "Cache worker for cache directory md-rule (C:\Users\ASUS\.gradle\caches\8.7\md-rule)"        [_thread_blocked, id=12928, stack(0x0000007f93200000,0x0000007f93300000) (1024K)]
  0x000001a29bff3aa0 JavaThread "Cache worker for file content cache (C:\Users\ASUS\.gradle\caches\8.7\fileContent)"        [_thread_blocked, id=9968, stack(0x0000007f93300000,0x0000007f93400000) (1024K)]
  0x000001a29bff4130 JavaThread "jar transforms"                    [_thread_blocked, id=11260, stack(0x0000007f93400000,0x0000007f93500000) (1024K)]
  0x000001a29bff47c0 JavaThread "jar transforms Thread 2"           [_thread_blocked, id=13116, stack(0x0000007f93500000,0x0000007f93600000) (1024K)]
  0x000001a29bff8960 JavaThread "jar transforms Thread 3"           [_thread_blocked, id=12596, stack(0x0000007f93600000,0x0000007f93700000) (1024K)]
  0x000001a29bff4e50 JavaThread "jar transforms Thread 4"           [_thread_blocked, id=14524, stack(0x0000007f93700000,0x0000007f93800000) (1024K)]
  0x000001a29bff6200 JavaThread "Cache worker for Build Output Cleanup Cache (D:\codegym\module4\ss3\bai_tap\mailbox_config\.gradle\buildOutputCleanup)"        [_thread_blocked, id=17040, stack(0x0000007f93800000,0x0000007f93900000) (1024K)]
  0x000001a29bff6f20 JavaThread "Memory manager"                    [_thread_blocked, id=17696, stack(0x0000007f93900000,0x0000007f93a00000) (1024K)]
Total: 38

Other Threads:
  0x000001a2feddcd80 VMThread "VM Thread"                           [id=17468, stack(0x0000007f91100000,0x0000007f91200000) (1024K)]
  0x000001a2fedc9a80 WatcherThread "VM Periodic Task Thread"        [id=216, stack(0x0000007f91000000,0x0000007f91100000) (1024K)]
  0x000001a2e6821d40 WorkerThread "GC Thread#0"                     [id=16636, stack(0x0000007f90b00000,0x0000007f90c00000) (1024K)]
  0x000001a2ff259520 WorkerThread "GC Thread#1"                     [id=9892, stack(0x0000007f91d00000,0x0000007f91e00000) (1024K)]
  0x000001a2ff47af80 WorkerThread "GC Thread#2"                     [id=8032, stack(0x0000007f91e00000,0x0000007f91f00000) (1024K)]
  0x000001a2ff47b320 WorkerThread "GC Thread#3"                     [id=12296, stack(0x0000007f91f00000,0x0000007f92000000) (1024K)]
  0x000001a2e6826c30 ConcurrentGCThread "G1 Main Marker"            [id=11316, stack(0x0000007f90c00000,0x0000007f90d00000) (1024K)]
  0x000001a2e6827640 WorkerThread "G1 Conc#0"                       [id=18644, stack(0x0000007f90d00000,0x0000007f90e00000) (1024K)]
  0x000001a2e68ce460 ConcurrentGCThread "G1 Refine#0"               [id=15124, stack(0x0000007f90e00000,0x0000007f90f00000) (1024K)]
  0x000001a2fec9f190 ConcurrentGCThread "G1 Service"                [id=18680, stack(0x0000007f90f00000,0x0000007f91000000) (1024K)]
Total: 10

Threads with active compile tasks:
C2 CompilerThread0     7861 5601       4       org.gradle.internal.reflect.ClassInspector::inspectClass (179 bytes)
C2 CompilerThread1     7861 5473       4       sun.reflect.generics.parser.SignatureParser::parsePackageNameAndSimpleClassTypeSignature (119 bytes)
Total: 2

VM state: not at safepoint (normal execution)

VM Mutex/Monitor currently owned by a thread:  ([mutex/lock_event])
[0x00007fff5c7969a8] SystemDictionary_lock - owner thread: 0x0000000000000000

Heap address: 0x00000000e0000000, size: 512 MB, Compressed Oops mode: 32-bit

CDS archive(s) mapped at: [0x000001a282000000-0x000001a282c90000-0x000001a282c90000), size 13172736, SharedBaseAddress: 0x000001a282000000, ArchiveRelocationMode: 1.
Compressed class space mapped at: 0x000001a283000000-0x000001a297000000, reserved size: 335544320
Narrow klass base: 0x000001a282000000, Narrow klass shift: 0, Narrow klass range: 0x100000000

GC Precious Log:
 CardTable entry size: 512
 Card Set container configuration: InlinePtr #cards 5 size 8 Array Of Cards #cards 12 size 40 Howl #buckets 4 coarsen threshold 1843 Howl Bitmap #cards 512 size 80 coarsen threshold 460 Card regions per heap region 1 cards per card region 2048
 CPUs: 4 total, 4 available
 Memory: 8076M
 Large Page Support: Disabled
 NUMA Support: Disabled
 Compressed Oops: Enabled (32-bit)
 Heap Region Size: 1M
 Heap Min Capacity: 256M
 Heap Initial Capacity: 256M
 Heap Max Capacity: 512M
 Pre-touch: Disabled
 Parallel Workers: 4
 Concurrent Workers: 1
 Concurrent Refinement Workers: 4
 Periodic GC: Disabled

Heap:
 garbage-first heap   total 262144K, used 43746K [0x00000000e0000000, 0x0000000100000000)
  region size 1024K, 22 young (22528K), 19 survivors (19456K)
 Metaspace       used 50533K, committed 52352K, reserved 393216K
  class space    used 7378K, committed 8256K, reserved 327680K

Heap Regions: E=young(eden), S=young(survivor), O=old, HS=humongous(starts), HC=humongous(continues), CS=collection set, F=free, TAMS=top-at-mark-start, PB=parsable bottom
|   0|0x00000000e0000000, 0x00000000e0100000, 0x00000000e0100000|100%| O|  |TAMS 0x00000000e0000000| PB 0x00000000e0000000| Untracked 
|   1|0x00000000e0100000, 0x00000000e0200000, 0x00000000e0200000|100%|HS|  |TAMS 0x00000000e0100000| PB 0x00000000e0100000| Complete 
|   2|0x00000000e0200000, 0x00000000e0300000, 0x00000000e0300000|100%|HC|  |TAMS 0x00000000e0200000| PB 0x00000000e0200000| Complete 
|   3|0x00000000e0300000, 0x00000000e0400000, 0x00000000e0400000|100%|HC|  |TAMS 0x00000000e0300000| PB 0x00000000e0300000| Complete 
|   4|0x00000000e0400000, 0x00000000e0500000, 0x00000000e0500000|100%|HC|  |TAMS 0x00000000e0400000| PB 0x00000000e0400000| Complete 
|   5|0x00000000e0500000, 0x00000000e0600000, 0x00000000e0600000|100%| O|  |TAMS 0x00000000e0500000| PB 0x00000000e0500000| Untracked 
|   6|0x00000000e0600000, 0x00000000e0700000, 0x00000000e0700000|100%| O|  |TAMS 0x00000000e0600000| PB 0x00000000e0600000| Untracked 
|   7|0x00000000e0700000, 0x00000000e0700000, 0x00000000e0800000|  0%| F|  |TAMS 0x00000000e0700000| PB 0x00000000e0700000| Untracked 
|   8|0x00000000e0800000, 0x00000000e0900000, 0x00000000e0900000|100%| O|  |TAMS 0x00000000e0800000| PB 0x00000000e0800000| Untracked 
|   9|0x00000000e0900000, 0x00000000e0a00000, 0x00000000e0a00000|100%| O|  |TAMS 0x00000000e0900000| PB 0x00000000e0900000| Untracked 
|  10|0x00000000e0a00000, 0x00000000e0b00000, 0x00000000e0b00000|100%| O|  |TAMS 0x00000000e0a00000| PB 0x00000000e0a00000| Untracked 
|  11|0x00000000e0b00000, 0x00000000e0c00000, 0x00000000e0c00000|100%| O|  |TAMS 0x00000000e0b00000| PB 0x00000000e0b00000| Untracked 
|  12|0x00000000e0c00000, 0x00000000e0d00000, 0x00000000e0d00000|100%| O|  |TAMS 0x00000000e0c00000| PB 0x00000000e0c00000| Untracked 
|  13|0x00000000e0d00000, 0x00000000e0e00000, 0x00000000e0e00000|100%| O|  |TAMS 0x00000000e0d00000| PB 0x00000000e0d00000| Untracked 
|  14|0x00000000e0e00000, 0x00000000e0f00000, 0x00000000e0f00000|100%| O|  |TAMS 0x00000000e0e00000| PB 0x00000000e0e00000| Untracked 
|  15|0x00000000e0f00000, 0x00000000e1000000, 0x00000000e1000000|100%| O|  |TAMS 0x00000000e0f00000| PB 0x00000000e0f00000| Untracked 
|  16|0x00000000e1000000, 0x00000000e1100000, 0x00000000e1100000|100%| O|  |TAMS 0x00000000e1000000| PB 0x00000000e1000000| Untracked 
|  17|0x00000000e1100000, 0x00000000e1200000, 0x00000000e1200000|100%| O|  |TAMS 0x00000000e1100000| PB 0x00000000e1100000| Untracked 
|  18|0x00000000e1200000, 0x00000000e1300000, 0x00000000e1300000|100%| O|  |TAMS 0x00000000e1200000| PB 0x00000000e1200000| Untracked 
|  19|0x00000000e1300000, 0x00000000e1400000, 0x00000000e1400000|100%| O|  |TAMS 0x00000000e1300000| PB 0x00000000e1300000| Untracked 
|  20|0x00000000e1400000, 0x00000000e1500000, 0x00000000e1500000|100%| O|  |TAMS 0x00000000e1400000| PB 0x00000000e1400000| Untracked 
|  21|0x00000000e1500000, 0x00000000e1600000, 0x00000000e1600000|100%| O|  |TAMS 0x00000000e1500000| PB 0x00000000e1500000| Untracked 
|  22|0x00000000e1600000, 0x00000000e1700000, 0x00000000e1700000|100%| O|Cm|TAMS 0x00000000e1600000| PB 0x00000000e1600000| Complete 
|  23|0x00000000e1700000, 0x00000000e1738a20, 0x00000000e1800000| 22%| O|  |TAMS 0x00000000e1700000| PB 0x00000000e1700000| Untracked 
|  24|0x00000000e1800000, 0x00000000e1800000, 0x00000000e1900000|  0%| F|  |TAMS 0x00000000e1800000| PB 0x00000000e1800000| Untracked 
|  25|0x00000000e1900000, 0x00000000e1900000, 0x00000000e1a00000|  0%| F|  |TAMS 0x00000000e1900000| PB 0x00000000e1900000| Untracked 
|  26|0x00000000e1a00000, 0x00000000e1a00000, 0x00000000e1b00000|  0%| F|  |TAMS 0x00000000e1a00000| PB 0x00000000e1a00000| Untracked 
|  27|0x00000000e1b00000, 0x00000000e1b00000, 0x00000000e1c00000|  0%| F|  |TAMS 0x00000000e1b00000| PB 0x00000000e1b00000| Untracked 
|  28|0x00000000e1c00000, 0x00000000e1c00000, 0x00000000e1d00000|  0%| F|  |TAMS 0x00000000e1c00000| PB 0x00000000e1c00000| Untracked 
|  29|0x00000000e1d00000, 0x00000000e1d00000, 0x00000000e1e00000|  0%| F|  |TAMS 0x00000000e1d00000| PB 0x00000000e1d00000| Untracked 
|  30|0x00000000e1e00000, 0x00000000e1e00000, 0x00000000e1f00000|  0%| F|  |TAMS 0x00000000e1e00000| PB 0x00000000e1e00000| Untracked 
|  31|0x00000000e1f00000, 0x00000000e1f00000, 0x00000000e2000000|  0%| F|  |TAMS 0x00000000e1f00000| PB 0x00000000e1f00000| Untracked 
|  32|0x00000000e2000000, 0x00000000e2000000, 0x00000000e2100000|  0%| F|  |TAMS 0x00000000e2000000| PB 0x00000000e2000000| Untracked 
|  33|0x00000000e2100000, 0x00000000e2100000, 0x00000000e2200000|  0%| F|  |TAMS 0x00000000e2100000| PB 0x00000000e2100000| Untracked 
|  34|0x00000000e2200000, 0x00000000e2200000, 0x00000000e2300000|  0%| F|  |TAMS 0x00000000e2200000| PB 0x00000000e2200000| Untracked 
|  35|0x00000000e2300000, 0x00000000e2300000, 0x00000000e2400000|  0%| F|  |TAMS 0x00000000e2300000| PB 0x00000000e2300000| Untracked 
|  36|0x00000000e2400000, 0x00000000e2400000, 0x00000000e2500000|  0%| F|  |TAMS 0x00000000e2400000| PB 0x00000000e2400000| Untracked 
|  37|0x00000000e2500000, 0x00000000e2500000, 0x00000000e2600000|  0%| F|  |TAMS 0x00000000e2500000| PB 0x00000000e2500000| Untracked 
|  38|0x00000000e2600000, 0x00000000e2600000, 0x00000000e2700000|  0%| F|  |TAMS 0x00000000e2600000| PB 0x00000000e2600000| Untracked 
|  39|0x00000000e2700000, 0x00000000e2700000, 0x00000000e2800000|  0%| F|  |TAMS 0x00000000e2700000| PB 0x00000000e2700000| Untracked 
|  40|0x00000000e2800000, 0x00000000e2800000, 0x00000000e2900000|  0%| F|  |TAMS 0x00000000e2800000| PB 0x00000000e2800000| Untracked 
|  41|0x00000000e2900000, 0x00000000e2900000, 0x00000000e2a00000|  0%| F|  |TAMS 0x00000000e2900000| PB 0x00000000e2900000| Untracked 
|  42|0x00000000e2a00000, 0x00000000e2a00000, 0x00000000e2b00000|  0%| F|  |TAMS 0x00000000e2a00000| PB 0x00000000e2a00000| Untracked 
|  43|0x00000000e2b00000, 0x00000000e2b00000, 0x00000000e2c00000|  0%| F|  |TAMS 0x00000000e2b00000| PB 0x00000000e2b00000| Untracked 
|  44|0x00000000e2c00000, 0x00000000e2c00000, 0x00000000e2d00000|  0%| F|  |TAMS 0x00000000e2c00000| PB 0x00000000e2c00000| Untracked 
|  45|0x00000000e2d00000, 0x00000000e2d00000, 0x00000000e2e00000|  0%| F|  |TAMS 0x00000000e2d00000| PB 0x00000000e2d00000| Untracked 
|  46|0x00000000e2e00000, 0x00000000e2e00000, 0x00000000e2f00000|  0%| F|  |TAMS 0x00000000e2e00000| PB 0x00000000e2e00000| Untracked 
|  47|0x00000000e2f00000, 0x00000000e2f00000, 0x00000000e3000000|  0%| F|  |TAMS 0x00000000e2f00000| PB 0x00000000e2f00000| Untracked 
|  48|0x00000000e3000000, 0x00000000e3000000, 0x00000000e3100000|  0%| F|  |TAMS 0x00000000e3000000| PB 0x00000000e3000000| Untracked 
|  49|0x00000000e3100000, 0x00000000e3100000, 0x00000000e3200000|  0%| F|  |TAMS 0x00000000e3100000| PB 0x00000000e3100000| Untracked 
|  50|0x00000000e3200000, 0x00000000e3200000, 0x00000000e3300000|  0%| F|  |TAMS 0x00000000e3200000| PB 0x00000000e3200000| Untracked 
|  51|0x00000000e3300000, 0x00000000e3300000, 0x00000000e3400000|  0%| F|  |TAMS 0x00000000e3300000| PB 0x00000000e3300000| Untracked 
|  52|0x00000000e3400000, 0x00000000e3400000, 0x00000000e3500000|  0%| F|  |TAMS 0x00000000e3400000| PB 0x00000000e3400000| Untracked 
|  53|0x00000000e3500000, 0x00000000e3500000, 0x00000000e3600000|  0%| F|  |TAMS 0x00000000e3500000| PB 0x00000000e3500000| Untracked 
|  54|0x00000000e3600000, 0x00000000e3600000, 0x00000000e3700000|  0%| F|  |TAMS 0x00000000e3600000| PB 0x00000000e3600000| Untracked 
|  55|0x00000000e3700000, 0x00000000e3700000, 0x00000000e3800000|  0%| F|  |TAMS 0x00000000e3700000| PB 0x00000000e3700000| Untracked 
|  56|0x00000000e3800000, 0x00000000e3800000, 0x00000000e3900000|  0%| F|  |TAMS 0x00000000e3800000| PB 0x00000000e3800000| Untracked 
|  57|0x00000000e3900000, 0x00000000e3900000, 0x00000000e3a00000|  0%| F|  |TAMS 0x00000000e3900000| PB 0x00000000e3900000| Untracked 
|  58|0x00000000e3a00000, 0x00000000e3a00000, 0x00000000e3b00000|  0%| F|  |TAMS 0x00000000e3a00000| PB 0x00000000e3a00000| Untracked 
|  59|0x00000000e3b00000, 0x00000000e3b00000, 0x00000000e3c00000|  0%| F|  |TAMS 0x00000000e3b00000| PB 0x00000000e3b00000| Untracked 
|  60|0x00000000e3c00000, 0x00000000e3c00000, 0x00000000e3d00000|  0%| F|  |TAMS 0x00000000e3c00000| PB 0x00000000e3c00000| Untracked 
|  61|0x00000000e3d00000, 0x00000000e3d00000, 0x00000000e3e00000|  0%| F|  |TAMS 0x00000000e3d00000| PB 0x00000000e3d00000| Untracked 
|  62|0x00000000e3e00000, 0x00000000e3e00000, 0x00000000e3f00000|  0%| F|  |TAMS 0x00000000e3e00000| PB 0x00000000e3e00000| Untracked 
|  63|0x00000000e3f00000, 0x00000000e3f00000, 0x00000000e4000000|  0%| F|  |TAMS 0x00000000e3f00000| PB 0x00000000e3f00000| Untracked 
|  64|0x00000000e4000000, 0x00000000e4000000, 0x00000000e4100000|  0%| F|  |TAMS 0x00000000e4000000| PB 0x00000000e4000000| Untracked 
|  65|0x00000000e4100000, 0x00000000e4100000, 0x00000000e4200000|  0%| F|  |TAMS 0x00000000e4100000| PB 0x00000000e4100000| Untracked 
|  66|0x00000000e4200000, 0x00000000e4200000, 0x00000000e4300000|  0%| F|  |TAMS 0x00000000e4200000| PB 0x00000000e4200000| Untracked 
|  67|0x00000000e4300000, 0x00000000e4300000, 0x00000000e4400000|  0%| F|  |TAMS 0x00000000e4300000| PB 0x00000000e4300000| Untracked 
|  68|0x00000000e4400000, 0x00000000e4400000, 0x00000000e4500000|  0%| F|  |TAMS 0x00000000e4400000| PB 0x00000000e4400000| Untracked 
|  69|0x00000000e4500000, 0x00000000e4500000, 0x00000000e4600000|  0%| F|  |TAMS 0x00000000e4500000| PB 0x00000000e4500000| Untracked 
|  70|0x00000000e4600000, 0x00000000e4600000, 0x00000000e4700000|  0%| F|  |TAMS 0x00000000e4600000| PB 0x00000000e4600000| Untracked 
|  71|0x00000000e4700000, 0x00000000e4700000, 0x00000000e4800000|  0%| F|  |TAMS 0x00000000e4700000| PB 0x00000000e4700000| Untracked 
|  72|0x00000000e4800000, 0x00000000e4800000, 0x00000000e4900000|  0%| F|  |TAMS 0x00000000e4800000| PB 0x00000000e4800000| Untracked 
|  73|0x00000000e4900000, 0x00000000e4900000, 0x00000000e4a00000|  0%| F|  |TAMS 0x00000000e4900000| PB 0x00000000e4900000| Untracked 
|  74|0x00000000e4a00000, 0x00000000e4a00000, 0x00000000e4b00000|  0%| F|  |TAMS 0x00000000e4a00000| PB 0x00000000e4a00000| Untracked 
|  75|0x00000000e4b00000, 0x00000000e4b00000, 0x00000000e4c00000|  0%| F|  |TAMS 0x00000000e4b00000| PB 0x00000000e4b00000| Untracked 
|  76|0x00000000e4c00000, 0x00000000e4c00000, 0x00000000e4d00000|  0%| F|  |TAMS 0x00000000e4c00000| PB 0x00000000e4c00000| Untracked 
|  77|0x00000000e4d00000, 0x00000000e4d00000, 0x00000000e4e00000|  0%| F|  |TAMS 0x00000000e4d00000| PB 0x00000000e4d00000| Untracked 
|  78|0x00000000e4e00000, 0x00000000e4e00000, 0x00000000e4f00000|  0%| F|  |TAMS 0x00000000e4e00000| PB 0x00000000e4e00000| Untracked 
|  79|0x00000000e4f00000, 0x00000000e4f00000, 0x00000000e5000000|  0%| F|  |TAMS 0x00000000e4f00000| PB 0x00000000e4f00000| Untracked 
|  80|0x00000000e5000000, 0x00000000e5000000, 0x00000000e5100000|  0%| F|  |TAMS 0x00000000e5000000| PB 0x00000000e5000000| Untracked 
|  81|0x00000000e5100000, 0x00000000e5100000, 0x00000000e5200000|  0%| F|  |TAMS 0x00000000e5100000| PB 0x00000000e5100000| Untracked 
|  82|0x00000000e5200000, 0x00000000e5200000, 0x00000000e5300000|  0%| F|  |TAMS 0x00000000e5200000| PB 0x00000000e5200000| Untracked 
|  83|0x00000000e5300000, 0x00000000e5300000, 0x00000000e5400000|  0%| F|  |TAMS 0x00000000e5300000| PB 0x00000000e5300000| Untracked 
|  84|0x00000000e5400000, 0x00000000e5480000, 0x00000000e5500000| 50%| S|CS|TAMS 0x00000000e5400000| PB 0x00000000e5400000| Complete 
|  85|0x00000000e5500000, 0x00000000e5600000, 0x00000000e5600000|100%| S|CS|TAMS 0x00000000e5500000| PB 0x00000000e5500000| Complete 
|  86|0x00000000e5600000, 0x00000000e5700000, 0x00000000e5700000|100%| S|CS|TAMS 0x00000000e5600000| PB 0x00000000e5600000| Complete 
|  87|0x00000000e5700000, 0x00000000e5800000, 0x00000000e5800000|100%| S|CS|TAMS 0x00000000e5700000| PB 0x00000000e5700000| Complete 
|  88|0x00000000e5800000, 0x00000000e5900000, 0x00000000e5900000|100%| S|CS|TAMS 0x00000000e5800000| PB 0x00000000e5800000| Complete 
|  89|0x00000000e5900000, 0x00000000e5a00000, 0x00000000e5a00000|100%| S|CS|TAMS 0x00000000e5900000| PB 0x00000000e5900000| Complete 
|  90|0x00000000e5a00000, 0x00000000e5b00000, 0x00000000e5b00000|100%| S|CS|TAMS 0x00000000e5a00000| PB 0x00000000e5a00000| Complete 
|  91|0x00000000e5b00000, 0x00000000e5c00000, 0x00000000e5c00000|100%| S|CS|TAMS 0x00000000e5b00000| PB 0x00000000e5b00000| Complete 
|  92|0x00000000e5c00000, 0x00000000e5d00000, 0x00000000e5d00000|100%| S|CS|TAMS 0x00000000e5c00000| PB 0x00000000e5c00000| Complete 
|  93|0x00000000e5d00000, 0x00000000e5e00000, 0x00000000e5e00000|100%| S|CS|TAMS 0x00000000e5d00000| PB 0x00000000e5d00000| Complete 
|  94|0x00000000e5e00000, 0x00000000e5f00000, 0x00000000e5f00000|100%| S|CS|TAMS 0x00000000e5e00000| PB 0x00000000e5e00000| Complete 
|  95|0x00000000e5f00000, 0x00000000e6000000, 0x00000000e6000000|100%| S|CS|TAMS 0x00000000e5f00000| PB 0x00000000e5f00000| Complete 
|  96|0x00000000e6000000, 0x00000000e6100000, 0x00000000e6100000|100%| S|CS|TAMS 0x00000000e6000000| PB 0x00000000e6000000| Complete 
|  97|0x00000000e6100000, 0x00000000e6200000, 0x00000000e6200000|100%| S|CS|TAMS 0x00000000e6100000| PB 0x00000000e6100000| Complete 
|  98|0x00000000e6200000, 0x00000000e6300000, 0x00000000e6300000|100%| S|CS|TAMS 0x00000000e6200000| PB 0x00000000e6200000| Complete 
|  99|0x00000000e6300000, 0x00000000e6400000, 0x00000000e6400000|100%| S|CS|TAMS 0x00000000e6300000| PB 0x00000000e6300000| Complete 
| 100|0x00000000e6400000, 0x00000000e6500000, 0x00000000e6500000|100%| S|CS|TAMS 0x00000000e6400000| PB 0x00000000e6400000| Complete 
| 101|0x00000000e6500000, 0x00000000e6600000, 0x00000000e6600000|100%| S|CS|TAMS 0x00000000e6500000| PB 0x00000000e6500000| Complete 
| 102|0x00000000e6600000, 0x00000000e6700000, 0x00000000e6700000|100%| S|CS|TAMS 0x00000000e6600000| PB 0x00000000e6600000| Complete 
| 103|0x00000000e6700000, 0x00000000e6700000, 0x00000000e6800000|  0%| F|  |TAMS 0x00000000e6700000| PB 0x00000000e6700000| Untracked 
| 104|0x00000000e6800000, 0x00000000e6800000, 0x00000000e6900000|  0%| F|  |TAMS 0x00000000e6800000| PB 0x00000000e6800000| Untracked 
| 105|0x00000000e6900000, 0x00000000e6900000, 0x00000000e6a00000|  0%| F|  |TAMS 0x00000000e6900000| PB 0x00000000e6900000| Untracked 
| 106|0x00000000e6a00000, 0x00000000e6a00000, 0x00000000e6b00000|  0%| F|  |TAMS 0x00000000e6a00000| PB 0x00000000e6a00000| Untracked 
| 107|0x00000000e6b00000, 0x00000000e6b00000, 0x00000000e6c00000|  0%| F|  |TAMS 0x00000000e6b00000| PB 0x00000000e6b00000| Untracked 
| 108|0x00000000e6c00000, 0x00000000e6c00000, 0x00000000e6d00000|  0%| F|  |TAMS 0x00000000e6c00000| PB 0x00000000e6c00000| Untracked 
| 109|0x00000000e6d00000, 0x00000000e6d00000, 0x00000000e6e00000|  0%| F|  |TAMS 0x00000000e6d00000| PB 0x00000000e6d00000| Untracked 
| 110|0x00000000e6e00000, 0x00000000e6e00000, 0x00000000e6f00000|  0%| F|  |TAMS 0x00000000e6e00000| PB 0x00000000e6e00000| Untracked 
| 111|0x00000000e6f00000, 0x00000000e6f00000, 0x00000000e7000000|  0%| F|  |TAMS 0x00000000e6f00000| PB 0x00000000e6f00000| Untracked 
| 112|0x00000000e7000000, 0x00000000e7000000, 0x00000000e7100000|  0%| F|  |TAMS 0x00000000e7000000| PB 0x00000000e7000000| Untracked 
| 113|0x00000000e7100000, 0x00000000e7100000, 0x00000000e7200000|  0%| F|  |TAMS 0x00000000e7100000| PB 0x00000000e7100000| Untracked 
| 114|0x00000000e7200000, 0x00000000e7200000, 0x00000000e7300000|  0%| F|  |TAMS 0x00000000e7200000| PB 0x00000000e7200000| Untracked 
| 115|0x00000000e7300000, 0x00000000e7300000, 0x00000000e7400000|  0%| F|  |TAMS 0x00000000e7300000| PB 0x00000000e7300000| Untracked 
| 116|0x00000000e7400000, 0x00000000e7400000, 0x00000000e7500000|  0%| F|  |TAMS 0x00000000e7400000| PB 0x00000000e7400000| Untracked 
| 117|0x00000000e7500000, 0x00000000e7500000, 0x00000000e7600000|  0%| F|  |TAMS 0x00000000e7500000| PB 0x00000000e7500000| Untracked 
| 118|0x00000000e7600000, 0x00000000e7600000, 0x00000000e7700000|  0%| F|  |TAMS 0x00000000e7600000| PB 0x00000000e7600000| Untracked 
| 119|0x00000000e7700000, 0x00000000e7700000, 0x00000000e7800000|  0%| F|  |TAMS 0x00000000e7700000| PB 0x00000000e7700000| Untracked 
| 120|0x00000000e7800000, 0x00000000e7800000, 0x00000000e7900000|  0%| F|  |TAMS 0x00000000e7800000| PB 0x00000000e7800000| Untracked 
| 121|0x00000000e7900000, 0x00000000e7900000, 0x00000000e7a00000|  0%| F|  |TAMS 0x00000000e7900000| PB 0x00000000e7900000| Untracked 
| 122|0x00000000e7a00000, 0x00000000e7a00000, 0x00000000e7b00000|  0%| F|  |TAMS 0x00000000e7a00000| PB 0x00000000e7a00000| Untracked 
| 123|0x00000000e7b00000, 0x00000000e7b00000, 0x00000000e7c00000|  0%| F|  |TAMS 0x00000000e7b00000| PB 0x00000000e7b00000| Untracked 
| 124|0x00000000e7c00000, 0x00000000e7c00000, 0x00000000e7d00000|  0%| F|  |TAMS 0x00000000e7c00000| PB 0x00000000e7c00000| Untracked 
| 125|0x00000000e7d00000, 0x00000000e7d00000, 0x00000000e7e00000|  0%| F|  |TAMS 0x00000000e7d00000| PB 0x00000000e7d00000| Untracked 
| 126|0x00000000e7e00000, 0x00000000e7e00000, 0x00000000e7f00000|  0%| F|  |TAMS 0x00000000e7e00000| PB 0x00000000e7e00000| Untracked 
| 127|0x00000000e7f00000, 0x00000000e7f00000, 0x00000000e8000000|  0%| F|  |TAMS 0x00000000e7f00000| PB 0x00000000e7f00000| Untracked 
| 128|0x00000000e8000000, 0x00000000e8000000, 0x00000000e8100000|  0%| F|  |TAMS 0x00000000e8000000| PB 0x00000000e8000000| Untracked 
| 129|0x00000000e8100000, 0x00000000e8100000, 0x00000000e8200000|  0%| F|  |TAMS 0x00000000e8100000| PB 0x00000000e8100000| Untracked 
| 130|0x00000000e8200000, 0x00000000e8200000, 0x00000000e8300000|  0%| F|  |TAMS 0x00000000e8200000| PB 0x00000000e8200000| Untracked 
| 131|0x00000000e8300000, 0x00000000e8300000, 0x00000000e8400000|  0%| F|  |TAMS 0x00000000e8300000| PB 0x00000000e8300000| Untracked 
| 132|0x00000000e8400000, 0x00000000e8400000, 0x00000000e8500000|  0%| F|  |TAMS 0x00000000e8400000| PB 0x00000000e8400000| Untracked 
| 133|0x00000000e8500000, 0x00000000e8500000, 0x00000000e8600000|  0%| F|  |TAMS 0x00000000e8500000| PB 0x00000000e8500000| Untracked 
| 134|0x00000000e8600000, 0x00000000e8600000, 0x00000000e8700000|  0%| F|  |TAMS 0x00000000e8600000| PB 0x00000000e8600000| Untracked 
| 135|0x00000000e8700000, 0x00000000e8700000, 0x00000000e8800000|  0%| F|  |TAMS 0x00000000e8700000| PB 0x00000000e8700000| Untracked 
| 136|0x00000000e8800000, 0x00000000e8800000, 0x00000000e8900000|  0%| F|  |TAMS 0x00000000e8800000| PB 0x00000000e8800000| Untracked 
| 137|0x00000000e8900000, 0x00000000e8900000, 0x00000000e8a00000|  0%| F|  |TAMS 0x00000000e8900000| PB 0x00000000e8900000| Untracked 
| 138|0x00000000e8a00000, 0x00000000e8a00000, 0x00000000e8b00000|  0%| F|  |TAMS 0x00000000e8a00000| PB 0x00000000e8a00000| Untracked 
| 139|0x00000000e8b00000, 0x00000000e8b00000, 0x00000000e8c00000|  0%| F|  |TAMS 0x00000000e8b00000| PB 0x00000000e8b00000| Untracked 
| 140|0x00000000e8c00000, 0x00000000e8c00000, 0x00000000e8d00000|  0%| F|  |TAMS 0x00000000e8c00000| PB 0x00000000e8c00000| Untracked 
| 141|0x00000000e8d00000, 0x00000000e8d00000, 0x00000000e8e00000|  0%| F|  |TAMS 0x00000000e8d00000| PB 0x00000000e8d00000| Untracked 
| 142|0x00000000e8e00000, 0x00000000e8e00000, 0x00000000e8f00000|  0%| F|  |TAMS 0x00000000e8e00000| PB 0x00000000e8e00000| Untracked 
| 143|0x00000000e8f00000, 0x00000000e8f00000, 0x00000000e9000000|  0%| F|  |TAMS 0x00000000e8f00000| PB 0x00000000e8f00000| Untracked 
| 144|0x00000000e9000000, 0x00000000e9000000, 0x00000000e9100000|  0%| F|  |TAMS 0x00000000e9000000| PB 0x00000000e9000000| Untracked 
| 145|0x00000000e9100000, 0x00000000e9100000, 0x00000000e9200000|  0%| F|  |TAMS 0x00000000e9100000| PB 0x00000000e9100000| Untracked 
| 146|0x00000000e9200000, 0x00000000e9200000, 0x00000000e9300000|  0%| F|  |TAMS 0x00000000e9200000| PB 0x00000000e9200000| Untracked 
| 147|0x00000000e9300000, 0x00000000e9300000, 0x00000000e9400000|  0%| F|  |TAMS 0x00000000e9300000| PB 0x00000000e9300000| Untracked 
| 148|0x00000000e9400000, 0x00000000e9400000, 0x00000000e9500000|  0%| F|  |TAMS 0x00000000e9400000| PB 0x00000000e9400000| Untracked 
| 149|0x00000000e9500000, 0x00000000e9500000, 0x00000000e9600000|  0%| F|  |TAMS 0x00000000e9500000| PB 0x00000000e9500000| Untracked 
| 150|0x00000000e9600000, 0x00000000e9600000, 0x00000000e9700000|  0%| F|  |TAMS 0x00000000e9600000| PB 0x00000000e9600000| Untracked 
| 151|0x00000000e9700000, 0x00000000e9700000, 0x00000000e9800000|  0%| F|  |TAMS 0x00000000e9700000| PB 0x00000000e9700000| Untracked 
| 152|0x00000000e9800000, 0x00000000e9800000, 0x00000000e9900000|  0%| F|  |TAMS 0x00000000e9800000| PB 0x00000000e9800000| Untracked 
| 153|0x00000000e9900000, 0x00000000e9900000, 0x00000000e9a00000|  0%| F|  |TAMS 0x00000000e9900000| PB 0x00000000e9900000| Untracked 
| 154|0x00000000e9a00000, 0x00000000e9a00000, 0x00000000e9b00000|  0%| F|  |TAMS 0x00000000e9a00000| PB 0x00000000e9a00000| Untracked 
| 155|0x00000000e9b00000, 0x00000000e9b00000, 0x00000000e9c00000|  0%| F|  |TAMS 0x00000000e9b00000| PB 0x00000000e9b00000| Untracked 
| 156|0x00000000e9c00000, 0x00000000e9c00000, 0x00000000e9d00000|  0%| F|  |TAMS 0x00000000e9c00000| PB 0x00000000e9c00000| Untracked 
| 157|0x00000000e9d00000, 0x00000000e9d00000, 0x00000000e9e00000|  0%| F|  |TAMS 0x00000000e9d00000| PB 0x00000000e9d00000| Untracked 
| 158|0x00000000e9e00000, 0x00000000e9e00000, 0x00000000e9f00000|  0%| F|  |TAMS 0x00000000e9e00000| PB 0x00000000e9e00000| Untracked 
| 159|0x00000000e9f00000, 0x00000000e9f00000, 0x00000000ea000000|  0%| F|  |TAMS 0x00000000e9f00000| PB 0x00000000e9f00000| Untracked 
| 160|0x00000000ea000000, 0x00000000ea000000, 0x00000000ea100000|  0%| F|  |TAMS 0x00000000ea000000| PB 0x00000000ea000000| Untracked 
| 161|0x00000000ea100000, 0x00000000ea100000, 0x00000000ea200000|  0%| F|  |TAMS 0x00000000ea100000| PB 0x00000000ea100000| Untracked 
| 162|0x00000000ea200000, 0x00000000ea200000, 0x00000000ea300000|  0%| F|  |TAMS 0x00000000ea200000| PB 0x00000000ea200000| Untracked 
| 163|0x00000000ea300000, 0x00000000ea300000, 0x00000000ea400000|  0%| F|  |TAMS 0x00000000ea300000| PB 0x00000000ea300000| Untracked 
| 164|0x00000000ea400000, 0x00000000ea400000, 0x00000000ea500000|  0%| F|  |TAMS 0x00000000ea400000| PB 0x00000000ea400000| Untracked 
| 165|0x00000000ea500000, 0x00000000ea500000, 0x00000000ea600000|  0%| F|  |TAMS 0x00000000ea500000| PB 0x00000000ea500000| Untracked 
| 166|0x00000000ea600000, 0x00000000ea600000, 0x00000000ea700000|  0%| F|  |TAMS 0x00000000ea600000| PB 0x00000000ea600000| Untracked 
| 167|0x00000000ea700000, 0x00000000ea700000, 0x00000000ea800000|  0%| F|  |TAMS 0x00000000ea700000| PB 0x00000000ea700000| Untracked 
| 168|0x00000000ea800000, 0x00000000ea800000, 0x00000000ea900000|  0%| F|  |TAMS 0x00000000ea800000| PB 0x00000000ea800000| Untracked 
| 169|0x00000000ea900000, 0x00000000ea900000, 0x00000000eaa00000|  0%| F|  |TAMS 0x00000000ea900000| PB 0x00000000ea900000| Untracked 
| 170|0x00000000eaa00000, 0x00000000eaa00000, 0x00000000eab00000|  0%| F|  |TAMS 0x00000000eaa00000| PB 0x00000000eaa00000| Untracked 
| 171|0x00000000eab00000, 0x00000000eab00000, 0x00000000eac00000|  0%| F|  |TAMS 0x00000000eab00000| PB 0x00000000eab00000| Untracked 
| 172|0x00000000eac00000, 0x00000000eac00000, 0x00000000ead00000|  0%| F|  |TAMS 0x00000000eac00000| PB 0x00000000eac00000| Untracked 
| 173|0x00000000ead00000, 0x00000000ead00000, 0x00000000eae00000|  0%| F|  |TAMS 0x00000000ead00000| PB 0x00000000ead00000| Untracked 
| 174|0x00000000eae00000, 0x00000000eae00000, 0x00000000eaf00000|  0%| F|  |TAMS 0x00000000eae00000| PB 0x00000000eae00000| Untracked 
| 175|0x00000000eaf00000, 0x00000000eaf00000, 0x00000000eb000000|  0%| F|  |TAMS 0x00000000eaf00000| PB 0x00000000eaf00000| Untracked 
| 176|0x00000000eb000000, 0x00000000eb000000, 0x00000000eb100000|  0%| F|  |TAMS 0x00000000eb000000| PB 0x00000000eb000000| Untracked 
| 177|0x00000000eb100000, 0x00000000eb100000, 0x00000000eb200000|  0%| F|  |TAMS 0x00000000eb100000| PB 0x00000000eb100000| Untracked 
| 178|0x00000000eb200000, 0x00000000eb200000, 0x00000000eb300000|  0%| F|  |TAMS 0x00000000eb200000| PB 0x00000000eb200000| Untracked 
| 179|0x00000000eb300000, 0x00000000eb300000, 0x00000000eb400000|  0%| F|  |TAMS 0x00000000eb300000| PB 0x00000000eb300000| Untracked 
| 180|0x00000000eb400000, 0x00000000eb400000, 0x00000000eb500000|  0%| F|  |TAMS 0x00000000eb400000| PB 0x00000000eb400000| Untracked 
| 181|0x00000000eb500000, 0x00000000eb500000, 0x00000000eb600000|  0%| F|  |TAMS 0x00000000eb500000| PB 0x00000000eb500000| Untracked 
| 182|0x00000000eb600000, 0x00000000eb600000, 0x00000000eb700000|  0%| F|  |TAMS 0x00000000eb600000| PB 0x00000000eb600000| Untracked 
| 183|0x00000000eb700000, 0x00000000eb700000, 0x00000000eb800000|  0%| F|  |TAMS 0x00000000eb700000| PB 0x00000000eb700000| Untracked 
| 184|0x00000000eb800000, 0x00000000eb800000, 0x00000000eb900000|  0%| F|  |TAMS 0x00000000eb800000| PB 0x00000000eb800000| Untracked 
| 185|0x00000000eb900000, 0x00000000eb900000, 0x00000000eba00000|  0%| F|  |TAMS 0x00000000eb900000| PB 0x00000000eb900000| Untracked 
| 186|0x00000000eba00000, 0x00000000eba00000, 0x00000000ebb00000|  0%| F|  |TAMS 0x00000000eba00000| PB 0x00000000eba00000| Untracked 
| 187|0x00000000ebb00000, 0x00000000ebb00000, 0x00000000ebc00000|  0%| F|  |TAMS 0x00000000ebb00000| PB 0x00000000ebb00000| Untracked 
| 188|0x00000000ebc00000, 0x00000000ebc00000, 0x00000000ebd00000|  0%| F|  |TAMS 0x00000000ebc00000| PB 0x00000000ebc00000| Untracked 
| 189|0x00000000ebd00000, 0x00000000ebd00000, 0x00000000ebe00000|  0%| F|  |TAMS 0x00000000ebd00000| PB 0x00000000ebd00000| Untracked 
| 190|0x00000000ebe00000, 0x00000000ebe00000, 0x00000000ebf00000|  0%| F|  |TAMS 0x00000000ebe00000| PB 0x00000000ebe00000| Untracked 
| 191|0x00000000ebf00000, 0x00000000ebf00000, 0x00000000ec000000|  0%| F|  |TAMS 0x00000000ebf00000| PB 0x00000000ebf00000| Untracked 
| 192|0x00000000ec000000, 0x00000000ec000000, 0x00000000ec100000|  0%| F|  |TAMS 0x00000000ec000000| PB 0x00000000ec000000| Untracked 
| 193|0x00000000ec100000, 0x00000000ec100000, 0x00000000ec200000|  0%| F|  |TAMS 0x00000000ec100000| PB 0x00000000ec100000| Untracked 
| 194|0x00000000ec200000, 0x00000000ec200000, 0x00000000ec300000|  0%| F|  |TAMS 0x00000000ec200000| PB 0x00000000ec200000| Untracked 
| 195|0x00000000ec300000, 0x00000000ec300000, 0x00000000ec400000|  0%| F|  |TAMS 0x00000000ec300000| PB 0x00000000ec300000| Untracked 
| 196|0x00000000ec400000, 0x00000000ec400000, 0x00000000ec500000|  0%| F|  |TAMS 0x00000000ec400000| PB 0x00000000ec400000| Untracked 
| 197|0x00000000ec500000, 0x00000000ec500000, 0x00000000ec600000|  0%| F|  |TAMS 0x00000000ec500000| PB 0x00000000ec500000| Untracked 
| 198|0x00000000ec600000, 0x00000000ec600000, 0x00000000ec700000|  0%| F|  |TAMS 0x00000000ec600000| PB 0x00000000ec600000| Untracked 
| 199|0x00000000ec700000, 0x00000000ec700000, 0x00000000ec800000|  0%| F|  |TAMS 0x00000000ec700000| PB 0x00000000ec700000| Untracked 
| 200|0x00000000ec800000, 0x00000000ec800000, 0x00000000ec900000|  0%| F|  |TAMS 0x00000000ec800000| PB 0x00000000ec800000| Untracked 
| 201|0x00000000ec900000, 0x00000000ec900000, 0x00000000eca00000|  0%| F|  |TAMS 0x00000000ec900000| PB 0x00000000ec900000| Untracked 
| 202|0x00000000eca00000, 0x00000000eca00000, 0x00000000ecb00000|  0%| F|  |TAMS 0x00000000eca00000| PB 0x00000000eca00000| Untracked 
| 203|0x00000000ecb00000, 0x00000000ecb00000, 0x00000000ecc00000|  0%| F|  |TAMS 0x00000000ecb00000| PB 0x00000000ecb00000| Untracked 
| 204|0x00000000ecc00000, 0x00000000ecc00000, 0x00000000ecd00000|  0%| F|  |TAMS 0x00000000ecc00000| PB 0x00000000ecc00000| Untracked 
| 205|0x00000000ecd00000, 0x00000000ecd00000, 0x00000000ece00000|  0%| F|  |TAMS 0x00000000ecd00000| PB 0x00000000ecd00000| Untracked 
| 206|0x00000000ece00000, 0x00000000ece00000, 0x00000000ecf00000|  0%| F|  |TAMS 0x00000000ece00000| PB 0x00000000ece00000| Untracked 
| 207|0x00000000ecf00000, 0x00000000ecf00000, 0x00000000ed000000|  0%| F|  |TAMS 0x00000000ecf00000| PB 0x00000000ecf00000| Untracked 
| 208|0x00000000ed000000, 0x00000000ed000000, 0x00000000ed100000|  0%| F|  |TAMS 0x00000000ed000000| PB 0x00000000ed000000| Untracked 
| 209|0x00000000ed100000, 0x00000000ed100000, 0x00000000ed200000|  0%| F|  |TAMS 0x00000000ed100000| PB 0x00000000ed100000| Untracked 
| 210|0x00000000ed200000, 0x00000000ed200000, 0x00000000ed300000|  0%| F|  |TAMS 0x00000000ed200000| PB 0x00000000ed200000| Untracked 
| 211|0x00000000ed300000, 0x00000000ed300000, 0x00000000ed400000|  0%| F|  |TAMS 0x00000000ed300000| PB 0x00000000ed300000| Untracked 
| 212|0x00000000ed400000, 0x00000000ed400000, 0x00000000ed500000|  0%| F|  |TAMS 0x00000000ed400000| PB 0x00000000ed400000| Untracked 
| 213|0x00000000ed500000, 0x00000000ed500000, 0x00000000ed600000|  0%| F|  |TAMS 0x00000000ed500000| PB 0x00000000ed500000| Untracked 
| 214|0x00000000ed600000, 0x00000000ed600000, 0x00000000ed700000|  0%| F|  |TAMS 0x00000000ed600000| PB 0x00000000ed600000| Untracked 
| 215|0x00000000ed700000, 0x00000000ed700000, 0x00000000ed800000|  0%| F|  |TAMS 0x00000000ed700000| PB 0x00000000ed700000| Untracked 
| 216|0x00000000ed800000, 0x00000000ed800000, 0x00000000ed900000|  0%| F|  |TAMS 0x00000000ed800000| PB 0x00000000ed800000| Untracked 
| 217|0x00000000ed900000, 0x00000000ed900000, 0x00000000eda00000|  0%| F|  |TAMS 0x00000000ed900000| PB 0x00000000ed900000| Untracked 
| 218|0x00000000eda00000, 0x00000000eda00000, 0x00000000edb00000|  0%| F|  |TAMS 0x00000000eda00000| PB 0x00000000eda00000| Untracked 
| 219|0x00000000edb00000, 0x00000000edb00000, 0x00000000edc00000|  0%| F|  |TAMS 0x00000000edb00000| PB 0x00000000edb00000| Untracked 
| 220|0x00000000edc00000, 0x00000000edc00000, 0x00000000edd00000|  0%| F|  |TAMS 0x00000000edc00000| PB 0x00000000edc00000| Untracked 
| 221|0x00000000edd00000, 0x00000000edd00000, 0x00000000ede00000|  0%| F|  |TAMS 0x00000000edd00000| PB 0x00000000edd00000| Untracked 
| 222|0x00000000ede00000, 0x00000000ede00000, 0x00000000edf00000|  0%| F|  |TAMS 0x00000000ede00000| PB 0x00000000ede00000| Untracked 
| 223|0x00000000edf00000, 0x00000000edf00000, 0x00000000ee000000|  0%| F|  |TAMS 0x00000000edf00000| PB 0x00000000edf00000| Untracked 
| 224|0x00000000ee000000, 0x00000000ee000000, 0x00000000ee100000|  0%| F|  |TAMS 0x00000000ee000000| PB 0x00000000ee000000| Untracked 
| 225|0x00000000ee100000, 0x00000000ee100000, 0x00000000ee200000|  0%| F|  |TAMS 0x00000000ee100000| PB 0x00000000ee100000| Untracked 
| 226|0x00000000ee200000, 0x00000000ee200000, 0x00000000ee300000|  0%| F|  |TAMS 0x00000000ee200000| PB 0x00000000ee200000| Untracked 
| 227|0x00000000ee300000, 0x00000000ee300000, 0x00000000ee400000|  0%| F|  |TAMS 0x00000000ee300000| PB 0x00000000ee300000| Untracked 
| 228|0x00000000ee400000, 0x00000000ee400000, 0x00000000ee500000|  0%| F|  |TAMS 0x00000000ee400000| PB 0x00000000ee400000| Untracked 
| 229|0x00000000ee500000, 0x00000000ee500000, 0x00000000ee600000|  0%| F|  |TAMS 0x00000000ee500000| PB 0x00000000ee500000| Untracked 
| 230|0x00000000ee600000, 0x00000000ee600000, 0x00000000ee700000|  0%| F|  |TAMS 0x00000000ee600000| PB 0x00000000ee600000| Untracked 
| 231|0x00000000ee700000, 0x00000000ee700000, 0x00000000ee800000|  0%| F|  |TAMS 0x00000000ee700000| PB 0x00000000ee700000| Untracked 
| 232|0x00000000ee800000, 0x00000000ee800000, 0x00000000ee900000|  0%| F|  |TAMS 0x00000000ee800000| PB 0x00000000ee800000| Untracked 
| 233|0x00000000ee900000, 0x00000000ee900000, 0x00000000eea00000|  0%| F|  |TAMS 0x00000000ee900000| PB 0x00000000ee900000| Untracked 
| 234|0x00000000eea00000, 0x00000000eea00000, 0x00000000eeb00000|  0%| F|  |TAMS 0x00000000eea00000| PB 0x00000000eea00000| Untracked 
| 235|0x00000000eeb00000, 0x00000000eeb00000, 0x00000000eec00000|  0%| F|  |TAMS 0x00000000eeb00000| PB 0x00000000eeb00000| Untracked 
| 236|0x00000000eec00000, 0x00000000eec00000, 0x00000000eed00000|  0%| F|  |TAMS 0x00000000eec00000| PB 0x00000000eec00000| Untracked 
| 237|0x00000000eed00000, 0x00000000eed00000, 0x00000000eee00000|  0%| F|  |TAMS 0x00000000eed00000| PB 0x00000000eed00000| Untracked 
| 238|0x00000000eee00000, 0x00000000eee00000, 0x00000000eef00000|  0%| F|  |TAMS 0x00000000eee00000| PB 0x00000000eee00000| Untracked 
| 239|0x00000000eef00000, 0x00000000eef00000, 0x00000000ef000000|  0%| F|  |TAMS 0x00000000eef00000| PB 0x00000000eef00000| Untracked 
| 240|0x00000000ef000000, 0x00000000ef000000, 0x00000000ef100000|  0%| F|  |TAMS 0x00000000ef000000| PB 0x00000000ef000000| Untracked 
| 241|0x00000000ef100000, 0x00000000ef100000, 0x00000000ef200000|  0%| F|  |TAMS 0x00000000ef100000| PB 0x00000000ef100000| Untracked 
| 242|0x00000000ef200000, 0x00000000ef200000, 0x00000000ef300000|  0%| F|  |TAMS 0x00000000ef200000| PB 0x00000000ef200000| Untracked 
| 243|0x00000000ef300000, 0x00000000ef300000, 0x00000000ef400000|  0%| F|  |TAMS 0x00000000ef300000| PB 0x00000000ef300000| Untracked 
| 244|0x00000000ef400000, 0x00000000ef400000, 0x00000000ef500000|  0%| F|  |TAMS 0x00000000ef400000| PB 0x00000000ef400000| Untracked 
| 245|0x00000000ef500000, 0x00000000ef500000, 0x00000000ef600000|  0%| F|  |TAMS 0x00000000ef500000| PB 0x00000000ef500000| Untracked 
| 246|0x00000000ef600000, 0x00000000ef600000, 0x00000000ef700000|  0%| F|  |TAMS 0x00000000ef600000| PB 0x00000000ef600000| Untracked 
| 247|0x00000000ef700000, 0x00000000ef700000, 0x00000000ef800000|  0%| F|  |TAMS 0x00000000ef700000| PB 0x00000000ef700000| Untracked 
| 248|0x00000000ef800000, 0x00000000ef800000, 0x00000000ef900000|  0%| F|  |TAMS 0x00000000ef800000| PB 0x00000000ef800000| Untracked 
| 249|0x00000000ef900000, 0x00000000ef900000, 0x00000000efa00000|  0%| F|  |TAMS 0x00000000ef900000| PB 0x00000000ef900000| Untracked 
| 250|0x00000000efa00000, 0x00000000efa00000, 0x00000000efb00000|  0%| F|  |TAMS 0x00000000efa00000| PB 0x00000000efa00000| Untracked 
| 251|0x00000000efb00000, 0x00000000efb00000, 0x00000000efc00000|  0%| F|  |TAMS 0x00000000efb00000| PB 0x00000000efb00000| Untracked 
| 252|0x00000000efc00000, 0x00000000efc00000, 0x00000000efd00000|  0%| F|  |TAMS 0x00000000efc00000| PB 0x00000000efc00000| Untracked 
| 253|0x00000000efd00000, 0x00000000efe00000, 0x00000000efe00000|100%| E|  |TAMS 0x00000000efd00000| PB 0x00000000efd00000| Complete 
| 254|0x00000000efe00000, 0x00000000eff00000, 0x00000000eff00000|100%| E|CS|TAMS 0x00000000efe00000| PB 0x00000000efe00000| Complete 
| 255|0x00000000eff00000, 0x00000000f0000000, 0x00000000f0000000|100%| E|CS|TAMS 0x00000000eff00000| PB 0x00000000eff00000| Complete 

Card table byte_map: [0x000001a2fdef0000,0x000001a2fdff0000] _byte_map_base: 0x000001a2fd7f0000

Marking Bits: (CMBitMap*) 0x000001a2e6822350
 Bits: [0x000001a2fdff0000, 0x000001a2fe7f0000)

Polling page: 0x000001a2e5fd0000

Metaspace:

Usage:
  Non-class:     42.19 MB used.
      Class:      7.21 MB used.
       Both:     49.40 MB used.

Virtual space:
  Non-class space:       64.00 MB reserved,      43.12 MB ( 67%) committed,  1 nodes.
      Class space:      320.00 MB reserved,       8.06 MB (  3%) committed,  1 nodes.
             Both:      384.00 MB reserved,      51.19 MB ( 13%) committed. 

Chunk freelists:
   Non-Class:  4.36 MB
       Class:  7.77 MB
        Both:  12.12 MB

MaxMetaspaceSize: 384.00 MB
CompressedClassSpaceSize: 320.00 MB
Initial GC threshold: 21.00 MB
Current GC threshold: 60.12 MB
CDS: on
 - commit_granule_bytes: 65536.
 - commit_granule_words: 8192.
 - virtual_space_node_default_size: 8388608.
 - enlarge_chunks_in_place: 1.
 - use_allocation_guard: 0.


Internal statistics:

num_allocs_failed_limit: 14.
num_arena_births: 3238.
num_arena_deaths: 0.
num_vsnodes_births: 2.
num_vsnodes_deaths: 0.
num_space_committed: 819.
num_space_uncommitted: 0.
num_chunks_returned_to_freelist: 14.
num_chunks_taken_from_freelist: 5683.
num_chunk_merges: 14.
num_chunk_splits: 3659.
num_chunks_enlarged: 2217.
num_inconsistent_stats: 0.

CodeHeap 'non-profiled nmethods': size=120000Kb used=3090Kb max_used=3090Kb free=116909Kb
 bounds [0x000001a2f69c0000, 0x000001a2f6cd0000, 0x000001a2fdef0000]
CodeHeap 'profiled nmethods': size=120000Kb used=10407Kb max_used=10407Kb free=109593Kb
 bounds [0x000001a2eeef0000, 0x000001a2ef920000, 0x000001a2f6420000]
CodeHeap 'non-nmethods': size=5760Kb used=2716Kb max_used=2806Kb free=3043Kb
 bounds [0x000001a2f6420000, 0x000001a2f66f0000, 0x000001a2f69c0000]
 total_blobs=6008 nmethods=5158 adapters=753
 compilation: enabled
              stopped_count=0, restarted_count=0
 full_count=0

Compilation events (20 events):
Event: 7.739 Thread 0x000001a2fee101a0 5598       3       com.google.common.collect.Multimaps$CustomListMultimap::createKeySet (5 bytes)
Event: 7.739 Thread 0x000001a2fee101a0 nmethod 5598 0x000001a2ef914490 code [0x000001a2ef914640, 0x000001a2ef914778]
Event: 7.739 Thread 0x000001a2fee101a0 5599       3       com.google.common.collect.AbstractMapBasedMultimap$KeySet$1::next (26 bytes)
Event: 7.739 Thread 0x000001a2fee101a0 nmethod 5599 0x000001a2ef914810 code [0x000001a2ef9149e0, 0x000001a2ef914df0]
Event: 7.745 Thread 0x000001a2fee04f20 nmethod 5591 0x000001a2f6cc2010 code [0x000001a2f6cc2200, 0x000001a2f6cc2ae8]
Event: 7.745 Thread 0x000001a2fee04f20 5522       4       java.util.TreeMap$PrivateEntryIterator::hasNext (13 bytes)
Event: 7.745 Thread 0x000001a2fee04f20 nmethod 5522 0x000001a2f6cc3010 code [0x000001a2f6cc3180, 0x000001a2f6cc3210]
Event: 7.745 Thread 0x000001a2fee04f20 5561       4       org.gradle.internal.reflect.PropertyAccessorType::hasVoidReturnType (11 bytes)
Event: 7.746 Thread 0x000001a2fee04f20 nmethod 5561 0x000001a2f6cc3310 code [0x000001a2f6cc3480, 0x000001a2f6cc3510]
Event: 7.746 Thread 0x000001a2fee04f20 5481       4       java.util.ArrayList$Itr::<init> (26 bytes)
Event: 7.747 Thread 0x000001a2fee04f20 nmethod 5481 0x000001a2f6cc3610 code [0x000001a2f6cc37a0, 0x000001a2f6cc3960]
Event: 7.749 Thread 0x000001a2fee101a0 5600       3       org.gradle.internal.instantiation.generator.AsmBackedClassGenerator$ClassBuilderImpl::addLazyGetter (24 bytes)
Event: 7.749 Thread 0x000001a2fee101a0 nmethod 5600 0x000001a2ef914f10 code [0x000001a2ef915120, 0x000001a2ef915718]
Event: 7.753 Thread 0x000001a2fee04f20 5601       4       org.gradle.internal.reflect.ClassInspector::inspectClass (179 bytes)
Event: 7.765 Thread 0x000001a2fee101a0 5603       3       java.lang.invoke.InvokerBytecodeGenerator::isStaticallyInvocableType (50 bytes)
Event: 7.765 Thread 0x000001a2fee101a0 nmethod 5603 0x000001a2ef915990 code [0x000001a2ef915b60, 0x000001a2ef915e78]
Event: 7.781 Thread 0x000001a2fee101a0 5608       3       java.lang.ThreadLocal$ThreadLocalMap::remove (68 bytes)
Event: 7.781 Thread 0x000001a2fee101a0 nmethod 5608 0x000001a2ef916010 code [0x000001a2ef916220, 0x000001a2ef9167e8]
Event: 7.782 Thread 0x000001a2fee101a0 5609       1       org.gradle.api.internal.DefaultDomainObjectCollection::getStore (5 bytes)
Event: 7.782 Thread 0x000001a2fee101a0 nmethod 5609 0x000001a2f6cc4610 code [0x000001a2f6cc47a0, 0x000001a2f6cc4868]

GC Heap History (14 events):
Event: 0.566 GC heap before
{Heap before GC invocations=0 (full 0):
 garbage-first heap   total 262144K, used 13312K [0x00000000e0000000, 0x0000000100000000)
  region size 1024K, 13 young (13312K), 0 survivors (0K)
 Metaspace       used 995K, committed 1088K, reserved 393216K
  class space    used 79K, committed 128K, reserved 327680K
}
Event: 0.570 GC heap after
{Heap after GC invocations=1 (full 0):
 garbage-first heap   total 262144K, used 2709K [0x00000000e0000000, 0x0000000100000000)
  region size 1024K, 2 young (2048K), 2 survivors (2048K)
 Metaspace       used 995K, committed 1088K, reserved 393216K
  class space    used 79K, committed 128K, reserved 327680K
}
Event: 1.258 GC heap before
{Heap before GC invocations=1 (full 0):
 garbage-first heap   total 262144K, used 28309K [0x00000000e0000000, 0x0000000100000000)
  region size 1024K, 24 young (24576K), 2 survivors (2048K)
 Metaspace       used 4113K, committed 4352K, reserved 393216K
  class space    used 503K, committed 640K, reserved 327680K
}
Event: 1.262 GC heap after
{Heap after GC invocations=2 (full 0):
 garbage-first heap   total 262144K, used 11198K [0x00000000e0000000, 0x0000000100000000)
  region size 1024K, 3 young (3072K), 3 survivors (3072K)
 Metaspace       used 4113K, committed 4352K, reserved 393216K
  class space    used 503K, committed 640K, reserved 327680K
}
Event: 1.654 GC heap before
{Heap before GC invocations=2 (full 0):
 garbage-first heap   total 262144K, used 38846K [0x00000000e0000000, 0x0000000100000000)
  region size 1024K, 29 young (29696K), 3 survivors (3072K)
 Metaspace       used 4217K, committed 4416K, reserved 393216K
  class space    used 505K, committed 640K, reserved 327680K
}
Event: 1.658 GC heap after
{Heap after GC invocations=3 (full 0):
 garbage-first heap   total 262144K, used 15175K [0x00000000e0000000, 0x0000000100000000)
  region size 1024K, 4 young (4096K), 4 survivors (4096K)
 Metaspace       used 4217K, committed 4416K, reserved 393216K
  class space    used 505K, committed 640K, reserved 327680K
}
Event: 3.875 GC heap before
{Heap before GC invocations=3 (full 0):
 garbage-first heap   total 262144K, used 110407K [0x00000000e0000000, 0x0000000100000000)
  region size 1024K, 99 young (101376K), 4 survivors (4096K)
 Metaspace       used 20877K, committed 21504K, reserved 393216K
  class space    used 3025K, committed 3328K, reserved 327680K
}
Event: 3.894 GC heap after
{Heap after GC invocations=4 (full 0):
 garbage-first heap   total 262144K, used 23367K [0x00000000e0000000, 0x0000000100000000)
  region size 1024K, 12 young (12288K), 12 survivors (12288K)
 Metaspace       used 20877K, committed 21504K, reserved 393216K
  class space    used 3025K, committed 3328K, reserved 327680K
}
Event: 5.541 GC heap before
{Heap before GC invocations=5 (full 0):
 garbage-first heap   total 262144K, used 109383K [0x00000000e0000000, 0x0000000100000000)
  region size 1024K, 98 young (100352K), 12 survivors (12288K)
 Metaspace       used 34805K, committed 35968K, reserved 393216K
  class space    used 5035K, committed 5632K, reserved 327680K
}
Event: 5.560 GC heap after
{Heap after GC invocations=6 (full 0):
 garbage-first heap   total 262144K, used 29647K [0x00000000e0000000, 0x0000000100000000)
  region size 1024K, 14 young (14336K), 14 survivors (14336K)
 Metaspace       used 34805K, committed 35968K, reserved 393216K
  class space    used 5035K, committed 5632K, reserved 327680K
}
Event: 5.702 GC heap before
{Heap before GC invocations=6 (full 0):
 garbage-first heap   total 262144K, used 50127K [0x00000000e0000000, 0x0000000100000000)
  region size 1024K, 35 young (35840K), 14 survivors (14336K)
 Metaspace       used 35098K, committed 36288K, reserved 393216K
  class space    used 5057K, committed 5632K, reserved 327680K
}
Event: 5.715 GC heap after
{Heap after GC invocations=7 (full 0):
 garbage-first heap   total 262144K, used 30946K [0x00000000e0000000, 0x0000000100000000)
  region size 1024K, 8 young (8192K), 8 survivors (8192K)
 Metaspace       used 35098K, committed 36288K, reserved 393216K
  class space    used 5057K, committed 5632K, reserved 327680K
}
Event: 5.866 GC heap before
{Heap before GC invocations=7 (full 0):
 garbage-first heap   total 262144K, used 35042K [0x00000000e0000000, 0x0000000100000000)
  region size 1024K, 13 young (13312K), 8 survivors (8192K)
 Metaspace       used 35436K, committed 36608K, reserved 393216K
  class space    used 5098K, committed 5696K, reserved 327680K
}
Event: 5.873 GC heap after
{Heap after GC invocations=8 (full 0):
 garbage-first heap   total 262144K, used 31362K [0x00000000e0000000, 0x0000000100000000)
  region size 1024K, 9 young (9216K), 9 survivors (9216K)
 Metaspace       used 35436K, committed 36608K, reserved 393216K
  class space    used 5098K, committed 5696K, reserved 327680K
}

Dll operation events (15 events):
Event: 0.008 Loaded shared library C:\Users\ASUS\.jdks\corretto-21.0.4\bin\java.dll
Event: 0.044 Loaded shared library C:\Users\ASUS\.jdks\corretto-21.0.4\bin\jsvml.dll
Event: 0.104 Loaded shared library C:\Users\ASUS\.jdks\corretto-21.0.4\bin\zip.dll
Event: 0.107 Loaded shared library C:\Users\ASUS\.jdks\corretto-21.0.4\bin\instrument.dll
Event: 0.111 Loaded shared library C:\Users\ASUS\.jdks\corretto-21.0.4\bin\net.dll
Event: 0.113 Loaded shared library C:\Users\ASUS\.jdks\corretto-21.0.4\bin\nio.dll
Event: 0.117 Loaded shared library C:\Users\ASUS\.jdks\corretto-21.0.4\bin\zip.dll
Event: 0.520 Loaded shared library C:\Users\ASUS\.jdks\corretto-21.0.4\bin\jimage.dll
Event: 0.590 Loaded shared library C:\Users\ASUS\.jdks\corretto-21.0.4\bin\verify.dll
Event: 0.803 Loaded shared library C:\Users\ASUS\.gradle\native\c067742578af261105cb4f569cf0c3c89f3d7b1fecec35dd04571415982c5e48\windows-amd64\native-platform.dll
Event: 0.807 Loaded shared library C:\Users\ASUS\.gradle\native\38dada09dfb8b06ba9b0570ebf7e218e3eb74d4ef43ca46872605cf95ebc2f47\windows-amd64\native-platform-file-events.dll
Event: 1.952 Loaded shared library C:\Users\ASUS\.jdks\corretto-21.0.4\bin\management.dll
Event: 1.958 Loaded shared library C:\Users\ASUS\.jdks\corretto-21.0.4\bin\management_ext.dll
Event: 2.205 Loaded shared library C:\Users\ASUS\.jdks\corretto-21.0.4\bin\extnet.dll
Event: 2.381 Loaded shared library C:\Users\ASUS\.jdks\corretto-21.0.4\bin\sunmscapi.dll

Deoptimization events (20 events):
Event: 7.712 Thread 0x000001a29bcf3c90 Uncommon trap: trap_request=0xffffffde fr.pc=0x000001a2f6cb71d0 relative=0x00000000000030b0
Event: 7.712 Thread 0x000001a29bcf3c90 Uncommon trap: reason=class_check action=maybe_recompile pc=0x000001a2f6cb71d0 method=com.google.common.reflect.TypeVisitor.visit([Ljava/lang/reflect/Type;)V @ 99 c2
Event: 7.712 Thread 0x000001a29bcf3c90 DEOPT PACKING pc=0x000001a2f6cb71d0 sp=0x0000007f926f9ff0
Event: 7.712 Thread 0x000001a29bcf3c90 DEOPT UNPACKING pc=0x000001a2f64746a2 sp=0x0000007f926fa018 mode 2
Event: 7.717 Thread 0x000001a29bcf3c90 Uncommon trap: trap_request=0xffffff45 fr.pc=0x000001a2f6c2f524 relative=0x00000000000003c4
Event: 7.717 Thread 0x000001a29bcf3c90 Uncommon trap: reason=unstable_if action=reinterpret pc=0x000001a2f6c2f524 method=org.gradle.internal.reflect.PropertyAccessorType.isSetterName(Ljava/lang/String;)Z @ 14 c2
Event: 7.717 Thread 0x000001a29bcf3c90 DEOPT PACKING pc=0x000001a2f6c2f524 sp=0x0000007f926f9490
Event: 7.717 Thread 0x000001a29bcf3c90 DEOPT UNPACKING pc=0x000001a2f64746a2 sp=0x0000007f926f93f0 mode 2
Event: 7.733 Thread 0x000001a29bcf3c90 Uncommon trap: trap_request=0xffffffde fr.pc=0x000001a2f6cb71d0 relative=0x00000000000030b0
Event: 7.733 Thread 0x000001a29bcf3c90 Uncommon trap: reason=class_check action=maybe_recompile pc=0x000001a2f6cb71d0 method=com.google.common.reflect.TypeVisitor.visit([Ljava/lang/reflect/Type;)V @ 99 c2
Event: 7.733 Thread 0x000001a29bcf3c90 DEOPT PACKING pc=0x000001a2f6cb71d0 sp=0x0000007f926f99b0
Event: 7.733 Thread 0x000001a29bcf3c90 DEOPT UNPACKING pc=0x000001a2f64746a2 sp=0x0000007f926f99d8 mode 2
Event: 7.733 Thread 0x000001a29bcf3c90 Uncommon trap: trap_request=0xffffffde fr.pc=0x000001a2f6cb71d0 relative=0x00000000000030b0
Event: 7.733 Thread 0x000001a29bcf3c90 Uncommon trap: reason=class_check action=maybe_recompile pc=0x000001a2f6cb71d0 method=com.google.common.reflect.TypeVisitor.visit([Ljava/lang/reflect/Type;)V @ 99 c2
Event: 7.733 Thread 0x000001a29bcf3c90 DEOPT PACKING pc=0x000001a2f6cb71d0 sp=0x0000007f926f9ab0
Event: 7.733 Thread 0x000001a29bcf3c90 DEOPT UNPACKING pc=0x000001a2f64746a2 sp=0x0000007f926f9ad8 mode 2
Event: 7.733 Thread 0x000001a29bcf3c90 Uncommon trap: trap_request=0xffffffde fr.pc=0x000001a2f6cb71d0 relative=0x00000000000030b0
Event: 7.733 Thread 0x000001a29bcf3c90 Uncommon trap: reason=class_check action=maybe_recompile pc=0x000001a2f6cb71d0 method=com.google.common.reflect.TypeVisitor.visit([Ljava/lang/reflect/Type;)V @ 99 c2
Event: 7.733 Thread 0x000001a29bcf3c90 DEOPT PACKING pc=0x000001a2f6cb71d0 sp=0x0000007f926f99c0
Event: 7.733 Thread 0x000001a29bcf3c90 DEOPT UNPACKING pc=0x000001a2f64746a2 sp=0x0000007f926f99e8 mode 2

Classes loaded (20 events):
Event: 7.275 Loading class org/xml/sax/Locator
Event: 7.275 Loading class org/xml/sax/Locator done
Event: 7.275 Loading class org/xml/sax/SAXParseException
Event: 7.276 Loading class org/xml/sax/SAXParseException done
Event: 7.276 Loading class org/xml/sax/Attributes
Event: 7.276 Loading class org/xml/sax/Attributes done
Event: 7.296 Loading class java/util/AbstractCollectionBeanInfo
Event: 7.296 Loading class java/util/AbstractCollectionBeanInfo done
Event: 7.296 Loading class java/util/AbstractCollectionBeanInfo
Event: 7.296 Loading class java/util/AbstractCollectionBeanInfo done
Event: 7.296 Loading class java/util/AbstractCollectionCustomizer
Event: 7.296 Loading class java/util/AbstractCollectionCustomizer done
Event: 7.296 Loading class java/util/AbstractCollectionCustomizer
Event: 7.296 Loading class java/util/AbstractCollectionCustomizer done
Event: 7.296 Loading class sun/reflect/generics/reflectiveObjects/GenericArrayTypeImpl
Event: 7.297 Loading class sun/reflect/generics/reflectiveObjects/GenericArrayTypeImpl done
Event: 7.333 Loading class java/lang/StackTraceElement$HashedModules
Event: 7.334 Loading class java/lang/StackTraceElement$HashedModules done
Event: 7.364 Loading class sun/reflect/generics/tree/LongSignature
Event: 7.364 Loading class sun/reflect/generics/tree/LongSignature done

Classes unloaded (0 events):
No events

Classes redefined (0 events):
No events

Internal exceptions (20 events):
Event: 7.502 Thread 0x000001a29bcf3c90 Exception <a 'java/lang/ClassNotFoundException'{0x00000000e7c6f020}: org/codehaus/groovy/runtime/GStringImplCustomizer> (0x00000000e7c6f020) 
thrown [s\src\hotspot\share\classfile\systemDictionary.cpp, line 312]
Event: 7.508 Thread 0x000001a29bcf3c90 Exception <a 'java/lang/ClassNotFoundException'{0x00000000e7cd0140}: org/gradle/api/plugins/internal/DefaultWarPluginConvention_DecoratedBeanInfo> (0x00000000e7cd0140) 
thrown [s\src\hotspot\share\classfile\systemDictionary.cpp, line 312]
Event: 7.508 Thread 0x000001a29bcf3c90 Exception <a 'java/lang/ClassNotFoundException'{0x00000000e7ce1488}: org/gradle/api/plugins/internal/DefaultWarPluginConventionBeanInfo> (0x00000000e7ce1488) 
thrown [s\src\hotspot\share\classfile\systemDictionary.cpp, line 312]
Event: 7.509 Thread 0x000001a29bcf3c90 Exception <a 'java/lang/ClassNotFoundException'{0x00000000e7cf2250}: org/gradle/api/plugins/WarPluginConventionBeanInfo> (0x00000000e7cf2250) 
thrown [s\src\hotspot\share\classfile\systemDictionary.cpp, line 312]
Event: 7.509 Thread 0x000001a29bcf3c90 Exception <a 'java/lang/ClassNotFoundException'{0x00000000e7b03500}: org/gradle/api/plugins/WarPluginConventionCustomizer> (0x00000000e7b03500) 
thrown [s\src\hotspot\share\classfile\systemDictionary.cpp, line 312]
Event: 7.510 Thread 0x000001a29bcf3c90 Exception <a 'java/lang/ClassNotFoundException'{0x00000000e7b1d4c8}: org/gradle/api/plugins/internal/DefaultWarPluginConventionCustomizer> (0x00000000e7b1d4c8) 
thrown [s\src\hotspot\share\classfile\systemDictionary.cpp, line 312]
Event: 7.511 Thread 0x000001a29bcf3c90 Exception <a 'java/lang/ClassNotFoundException'{0x00000000e7b38d68}: org/gradle/api/plugins/internal/DefaultWarPluginConvention_DecoratedCustomizer> (0x00000000e7b38d68) 
thrown [s\src\hotspot\share\classfile\systemDictionary.cpp, line 312]
Event: 7.585 Thread 0x000001a29bcf3c90 Exception <a 'java/lang/ClassNotFoundException'{0x00000000e75da3e0}: org/gradle/api/tasks/testing/Test_DecoratedBeanInfo> (0x00000000e75da3e0) 
thrown [s\src\hotspot\share\classfile\systemDictionary.cpp, line 312]
Event: 7.585 Thread 0x000001a29bcf3c90 Exception <a 'java/lang/ClassNotFoundException'{0x00000000e75ecf40}: org/gradle/api/tasks/testing/TestBeanInfo> (0x00000000e75ecf40) 
thrown [s\src\hotspot\share\classfile\systemDictionary.cpp, line 312]
Event: 7.586 Thread 0x000001a29bcf3c90 Exception <a 'java/lang/ClassNotFoundException'{0x00000000e75ffd80}: org/gradle/api/tasks/testing/AbstractTestTaskBeanInfo> (0x00000000e75ffd80) 
thrown [s\src\hotspot\share\classfile\systemDictionary.cpp, line 312]
Event: 7.587 Thread 0x000001a29bcf3c90 Exception <a 'java/lang/ClassNotFoundException'{0x00000000e7413288}: org/gradle/api/tasks/testing/AbstractTestTaskCustomizer> (0x00000000e7413288) 
thrown [s\src\hotspot\share\classfile\systemDictionary.cpp, line 312]
Event: 7.588 Thread 0x000001a29bcf3c90 Exception <a 'java/lang/ClassNotFoundException'{0x00000000e7442fd8}: org/gradle/api/tasks/testing/TestCustomizer> (0x00000000e7442fd8) 
thrown [s\src\hotspot\share\classfile\systemDictionary.cpp, line 312]
Event: 7.593 Thread 0x000001a29bcf3c90 Exception <a 'java/lang/ClassNotFoundException'{0x00000000e74db600}: org/gradle/api/tasks/testing/Test_DecoratedCustomizer> (0x00000000e74db600) 
thrown [s\src\hotspot\share\classfile\systemDictionary.cpp, line 312]
Event: 7.597 Thread 0x000001a29bcf3c90 Exception <a 'java/lang/NoSuchMethodError'{0x00000000e73a1148}: 'void java.lang.invoke.DirectMethodHandle$Holder.invokeVirtual(java.lang.Object, java.lang.Object)'> (0x00000000e73a1148) 
thrown [s\src\hotspot\share\interpreter\linkResolver.cpp, line 773]
Event: 7.602 Thread 0x000001a29bcf3c90 Exception <a 'java/lang/NoSuchMethodError'{0x00000000e73dbf78}: 'void java.lang.invoke.DirectMethodHandle$Holder.invokeInterface(java.lang.Object, java.lang.Object, java.lang.Object, java.lang.Object)'> (0x00000000e73dbf78) 
thrown [s\src\hotspot\share\interpreter\linkResolver.cpp, line 773]
Event: 7.651 Thread 0x000001a29bcf3c90 Exception <a 'java/lang/NoSuchMethodError'{0x00000000e70732f8}: 'int java.lang.invoke.DirectMethodHandle$Holder.invokeInterface(java.lang.Object, java.lang.Object, java.lang.Object, java.lang.Object)'> (0x00000000e70732f8) 
thrown [s\src\hotspot\share\interpreter\linkResolver.cpp, line 773]
Event: 7.693 Thread 0x000001a29bcf3c90 Exception <a 'java/lang/NoSuchMethodError'{0x00000000e6d7b2c8}: 'java.lang.Object java.lang.invoke.DirectMethodHandle$Holder.newInvokeSpecial(java.lang.Object, java.lang.Object, int)'> (0x00000000e6d7b2c8) 
thrown [s\src\hotspot\share\interpreter\linkResolver.cpp, line 773]
Event: 7.722 Thread 0x000001a29bcf3c90 Exception <a 'java/lang/NoSuchMethodError'{0x00000000e6b41218}: 'java.lang.Object java.lang.invoke.DirectMethodHandle$Holder.newInvokeSpecial(java.lang.Object, java.lang.Object, java.lang.Object, java.lang.Object, java.lang.Object, java.lang.Object, int)'> (0x00000000e6b41218) 
thrown [s\src\hotspot\share\interpreter\linkResolver.cpp, line 773]
Event: 7.723 Thread 0x000001a29bcf3c90 Exception <a 'java/lang/NoSuchMethodError'{0x00000000e6b461d0}: 'java.lang.Object java.lang.invoke.DirectMethodHandle$Holder.invokeSpecial(java.lang.Object, java.lang.Object, java.lang.Object, java.lang.Object, java.lang.Object, java.lang.Object, java.lang.Object, int)'> (0x00000000e6b461d0) 
thrown [s\src\hotspot\share\interpreter\linkResolver.cpp, line 773]
Event: 7.766 Thread 0x000001a29bcf3c90 Exception <a 'java/lang/NoSuchMethodError'{0x00000000e6820e80}: 'java.lang.Object java.lang.invoke.DirectMethodHandle$Holder.newInvokeSpecial(java.lang.Object, int, java.lang.Object)'> (0x00000000e6820e80) 
thrown [s\src\hotspot\share\interpreter\linkResolver.cpp, line 773]

ZGC Phase Switch (0 events):
No events

VM Operations (20 events):
Event: 6.138 Executing VM operation: HandshakeAllThreads (Deoptimize)
Event: 6.138 Executing VM operation: HandshakeAllThreads (Deoptimize) done
Event: 6.286 Executing VM operation: ICBufferFull
Event: 6.286 Executing VM operation: ICBufferFull done
Event: 6.366 Executing VM operation: HandshakeAllThreads (Deoptimize)
Event: 6.366 Executing VM operation: HandshakeAllThreads (Deoptimize) done
Event: 6.507 Executing VM operation: HandshakeAllThreads (Deoptimize)
Event: 6.507 Executing VM operation: HandshakeAllThreads (Deoptimize) done
Event: 6.839 Executing VM operation: ICBufferFull
Event: 6.839 Executing VM operation: ICBufferFull done
Event: 7.236 Executing VM operation: ICBufferFull
Event: 7.236 Executing VM operation: ICBufferFull done
Event: 7.522 Executing VM operation: ICBufferFull
Event: 7.522 Executing VM operation: ICBufferFull done
Event: 7.646 Executing VM operation: HandshakeAllThreads (Deoptimize)
Event: 7.646 Executing VM operation: HandshakeAllThreads (Deoptimize) done
Event: 7.650 Executing VM operation: HandshakeAllThreads (Deoptimize)
Event: 7.651 Executing VM operation: HandshakeAllThreads (Deoptimize) done
Event: 7.737 Executing VM operation: ICBufferFull
Event: 7.737 Executing VM operation: ICBufferFull done

Memory protections (0 events):
No events

Nmethod flushes (20 events):
Event: 5.914 Thread 0x000001a2feddcd80 flushing  nmethod 0x000001a2eefd0210
Event: 5.914 Thread 0x000001a2feddcd80 flushing  nmethod 0x000001a2eefd5d10
Event: 5.914 Thread 0x000001a2feddcd80 flushing  nmethod 0x000001a2ef082490
Event: 5.914 Thread 0x000001a2feddcd80 flushing  nmethod 0x000001a2ef0bac10
Event: 5.914 Thread 0x000001a2feddcd80 flushing  nmethod 0x000001a2ef0bc110
Event: 5.914 Thread 0x000001a2feddcd80 flushing  nmethod 0x000001a2ef198310
Event: 5.914 Thread 0x000001a2feddcd80 flushing  nmethod 0x000001a2ef19c290
Event: 5.914 Thread 0x000001a2feddcd80 flushing  nmethod 0x000001a2ef19d010
Event: 5.914 Thread 0x000001a2feddcd80 flushing  nmethod 0x000001a2ef19d990
Event: 5.914 Thread 0x000001a2feddcd80 flushing  nmethod 0x000001a2ef1d6610
Event: 5.914 Thread 0x000001a2feddcd80 flushing  nmethod 0x000001a2ef1d7090
Event: 5.914 Thread 0x000001a2feddcd80 flushing  nmethod 0x000001a2ef1db190
Event: 5.914 Thread 0x000001a2feddcd80 flushing  nmethod 0x000001a2ef22d990
Event: 5.914 Thread 0x000001a2feddcd80 flushing  nmethod 0x000001a2ef237910
Event: 5.914 Thread 0x000001a2feddcd80 flushing  nmethod 0x000001a2ef253590
Event: 5.914 Thread 0x000001a2feddcd80 flushing  nmethod 0x000001a2ef266b10
Event: 5.914 Thread 0x000001a2feddcd80 flushing  nmethod 0x000001a2ef26f610
Event: 5.914 Thread 0x000001a2feddcd80 flushing  nmethod 0x000001a2ef2f7210
Event: 5.914 Thread 0x000001a2feddcd80 flushing  nmethod 0x000001a2ef49a690
Event: 5.914 Thread 0x000001a2feddcd80 flushing  nmethod 0x000001a2ef49cb90

Events (20 events):
Event: 2.437 Thread 0x000001a29c222e50 Thread added: 0x000001a29bcf3c90
Event: 2.449 Thread 0x000001a29bcf3c90 Thread added: 0x000001a29bcf2f70
Event: 2.454 Thread 0x000001a29bcf3c90 Thread added: 0x000001a29bcf0ea0
Event: 2.457 Thread 0x000001a29bcf3c90 Thread added: 0x000001a29bcf2250
Event: 2.880 Thread 0x000001a29bcf3c90 Thread added: 0x000001a29bcf3600
Event: 2.889 Thread 0x000001a29bcf3c90 Thread added: 0x000001a29bcf0810
Event: 2.931 Thread 0x000001a29bcf3c90 Thread added: 0x000001a29bcf28e0
Event: 3.823 Thread 0x000001a29bcf3c90 Thread added: 0x000001a29bcf1bc0
Event: 4.104 Thread 0x000001a29bcf3c90 Thread added: 0x000001a29bff26f0
Event: 4.109 Thread 0x000001a29bcf3c90 Thread added: 0x000001a29bff82d0
Event: 4.259 Thread 0x000001a29bcf3c90 Thread added: 0x000001a29bff3410
Event: 4.365 Thread 0x000001a29bcf3c90 Thread added: 0x000001a29bff2d80
Event: 4.380 Thread 0x000001a29bcf3c90 Thread added: 0x000001a29bff54e0
Event: 4.532 Thread 0x000001a29bcf3c90 Thread added: 0x000001a29bff3aa0
Event: 4.879 Thread 0x000001a29bcf3c90 Thread added: 0x000001a29bff4130
Event: 4.917 Thread 0x000001a29bcf3c90 Thread added: 0x000001a29bff47c0
Event: 6.008 Thread 0x000001a29bcf3c90 Thread added: 0x000001a29bff8960
Event: 6.020 Thread 0x000001a29bcf3c90 Thread added: 0x000001a29bff4e50
Event: 6.653 Thread 0x000001a29bcf3c90 Thread added: 0x000001a29bff6200
Event: 7.011 Thread 0x000001a29bcf3c90 Thread added: 0x000001a29bff6f20


Dynamic libraries:
0x00007ff619f10000 - 0x00007ff619f1e000 	C:\Users\ASUS\.jdks\corretto-21.0.4\bin\java.exe
0x00007fff9ebf0000 - 0x00007fff9ede8000 	C:\Windows\SYSTEM32\ntdll.dll
0x00007fff9e770000 - 0x00007fff9e82f000 	C:\Windows\System32\KERNEL32.DLL
0x00007fff9c640000 - 0x00007fff9c912000 	C:\Windows\System32\KERNELBASE.dll
0x00007fff9c490000 - 0x00007fff9c590000 	C:\Windows\System32\ucrtbase.dll
0x00007fff966a0000 - 0x00007fff966b8000 	C:\Users\ASUS\.jdks\corretto-21.0.4\bin\jli.dll
0x00007fff96680000 - 0x00007fff9669b000 	C:\Users\ASUS\.jdks\corretto-21.0.4\bin\VCRUNTIME140.dll
0x00007fff9daa0000 - 0x00007fff9dc41000 	C:\Windows\System32\USER32.dll
0x00007fff84860000 - 0x00007fff84afa000 	C:\Windows\WinSxS\amd64_microsoft.windows.common-controls_6595b64144ccf1df_6.0.19041.1110_none_60b5254171f9507e\COMCTL32.dll
0x00007fff9cb60000 - 0x00007fff9cb82000 	C:\Windows\System32\win32u.dll
0x00007fff9d590000 - 0x00007fff9d62e000 	C:\Windows\System32\msvcrt.dll
0x00007fff9dc50000 - 0x00007fff9dc7b000 	C:\Windows\System32\GDI32.dll
0x00007fff9c920000 - 0x00007fff9ca2f000 	C:\Windows\System32\gdi32full.dll
0x00007fff9ca30000 - 0x00007fff9cacd000 	C:\Windows\System32\msvcp_win.dll
0x00007fff9e8c0000 - 0x00007fff9e8f2000 	C:\Windows\System32\IMM32.DLL
0x00007fff96710000 - 0x00007fff9671c000 	C:\Users\ASUS\.jdks\corretto-21.0.4\bin\vcruntime140_1.dll
0x00007fff6dbf0000 - 0x00007fff6dc7d000 	C:\Users\ASUS\.jdks\corretto-21.0.4\bin\msvcp140.dll
0x00007fff5bae0000 - 0x00007fff5c876000 	C:\Users\ASUS\.jdks\corretto-21.0.4\bin\server\jvm.dll
0x00007fff9de20000 - 0x00007fff9dece000 	C:\Windows\System32\ADVAPI32.dll
0x00007fff9e1b0000 - 0x00007fff9e24c000 	C:\Windows\System32\sechost.dll
0x00007fff9e080000 - 0x00007fff9e1a5000 	C:\Windows\System32\RPCRT4.dll
0x00007fff9dc80000 - 0x00007fff9dceb000 	C:\Windows\System32\WS2_32.dll
0x00007fff9b8a0000 - 0x00007fff9b8eb000 	C:\Windows\SYSTEM32\POWRPROF.dll
0x00007fff91cf0000 - 0x00007fff91d17000 	C:\Windows\SYSTEM32\WINMM.dll
0x00007fff960e0000 - 0x00007fff960ea000 	C:\Windows\SYSTEM32\VERSION.dll
0x00007fff9b720000 - 0x00007fff9b732000 	C:\Windows\SYSTEM32\UMPDC.dll
0x00007fff9a1a0000 - 0x00007fff9a1b2000 	C:\Windows\SYSTEM32\kernel.appcore.dll
0x00007fff966e0000 - 0x00007fff966ea000 	C:\Users\ASUS\.jdks\corretto-21.0.4\bin\jimage.dll
0x00007fff86620000 - 0x00007fff86804000 	C:\Windows\SYSTEM32\DBGHELP.DLL
0x00007fff85630000 - 0x00007fff85665000 	C:\Windows\SYSTEM32\dbgcore.DLL
0x00007fff9cad0000 - 0x00007fff9cb52000 	C:\Windows\System32\bcryptPrimitives.dll
0x00007fff965b0000 - 0x00007fff965be000 	C:\Users\ASUS\.jdks\corretto-21.0.4\bin\instrument.dll
0x00007fff93770000 - 0x00007fff9378f000 	C:\Users\ASUS\.jdks\corretto-21.0.4\bin\java.dll
0x00007fff9cdd0000 - 0x00007fff9d515000 	C:\Windows\System32\SHELL32.dll
0x00007fff9a3a0000 - 0x00007fff9ab32000 	C:\Windows\SYSTEM32\windows.storage.dll
0x00007fff9e330000 - 0x00007fff9e685000 	C:\Windows\System32\combase.dll
0x00007fff9bd40000 - 0x00007fff9bd70000 	C:\Windows\SYSTEM32\Wldp.dll
0x00007fff9e900000 - 0x00007fff9e9ad000 	C:\Windows\System32\SHCORE.dll
0x00007fff9ea80000 - 0x00007fff9ead5000 	C:\Windows\System32\shlwapi.dll
0x00007fff9c220000 - 0x00007fff9c23f000 	C:\Windows\SYSTEM32\profapi.dll
0x00007fff6cab0000 - 0x00007fff6cb87000 	C:\Users\ASUS\.jdks\corretto-21.0.4\bin\jsvml.dll
0x00007fff85340000 - 0x00007fff85358000 	C:\Users\ASUS\.jdks\corretto-21.0.4\bin\zip.dll
0x00007fff94510000 - 0x00007fff94520000 	C:\Users\ASUS\.jdks\corretto-21.0.4\bin\net.dll
0x00007fff94040000 - 0x00007fff9414c000 	C:\Windows\SYSTEM32\WINHTTP.dll
0x00007fff9baa0000 - 0x00007fff9bb0a000 	C:\Windows\system32\mswsock.dll
0x00007fff84ca0000 - 0x00007fff84cb6000 	C:\Users\ASUS\.jdks\corretto-21.0.4\bin\nio.dll
0x00007fff944d0000 - 0x00007fff944e0000 	C:\Users\ASUS\.jdks\corretto-21.0.4\bin\verify.dll
0x00007fff43fc0000 - 0x00007fff43fe7000 	C:\Users\ASUS\.gradle\native\c067742578af261105cb4f569cf0c3c89f3d7b1fecec35dd04571415982c5e48\windows-amd64\native-platform.dll
0x00007fff6c440000 - 0x00007fff6c584000 	C:\Users\ASUS\.gradle\native\38dada09dfb8b06ba9b0570ebf7e218e3eb74d4ef43ca46872605cf95ebc2f47\windows-amd64\native-platform-file-events.dll
0x00007fff94470000 - 0x00007fff94479000 	C:\Users\ASUS\.jdks\corretto-21.0.4\bin\management.dll
0x00007fff94210000 - 0x00007fff9421b000 	C:\Users\ASUS\.jdks\corretto-21.0.4\bin\management_ext.dll
0x00007fff9d520000 - 0x00007fff9d528000 	C:\Windows\System32\PSAPI.DLL
0x00007fff9bc90000 - 0x00007fff9bca8000 	C:\Windows\SYSTEM32\CRYPTSP.dll
0x00007fff9b2e0000 - 0x00007fff9b314000 	C:\Windows\system32\rsaenh.dll
0x00007fff9cb90000 - 0x00007fff9cbb7000 	C:\Windows\System32\bcrypt.dll
0x00007fff9c1e0000 - 0x00007fff9c20e000 	C:\Windows\SYSTEM32\USERENV.dll
0x00007fff9bcb0000 - 0x00007fff9bcbc000 	C:\Windows\SYSTEM32\CRYPTBASE.dll
0x00007fff9b740000 - 0x00007fff9b77b000 	C:\Windows\SYSTEM32\IPHLPAPI.DLL
0x00007fff9ea10000 - 0x00007fff9ea18000 	C:\Windows\System32\NSI.dll
0x00007fff941d0000 - 0x00007fff941d9000 	C:\Users\ASUS\.jdks\corretto-21.0.4\bin\extnet.dll
0x00007fff934d0000 - 0x00007fff934de000 	C:\Users\ASUS\.jdks\corretto-21.0.4\bin\sunmscapi.dll
0x00007fff9c2e0000 - 0x00007fff9c436000 	C:\Windows\System32\CRYPT32.dll
0x00007fff9bdb0000 - 0x00007fff9bdd7000 	C:\Windows\SYSTEM32\ncrypt.dll
0x00007fff9bd70000 - 0x00007fff9bdab000 	C:\Windows\SYSTEM32\NTASN1.dll
0x00007fff68540000 - 0x00007fff68547000 	C:\Windows\system32\wshunix.dll

dbghelp: loaded successfully - version: 4.0.5 - missing functions: none
symbol engine: initialized successfully - sym options: 0x614 - pdb path: .;C:\Users\ASUS\.jdks\corretto-21.0.4\bin;C:\Windows\SYSTEM32;C:\Windows\WinSxS\amd64_microsoft.windows.common-controls_6595b64144ccf1df_6.0.19041.1110_none_60b5254171f9507e;C:\Users\ASUS\.jdks\corretto-21.0.4\bin\server;C:\Users\ASUS\.gradle\native\c067742578af261105cb4f569cf0c3c89f3d7b1fecec35dd04571415982c5e48\windows-amd64;C:\Users\ASUS\.gradle\native\38dada09dfb8b06ba9b0570ebf7e218e3eb74d4ef43ca46872605cf95ebc2f47\windows-amd64

VM Arguments:
jvm_args: --add-opens=java.base/java.util=ALL-UNNAMED --add-opens=java.base/java.lang=ALL-UNNAMED --add-opens=java.base/java.lang.invoke=ALL-UNNAMED --add-opens=java.prefs/java.util.prefs=ALL-UNNAMED --add-opens=java.base/java.nio.charset=ALL-UNNAMED --add-opens=java.base/java.net=ALL-UNNAMED --add-opens=java.base/java.util.concurrent.atomic=ALL-UNNAMED -XX:MaxMetaspaceSize=384m -XX:+HeapDumpOnOutOfMemoryError -Xms256m -Xmx512m -Dfile.encoding=windows-1252 -Duser.country=US -Duser.language=en -Duser.variant -javaagent:C:\Users\ASUS\.gradle\wrapper\dists\gradle-8.7-bin\bhs2wmbdwecv87pi65oeuq5iu\gradle-8.7\lib\agents\gradle-instrumentation-agent-8.7.jar 
java_command: org.gradle.launcher.daemon.bootstrap.GradleDaemon 8.7
java_class_path (initial): C:\Users\ASUS\.gradle\wrapper\dists\gradle-8.7-bin\bhs2wmbdwecv87pi65oeuq5iu\gradle-8.7\lib\gradle-launcher-8.7.jar
Launcher Type: SUN_STANDARD

[Global flags]
     intx CICompilerCount                          = 3                                         {product} {ergonomic}
   size_t CompressedClassSpaceSize                 = 335544320                                 {product} {ergonomic}
     uint ConcGCThreads                            = 1                                         {product} {ergonomic}
     uint G1ConcRefinementThreads                  = 4                                         {product} {ergonomic}
   size_t G1HeapRegionSize                         = 1048576                                   {product} {ergonomic}
    uintx GCDrainStackTargetSize                   = 64                                        {product} {ergonomic}
     bool HeapDumpOnOutOfMemoryError               = true                                   {manageable} {command line}
   size_t InitialHeapSize                          = 268435456                                 {product} {command line}
   size_t MarkStackSize                            = 4194304                                   {product} {ergonomic}
   size_t MaxHeapSize                              = 536870912                                 {product} {command line}
   size_t MaxMetaspaceSize                         = 402653184                                 {product} {command line}
   size_t MaxNewSize                               = 321912832                                 {product} {ergonomic}
   size_t MinHeapDeltaBytes                        = 1048576                                   {product} {ergonomic}
   size_t MinHeapSize                              = 268435456                                 {product} {command line}
    uintx NonNMethodCodeHeapSize                   = 5832780                                {pd product} {ergonomic}
    uintx NonProfiledCodeHeapSize                  = 122912730                              {pd product} {ergonomic}
    uintx ProfiledCodeHeapSize                     = 122912730                              {pd product} {ergonomic}
    uintx ReservedCodeCacheSize                    = 251658240                              {pd product} {ergonomic}
     bool SegmentedCodeCache                       = true                                      {product} {ergonomic}
   size_t SoftMaxHeapSize                          = 536870912                              {manageable} {ergonomic}
     bool UseCompressedOops                        = true                           {product lp64_product} {ergonomic}
     bool UseG1GC                                  = true                                      {product} {ergonomic}
     bool UseLargePagesIndividualAllocation        = false                                  {pd product} {ergonomic}

Logging:
Log output configuration:
 #0: stdout all=warning uptime,level,tags foldmultilines=false
 #1: stderr all=off uptime,level,tags foldmultilines=false

Environment Variables:
PATH=C:\Windows\system32;C:\Windows;C:\Windows\System32\Wbem;C:\Windows\System32\WindowsPowerShell\v1.0\;C:\Windows\System32\OpenSSH\;C:\Program Files\Git\cmd;C:\Users\ASUS\AppData\Local\Microsoft\WindowsApps;;D:\WebStorm 2024.1.5\bin;
USERNAME=ASUS
OS=Windows_NT
PROCESSOR_IDENTIFIER=Intel64 Family 6 Model 158 Stepping 9, GenuineIntel
TMP=C:\Users\ASUS\AppData\Local\Temp
TEMP=C:\Users\ASUS\AppData\Local\Temp




Periodic native trim disabled

---------------  S Y S T E M  ---------------

OS:
 Windows 10 , 64 bit Build 19041 (10.0.19041.2546)
OS uptime: 8 days 22:45 hours

CPU: total 4 (initial active 4) (4 cores per cpu, 1 threads per core) family 6 model 158 stepping 9 microcode 0xb4, cx8, cmov, fxsr, mmx, 3dnowpref, sse, sse2, sse3, ssse3, sse4.1, sse4.2, popcnt, lzcnt, tsc, tscinvbit, avx, avx2, aes, erms, clmul, bmi1, bmi2, adx, fma, vzeroupper, clflush, clflushopt, rdtscp, f16c
Processor Information for all 4 processors :
  Max Mhz: 2501, Current Mhz: 2501, Mhz Limit: 2501

Memory: 4k page, system-wide physical 8076M (401M free)
TotalPageFile size 16542M (AvailPageFile size 6M)
current process WorkingSet (physical memory assigned to process): 388M, peak: 388M
current process commit charge ("private bytes"): 480M, peak: 482M

vm_info: OpenJDK 64-Bit Server VM (21.0.4+7-LTS) for windows-amd64 JRE (21.0.4+7-LTS), built on 2024-07-10T17:34:29Z by "Administrator" with MS VC++ 16.10 / 16.11 (VS2019)

END.
