#
# There is insufficient memory for the Java Runtime Environment to continue.
# Native memory allocation (malloc) failed to allocate 1212128 bytes. Error detail: Chunk::new
# Possible reasons:
#   The system is out of physical RAM or swap space
#   This process is running with CompressedOops enabled, and the Java Heap may be blocking the growth of the native heap
# Possible solutions:
#   Reduce memory load on the system
#   Increase physical memory or swap space
#   Check if swap backing store is full
#   Decrease Java heap size (-Xmx/-Xms)
#   Decrease number of Java threads
#   Decrease Java thread stack sizes (-Xss)
#   Set larger code cache with -XX:ReservedCodeCacheSize=
#   JVM is running with Unscaled Compressed Oops mode in which the Java heap is
#     placed in the first 4GB address space. The Java Heap base address is the
#     maximum limit for the native heap growth. Please use -XX:HeapBaseMinAddress
#     to set the Java Heap base and to place the Java Heap above 4GB virtual address.
# This output file may be truncated or incomplete.
#
#  Out of Memory Error (arena.cpp:191), pid=16540, tid=12828
#
# JRE version: OpenJDK Runtime Environment Corretto-17.0.12.7.1 (17.0.12+7) (build 17.0.12+7-LTS)
# Java VM: OpenJDK 64-Bit Server VM Corretto-17.0.12.7.1 (17.0.12+7-LTS, mixed mode, sharing, tiered, compressed oops, compressed class ptrs, g1 gc, windows-amd64)
# No core dump will be written. Minidumps are not enabled by default on client versions of Windows
#

---------------  S U M M A R Y ------------

Command Line: --add-opens=java.base/java.util=ALL-UNNAMED --add-opens=java.base/java.lang=ALL-UNNAMED --add-opens=java.base/java.lang.invoke=ALL-UNNAMED --add-opens=java.prefs/java.util.prefs=ALL-UNNAMED --add-opens=java.base/java.nio.charset=ALL-UNNAMED --add-opens=java.base/java.net=ALL-UNNAMED --add-opens=java.base/java.util.concurrent.atomic=ALL-UNNAMED -XX:MaxMetaspaceSize=384m -XX:+HeapDumpOnOutOfMemoryError -Xms256m -Xmx512m -Dfile.encoding=windows-1252 -Duser.country=US -Duser.language=en -Duser.variant -javaagent:C:\Users\ASUS\.gradle\wrapper\dists\gradle-8.7-bin\bhs2wmbdwecv87pi65oeuq5iu\gradle-8.7\lib\agents\gradle-instrumentation-agent-8.7.jar org.gradle.launcher.daemon.bootstrap.GradleDaemon 8.7

Host: Intel(R) Core(TM) i5-7300HQ CPU @ 2.50GHz, 4 cores, 7G,  Windows 10 , 64 bit Build 19041 (10.0.19041.2546)
Time: Mon Dec 16 15:36:47 2024 SE Asia Standard Time elapsed time: 7.427383 seconds (0d 0h 0m 7s)

---------------  T H R E A D  ---------------

Current thread (0x000001e5d7031430):  JavaThread "C2 CompilerThread0" daemon [_thread_in_native, id=12828, stack(0x000000b1ee400000,0x000000b1ee500000)]


Current CompileTask:
C2:   7427 3902       4       java.util.regex.Pattern::compile (500 bytes)

Stack: [0x000000b1ee400000,0x000000b1ee500000]
Native frames: (J=compiled Java code, j=interpreted, Vv=VM code, C=native code)
V  [jvm.dll+0x67f4f9]
V  [jvm.dll+0x836eaa]
V  [jvm.dll+0x83896e]
V  [jvm.dll+0x838fd3]
V  [jvm.dll+0x247f6f]
V  [jvm.dll+0xac9d4]
V  [jvm.dll+0xad01c]
V  [jvm.dll+0x367097]
V  [jvm.dll+0x33156a]
V  [jvm.dll+0x330a0a]
V  [jvm.dll+0x21a501]
V  [jvm.dll+0x219941]
V  [jvm.dll+0x1a57bd]
V  [jvm.dll+0x22966d]
V  [jvm.dll+0x22781c]
V  [jvm.dll+0x7ebec7]
V  [jvm.dll+0x7e62ac]
V  [jvm.dll+0x67e3c7]
C  [ucrtbase.dll+0x21bb2]
C  [KERNEL32.DLL+0x17614]
C  [ntdll.dll+0x526a1]


---------------  P R O C E S S  ---------------

Threads class SMR info:
_java_thread_list=0x000001e5f395afc0, length=37, elements={
0x000001e5bcd23bb0, 0x000001e5d7017cd0, 0x000001e5d7019200, 0x000001e5d702da40,
0x000001e5d702e5d0, 0x000001e5d702feb0, 0x000001e5d7030780, 0x000001e5d7031430,
0x000001e5d703ad60, 0x000001e5d7064dd0, 0x000001e5d7001210, 0x000001e5d72f8c90,
0x000001e5f1cb4260, 0x000001e5f1b3ec60, 0x000001e5f16f6d70, 0x000001e5f2643f70,
0x000001e5f1869ac0, 0x000001e5f13e4b70, 0x000001e5f13e4660, 0x000001e5f13e22f0,
0x000001e5f13e13c0, 0x000001e5f13e2d10, 0x000001e5f13e2800, 0x000001e5f13e1de0,
0x000001e5f13e3220, 0x000001e5f13e18d0, 0x000001e5f13e3c40, 0x000001e5f13e4150,
0x000001e5f3d89950, 0x000001e5f3d875e0, 0x000001e5f3d85780, 0x000001e5f1ab9b50,
0x000001e5f3d84340, 0x000001e5f3d88f30, 0x000001e5f3d84d60, 0x000001e5f3d861a0,
0x000001e5f3d866b0
}

Java Threads: ( => current thread )
  0x000001e5bcd23bb0 JavaThread "main" [_thread_blocked, id=17156, stack(0x000000b1ed700000,0x000000b1ed800000)]
  0x000001e5d7017cd0 JavaThread "Reference Handler" daemon [_thread_blocked, id=19332, stack(0x000000b1ede00000,0x000000b1edf00000)]
  0x000001e5d7019200 JavaThread "Finalizer" daemon [_thread_blocked, id=10452, stack(0x000000b1edf00000,0x000000b1ee000000)]
  0x000001e5d702da40 JavaThread "Signal Dispatcher" daemon [_thread_blocked, id=15956, stack(0x000000b1ee000000,0x000000b1ee100000)]
  0x000001e5d702e5d0 JavaThread "Attach Listener" daemon [_thread_blocked, id=14832, stack(0x000000b1ee100000,0x000000b1ee200000)]
  0x000001e5d702feb0 JavaThread "Service Thread" daemon [_thread_blocked, id=16592, stack(0x000000b1ee200000,0x000000b1ee300000)]
  0x000001e5d7030780 JavaThread "Monitor Deflation Thread" daemon [_thread_blocked, id=10268, stack(0x000000b1ee300000,0x000000b1ee400000)]
=>0x000001e5d7031430 JavaThread "C2 CompilerThread0" daemon [_thread_in_native, id=12828, stack(0x000000b1ee400000,0x000000b1ee500000)]
  0x000001e5d703ad60 JavaThread "C1 CompilerThread0" daemon [_thread_blocked, id=5064, stack(0x000000b1ee500000,0x000000b1ee600000)]
  0x000001e5d7064dd0 JavaThread "Sweeper thread" daemon [_thread_blocked, id=9480, stack(0x000000b1ee600000,0x000000b1ee700000)]
  0x000001e5d7001210 JavaThread "Common-Cleaner" daemon [_thread_blocked, id=13436, stack(0x000000b1ee700000,0x000000b1ee800000)]
  0x000001e5d72f8c90 JavaThread "Notification Thread" daemon [_thread_blocked, id=1152, stack(0x000000b1ee800000,0x000000b1ee900000)]
  0x000001e5f1cb4260 JavaThread "Daemon health stats" [_thread_blocked, id=16172, stack(0x000000b1eee00000,0x000000b1eef00000)]
  0x000001e5f1b3ec60 JavaThread "Incoming local TCP Connector on port 55625" [_thread_in_native, id=10124, stack(0x000000b1eea00000,0x000000b1eeb00000)]
  0x000001e5f16f6d70 JavaThread "Daemon periodic checks" [_thread_blocked, id=13036, stack(0x000000b1eef00000,0x000000b1ef000000)]
  0x000001e5f2643f70 JavaThread "Daemon" [_thread_blocked, id=17640, stack(0x000000b1ef000000,0x000000b1ef100000)]
  0x000001e5f1869ac0 JavaThread "Handler for socket connection from /127.0.0.1:55625 to /127.0.0.1:55626" [_thread_in_native, id=1128, stack(0x000000b1ef100000,0x000000b1ef200000)]
  0x000001e5f13e4b70 JavaThread "Cancel handler" [_thread_blocked, id=11576, stack(0x000000b1ef200000,0x000000b1ef300000)]
  0x000001e5f13e4660 JavaThread "Daemon worker" [_thread_in_Java, id=9888, stack(0x000000b1ef300000,0x000000b1ef400000)]
  0x000001e5f13e22f0 JavaThread "Asynchronous log dispatcher for DefaultDaemonConnection: socket connection from /127.0.0.1:55625 to /127.0.0.1:55626" [_thread_blocked, id=14040, stack(0x000000b1ef400000,0x000000b1ef500000)]
  0x000001e5f13e13c0 JavaThread "Stdin handler" [_thread_blocked, id=9980, stack(0x000000b1ef500000,0x000000b1ef600000)]
  0x000001e5f13e2d10 JavaThread "Daemon client event forwarder" [_thread_blocked, id=14196, stack(0x000000b1ef600000,0x000000b1ef700000)]
  0x000001e5f13e2800 JavaThread "Cache worker for journal cache (C:\Users\ASUS\.gradle\caches\journal-1)" [_thread_blocked, id=16228, stack(0x000000b1ef700000,0x000000b1ef800000)]
  0x000001e5f13e1de0 JavaThread "File lock request listener" [_thread_in_native, id=10208, stack(0x000000b1ef800000,0x000000b1ef900000)]
  0x000001e5f13e3220 JavaThread "Cache worker for file hash cache (C:\Users\ASUS\.gradle\caches\8.7\fileHashes)" [_thread_blocked, id=508, stack(0x000000b1ef900000,0x000000b1efa00000)]
  0x000001e5f13e18d0 JavaThread "Cache worker for file hash cache (D:\codegym\module4\ss2\thuc_hanh\check_email\.gradle\8.7\fileHashes)" [_thread_blocked, id=11176, stack(0x000000b1efb00000,0x000000b1efc00000)]
  0x000001e5f13e3c40 JavaThread "File watcher server" daemon [_thread_in_native, id=8296, stack(0x000000b1efc00000,0x000000b1efd00000)]
  0x000001e5f13e4150 JavaThread "File watcher consumer" daemon [_thread_blocked, id=6480, stack(0x000000b1efd00000,0x000000b1efe00000)]
  0x000001e5f3d89950 JavaThread "Cache worker for checksums cache (D:\codegym\module4\ss2\thuc_hanh\check_email\.gradle\8.7\checksums)" [_thread_blocked, id=10572, stack(0x000000b1efe00000,0x000000b1eff00000)]
  0x000001e5f3d875e0 JavaThread "Cache worker for cache directory md-supplier (C:\Users\ASUS\.gradle\caches\8.7\md-supplier)" [_thread_blocked, id=5632, stack(0x000000b1efa00000,0x000000b1efb00000)]
  0x000001e5f3d85780 JavaThread "Cache worker for cache directory md-rule (C:\Users\ASUS\.gradle\caches\8.7\md-rule)" [_thread_blocked, id=18984, stack(0x000000b1eff00000,0x000000b1f0000000)]
  0x000001e5f1ab9b50 JavaThread "C2 CompilerThread1" daemon [_thread_in_native, id=3296, stack(0x000000b1f0000000,0x000000b1f0100000)]
  0x000001e5f3d84340 JavaThread "Cache worker for file content cache (C:\Users\ASUS\.gradle\caches\8.7\fileContent)" [_thread_blocked, id=18408, stack(0x000000b1f0100000,0x000000b1f0200000)]
  0x000001e5f3d88f30 JavaThread "jar transforms" [_thread_blocked, id=14668, stack(0x000000b1f0200000,0x000000b1f0300000)]
  0x000001e5f3d84d60 JavaThread "jar transforms Thread 2" [_thread_blocked, id=13460, stack(0x000000b1f0300000,0x000000b1f0400000)]
  0x000001e5f3d861a0 JavaThread "jar transforms Thread 3" [_thread_blocked, id=10312, stack(0x000000b1f0400000,0x000000b1f0500000)]
  0x000001e5f3d866b0 JavaThread "jar transforms Thread 4" [_thread_blocked, id=12320, stack(0x000000b1f0500000,0x000000b1f0600000)]

Other Threads:
  0x000001e5d7013d60 VMThread "VM Thread" [stack: 0x000000b1edd00000,0x000000b1ede00000] [id=12836]
  0x000001e5d72f9170 WatcherThread [stack: 0x000000b1ee900000,0x000000b1eea00000] [id=11760]
  0x000001e5bcd50840 GCTaskThread "GC Thread#0" [stack: 0x000000b1ed800000,0x000000b1ed900000] [id=10904]
  0x000001e5d7712f00 GCTaskThread "GC Thread#1" [stack: 0x000000b1eeb00000,0x000000b1eec00000] [id=2036]
  0x000001e5d740da80 GCTaskThread "GC Thread#2" [stack: 0x000000b1eec00000,0x000000b1eed00000] [id=17480]
  0x000001e5d75bf7a0 GCTaskThread "GC Thread#3" [stack: 0x000000b1eed00000,0x000000b1eee00000] [id=8028]
  0x000001e5bcd556a0 ConcurrentGCThread "G1 Main Marker" [stack: 0x000000b1ed900000,0x000000b1eda00000] [id=18108]
  0x000001e5bcd56770 ConcurrentGCThread "G1 Conc#0" [stack: 0x000000b1eda00000,0x000000b1edb00000] [id=19128]
  0x000001e5bcded390 ConcurrentGCThread "G1 Refine#0" [stack: 0x000000b1edb00000,0x000000b1edc00000] [id=14844]
  0x000001e5bcdedcd0 ConcurrentGCThread "G1 Service" [stack: 0x000000b1edc00000,0x000000b1edd00000] [id=13316]

Threads with active compile tasks:
C2 CompilerThread0     7478 3902       4       java.util.regex.Pattern::compile (500 bytes)
C2 CompilerThread1     7478 3909       4       java.io.File::equals (28 bytes)

VM state: not at safepoint (normal execution)

VM Mutex/Monitor currently owned by a thread: None

Heap address: 0x00000000e0000000, size: 512 MB, Compressed Oops mode: 32-bit

CDS archive(s) mapped at: [0x000001e5d8000000-0x000001e5d8bb0000-0x000001e5d8bb0000), size 12255232, SharedBaseAddress: 0x000001e5d8000000, ArchiveRelocationMode: 1.
Compressed class space mapped at: 0x000001e5d9000000-0x000001e5ed000000, reserved size: 335544320
Narrow klass base: 0x000001e5d8000000, Narrow klass shift: 0, Narrow klass range: 0x100000000

GC Precious Log:
 CPUs: 4 total, 4 available
 Memory: 8076M
 Large Page Support: Disabled
 NUMA Support: Disabled
 Compressed Oops: Enabled (32-bit)
 Heap Region Size: 1M
 Heap Min Capacity: 256M
 Heap Initial Capacity: 256M
 Heap Max Capacity: 512M
 Pre-touch: Disabled
 Parallel Workers: 4
 Concurrent Workers: 1
 Concurrent Refinement Workers: 4
 Periodic GC: Disabled

Heap:
 garbage-first heap   total 262144K, used 131463K [0x00000000e0000000, 0x0000000100000000)
  region size 1024K, 115 young (117760K), 12 survivors (12288K)
 Metaspace       used 35142K, committed 35584K, reserved 393216K
  class space    used 4876K, committed 5056K, reserved 327680K

Heap Regions: E=young(eden), S=young(survivor), O=old, HS=humongous(starts), HC=humongous(continues), CS=collection set, F=free, OA=open archive, CA=closed archive, TAMS=top-at-mark-start (previous, next)
|   0|0x00000000e0000000, 0x00000000e0100000, 0x00000000e0100000|100%| O|  |TAMS 0x00000000e0100000, 0x00000000e0000000| Untracked 
|   1|0x00000000e0100000, 0x00000000e0200000, 0x00000000e0200000|100%| O|  |TAMS 0x00000000e0200000, 0x00000000e0100000| Untracked 
|   2|0x00000000e0200000, 0x00000000e0300000, 0x00000000e0300000|100%|HS|  |TAMS 0x00000000e0300000, 0x00000000e0200000| Complete 
|   3|0x00000000e0300000, 0x00000000e0400000, 0x00000000e0400000|100%|HC|  |TAMS 0x00000000e0400000, 0x00000000e0300000| Complete 
|   4|0x00000000e0400000, 0x00000000e0500000, 0x00000000e0500000|100%|HC|  |TAMS 0x00000000e0500000, 0x00000000e0400000| Complete 
|   5|0x00000000e0500000, 0x00000000e0600000, 0x00000000e0600000|100%|HC|  |TAMS 0x00000000e0600000, 0x00000000e0500000| Complete 
|   6|0x00000000e0600000, 0x00000000e0700000, 0x00000000e0700000|100%| O|  |TAMS 0x00000000e0700000, 0x00000000e0600000| Untracked 
|   7|0x00000000e0700000, 0x00000000e0800000, 0x00000000e0800000|100%| O|  |TAMS 0x00000000e0800000, 0x00000000e0700000| Untracked 
|   8|0x00000000e0800000, 0x00000000e0900000, 0x00000000e0900000|100%| O|  |TAMS 0x00000000e0900000, 0x00000000e0800000| Untracked 
|   9|0x00000000e0900000, 0x00000000e0a00000, 0x00000000e0a00000|100%| O|  |TAMS 0x00000000e0a00000, 0x00000000e0900000| Untracked 
|  10|0x00000000e0a00000, 0x00000000e0acda00, 0x00000000e0b00000| 80%| O|  |TAMS 0x00000000e0acda00, 0x00000000e0a00000| Untracked 
|  11|0x00000000e0b00000, 0x00000000e0c00000, 0x00000000e0c00000|100%|HS|  |TAMS 0x00000000e0b00000, 0x00000000e0b00000| Complete 
|  12|0x00000000e0c00000, 0x00000000e0d00000, 0x00000000e0d00000|100%|HS|  |TAMS 0x00000000e0c00000, 0x00000000e0c00000| Complete 
|  13|0x00000000e0d00000, 0x00000000e0e00000, 0x00000000e0e00000|100%|HC|  |TAMS 0x00000000e0d00000, 0x00000000e0d00000| Complete 
|  14|0x00000000e0e00000, 0x00000000e0f00000, 0x00000000e0f00000|100%|HS|  |TAMS 0x00000000e0e00000, 0x00000000e0e00000| Complete 
|  15|0x00000000e0f00000, 0x00000000e1000000, 0x00000000e1000000|100%|HC|  |TAMS 0x00000000e0f00000, 0x00000000e0f00000| Complete 
|  16|0x00000000e1000000, 0x00000000e1000000, 0x00000000e1100000|  0%| F|  |TAMS 0x00000000e1000000, 0x00000000e1000000| Untracked 
|  17|0x00000000e1100000, 0x00000000e1100000, 0x00000000e1200000|  0%| F|  |TAMS 0x00000000e1100000, 0x00000000e1100000| Untracked 
|  18|0x00000000e1200000, 0x00000000e1200000, 0x00000000e1300000|  0%| F|  |TAMS 0x00000000e1200000, 0x00000000e1200000| Untracked 
|  19|0x00000000e1300000, 0x00000000e1300000, 0x00000000e1400000|  0%| F|  |TAMS 0x00000000e1300000, 0x00000000e1300000| Untracked 
|  20|0x00000000e1400000, 0x00000000e1400000, 0x00000000e1500000|  0%| F|  |TAMS 0x00000000e1400000, 0x00000000e1400000| Untracked 
|  21|0x00000000e1500000, 0x00000000e1500000, 0x00000000e1600000|  0%| F|  |TAMS 0x00000000e1500000, 0x00000000e1500000| Untracked 
|  22|0x00000000e1600000, 0x00000000e1600000, 0x00000000e1700000|  0%| F|  |TAMS 0x00000000e1600000, 0x00000000e1600000| Untracked 
|  23|0x00000000e1700000, 0x00000000e1700000, 0x00000000e1800000|  0%| F|  |TAMS 0x00000000e1700000, 0x00000000e1700000| Untracked 
|  24|0x00000000e1800000, 0x00000000e1800000, 0x00000000e1900000|  0%| F|  |TAMS 0x00000000e1800000, 0x00000000e1800000| Untracked 
|  25|0x00000000e1900000, 0x00000000e1900000, 0x00000000e1a00000|  0%| F|  |TAMS 0x00000000e1900000, 0x00000000e1900000| Untracked 
|  26|0x00000000e1a00000, 0x00000000e1a00000, 0x00000000e1b00000|  0%| F|  |TAMS 0x00000000e1a00000, 0x00000000e1a00000| Untracked 
|  27|0x00000000e1b00000, 0x00000000e1b00000, 0x00000000e1c00000|  0%| F|  |TAMS 0x00000000e1b00000, 0x00000000e1b00000| Untracked 
|  28|0x00000000e1c00000, 0x00000000e1c00000, 0x00000000e1d00000|  0%| F|  |TAMS 0x00000000e1c00000, 0x00000000e1c00000| Untracked 
|  29|0x00000000e1d00000, 0x00000000e1d00000, 0x00000000e1e00000|  0%| F|  |TAMS 0x00000000e1d00000, 0x00000000e1d00000| Untracked 
|  30|0x00000000e1e00000, 0x00000000e1e00000, 0x00000000e1f00000|  0%| F|  |TAMS 0x00000000e1e00000, 0x00000000e1e00000| Untracked 
|  31|0x00000000e1f00000, 0x00000000e1f00000, 0x00000000e2000000|  0%| F|  |TAMS 0x00000000e1f00000, 0x00000000e1f00000| Untracked 
|  32|0x00000000e2000000, 0x00000000e2000000, 0x00000000e2100000|  0%| F|  |TAMS 0x00000000e2000000, 0x00000000e2000000| Untracked 
|  33|0x00000000e2100000, 0x00000000e2100000, 0x00000000e2200000|  0%| F|  |TAMS 0x00000000e2100000, 0x00000000e2100000| Untracked 
|  34|0x00000000e2200000, 0x00000000e2200000, 0x00000000e2300000|  0%| F|  |TAMS 0x00000000e2200000, 0x00000000e2200000| Untracked 
|  35|0x00000000e2300000, 0x00000000e2300000, 0x00000000e2400000|  0%| F|  |TAMS 0x00000000e2300000, 0x00000000e2300000| Untracked 
|  36|0x00000000e2400000, 0x00000000e2400000, 0x00000000e2500000|  0%| F|  |TAMS 0x00000000e2400000, 0x00000000e2400000| Untracked 
|  37|0x00000000e2500000, 0x00000000e2500000, 0x00000000e2600000|  0%| F|  |TAMS 0x00000000e2500000, 0x00000000e2500000| Untracked 
|  38|0x00000000e2600000, 0x00000000e2600000, 0x00000000e2700000|  0%| F|  |TAMS 0x00000000e2600000, 0x00000000e2600000| Untracked 
|  39|0x00000000e2700000, 0x00000000e2700000, 0x00000000e2800000|  0%| F|  |TAMS 0x00000000e2700000, 0x00000000e2700000| Untracked 
|  40|0x00000000e2800000, 0x00000000e2800000, 0x00000000e2900000|  0%| F|  |TAMS 0x00000000e2800000, 0x00000000e2800000| Untracked 
|  41|0x00000000e2900000, 0x00000000e2900000, 0x00000000e2a00000|  0%| F|  |TAMS 0x00000000e2900000, 0x00000000e2900000| Untracked 
|  42|0x00000000e2a00000, 0x00000000e2a00000, 0x00000000e2b00000|  0%| F|  |TAMS 0x00000000e2a00000, 0x00000000e2a00000| Untracked 
|  43|0x00000000e2b00000, 0x00000000e2b00000, 0x00000000e2c00000|  0%| F|  |TAMS 0x00000000e2b00000, 0x00000000e2b00000| Untracked 
|  44|0x00000000e2c00000, 0x00000000e2c00000, 0x00000000e2d00000|  0%| F|  |TAMS 0x00000000e2c00000, 0x00000000e2c00000| Untracked 
|  45|0x00000000e2d00000, 0x00000000e2d00000, 0x00000000e2e00000|  0%| F|  |TAMS 0x00000000e2d00000, 0x00000000e2d00000| Untracked 
|  46|0x00000000e2e00000, 0x00000000e2e00000, 0x00000000e2f00000|  0%| F|  |TAMS 0x00000000e2e00000, 0x00000000e2e00000| Untracked 
|  47|0x00000000e2f00000, 0x00000000e2f00000, 0x00000000e3000000|  0%| F|  |TAMS 0x00000000e2f00000, 0x00000000e2f00000| Untracked 
|  48|0x00000000e3000000, 0x00000000e3000000, 0x00000000e3100000|  0%| F|  |TAMS 0x00000000e3000000, 0x00000000e3000000| Untracked 
|  49|0x00000000e3100000, 0x00000000e3100000, 0x00000000e3200000|  0%| F|  |TAMS 0x00000000e3100000, 0x00000000e3100000| Untracked 
|  50|0x00000000e3200000, 0x00000000e3200000, 0x00000000e3300000|  0%| F|  |TAMS 0x00000000e3200000, 0x00000000e3200000| Untracked 
|  51|0x00000000e3300000, 0x00000000e3300000, 0x00000000e3400000|  0%| F|  |TAMS 0x00000000e3300000, 0x00000000e3300000| Untracked 
|  52|0x00000000e3400000, 0x00000000e3400000, 0x00000000e3500000|  0%| F|  |TAMS 0x00000000e3400000, 0x00000000e3400000| Untracked 
|  53|0x00000000e3500000, 0x00000000e3500000, 0x00000000e3600000|  0%| F|  |TAMS 0x00000000e3500000, 0x00000000e3500000| Untracked 
|  54|0x00000000e3600000, 0x00000000e3600000, 0x00000000e3700000|  0%| F|  |TAMS 0x00000000e3600000, 0x00000000e3600000| Untracked 
|  55|0x00000000e3700000, 0x00000000e3700000, 0x00000000e3800000|  0%| F|  |TAMS 0x00000000e3700000, 0x00000000e3700000| Untracked 
|  56|0x00000000e3800000, 0x00000000e3800000, 0x00000000e3900000|  0%| F|  |TAMS 0x00000000e3800000, 0x00000000e3800000| Untracked 
|  57|0x00000000e3900000, 0x00000000e3900000, 0x00000000e3a00000|  0%| F|  |TAMS 0x00000000e3900000, 0x00000000e3900000| Untracked 
|  58|0x00000000e3a00000, 0x00000000e3a00000, 0x00000000e3b00000|  0%| F|  |TAMS 0x00000000e3a00000, 0x00000000e3a00000| Untracked 
|  59|0x00000000e3b00000, 0x00000000e3b00000, 0x00000000e3c00000|  0%| F|  |TAMS 0x00000000e3b00000, 0x00000000e3b00000| Untracked 
|  60|0x00000000e3c00000, 0x00000000e3c00000, 0x00000000e3d00000|  0%| F|  |TAMS 0x00000000e3c00000, 0x00000000e3c00000| Untracked 
|  61|0x00000000e3d00000, 0x00000000e3d00000, 0x00000000e3e00000|  0%| F|  |TAMS 0x00000000e3d00000, 0x00000000e3d00000| Untracked 
|  62|0x00000000e3e00000, 0x00000000e3e00000, 0x00000000e3f00000|  0%| F|  |TAMS 0x00000000e3e00000, 0x00000000e3e00000| Untracked 
|  63|0x00000000e3f00000, 0x00000000e3f00000, 0x00000000e4000000|  0%| F|  |TAMS 0x00000000e3f00000, 0x00000000e3f00000| Untracked 
|  64|0x00000000e4000000, 0x00000000e4000000, 0x00000000e4100000|  0%| F|  |TAMS 0x00000000e4000000, 0x00000000e4000000| Untracked 
|  65|0x00000000e4100000, 0x00000000e4100000, 0x00000000e4200000|  0%| F|  |TAMS 0x00000000e4100000, 0x00000000e4100000| Untracked 
|  66|0x00000000e4200000, 0x00000000e4200000, 0x00000000e4300000|  0%| F|  |TAMS 0x00000000e4200000, 0x00000000e4200000| Untracked 
|  67|0x00000000e4300000, 0x00000000e4300000, 0x00000000e4400000|  0%| F|  |TAMS 0x00000000e4300000, 0x00000000e4300000| Untracked 
|  68|0x00000000e4400000, 0x00000000e4400000, 0x00000000e4500000|  0%| F|  |TAMS 0x00000000e4400000, 0x00000000e4400000| Untracked 
|  69|0x00000000e4500000, 0x00000000e4500000, 0x00000000e4600000|  0%| F|  |TAMS 0x00000000e4500000, 0x00000000e4500000| Untracked 
|  70|0x00000000e4600000, 0x00000000e4600000, 0x00000000e4700000|  0%| F|  |TAMS 0x00000000e4600000, 0x00000000e4600000| Untracked 
|  71|0x00000000e4700000, 0x00000000e4700000, 0x00000000e4800000|  0%| F|  |TAMS 0x00000000e4700000, 0x00000000e4700000| Untracked 
|  72|0x00000000e4800000, 0x00000000e4800000, 0x00000000e4900000|  0%| F|  |TAMS 0x00000000e4800000, 0x00000000e4800000| Untracked 
|  73|0x00000000e4900000, 0x00000000e4900000, 0x00000000e4a00000|  0%| F|  |TAMS 0x00000000e4900000, 0x00000000e4900000| Untracked 
|  74|0x00000000e4a00000, 0x00000000e4a00000, 0x00000000e4b00000|  0%| F|  |TAMS 0x00000000e4a00000, 0x00000000e4a00000| Untracked 
|  75|0x00000000e4b00000, 0x00000000e4b00000, 0x00000000e4c00000|  0%| F|  |TAMS 0x00000000e4b00000, 0x00000000e4b00000| Untracked 
|  76|0x00000000e4c00000, 0x00000000e4c00000, 0x00000000e4d00000|  0%| F|  |TAMS 0x00000000e4c00000, 0x00000000e4c00000| Untracked 
|  77|0x00000000e4d00000, 0x00000000e4d00000, 0x00000000e4e00000|  0%| F|  |TAMS 0x00000000e4d00000, 0x00000000e4d00000| Untracked 
|  78|0x00000000e4e00000, 0x00000000e4e00000, 0x00000000e4f00000|  0%| F|  |TAMS 0x00000000e4e00000, 0x00000000e4e00000| Untracked 
|  79|0x00000000e4f00000, 0x00000000e4f00000, 0x00000000e5000000|  0%| F|  |TAMS 0x00000000e4f00000, 0x00000000e4f00000| Untracked 
|  80|0x00000000e5000000, 0x00000000e5000000, 0x00000000e5100000|  0%| F|  |TAMS 0x00000000e5000000, 0x00000000e5000000| Untracked 
|  81|0x00000000e5100000, 0x00000000e5100000, 0x00000000e5200000|  0%| F|  |TAMS 0x00000000e5100000, 0x00000000e5100000| Untracked 
|  82|0x00000000e5200000, 0x00000000e5200000, 0x00000000e5300000|  0%| F|  |TAMS 0x00000000e5200000, 0x00000000e5200000| Untracked 
|  83|0x00000000e5300000, 0x00000000e5300000, 0x00000000e5400000|  0%| F|  |TAMS 0x00000000e5300000, 0x00000000e5300000| Untracked 
|  84|0x00000000e5400000, 0x00000000e5400000, 0x00000000e5500000|  0%| F|  |TAMS 0x00000000e5400000, 0x00000000e5400000| Untracked 
|  85|0x00000000e5500000, 0x00000000e5500000, 0x00000000e5600000|  0%| F|  |TAMS 0x00000000e5500000, 0x00000000e5500000| Untracked 
|  86|0x00000000e5600000, 0x00000000e5600000, 0x00000000e5700000|  0%| F|  |TAMS 0x00000000e5600000, 0x00000000e5600000| Untracked 
|  87|0x00000000e5700000, 0x00000000e5700000, 0x00000000e5800000|  0%| F|  |TAMS 0x00000000e5700000, 0x00000000e5700000| Untracked 
|  88|0x00000000e5800000, 0x00000000e5800000, 0x00000000e5900000|  0%| F|  |TAMS 0x00000000e5800000, 0x00000000e5800000| Untracked 
|  89|0x00000000e5900000, 0x00000000e5900000, 0x00000000e5a00000|  0%| F|  |TAMS 0x00000000e5900000, 0x00000000e5900000| Untracked 
|  90|0x00000000e5a00000, 0x00000000e5a00000, 0x00000000e5b00000|  0%| F|  |TAMS 0x00000000e5a00000, 0x00000000e5a00000| Untracked 
|  91|0x00000000e5b00000, 0x00000000e5b00000, 0x00000000e5c00000|  0%| F|  |TAMS 0x00000000e5b00000, 0x00000000e5b00000| Untracked 
|  92|0x00000000e5c00000, 0x00000000e5c00000, 0x00000000e5d00000|  0%| F|  |TAMS 0x00000000e5c00000, 0x00000000e5c00000| Untracked 
|  93|0x00000000e5d00000, 0x00000000e5d00000, 0x00000000e5e00000|  0%| F|  |TAMS 0x00000000e5d00000, 0x00000000e5d00000| Untracked 
|  94|0x00000000e5e00000, 0x00000000e5e00000, 0x00000000e5f00000|  0%| F|  |TAMS 0x00000000e5e00000, 0x00000000e5e00000| Untracked 
|  95|0x00000000e5f00000, 0x00000000e5f00000, 0x00000000e6000000|  0%| F|  |TAMS 0x00000000e5f00000, 0x00000000e5f00000| Untracked 
|  96|0x00000000e6000000, 0x00000000e6000000, 0x00000000e6100000|  0%| F|  |TAMS 0x00000000e6000000, 0x00000000e6000000| Untracked 
|  97|0x00000000e6100000, 0x00000000e6100000, 0x00000000e6200000|  0%| F|  |TAMS 0x00000000e6100000, 0x00000000e6100000| Untracked 
|  98|0x00000000e6200000, 0x00000000e6200000, 0x00000000e6300000|  0%| F|  |TAMS 0x00000000e6200000, 0x00000000e6200000| Untracked 
|  99|0x00000000e6300000, 0x00000000e6300000, 0x00000000e6400000|  0%| F|  |TAMS 0x00000000e6300000, 0x00000000e6300000| Untracked 
| 100|0x00000000e6400000, 0x00000000e6400000, 0x00000000e6500000|  0%| F|  |TAMS 0x00000000e6400000, 0x00000000e6400000| Untracked 
| 101|0x00000000e6500000, 0x00000000e6500000, 0x00000000e6600000|  0%| F|  |TAMS 0x00000000e6500000, 0x00000000e6500000| Untracked 
| 102|0x00000000e6600000, 0x00000000e6600000, 0x00000000e6700000|  0%| F|  |TAMS 0x00000000e6600000, 0x00000000e6600000| Untracked 
| 103|0x00000000e6700000, 0x00000000e6700000, 0x00000000e6800000|  0%| F|  |TAMS 0x00000000e6700000, 0x00000000e6700000| Untracked 
| 104|0x00000000e6800000, 0x00000000e6800000, 0x00000000e6900000|  0%| F|  |TAMS 0x00000000e6800000, 0x00000000e6800000| Untracked 
| 105|0x00000000e6900000, 0x00000000e6900000, 0x00000000e6a00000|  0%| F|  |TAMS 0x00000000e6900000, 0x00000000e6900000| Untracked 
| 106|0x00000000e6a00000, 0x00000000e6a00000, 0x00000000e6b00000|  0%| F|  |TAMS 0x00000000e6a00000, 0x00000000e6a00000| Untracked 
| 107|0x00000000e6b00000, 0x00000000e6b00000, 0x00000000e6c00000|  0%| F|  |TAMS 0x00000000e6b00000, 0x00000000e6b00000| Untracked 
| 108|0x00000000e6c00000, 0x00000000e6c00000, 0x00000000e6d00000|  0%| F|  |TAMS 0x00000000e6c00000, 0x00000000e6c00000| Untracked 
| 109|0x00000000e6d00000, 0x00000000e6d00000, 0x00000000e6e00000|  0%| F|  |TAMS 0x00000000e6d00000, 0x00000000e6d00000| Untracked 
| 110|0x00000000e6e00000, 0x00000000e6e00000, 0x00000000e6f00000|  0%| F|  |TAMS 0x00000000e6e00000, 0x00000000e6e00000| Untracked 
| 111|0x00000000e6f00000, 0x00000000e6f00000, 0x00000000e7000000|  0%| F|  |TAMS 0x00000000e6f00000, 0x00000000e6f00000| Untracked 
| 112|0x00000000e7000000, 0x00000000e7000000, 0x00000000e7100000|  0%| F|  |TAMS 0x00000000e7000000, 0x00000000e7000000| Untracked 
| 113|0x00000000e7100000, 0x00000000e7100000, 0x00000000e7200000|  0%| F|  |TAMS 0x00000000e7100000, 0x00000000e7100000| Untracked 
| 114|0x00000000e7200000, 0x00000000e7200000, 0x00000000e7300000|  0%| F|  |TAMS 0x00000000e7200000, 0x00000000e7200000| Untracked 
| 115|0x00000000e7300000, 0x00000000e7300000, 0x00000000e7400000|  0%| F|  |TAMS 0x00000000e7300000, 0x00000000e7300000| Untracked 
| 116|0x00000000e7400000, 0x00000000e7400000, 0x00000000e7500000|  0%| F|  |TAMS 0x00000000e7400000, 0x00000000e7400000| Untracked 
| 117|0x00000000e7500000, 0x00000000e7500000, 0x00000000e7600000|  0%| F|  |TAMS 0x00000000e7500000, 0x00000000e7500000| Untracked 
| 118|0x00000000e7600000, 0x00000000e7600000, 0x00000000e7700000|  0%| F|  |TAMS 0x00000000e7600000, 0x00000000e7600000| Untracked 
| 119|0x00000000e7700000, 0x00000000e7700000, 0x00000000e7800000|  0%| F|  |TAMS 0x00000000e7700000, 0x00000000e7700000| Untracked 
| 120|0x00000000e7800000, 0x00000000e7800000, 0x00000000e7900000|  0%| F|  |TAMS 0x00000000e7800000, 0x00000000e7800000| Untracked 
| 121|0x00000000e7900000, 0x00000000e7900000, 0x00000000e7a00000|  0%| F|  |TAMS 0x00000000e7900000, 0x00000000e7900000| Untracked 
| 122|0x00000000e7a00000, 0x00000000e7a00000, 0x00000000e7b00000|  0%| F|  |TAMS 0x00000000e7a00000, 0x00000000e7a00000| Untracked 
| 123|0x00000000e7b00000, 0x00000000e7b00000, 0x00000000e7c00000|  0%| F|  |TAMS 0x00000000e7b00000, 0x00000000e7b00000| Untracked 
| 124|0x00000000e7c00000, 0x00000000e7c00000, 0x00000000e7d00000|  0%| F|  |TAMS 0x00000000e7c00000, 0x00000000e7c00000| Untracked 
| 125|0x00000000e7d00000, 0x00000000e7d00000, 0x00000000e7e00000|  0%| F|  |TAMS 0x00000000e7d00000, 0x00000000e7d00000| Untracked 
| 126|0x00000000e7e00000, 0x00000000e7e00000, 0x00000000e7f00000|  0%| F|  |TAMS 0x00000000e7e00000, 0x00000000e7e00000| Untracked 
| 127|0x00000000e7f00000, 0x00000000e7f00000, 0x00000000e8000000|  0%| F|  |TAMS 0x00000000e7f00000, 0x00000000e7f00000| Untracked 
| 128|0x00000000e8000000, 0x00000000e80943e8, 0x00000000e8100000| 57%| S|CS|TAMS 0x00000000e8000000, 0x00000000e8000000| Complete 
| 129|0x00000000e8100000, 0x00000000e8200000, 0x00000000e8200000|100%| S|CS|TAMS 0x00000000e8100000, 0x00000000e8100000| Complete 
| 130|0x00000000e8200000, 0x00000000e8300000, 0x00000000e8300000|100%| S|CS|TAMS 0x00000000e8200000, 0x00000000e8200000| Complete 
| 131|0x00000000e8300000, 0x00000000e8400000, 0x00000000e8400000|100%| S|CS|TAMS 0x00000000e8300000, 0x00000000e8300000| Complete 
| 132|0x00000000e8400000, 0x00000000e8500000, 0x00000000e8500000|100%| S|CS|TAMS 0x00000000e8400000, 0x00000000e8400000| Complete 
| 133|0x00000000e8500000, 0x00000000e8600000, 0x00000000e8600000|100%| S|CS|TAMS 0x00000000e8500000, 0x00000000e8500000| Complete 
| 134|0x00000000e8600000, 0x00000000e8700000, 0x00000000e8700000|100%| S|CS|TAMS 0x00000000e8600000, 0x00000000e8600000| Complete 
| 135|0x00000000e8700000, 0x00000000e8800000, 0x00000000e8800000|100%| S|CS|TAMS 0x00000000e8700000, 0x00000000e8700000| Complete 
| 136|0x00000000e8800000, 0x00000000e8900000, 0x00000000e8900000|100%| S|CS|TAMS 0x00000000e8800000, 0x00000000e8800000| Complete 
| 137|0x00000000e8900000, 0x00000000e8a00000, 0x00000000e8a00000|100%| S|CS|TAMS 0x00000000e8900000, 0x00000000e8900000| Complete 
| 138|0x00000000e8a00000, 0x00000000e8b00000, 0x00000000e8b00000|100%| S|CS|TAMS 0x00000000e8a00000, 0x00000000e8a00000| Complete 
| 139|0x00000000e8b00000, 0x00000000e8c00000, 0x00000000e8c00000|100%| S|CS|TAMS 0x00000000e8b00000, 0x00000000e8b00000| Complete 
| 140|0x00000000e8c00000, 0x00000000e8c00000, 0x00000000e8d00000|  0%| F|  |TAMS 0x00000000e8c00000, 0x00000000e8c00000| Untracked 
| 141|0x00000000e8d00000, 0x00000000e8d00000, 0x00000000e8e00000|  0%| F|  |TAMS 0x00000000e8d00000, 0x00000000e8d00000| Untracked 
| 142|0x00000000e8e00000, 0x00000000e8e00000, 0x00000000e8f00000|  0%| F|  |TAMS 0x00000000e8e00000, 0x00000000e8e00000| Untracked 
| 143|0x00000000e8f00000, 0x00000000e8f00000, 0x00000000e9000000|  0%| F|  |TAMS 0x00000000e8f00000, 0x00000000e8f00000| Untracked 
| 144|0x00000000e9000000, 0x00000000e9000000, 0x00000000e9100000|  0%| F|  |TAMS 0x00000000e9000000, 0x00000000e9000000| Untracked 
| 145|0x00000000e9100000, 0x00000000e9100000, 0x00000000e9200000|  0%| F|  |TAMS 0x00000000e9100000, 0x00000000e9100000| Untracked 
| 146|0x00000000e9200000, 0x00000000e9200000, 0x00000000e9300000|  0%| F|  |TAMS 0x00000000e9200000, 0x00000000e9200000| Untracked 
| 147|0x00000000e9300000, 0x00000000e9300000, 0x00000000e9400000|  0%| F|  |TAMS 0x00000000e9300000, 0x00000000e9300000| Untracked 
| 148|0x00000000e9400000, 0x00000000e9400000, 0x00000000e9500000|  0%| F|  |TAMS 0x00000000e9400000, 0x00000000e9400000| Untracked 
| 149|0x00000000e9500000, 0x00000000e9500000, 0x00000000e9600000|  0%| F|  |TAMS 0x00000000e9500000, 0x00000000e9500000| Untracked 
| 150|0x00000000e9600000, 0x00000000e9600000, 0x00000000e9700000|  0%| F|  |TAMS 0x00000000e9600000, 0x00000000e9600000| Untracked 
| 151|0x00000000e9700000, 0x00000000e9700000, 0x00000000e9800000|  0%| F|  |TAMS 0x00000000e9700000, 0x00000000e9700000| Untracked 
| 152|0x00000000e9800000, 0x00000000e9800000, 0x00000000e9900000|  0%| F|  |TAMS 0x00000000e9800000, 0x00000000e9800000| Untracked 
| 153|0x00000000e9900000, 0x00000000e9980800, 0x00000000e9a00000| 50%| E|  |TAMS 0x00000000e9900000, 0x00000000e9900000| Complete 
| 154|0x00000000e9a00000, 0x00000000e9b00000, 0x00000000e9b00000|100%| E|CS|TAMS 0x00000000e9a00000, 0x00000000e9a00000| Complete 
| 155|0x00000000e9b00000, 0x00000000e9c00000, 0x00000000e9c00000|100%| E|CS|TAMS 0x00000000e9b00000, 0x00000000e9b00000| Complete 
| 156|0x00000000e9c00000, 0x00000000e9d00000, 0x00000000e9d00000|100%| E|CS|TAMS 0x00000000e9c00000, 0x00000000e9c00000| Complete 
| 157|0x00000000e9d00000, 0x00000000e9e00000, 0x00000000e9e00000|100%| E|CS|TAMS 0x00000000e9d00000, 0x00000000e9d00000| Complete 
| 158|0x00000000e9e00000, 0x00000000e9f00000, 0x00000000e9f00000|100%| E|CS|TAMS 0x00000000e9e00000, 0x00000000e9e00000| Complete 
| 159|0x00000000e9f00000, 0x00000000ea000000, 0x00000000ea000000|100%| E|CS|TAMS 0x00000000e9f00000, 0x00000000e9f00000| Complete 
| 160|0x00000000ea000000, 0x00000000ea100000, 0x00000000ea100000|100%| E|CS|TAMS 0x00000000ea000000, 0x00000000ea000000| Complete 
| 161|0x00000000ea100000, 0x00000000ea200000, 0x00000000ea200000|100%| E|CS|TAMS 0x00000000ea100000, 0x00000000ea100000| Complete 
| 162|0x00000000ea200000, 0x00000000ea300000, 0x00000000ea300000|100%| E|CS|TAMS 0x00000000ea200000, 0x00000000ea200000| Complete 
| 163|0x00000000ea300000, 0x00000000ea400000, 0x00000000ea400000|100%| E|CS|TAMS 0x00000000ea300000, 0x00000000ea300000| Complete 
| 164|0x00000000ea400000, 0x00000000ea500000, 0x00000000ea500000|100%| E|CS|TAMS 0x00000000ea400000, 0x00000000ea400000| Complete 
| 165|0x00000000ea500000, 0x00000000ea600000, 0x00000000ea600000|100%| E|CS|TAMS 0x00000000ea500000, 0x00000000ea500000| Complete 
| 166|0x00000000ea600000, 0x00000000ea700000, 0x00000000ea700000|100%| E|CS|TAMS 0x00000000ea600000, 0x00000000ea600000| Complete 
| 167|0x00000000ea700000, 0x00000000ea800000, 0x00000000ea800000|100%| E|  |TAMS 0x00000000ea700000, 0x00000000ea700000| Complete 
| 168|0x00000000ea800000, 0x00000000ea900000, 0x00000000ea900000|100%| E|CS|TAMS 0x00000000ea800000, 0x00000000ea800000| Complete 
| 169|0x00000000ea900000, 0x00000000eaa00000, 0x00000000eaa00000|100%| E|CS|TAMS 0x00000000ea900000, 0x00000000ea900000| Complete 
| 170|0x00000000eaa00000, 0x00000000eab00000, 0x00000000eab00000|100%| E|CS|TAMS 0x00000000eaa00000, 0x00000000eaa00000| Complete 
| 171|0x00000000eab00000, 0x00000000eac00000, 0x00000000eac00000|100%| E|CS|TAMS 0x00000000eab00000, 0x00000000eab00000| Complete 
| 172|0x00000000eac00000, 0x00000000ead00000, 0x00000000ead00000|100%| E|CS|TAMS 0x00000000eac00000, 0x00000000eac00000| Complete 
| 173|0x00000000ead00000, 0x00000000eae00000, 0x00000000eae00000|100%| E|CS|TAMS 0x00000000ead00000, 0x00000000ead00000| Complete 
| 174|0x00000000eae00000, 0x00000000eaf00000, 0x00000000eaf00000|100%| E|CS|TAMS 0x00000000eae00000, 0x00000000eae00000| Complete 
| 175|0x00000000eaf00000, 0x00000000eb000000, 0x00000000eb000000|100%| E|CS|TAMS 0x00000000eaf00000, 0x00000000eaf00000| Complete 
| 176|0x00000000eb000000, 0x00000000eb100000, 0x00000000eb100000|100%| E|CS|TAMS 0x00000000eb000000, 0x00000000eb000000| Complete 
| 177|0x00000000eb100000, 0x00000000eb200000, 0x00000000eb200000|100%| E|CS|TAMS 0x00000000eb100000, 0x00000000eb100000| Complete 
| 178|0x00000000eb200000, 0x00000000eb300000, 0x00000000eb300000|100%| E|CS|TAMS 0x00000000eb200000, 0x00000000eb200000| Complete 
| 179|0x00000000eb300000, 0x00000000eb400000, 0x00000000eb400000|100%| E|CS|TAMS 0x00000000eb300000, 0x00000000eb300000| Complete 
| 180|0x00000000eb400000, 0x00000000eb500000, 0x00000000eb500000|100%| E|CS|TAMS 0x00000000eb400000, 0x00000000eb400000| Complete 
| 181|0x00000000eb500000, 0x00000000eb600000, 0x00000000eb600000|100%| E|CS|TAMS 0x00000000eb500000, 0x00000000eb500000| Complete 
| 182|0x00000000eb600000, 0x00000000eb700000, 0x00000000eb700000|100%| E|CS|TAMS 0x00000000eb600000, 0x00000000eb600000| Complete 
| 183|0x00000000eb700000, 0x00000000eb800000, 0x00000000eb800000|100%| E|CS|TAMS 0x00000000eb700000, 0x00000000eb700000| Complete 
| 184|0x00000000eb800000, 0x00000000eb900000, 0x00000000eb900000|100%| E|CS|TAMS 0x00000000eb800000, 0x00000000eb800000| Complete 
| 185|0x00000000eb900000, 0x00000000eba00000, 0x00000000eba00000|100%| E|CS|TAMS 0x00000000eb900000, 0x00000000eb900000| Complete 
| 186|0x00000000eba00000, 0x00000000ebb00000, 0x00000000ebb00000|100%| E|CS|TAMS 0x00000000eba00000, 0x00000000eba00000| Complete 
| 187|0x00000000ebb00000, 0x00000000ebc00000, 0x00000000ebc00000|100%| E|CS|TAMS 0x00000000ebb00000, 0x00000000ebb00000| Complete 
| 188|0x00000000ebc00000, 0x00000000ebd00000, 0x00000000ebd00000|100%| E|CS|TAMS 0x00000000ebc00000, 0x00000000ebc00000| Complete 
| 189|0x00000000ebd00000, 0x00000000ebe00000, 0x00000000ebe00000|100%| E|CS|TAMS 0x00000000ebd00000, 0x00000000ebd00000| Complete 
| 190|0x00000000ebe00000, 0x00000000ebf00000, 0x00000000ebf00000|100%| E|CS|TAMS 0x00000000ebe00000, 0x00000000ebe00000| Complete 
| 191|0x00000000ebf00000, 0x00000000ec000000, 0x00000000ec000000|100%| E|CS|TAMS 0x00000000ebf00000, 0x00000000ebf00000| Complete 
| 192|0x00000000ec000000, 0x00000000ec100000, 0x00000000ec100000|100%| E|CS|TAMS 0x00000000ec000000, 0x00000000ec000000| Complete 
| 193|0x00000000ec100000, 0x00000000ec200000, 0x00000000ec200000|100%| E|CS|TAMS 0x00000000ec100000, 0x00000000ec100000| Complete 
| 194|0x00000000ec200000, 0x00000000ec300000, 0x00000000ec300000|100%| E|CS|TAMS 0x00000000ec200000, 0x00000000ec200000| Complete 
| 195|0x00000000ec300000, 0x00000000ec400000, 0x00000000ec400000|100%| E|CS|TAMS 0x00000000ec300000, 0x00000000ec300000| Complete 
| 196|0x00000000ec400000, 0x00000000ec500000, 0x00000000ec500000|100%| E|CS|TAMS 0x00000000ec400000, 0x00000000ec400000| Complete 
| 197|0x00000000ec500000, 0x00000000ec600000, 0x00000000ec600000|100%| E|CS|TAMS 0x00000000ec500000, 0x00000000ec500000| Complete 
| 198|0x00000000ec600000, 0x00000000ec700000, 0x00000000ec700000|100%| E|CS|TAMS 0x00000000ec600000, 0x00000000ec600000| Complete 
| 199|0x00000000ec700000, 0x00000000ec800000, 0x00000000ec800000|100%| E|CS|TAMS 0x00000000ec700000, 0x00000000ec700000| Complete 
| 200|0x00000000ec800000, 0x00000000ec900000, 0x00000000ec900000|100%| E|CS|TAMS 0x00000000ec800000, 0x00000000ec800000| Complete 
| 201|0x00000000ec900000, 0x00000000eca00000, 0x00000000eca00000|100%| E|CS|TAMS 0x00000000ec900000, 0x00000000ec900000| Complete 
| 202|0x00000000eca00000, 0x00000000ecb00000, 0x00000000ecb00000|100%| E|CS|TAMS 0x00000000eca00000, 0x00000000eca00000| Complete 
| 203|0x00000000ecb00000, 0x00000000ecc00000, 0x00000000ecc00000|100%| E|CS|TAMS 0x00000000ecb00000, 0x00000000ecb00000| Complete 
| 204|0x00000000ecc00000, 0x00000000ecd00000, 0x00000000ecd00000|100%| E|CS|TAMS 0x00000000ecc00000, 0x00000000ecc00000| Complete 
| 205|0x00000000ecd00000, 0x00000000ece00000, 0x00000000ece00000|100%| E|CS|TAMS 0x00000000ecd00000, 0x00000000ecd00000| Complete 
| 206|0x00000000ece00000, 0x00000000ecf00000, 0x00000000ecf00000|100%| E|CS|TAMS 0x00000000ece00000, 0x00000000ece00000| Complete 
| 207|0x00000000ecf00000, 0x00000000ed000000, 0x00000000ed000000|100%| E|CS|TAMS 0x00000000ecf00000, 0x00000000ecf00000| Complete 
| 208|0x00000000ed000000, 0x00000000ed100000, 0x00000000ed100000|100%| E|CS|TAMS 0x00000000ed000000, 0x00000000ed000000| Complete 
| 209|0x00000000ed100000, 0x00000000ed200000, 0x00000000ed200000|100%| E|CS|TAMS 0x00000000ed100000, 0x00000000ed100000| Complete 
| 210|0x00000000ed200000, 0x00000000ed300000, 0x00000000ed300000|100%| E|CS|TAMS 0x00000000ed200000, 0x00000000ed200000| Complete 
| 211|0x00000000ed300000, 0x00000000ed400000, 0x00000000ed400000|100%| E|CS|TAMS 0x00000000ed300000, 0x00000000ed300000| Complete 
| 212|0x00000000ed400000, 0x00000000ed500000, 0x00000000ed500000|100%| E|CS|TAMS 0x00000000ed400000, 0x00000000ed400000| Complete 
| 213|0x00000000ed500000, 0x00000000ed600000, 0x00000000ed600000|100%| E|CS|TAMS 0x00000000ed500000, 0x00000000ed500000| Complete 
| 214|0x00000000ed600000, 0x00000000ed700000, 0x00000000ed700000|100%| E|CS|TAMS 0x00000000ed600000, 0x00000000ed600000| Complete 
| 215|0x00000000ed700000, 0x00000000ed800000, 0x00000000ed800000|100%| E|CS|TAMS 0x00000000ed700000, 0x00000000ed700000| Complete 
| 216|0x00000000ed800000, 0x00000000ed900000, 0x00000000ed900000|100%| E|CS|TAMS 0x00000000ed800000, 0x00000000ed800000| Complete 
| 217|0x00000000ed900000, 0x00000000eda00000, 0x00000000eda00000|100%| E|CS|TAMS 0x00000000ed900000, 0x00000000ed900000| Complete 
| 218|0x00000000eda00000, 0x00000000edb00000, 0x00000000edb00000|100%| E|CS|TAMS 0x00000000eda00000, 0x00000000eda00000| Complete 
| 219|0x00000000edb00000, 0x00000000edc00000, 0x00000000edc00000|100%| E|CS|TAMS 0x00000000edb00000, 0x00000000edb00000| Complete 
| 220|0x00000000edc00000, 0x00000000edd00000, 0x00000000edd00000|100%| E|CS|TAMS 0x00000000edc00000, 0x00000000edc00000| Complete 
| 221|0x00000000edd00000, 0x00000000ede00000, 0x00000000ede00000|100%| E|CS|TAMS 0x00000000edd00000, 0x00000000edd00000| Complete 
| 222|0x00000000ede00000, 0x00000000edf00000, 0x00000000edf00000|100%| E|CS|TAMS 0x00000000ede00000, 0x00000000ede00000| Complete 
| 223|0x00000000edf00000, 0x00000000ee000000, 0x00000000ee000000|100%| E|CS|TAMS 0x00000000edf00000, 0x00000000edf00000| Complete 
| 224|0x00000000ee000000, 0x00000000ee100000, 0x00000000ee100000|100%| E|CS|TAMS 0x00000000ee000000, 0x00000000ee000000| Complete 
| 225|0x00000000ee100000, 0x00000000ee200000, 0x00000000ee200000|100%| E|CS|TAMS 0x00000000ee100000, 0x00000000ee100000| Complete 
| 226|0x00000000ee200000, 0x00000000ee300000, 0x00000000ee300000|100%| E|CS|TAMS 0x00000000ee200000, 0x00000000ee200000| Complete 
| 227|0x00000000ee300000, 0x00000000ee400000, 0x00000000ee400000|100%| E|CS|TAMS 0x00000000ee300000, 0x00000000ee300000| Complete 
| 228|0x00000000ee400000, 0x00000000ee500000, 0x00000000ee500000|100%| E|CS|TAMS 0x00000000ee400000, 0x00000000ee400000| Complete 
| 229|0x00000000ee500000, 0x00000000ee600000, 0x00000000ee600000|100%| E|CS|TAMS 0x00000000ee500000, 0x00000000ee500000| Complete 
| 230|0x00000000ee600000, 0x00000000ee700000, 0x00000000ee700000|100%| E|CS|TAMS 0x00000000ee600000, 0x00000000ee600000| Complete 
| 231|0x00000000ee700000, 0x00000000ee800000, 0x00000000ee800000|100%| E|CS|TAMS 0x00000000ee700000, 0x00000000ee700000| Complete 
| 232|0x00000000ee800000, 0x00000000ee900000, 0x00000000ee900000|100%| E|CS|TAMS 0x00000000ee800000, 0x00000000ee800000| Complete 
| 233|0x00000000ee900000, 0x00000000eea00000, 0x00000000eea00000|100%| E|CS|TAMS 0x00000000ee900000, 0x00000000ee900000| Complete 
| 234|0x00000000eea00000, 0x00000000eeb00000, 0x00000000eeb00000|100%| E|CS|TAMS 0x00000000eea00000, 0x00000000eea00000| Complete 
| 235|0x00000000eeb00000, 0x00000000eec00000, 0x00000000eec00000|100%| E|CS|TAMS 0x00000000eeb00000, 0x00000000eeb00000| Complete 
| 236|0x00000000eec00000, 0x00000000eed00000, 0x00000000eed00000|100%| E|CS|TAMS 0x00000000eec00000, 0x00000000eec00000| Complete 
| 237|0x00000000eed00000, 0x00000000eee00000, 0x00000000eee00000|100%| E|CS|TAMS 0x00000000eed00000, 0x00000000eed00000| Complete 
| 238|0x00000000eee00000, 0x00000000eef00000, 0x00000000eef00000|100%| E|CS|TAMS 0x00000000eee00000, 0x00000000eee00000| Complete 
| 239|0x00000000eef00000, 0x00000000ef000000, 0x00000000ef000000|100%| E|CS|TAMS 0x00000000eef00000, 0x00000000eef00000| Complete 
| 240|0x00000000ef000000, 0x00000000ef100000, 0x00000000ef100000|100%| E|CS|TAMS 0x00000000ef000000, 0x00000000ef000000| Complete 
| 241|0x00000000ef100000, 0x00000000ef200000, 0x00000000ef200000|100%| E|CS|TAMS 0x00000000ef100000, 0x00000000ef100000| Complete 
| 242|0x00000000ef200000, 0x00000000ef300000, 0x00000000ef300000|100%| E|CS|TAMS 0x00000000ef200000, 0x00000000ef200000| Complete 
| 243|0x00000000ef300000, 0x00000000ef400000, 0x00000000ef400000|100%| E|CS|TAMS 0x00000000ef300000, 0x00000000ef300000| Complete 
| 244|0x00000000ef400000, 0x00000000ef500000, 0x00000000ef500000|100%| E|CS|TAMS 0x00000000ef400000, 0x00000000ef400000| Complete 
| 245|0x00000000ef500000, 0x00000000ef600000, 0x00000000ef600000|100%| E|CS|TAMS 0x00000000ef500000, 0x00000000ef500000| Complete 
| 246|0x00000000ef600000, 0x00000000ef700000, 0x00000000ef700000|100%| E|CS|TAMS 0x00000000ef600000, 0x00000000ef600000| Complete 
| 247|0x00000000ef700000, 0x00000000ef800000, 0x00000000ef800000|100%| E|CS|TAMS 0x00000000ef700000, 0x00000000ef700000| Complete 
| 248|0x00000000ef800000, 0x00000000ef900000, 0x00000000ef900000|100%| E|CS|TAMS 0x00000000ef800000, 0x00000000ef800000| Complete 
| 249|0x00000000ef900000, 0x00000000efa00000, 0x00000000efa00000|100%| E|CS|TAMS 0x00000000ef900000, 0x00000000ef900000| Complete 
| 250|0x00000000efa00000, 0x00000000efb00000, 0x00000000efb00000|100%| E|CS|TAMS 0x00000000efa00000, 0x00000000efa00000| Complete 
| 251|0x00000000efb00000, 0x00000000efc00000, 0x00000000efc00000|100%| E|CS|TAMS 0x00000000efb00000, 0x00000000efb00000| Complete 
| 252|0x00000000efc00000, 0x00000000efd00000, 0x00000000efd00000|100%| E|CS|TAMS 0x00000000efc00000, 0x00000000efc00000| Complete 
| 253|0x00000000efd00000, 0x00000000efe00000, 0x00000000efe00000|100%| E|CS|TAMS 0x00000000efd00000, 0x00000000efd00000| Complete 
| 254|0x00000000efe00000, 0x00000000eff00000, 0x00000000eff00000|100%| E|CS|TAMS 0x00000000efe00000, 0x00000000efe00000| Complete 
| 255|0x00000000eff00000, 0x00000000f0000000, 0x00000000f0000000|100%| E|CS|TAMS 0x00000000eff00000, 0x00000000eff00000| Complete 

Card table byte_map: [0x000001e5d3860000,0x000001e5d3960000] _byte_map_base: 0x000001e5d3160000

Marking Bits (Prev, Next): (CMBitMap*) 0x000001e5bcd50db0, (CMBitMap*) 0x000001e5bcd50d70
 Prev Bits: [0x000001e5d4260000, 0x000001e5d4a60000)
 Next Bits: [0x000001e5d3a60000, 0x000001e5d4260000)

Polling page: 0x000001e5bacc0000

Metaspace:

Usage:
  Non-class:     29.56 MB used.
      Class:      4.76 MB used.
       Both:     34.32 MB used.

Virtual space:
  Non-class space:       64.00 MB reserved,      29.81 MB ( 47%) committed,  1 nodes.
      Class space:      320.00 MB reserved,       4.94 MB (  2%) committed,  1 nodes.
             Both:      384.00 MB reserved,      34.75 MB (  9%) committed. 

Chunk freelists:
   Non-Class:  1.80 MB
       Class:  10.89 MB
        Both:  12.69 MB

MaxMetaspaceSize: 384.00 MB
CompressedClassSpaceSize: 320.00 MB
Initial GC threshold: 21.00 MB
Current GC threshold: 35.25 MB
CDS: on
MetaspaceReclaimPolicy: balanced
 - commit_granule_bytes: 65536.
 - commit_granule_words: 8192.
 - virtual_space_node_default_size: 8388608.
 - enlarge_chunks_in_place: 1.
 - new_chunks_are_fully_committed: 0.
 - uncommit_free_chunks: 1.
 - use_allocation_guard: 0.
 - handle_deallocations: 1.


Internal statistics:

num_allocs_failed_limit: 3.
num_arena_births: 352.
num_arena_deaths: 0.
num_vsnodes_births: 2.
num_vsnodes_deaths: 0.
num_space_committed: 556.
num_space_uncommitted: 0.
num_chunks_returned_to_freelist: 3.
num_chunks_taken_from_freelist: 1623.
num_chunk_merges: 3.
num_chunk_splits: 1087.
num_chunks_enlarged: 791.
num_inconsistent_stats: 0.

CodeHeap 'non-profiled nmethods': size=120000Kb used=2416Kb max_used=2416Kb free=117583Kb
 bounds [0x000001e5cc330000, 0x000001e5cc5a0000, 0x000001e5d3860000]
CodeHeap 'profiled nmethods': size=120000Kb used=8448Kb max_used=8448Kb free=111551Kb
 bounds [0x000001e5c4860000, 0x000001e5c50b0000, 0x000001e5cbd90000]
CodeHeap 'non-nmethods': size=5760Kb used=2295Kb max_used=2368Kb free=3464Kb
 bounds [0x000001e5cbd90000, 0x000001e5cc000000, 0x000001e5cc330000]
 total_blobs=4779 nmethods=3977 adapters=713
 compilation: enabled
              stopped_count=0, restarted_count=0
 full_count=0

Compilation events (20 events):
Event: 7.403 Thread 0x000001e5d703ad60 nmethod 3933 0x000001e5c5080510 code [0x000001e5c5080a20, 0x000001e5c5083878]
Event: 7.403 Thread 0x000001e5d703ad60 3940       3       org.objectweb.asm.Type::getDescriptor (18 bytes)
Event: 7.403 Thread 0x000001e5d703ad60 nmethod 3940 0x000001e5c5084790 code [0x000001e5c5084980, 0x000001e5c5084db8]
Event: 7.403 Thread 0x000001e5d703ad60 3934       3       org.gradle.internal.instantiation.generator.AbstractClassGenerator$PropertyMetadata::hasAnnotation (14 bytes)
Event: 7.404 Thread 0x000001e5d703ad60 nmethod 3934 0x000001e5c5084f90 code [0x000001e5c5085280, 0x000001e5c5086528]
Event: 7.404 Thread 0x000001e5d703ad60 3935       3       org.gradle.internal.instantiation.generator.AbstractClassGenerator$PropertyMetadata::findAnnotation (22 bytes)
Event: 7.405 Thread 0x000001e5d703ad60 nmethod 3935 0x000001e5c5086b10 code [0x000001e5c5086de0, 0x000001e5c5087fc8]
Event: 7.405 Thread 0x000001e5d703ad60 3936       3       org.gradle.internal.instantiation.generator.AbstractClassGenerator$PropertyMetadata::backingFieldAnnotationOf (20 bytes)
Event: 7.406 Thread 0x000001e5d703ad60 nmethod 3936 0x000001e5c5088590 code [0x000001e5c50887c0, 0x000001e5c5088f68]
Event: 7.406 Thread 0x000001e5d703ad60 3937       3       org.gradle.internal.instantiation.generator.AbstractClassGenerator$PropertyMetadata$$Lambda$121/0x000001e5d91ad300::<init> (15 bytes)
Event: 7.406 Thread 0x000001e5d703ad60 nmethod 3937 0x000001e5c5089210 code [0x000001e5c50893c0, 0x000001e5c50895d8]
Event: 7.406 Thread 0x000001e5d703ad60 3938       3       org.gradle.internal.instantiation.generator.AbstractClassGenerator$PropertyMetadata$$Lambda$121/0x000001e5d91ad300::get (12 bytes)
Event: 7.406 Thread 0x000001e5d703ad60 nmethod 3938 0x000001e5c5089690 code [0x000001e5c50898c0, 0x000001e5c508a148]
Event: 7.406 Thread 0x000001e5d703ad60 3941       3       org.gradle.internal.service.DefaultServiceRegistry$InstanceUnpackingVisitor::visit (39 bytes)
Event: 7.407 Thread 0x000001e5d703ad60 nmethod 3941 0x000001e5c508a490 code [0x000001e5c508a680, 0x000001e5c508ac68]
Event: 7.422 Thread 0x000001e5d703ad60 3943       3       java.lang.Class::getDeclaredFields (27 bytes)
Event: 7.423 Thread 0x000001e5d703ad60 nmethod 3943 0x000001e5c508ae90 code [0x000001e5c508b080, 0x000001e5c508b398]
Event: 7.423 Thread 0x000001e5d703ad60 3945       3       java.util.regex.Matcher::appendReplacement (75 bytes)
Event: 7.423 Thread 0x000001e5d703ad60 nmethod 3945 0x000001e5c508b510 code [0x000001e5c508b720, 0x000001e5c508bbe8]
Event: 7.423 Thread 0x000001e5d703ad60 3946       3       java.util.regex.Matcher::appendExpandedReplacement (510 bytes)

GC Heap History (8 events):
Event: 0.541 GC heap before
{Heap before GC invocations=0 (full 0):
 garbage-first heap   total 262144K, used 12288K [0x00000000e0000000, 0x0000000100000000)
  region size 1024K, 13 young (13312K), 0 survivors (0K)
 Metaspace       used 1000K, committed 1152K, reserved 393216K
  class space    used 74K, committed 128K, reserved 327680K
}
Event: 0.549 GC heap after
{Heap after GC invocations=1 (full 0):
 garbage-first heap   total 262144K, used 3253K [0x00000000e0000000, 0x0000000100000000)
  region size 1024K, 2 young (2048K), 2 survivors (2048K)
 Metaspace       used 1000K, committed 1152K, reserved 393216K
  class space    used 74K, committed 128K, reserved 327680K
}
Event: 1.262 GC heap before
{Heap before GC invocations=1 (full 0):
 garbage-first heap   total 262144K, used 23733K [0x00000000e0000000, 0x0000000100000000)
  region size 1024K, 18 young (18432K), 2 survivors (2048K)
 Metaspace       used 3888K, committed 4032K, reserved 393216K
  class space    used 488K, committed 576K, reserved 327680K
}
Event: 1.266 GC heap after
{Heap after GC invocations=2 (full 0):
 garbage-first heap   total 262144K, used 10873K [0x00000000e0000000, 0x0000000100000000)
  region size 1024K, 3 young (3072K), 3 survivors (3072K)
 Metaspace       used 3888K, committed 4032K, reserved 393216K
  class space    used 488K, committed 576K, reserved 327680K
}
Event: 1.796 GC heap before
{Heap before GC invocations=2 (full 0):
 garbage-first heap   total 262144K, used 32377K [0x00000000e0000000, 0x0000000100000000)
  region size 1024K, 25 young (25600K), 3 survivors (3072K)
 Metaspace       used 3998K, committed 4160K, reserved 393216K
  class space    used 490K, committed 576K, reserved 327680K
}
Event: 1.798 GC heap after
{Heap after GC invocations=3 (full 0):
 garbage-first heap   total 262144K, used 11548K [0x00000000e0000000, 0x0000000100000000)
  region size 1024K, 1 young (1024K), 1 survivors (1024K)
 Metaspace       used 3998K, committed 4160K, reserved 393216K
  class space    used 490K, committed 576K, reserved 327680K
}
Event: 5.257 GC heap before
{Heap before GC invocations=3 (full 0):
 garbage-first heap   total 262144K, used 129308K [0x00000000e0000000, 0x0000000100000000)
  region size 1024K, 116 young (118784K), 1 survivors (1024K)
 Metaspace       used 21190K, committed 21504K, reserved 393216K
  class space    used 3107K, committed 3264K, reserved 327680K
}
Event: 5.268 GC heap after
{Heap after GC invocations=4 (full 0):
 garbage-first heap   total 262144K, used 22919K [0x00000000e0000000, 0x0000000100000000)
  region size 1024K, 12 young (12288K), 12 survivors (12288K)
 Metaspace       used 21190K, committed 21504K, reserved 393216K
  class space    used 3107K, committed 3264K, reserved 327680K
}

Dll operation events (15 events):
Event: 0.033 Loaded shared library C:\Users\ASUS\.jdks\corretto-17.0.12\bin\java.dll
Event: 0.062 Loaded shared library C:\Users\ASUS\.jdks\corretto-17.0.12\bin\jsvml.dll
Event: 0.126 Loaded shared library C:\Users\ASUS\.jdks\corretto-17.0.12\bin\zip.dll
Event: 0.131 Loaded shared library C:\Users\ASUS\.jdks\corretto-17.0.12\bin\instrument.dll
Event: 0.135 Loaded shared library C:\Users\ASUS\.jdks\corretto-17.0.12\bin\net.dll
Event: 0.137 Loaded shared library C:\Users\ASUS\.jdks\corretto-17.0.12\bin\nio.dll
Event: 0.145 Loaded shared library C:\Users\ASUS\.jdks\corretto-17.0.12\bin\zip.dll
Event: 0.460 Loaded shared library C:\Users\ASUS\.jdks\corretto-17.0.12\bin\jimage.dll
Event: 0.575 Loaded shared library C:\Users\ASUS\.jdks\corretto-17.0.12\bin\verify.dll
Event: 0.901 Loaded shared library C:\Users\ASUS\.gradle\native\c067742578af261105cb4f569cf0c3c89f3d7b1fecec35dd04571415982c5e48\windows-amd64\native-platform.dll
Event: 0.931 Loaded shared library C:\Users\ASUS\.gradle\native\38dada09dfb8b06ba9b0570ebf7e218e3eb74d4ef43ca46872605cf95ebc2f47\windows-amd64\native-platform-file-events.dll
Event: 2.462 Loaded shared library C:\Users\ASUS\.jdks\corretto-17.0.12\bin\management.dll
Event: 2.469 Loaded shared library C:\Users\ASUS\.jdks\corretto-17.0.12\bin\management_ext.dll
Event: 2.768 Loaded shared library C:\Users\ASUS\.jdks\corretto-17.0.12\bin\extnet.dll
Event: 3.043 Loaded shared library C:\Users\ASUS\.jdks\corretto-17.0.12\bin\sunmscapi.dll

Deoptimization events (20 events):
Event: 7.132 Thread 0x000001e5f13e4660 DEOPT PACKING pc=0x000001e5cc535504 sp=0x000000b1ef3f8f00
Event: 7.132 Thread 0x000001e5f13e4660 DEOPT UNPACKING pc=0x000001e5cbde69a3 sp=0x000000b1ef3f8e40 mode 2
Event: 7.132 Thread 0x000001e5f13e4660 Uncommon trap: trap_request=0xffffffde fr.pc=0x000001e5cc53ba20 relative=0x00000000000002e0
Event: 7.132 Thread 0x000001e5f13e4660 Uncommon trap: reason=class_check action=maybe_recompile pc=0x000001e5cc53ba20 method=java.util.regex.Pattern$Start.match(Ljava/util/regex/Matcher;ILjava/lang/CharSequence;)Z @ 44 c2
Event: 7.132 Thread 0x000001e5f13e4660 DEOPT PACKING pc=0x000001e5cc53ba20 sp=0x000000b1ef3f8e80
Event: 7.132 Thread 0x000001e5f13e4660 DEOPT UNPACKING pc=0x000001e5cbde69a3 sp=0x000000b1ef3f8e40 mode 2
Event: 7.192 Thread 0x000001e5f13e4660 DEOPT PACKING pc=0x000001e5c4c1a088 sp=0x000000b1ef3f96c0
Event: 7.192 Thread 0x000001e5f13e4660 DEOPT UNPACKING pc=0x000001e5cbde7143 sp=0x000000b1ef3f8bc8 mode 0
Event: 7.220 Thread 0x000001e5f13e4660 Uncommon trap: trap_request=0xffffff45 fr.pc=0x000001e5cc449208 relative=0x0000000000006ba8
Event: 7.220 Thread 0x000001e5f13e4660 Uncommon trap: reason=unstable_if action=reinterpret pc=0x000001e5cc449208 method=jdk.internal.org.objectweb.asm.SymbolTable.addType(Ljava/lang/String;)I @ 33 c2
Event: 7.220 Thread 0x000001e5f13e4660 DEOPT PACKING pc=0x000001e5cc449208 sp=0x000000b1ef3f8110
Event: 7.220 Thread 0x000001e5f13e4660 DEOPT UNPACKING pc=0x000001e5cbde69a3 sp=0x000000b1ef3f8038 mode 2
Event: 7.335 Thread 0x000001e5f3d84d60 Uncommon trap: trap_request=0xffffff45 fr.pc=0x000001e5cc3ebcc4 relative=0x0000000000000224
Event: 7.335 Thread 0x000001e5f3d84d60 Uncommon trap: reason=unstable_if action=reinterpret pc=0x000001e5cc3ebcc4 method=java.util.StringTokenizer.scanToken(I)I @ 42 c2
Event: 7.335 Thread 0x000001e5f3d84d60 DEOPT PACKING pc=0x000001e5cc3ebcc4 sp=0x000000b1f03fe4d0
Event: 7.335 Thread 0x000001e5f3d84d60 DEOPT UNPACKING pc=0x000001e5cbde69a3 sp=0x000000b1f03fe460 mode 2
Event: 7.390 Thread 0x000001e5f13e4660 Uncommon trap: trap_request=0xffffffde fr.pc=0x000001e5cc49a6f0 relative=0x00000000000002d0
Event: 7.390 Thread 0x000001e5f13e4660 Uncommon trap: reason=class_check action=maybe_recompile pc=0x000001e5cc49a6f0 method=java.util.Collections$SetFromMap.remove(Ljava/lang/Object;)Z @ 5 c2
Event: 7.390 Thread 0x000001e5f13e4660 DEOPT PACKING pc=0x000001e5cc49a6f0 sp=0x000000b1ef3faf60
Event: 7.390 Thread 0x000001e5f13e4660 DEOPT UNPACKING pc=0x000001e5cbde69a3 sp=0x000000b1ef3faf48 mode 2

Classes loaded (20 events):
Event: 7.291 Loading class java/nio/channels/Channels
Event: 7.291 Loading class java/nio/channels/Channels done
Event: 7.291 Loading class java/nio/channels/Channels$1
Event: 7.291 Loading class java/nio/channels/Channels$1 done
Event: 7.292 Loading class java/nio/charset/UnsupportedCharsetException
Event: 7.292 Loading class java/nio/charset/UnsupportedCharsetException done
Event: 7.294 Loading class java/util/zip/Deflater
Event: 7.295 Loading class java/util/zip/Deflater done
Event: 7.295 Loading class java/util/zip/Deflater$DeflaterZStreamRef
Event: 7.296 Loading class java/util/zip/Deflater$DeflaterZStreamRef done
Event: 7.298 Loading class java/nio/StringCharBuffer
Event: 7.299 Loading class java/nio/StringCharBuffer done
Event: 7.300 Loading class java/nio/file/StandardCopyOption
Event: 7.300 Loading class java/nio/file/StandardCopyOption done
Event: 7.300 Loading class sun/nio/fs/WindowsFileCopy
Event: 7.301 Loading class sun/nio/fs/WindowsFileCopy done
Event: 7.319 Loading class java/util/zip/ZipInputStream
Event: 7.320 Loading class java/util/zip/ZipInputStream done
Event: 7.417 Loading class java/util/BitSet$1BitSetSpliterator
Event: 7.418 Loading class java/util/BitSet$1BitSetSpliterator done

Classes unloaded (0 events):
No events

Classes redefined (0 events):
No events

Internal exceptions (20 events):
Event: 7.130 Thread 0x000001e5f13e4660 Exception <a 'java/lang/ClassNotFoundException'{0x00000000ea4507f8}: groovy/lang/Closure$1BeanInfo> (0x00000000ea4507f8) 
thrown [s\src\hotspot\share\classfile\systemDictionary.cpp, line 256]
Event: 7.130 Thread 0x000001e5f13e4660 Exception <a 'java/lang/ClassNotFoundException'{0x00000000ea472ff8}: groovy/lang/ClosureBeanInfo> (0x00000000ea472ff8) 
thrown [s\src\hotspot\share\classfile\systemDictionary.cpp, line 256]
Event: 7.131 Thread 0x000001e5f13e4660 Exception <a 'java/lang/ClassNotFoundException'{0x00000000ea495978}: groovy/lang/ClosureCustomizer> (0x00000000ea495978) 
thrown [s\src\hotspot\share\classfile\systemDictionary.cpp, line 256]
Event: 7.133 Thread 0x000001e5f13e4660 Exception <a 'java/lang/ClassNotFoundException'{0x00000000ea4db100}: groovy/lang/Closure$1Customizer> (0x00000000ea4db100) 
thrown [s\src\hotspot\share\classfile\systemDictionary.cpp, line 256]
Event: 7.209 Thread 0x000001e5f13e4660 Exception <a 'java/lang/ClassNotFoundException'{0x00000000ea1226c0}: ijresolvers1_53sderka6ohh3rexh13m08x4oBeanInfo> (0x00000000ea1226c0) 
thrown [s\src\hotspot\share\classfile\systemDictionary.cpp, line 256]
Event: 7.209 Thread 0x000001e5f13e4660 Exception <a 'java/lang/ClassNotFoundException'{0x00000000ea128410}: ijresolvers1_53sderka6ohh3rexh13m08x4oCustomizer> (0x00000000ea128410) 
thrown [s\src\hotspot\share\classfile\systemDictionary.cpp, line 256]
Event: 7.230 Thread 0x000001e5f13e4660 Exception <a 'java/lang/ClassNotFoundException'{0x00000000ea1dc478}: org/gradle/execution/taskgraph/DefaultTaskExecutionGraphBeanInfo> (0x00000000ea1dc478) 
thrown [s\src\hotspot\share\classfile\systemDictionary.cpp, line 256]
Event: 7.230 Thread 0x000001e5f13e4660 Exception <a 'java/lang/ClassNotFoundException'{0x00000000ea1eb1f0}: org/gradle/execution/taskgraph/DefaultTaskExecutionGraphCustomizer> (0x00000000ea1eb1f0) 
thrown [s\src\hotspot\share\classfile\systemDictionary.cpp, line 256]
Event: 7.252 Thread 0x000001e5f13e4660 Exception <a 'java/lang/ClassNotFoundException'{0x00000000e9f0c2c0}: org/gradle/configuration/internal/DefaultListenerBuildOperationDecorator$BuildOperationEmittingClosureBeanInfo> (0x00000000e9f0c2c0) 
thrown [s\src\hotspot\share\classfile\systemDictionary.cpp, line 256]
Event: 7.255 Thread 0x000001e5f13e4660 Exception <a 'java/lang/ClassNotFoundException'{0x00000000e9f1bc98}: org/gradle/configuration/internal/DefaultListenerBuildOperationDecorator$BuildOperationEmittingClosureCustomizer> (0x00000000e9f1bc98) 
thrown [s\src\hotspot\share\classfile\systemDictionary.cpp, line 256]
Event: 7.282 Thread 0x000001e5f3d88f30 Exception <a 'sun/nio/fs/WindowsException'{0x00000000e9fd9910}> (0x00000000e9fd9910) 
thrown [s\src\hotspot\share\prims\jni.cpp, line 516]
Event: 7.282 Thread 0x000001e5f3d88f30 Exception <a 'sun/nio/fs/WindowsException'{0x00000000e9fd9f08}> (0x00000000e9fd9f08) 
thrown [s\src\hotspot\share\prims\jni.cpp, line 516]
Event: 7.301 Thread 0x000001e5f3d88f30 Exception <a 'sun/nio/fs/WindowsException'{0x00000000e9e86b90}> (0x00000000e9e86b90) 
thrown [s\src\hotspot\share\prims\jni.cpp, line 516]
Event: 7.301 Thread 0x000001e5f3d88f30 Exception <a 'sun/nio/fs/WindowsException'{0x00000000e9e86d98}> (0x00000000e9e86d98) 
thrown [s\src\hotspot\share\prims\jni.cpp, line 516]
Event: 7.325 Thread 0x000001e5f3d84d60 Exception <a 'sun/nio/fs/WindowsException'{0x00000000ed79b6b8}> (0x00000000ed79b6b8) 
thrown [s\src\hotspot\share\prims\jni.cpp, line 516]
Event: 7.326 Thread 0x000001e5f3d84d60 Exception <a 'sun/nio/fs/WindowsException'{0x00000000ed79bc98}> (0x00000000ed79bc98) 
thrown [s\src\hotspot\share\prims\jni.cpp, line 516]
Event: 7.366 Thread 0x000001e5f3d84d60 Exception <a 'sun/nio/fs/WindowsException'{0x00000000e9c24138}> (0x00000000e9c24138) 
thrown [s\src\hotspot\share\prims\jni.cpp, line 516]
Event: 7.367 Thread 0x000001e5f3d84d60 Exception <a 'sun/nio/fs/WindowsException'{0x00000000e9c242a0}> (0x00000000e9c242a0) 
thrown [s\src\hotspot\share\prims\jni.cpp, line 516]
Event: 7.383 Thread 0x000001e5f13e4660 Exception <a 'java/lang/ClassNotFoundException'{0x00000000e9ca7cd0}: Build_check_email1_5t7sttqxjkm4k9bbo37pghyn8BeanInfo> (0x00000000e9ca7cd0) 
thrown [s\src\hotspot\share\classfile\systemDictionary.cpp, line 256]
Event: 7.383 Thread 0x000001e5f13e4660 Exception <a 'java/lang/ClassNotFoundException'{0x00000000e9cada68}: Build_check_email1_5t7sttqxjkm4k9bbo37pghyn8Customizer> (0x00000000e9cada68) 
thrown [s\src\hotspot\share\classfile\systemDictionary.cpp, line 256]

VM Operations (20 events):
Event: 6.485 Executing VM operation: HandshakeAllThreads
Event: 6.485 Executing VM operation: HandshakeAllThreads done
Event: 6.536 Executing VM operation: HandshakeAllThreads
Event: 6.536 Executing VM operation: HandshakeAllThreads done
Event: 6.650 Executing VM operation: HandshakeAllThreads
Event: 6.650 Executing VM operation: HandshakeAllThreads done
Event: 6.651 Executing VM operation: HandshakeAllThreads
Event: 6.651 Executing VM operation: HandshakeAllThreads done
Event: 6.658 Executing VM operation: HandshakeAllThreads
Event: 6.658 Executing VM operation: HandshakeAllThreads done
Event: 6.734 Executing VM operation: HandshakeAllThreads
Event: 6.734 Executing VM operation: HandshakeAllThreads done
Event: 6.816 Executing VM operation: ICBufferFull
Event: 6.817 Executing VM operation: ICBufferFull done
Event: 7.216 Executing VM operation: ICBufferFull
Event: 7.216 Executing VM operation: ICBufferFull done
Event: 7.299 Executing VM operation: HandshakeAllThreads
Event: 7.299 Executing VM operation: HandshakeAllThreads done
Event: 7.348 Executing VM operation: HandshakeAllThreads
Event: 7.348 Executing VM operation: HandshakeAllThreads done

Events (20 events):
Event: 3.162 Thread 0x000001e5f13e22f0 Thread added: 0x000001e5f13e22f0
Event: 3.165 Thread 0x000001e5f13e13c0 Thread added: 0x000001e5f13e13c0
Event: 3.169 Thread 0x000001e5f13e2d10 Thread added: 0x000001e5f13e2d10
Event: 3.635 Thread 0x000001e5f13e2800 Thread added: 0x000001e5f13e2800
Event: 3.650 Thread 0x000001e5f13e1de0 Thread added: 0x000001e5f13e1de0
Event: 3.759 Thread 0x000001e5f13e3220 Thread added: 0x000001e5f13e3220
Event: 4.220 Thread 0x000001e5f1ab9600 Thread added: 0x000001e5f1ab9600
Event: 4.851 Thread 0x000001e5f13e18d0 Thread added: 0x000001e5f13e18d0
Event: 5.200 Thread 0x000001e5f13e3c40 Thread added: 0x000001e5f13e3c40
Event: 5.207 Thread 0x000001e5f13e4150 Thread added: 0x000001e5f13e4150
Event: 5.380 Thread 0x000001e5f3d89950 Thread added: 0x000001e5f3d89950
Event: 5.386 Thread 0x000001e5f1ab9600 Thread exited: 0x000001e5f1ab9600
Event: 5.427 Thread 0x000001e5f3d875e0 Thread added: 0x000001e5f3d875e0
Event: 5.434 Thread 0x000001e5f3d85780 Thread added: 0x000001e5f3d85780
Event: 5.613 Thread 0x000001e5f1ab9b50 Thread added: 0x000001e5f1ab9b50
Event: 5.627 Thread 0x000001e5f3d84340 Thread added: 0x000001e5f3d84340
Event: 6.061 Thread 0x000001e5f3d88f30 Thread added: 0x000001e5f3d88f30
Event: 6.095 Thread 0x000001e5f3d84d60 Thread added: 0x000001e5f3d84d60
Event: 7.164 Thread 0x000001e5f3d861a0 Thread added: 0x000001e5f3d861a0
Event: 7.198 Thread 0x000001e5f3d866b0 Thread added: 0x000001e5f3d866b0


Dynamic libraries:
0x00007ff703b50000 - 0x00007ff703b5e000 	C:\Users\ASUS\.jdks\corretto-17.0.12\bin\java.exe
0x00007fff9ebf0000 - 0x00007fff9ede8000 	C:\Windows\SYSTEM32\ntdll.dll
0x00007fff9e770000 - 0x00007fff9e82f000 	C:\Windows\System32\KERNEL32.DLL
0x00007fff9c640000 - 0x00007fff9c912000 	C:\Windows\System32\KERNELBASE.dll
0x00007fff9c490000 - 0x00007fff9c590000 	C:\Windows\System32\ucrtbase.dll
0x00007fff980d0000 - 0x00007fff980eb000 	C:\Users\ASUS\.jdks\corretto-17.0.12\bin\VCRUNTIME140.dll
0x00007fff98040000 - 0x00007fff98057000 	C:\Users\ASUS\.jdks\corretto-17.0.12\bin\jli.dll
0x00007fff9daa0000 - 0x00007fff9dc41000 	C:\Windows\System32\USER32.dll
0x00007fff9cb60000 - 0x00007fff9cb82000 	C:\Windows\System32\win32u.dll
0x00007fff9dc50000 - 0x00007fff9dc7b000 	C:\Windows\System32\GDI32.dll
0x00007fff9c920000 - 0x00007fff9ca2f000 	C:\Windows\System32\gdi32full.dll
0x00007fff9ca30000 - 0x00007fff9cacd000 	C:\Windows\System32\msvcp_win.dll
0x00007fff84860000 - 0x00007fff84afa000 	C:\Windows\WinSxS\amd64_microsoft.windows.common-controls_6595b64144ccf1df_6.0.19041.1110_none_60b5254171f9507e\COMCTL32.dll
0x00007fff9d590000 - 0x00007fff9d62e000 	C:\Windows\System32\msvcrt.dll
0x00007fff9e8c0000 - 0x00007fff9e8f2000 	C:\Windows\System32\IMM32.DLL
0x00007fff98090000 - 0x00007fff9809c000 	C:\Users\ASUS\.jdks\corretto-17.0.12\bin\vcruntime140_1.dll
0x00007fff75c20000 - 0x00007fff75cad000 	C:\Users\ASUS\.jdks\corretto-17.0.12\bin\msvcp140.dll
0x00007fff2dbf0000 - 0x00007fff2e85a000 	C:\Users\ASUS\.jdks\corretto-17.0.12\bin\server\jvm.dll
0x00007fff9de20000 - 0x00007fff9dece000 	C:\Windows\System32\ADVAPI32.dll
0x00007fff9e1b0000 - 0x00007fff9e24c000 	C:\Windows\System32\sechost.dll
0x00007fff9e080000 - 0x00007fff9e1a5000 	C:\Windows\System32\RPCRT4.dll
0x00007fff9dc80000 - 0x00007fff9dceb000 	C:\Windows\System32\WS2_32.dll
0x00007fff9b8a0000 - 0x00007fff9b8eb000 	C:\Windows\SYSTEM32\POWRPROF.dll
0x00007fff91cf0000 - 0x00007fff91d17000 	C:\Windows\SYSTEM32\WINMM.dll
0x00007fff960e0000 - 0x00007fff960ea000 	C:\Windows\SYSTEM32\VERSION.dll
0x00007fff9b720000 - 0x00007fff9b732000 	C:\Windows\SYSTEM32\UMPDC.dll
0x00007fff9a1a0000 - 0x00007fff9a1b2000 	C:\Windows\SYSTEM32\kernel.appcore.dll
0x00007fff98030000 - 0x00007fff9803a000 	C:\Users\ASUS\.jdks\corretto-17.0.12\bin\jimage.dll
0x00007fff86620000 - 0x00007fff86804000 	C:\Windows\SYSTEM32\DBGHELP.DLL
0x00007fff85630000 - 0x00007fff85665000 	C:\Windows\SYSTEM32\dbgcore.DLL
0x00007fff9cad0000 - 0x00007fff9cb52000 	C:\Windows\System32\bcryptPrimitives.dll
0x00007fff98000000 - 0x00007fff9800e000 	C:\Users\ASUS\.jdks\corretto-17.0.12\bin\instrument.dll
0x00007fff97480000 - 0x00007fff974a5000 	C:\Users\ASUS\.jdks\corretto-17.0.12\bin\java.dll
0x00007fff754e0000 - 0x00007fff755b7000 	C:\Users\ASUS\.jdks\corretto-17.0.12\bin\jsvml.dll
0x00007fff9cdd0000 - 0x00007fff9d515000 	C:\Windows\System32\SHELL32.dll
0x00007fff9a3a0000 - 0x00007fff9ab32000 	C:\Windows\SYSTEM32\windows.storage.dll
0x00007fff9e330000 - 0x00007fff9e685000 	C:\Windows\System32\combase.dll
0x00007fff9bd40000 - 0x00007fff9bd70000 	C:\Windows\SYSTEM32\Wldp.dll
0x00007fff9e900000 - 0x00007fff9e9ad000 	C:\Windows\System32\SHCORE.dll
0x00007fff9ea80000 - 0x00007fff9ead5000 	C:\Windows\System32\shlwapi.dll
0x00007fff9c220000 - 0x00007fff9c23f000 	C:\Windows\SYSTEM32\profapi.dll
0x00007fff975b0000 - 0x00007fff975c8000 	C:\Users\ASUS\.jdks\corretto-17.0.12\bin\zip.dll
0x00007fff97460000 - 0x00007fff97479000 	C:\Users\ASUS\.jdks\corretto-17.0.12\bin\net.dll
0x00007fff94040000 - 0x00007fff9414c000 	C:\Windows\SYSTEM32\WINHTTP.dll
0x00007fff9baa0000 - 0x00007fff9bb0a000 	C:\Windows\system32\mswsock.dll
0x00007fff96760000 - 0x00007fff96776000 	C:\Users\ASUS\.jdks\corretto-17.0.12\bin\nio.dll
0x00007fff97fe0000 - 0x00007fff97ff0000 	C:\Users\ASUS\.jdks\corretto-17.0.12\bin\verify.dll
0x00007fff43fc0000 - 0x00007fff43fe7000 	C:\Users\ASUS\.gradle\native\c067742578af261105cb4f569cf0c3c89f3d7b1fecec35dd04571415982c5e48\windows-amd64\native-platform.dll
0x00007fff6db30000 - 0x00007fff6dc74000 	C:\Users\ASUS\.gradle\native\38dada09dfb8b06ba9b0570ebf7e218e3eb74d4ef43ca46872605cf95ebc2f47\windows-amd64\native-platform-file-events.dll
0x00007fff96750000 - 0x00007fff96759000 	C:\Users\ASUS\.jdks\corretto-17.0.12\bin\management.dll
0x00007fff96340000 - 0x00007fff9634b000 	C:\Users\ASUS\.jdks\corretto-17.0.12\bin\management_ext.dll
0x00007fff9d520000 - 0x00007fff9d528000 	C:\Windows\System32\PSAPI.DLL
0x00007fff9bc90000 - 0x00007fff9bca8000 	C:\Windows\SYSTEM32\CRYPTSP.dll
0x00007fff9b2e0000 - 0x00007fff9b314000 	C:\Windows\system32\rsaenh.dll
0x00007fff9cb90000 - 0x00007fff9cbb7000 	C:\Windows\System32\bcrypt.dll
0x00007fff9c1e0000 - 0x00007fff9c20e000 	C:\Windows\SYSTEM32\USERENV.dll
0x00007fff9bcb0000 - 0x00007fff9bcbc000 	C:\Windows\SYSTEM32\CRYPTBASE.dll
0x00007fff9b740000 - 0x00007fff9b77b000 	C:\Windows\SYSTEM32\IPHLPAPI.DLL
0x00007fff9ea10000 - 0x00007fff9ea18000 	C:\Windows\System32\NSI.dll
0x00007fff951c0000 - 0x00007fff951d7000 	C:\Windows\SYSTEM32\dhcpcsvc6.DLL
0x00007fff955f0000 - 0x00007fff9560d000 	C:\Windows\SYSTEM32\dhcpcsvc.DLL
0x00007fff9b780000 - 0x00007fff9b84b000 	C:\Windows\SYSTEM32\DNSAPI.dll
0x00007fff96150000 - 0x00007fff96159000 	C:\Users\ASUS\.jdks\corretto-17.0.12\bin\extnet.dll
0x00007fff94d20000 - 0x00007fff94d2e000 	C:\Users\ASUS\.jdks\corretto-17.0.12\bin\sunmscapi.dll
0x00007fff9c2e0000 - 0x00007fff9c436000 	C:\Windows\System32\CRYPT32.dll
0x00007fff9bdb0000 - 0x00007fff9bdd7000 	C:\Windows\SYSTEM32\ncrypt.dll
0x00007fff9bd70000 - 0x00007fff9bdab000 	C:\Windows\SYSTEM32\NTASN1.dll
0x00007fff68540000 - 0x00007fff68547000 	C:\Windows\system32\wshunix.dll

dbghelp: loaded successfully - version: 4.0.5 - missing functions: none
symbol engine: initialized successfully - sym options: 0x614 - pdb path: .;C:\Users\ASUS\.jdks\corretto-17.0.12\bin;C:\Windows\SYSTEM32;C:\Windows\WinSxS\amd64_microsoft.windows.common-controls_6595b64144ccf1df_6.0.19041.1110_none_60b5254171f9507e;C:\Users\ASUS\.jdks\corretto-17.0.12\bin\server;C:\Users\ASUS\.gradle\native\c067742578af261105cb4f569cf0c3c89f3d7b1fecec35dd04571415982c5e48\windows-amd64;C:\Users\ASUS\.gradle\native\38dada09dfb8b06ba9b0570ebf7e218e3eb74d4ef43ca46872605cf95ebc2f47\windows-amd64

VM Arguments:
jvm_args: --add-opens=java.base/java.util=ALL-UNNAMED --add-opens=java.base/java.lang=ALL-UNNAMED --add-opens=java.base/java.lang.invoke=ALL-UNNAMED --add-opens=java.prefs/java.util.prefs=ALL-UNNAMED --add-opens=java.base/java.nio.charset=ALL-UNNAMED --add-opens=java.base/java.net=ALL-UNNAMED --add-opens=java.base/java.util.concurrent.atomic=ALL-UNNAMED -XX:MaxMetaspaceSize=384m -XX:+HeapDumpOnOutOfMemoryError -Xms256m -Xmx512m -Dfile.encoding=windows-1252 -Duser.country=US -Duser.language=en -Duser.variant -javaagent:C:\Users\ASUS\.gradle\wrapper\dists\gradle-8.7-bin\bhs2wmbdwecv87pi65oeuq5iu\gradle-8.7\lib\agents\gradle-instrumentation-agent-8.7.jar 
java_command: org.gradle.launcher.daemon.bootstrap.GradleDaemon 8.7
java_class_path (initial): C:\Users\ASUS\.gradle\wrapper\dists\gradle-8.7-bin\bhs2wmbdwecv87pi65oeuq5iu\gradle-8.7\lib\gradle-launcher-8.7.jar
Launcher Type: SUN_STANDARD

[Global flags]
     intx CICompilerCount                          = 3                                         {product} {ergonomic}
   size_t CompressedClassSpaceSize                 = 335544320                                 {product} {ergonomic}
     uint ConcGCThreads                            = 1                                         {product} {ergonomic}
     uint G1ConcRefinementThreads                  = 4                                         {product} {ergonomic}
   size_t G1HeapRegionSize                         = 1048576                                   {product} {ergonomic}
    uintx GCDrainStackTargetSize                   = 64                                        {product} {ergonomic}
     bool HeapDumpOnOutOfMemoryError               = true                                   {manageable} {command line}
   size_t InitialHeapSize                          = 268435456                                 {product} {command line}
   size_t MarkStackSize                            = 4194304                                   {product} {ergonomic}
   size_t MaxHeapSize                              = 536870912                                 {product} {command line}
   size_t MaxMetaspaceSize                         = 402653184                                 {product} {command line}
   size_t MaxNewSize                               = 321912832                                 {product} {ergonomic}
   size_t MinHeapDeltaBytes                        = 1048576                                   {product} {ergonomic}
   size_t MinHeapSize                              = 268435456                                 {product} {command line}
    uintx NonNMethodCodeHeapSize                   = 5832780                                {pd product} {ergonomic}
    uintx NonProfiledCodeHeapSize                  = 122912730                              {pd product} {ergonomic}
    uintx ProfiledCodeHeapSize                     = 122912730                              {pd product} {ergonomic}
    uintx ReservedCodeCacheSize                    = 251658240                              {pd product} {ergonomic}
     bool SegmentedCodeCache                       = true                                      {product} {ergonomic}
   size_t SoftMaxHeapSize                          = 536870912                              {manageable} {ergonomic}
     bool UseCompressedClassPointers               = true                           {product lp64_product} {ergonomic}
     bool UseCompressedOops                        = true                           {product lp64_product} {ergonomic}
     bool UseG1GC                                  = true                                      {product} {ergonomic}
     bool UseLargePagesIndividualAllocation        = false                                  {pd product} {ergonomic}

Logging:
Log output configuration:
 #0: stdout all=warning uptime,level,tags
 #1: stderr all=off uptime,level,tags

Environment Variables:
PATH=C:\Windows\system32;C:\Windows;C:\Windows\System32\Wbem;C:\Windows\System32\WindowsPowerShell\v1.0\;C:\Windows\System32\OpenSSH\;C:\Program Files\Git\cmd;C:\Users\ASUS\AppData\Local\Microsoft\WindowsApps;;D:\WebStorm 2024.1.5\bin;
USERNAME=ASUS
OS=Windows_NT
PROCESSOR_IDENTIFIER=Intel64 Family 6 Model 158 Stepping 9, GenuineIntel
TMP=C:\Users\ASUS\AppData\Local\Temp
TEMP=C:\Users\ASUS\AppData\Local\Temp



Periodic native trim disabled


---------------  S Y S T E M  ---------------

OS:
 Windows 10 , 64 bit Build 19041 (10.0.19041.2546)
OS uptime: 7 days 14:39 hours

CPU: total 4 (initial active 4) (4 cores per cpu, 1 threads per core) family 6 model 158 stepping 9 microcode 0xb4, cx8, cmov, fxsr, mmx, 3dnowpref, sse, sse2, sse3, ssse3, sse4.1, sse4.2, popcnt, lzcnt, tsc, tscinvbit, avx, avx2, aes, erms, clmul, bmi1, bmi2, adx, fma, vzeroupper, clflush, clflushopt
Processor Information for all 4 processors :
  Max Mhz: 2501, Current Mhz: 2501, Mhz Limit: 2501

Memory: 4k page, system-wide physical 8076M (605M free)
TotalPageFile size 16542M (AvailPageFile size 7M)
current process WorkingSet (physical memory assigned to process): 283M, peak: 285M
current process commit charge ("private bytes"): 436M, peak: 440M

vm_info: OpenJDK 64-Bit Server VM (17.0.12+7-LTS) for windows-amd64 JRE (17.0.12+7-LTS), built on Jul 10 2024 20:46:33 by "Administrator" with MS VC++ 16.10 / 16.11 (VS2019)

END.
