#
# There is insufficient memory for the Java Runtime Environment to continue.
# Native memory allocation (malloc) failed to allocate 1144176 bytes. Error detail: Chunk::new
# Possible reasons:
#   The system is out of physical RAM or swap space
#   This process is running with CompressedOops enabled, and the Java Heap may be blocking the growth of the native heap
# Possible solutions:
#   Reduce memory load on the system
#   Increase physical memory or swap space
#   Check if swap backing store is full
#   Decrease Java heap size (-Xmx/-Xms)
#   Decrease number of Java threads
#   Decrease Java thread stack sizes (-Xss)
#   Set larger code cache with -XX:ReservedCodeCacheSize=
#   JVM is running with Unscaled Compressed Oops mode in which the Java heap is
#     placed in the first 4GB address space. The Java Heap base address is the
#     maximum limit for the native heap growth. Please use -XX:HeapBaseMinAddress
#     to set the Java Heap base and to place the Java Heap above 4GB virtual address.
# This output file may be truncated or incomplete.
#
#  Out of Memory Error (arena.cpp:150), pid=10648, tid=740
#
# JRE version: OpenJDK Runtime Environment (22.0.2+9) (build 22.0.2+9-70)
# Java VM: OpenJDK 64-Bit Server VM (22.0.2+9-70, mixed mode, sharing, tiered, compressed oops, compressed class ptrs, g1 gc, windows-amd64)
# No core dump will be written. Minidumps are not enabled by default on client versions of Windows
#

---------------  S U M M A R Y ------------

Command Line: --add-opens=java.base/java.lang=ALL-UNNAMED --add-opens=java.base/java.lang.invoke=ALL-UNNAMED --add-opens=java.base/java.util=ALL-UNNAMED --add-opens=java.prefs/java.util.prefs=ALL-UNNAMED --add-exports=jdk.compiler/com.sun.tools.javac.api=ALL-UNNAMED --add-exports=jdk.compiler/com.sun.tools.javac.util=ALL-UNNAMED --add-opens=java.base/java.util=ALL-UNNAMED --add-opens=java.prefs/java.util.prefs=ALL-UNNAMED --add-opens=java.base/java.nio.charset=ALL-UNNAMED --add-opens=java.base/java.net=ALL-UNNAMED --add-opens=java.base/java.util.concurrent.atomic=ALL-UNNAMED --add-opens=java.xml/javax.xml.namespace=ALL-UNNAMED -XX:MaxMetaspaceSize=384m -XX:+HeapDumpOnOutOfMemoryError -Xms256m -Xmx512m -Dfile.encoding=windows-1252 -Duser.country=US -Duser.language=en -Duser.variant -javaagent:C:\Users\ASUS\.gradle\wrapper\dists\gradle-8.11.1-bin\bpt9gzteqjrbo1mjrsomdt32c\gradle-8.11.1\lib\agents\gradle-instrumentation-agent-8.11.1.jar org.gradle.launcher.daemon.bootstrap.GradleDaemon 8.11.1

Host: Intel(R) Core(TM) i5-7300HQ CPU @ 2.50GHz, 4 cores, 7G,  Windows 10 , 64 bit Build 19041 (10.0.19041.2546)
Time: Tue Dec 31 15:04:39 2024 SE Asia Standard Time elapsed time: 26.533377 seconds (0d 0h 0m 26s)

---------------  T H R E A D  ---------------

Current thread (0x000001cba7865bc0):  JavaThread "C2 CompilerThread0" daemon [_thread_in_native, id=740, stack(0x00000007f0d00000,0x00000007f0e00000) (1024K)]


Current CompileTask:
C2:26533 8465       4       org.gradle.api.internal.artifacts.ModuleComponentSelectorSerializer::read (50 bytes)

Stack: [0x00000007f0d00000,0x00000007f0e00000]
Native frames: (J=compiled Java code, j=interpreted, Vv=VM code, C=native code)
V  [jvm.dll+0x6e26e9]  (no source info available)
V  [jvm.dll+0x875753]  (no source info available)
V  [jvm.dll+0x877b7e]  (no source info available)
V  [jvm.dll+0x878253]  (no source info available)
V  [jvm.dll+0x27fc86]  (no source info available)
V  [jvm.dll+0xc3d0f]  (no source info available)
V  [jvm.dll+0xc3f6b]  (no source info available)
V  [jvm.dll+0x3bb442]  (no source info available)
V  [jvm.dll+0x387d4b]  (no source info available)
V  [jvm.dll+0x3871ba]  (no source info available)
V  [jvm.dll+0x2477f8]  (no source info available)
V  [jvm.dll+0x246e9f]  (no source info available)
V  [jvm.dll+0x1c4e80]  (no source info available)
V  [jvm.dll+0x2568f3]  (no source info available)
V  [jvm.dll+0x254baa]  (no source info available)
V  [jvm.dll+0x3f57a6]  (no source info available)
V  [jvm.dll+0x81dc0b]  (no source info available)
V  [jvm.dll+0x6e0d85]  (no source info available)
C  [ucrtbase.dll+0x21bb2]  (no source info available)
C  [KERNEL32.DLL+0x17614]  (no source info available)
C  [ntdll.dll+0x526a1]  (no source info available)


---------------  P R O C E S S  ---------------

Threads class SMR info:
_java_thread_list=0x000001cbc42d25d0, length=84, elements={
0x000001cb8d5feec0, 0x000001cba785be60, 0x000001cba785ea80, 0x000001cba7860250,
0x000001cba7861450, 0x000001cba7861eb0, 0x000001cba7864a00, 0x000001cba7865bc0,
0x000001cba78691a0, 0x000001cba782acb0, 0x000001cba7c26160, 0x000001cbc25e9570,
0x000001cbc2635ca0, 0x000001cbc25a8580, 0x000001cbc26d8a50, 0x000001cbc26c3370,
0x000001cbc2709250, 0x000001cbc28231b0, 0x000001cbc2823840, 0x000001cbc2824bf0,
0x000001cbc2823ed0, 0x000001cbc2824560, 0x000001cbc2825280, 0x000001cbc2825910,
0x000001cbc2822b20, 0x000001cbc30b3b40, 0x000001cbc30b6930, 0x000001cbc30b9090,
0x000001cbc30b4860, 0x000001cbc30b9db0, 0x000001cbc30ba440, 0x000001cbc30bb160,
0x000001cbc30b8370, 0x000001cbc30b8a00, 0x000001cbc30baad0, 0x000001cbc30b4ef0,
0x000001cbc30b7650, 0x000001cbc30b62a0, 0x000001cbc30b6fc0, 0x000001cbc30b7ce0,
0x000001cbc29ba5c0, 0x000001cbc29b77d0, 0x000001cbc29b4350, 0x000001cbc29b6420,
0x000001cbc29b7e60, 0x000001cbc29b84f0, 0x000001cbc29b3630, 0x000001cbc29b5d90,
0x000001cbc29b9210, 0x000001cbc29b6ab0, 0x000001cbc29bac50, 0x000001cbc29b49e0,
0x000001cbc29b3cc0, 0x000001cbc29b7140, 0x000001cbc29b8b80, 0x000001cbc29b5700,
0x000001cbc29b98a0, 0x000001cbc29b9f30, 0x000001cbc478ac80, 0x000001cbc478cd50,
0x000001cbc4788520, 0x000001cbc478d3e0, 0x000001cbc478da70, 0x000001cbc478b310,
0x000001cbc47898d0, 0x000001cbc4786ae0, 0x000001cbc478b9a0, 0x000001cbc478c030,
0x000001cbc4788bb0, 0x000001cbc478e100, 0x000001cbc4787e90, 0x000001cbc478c6c0,
0x000001cbc4787170, 0x000001cbc4787800, 0x000001cbc4789f60, 0x000001cbc4789240,
0x000001cbc478a5f0, 0x000001cbc5d319d0, 0x000001cbc5d2d1a0, 0x000001cbc5d2f270,
0x000001cbc5d2e550, 0x000001cbc5d2c480, 0x000001cbc5d31340, 0x000001cbc5d2cb10
}

Java Threads: ( => current thread )
  0x000001cb8d5feec0 JavaThread "main"                              [_thread_blocked, id=14936, stack(0x00000007eff00000,0x00000007f0000000) (1024K)]
  0x000001cba785be60 JavaThread "Reference Handler"          daemon [_thread_blocked, id=13180, stack(0x00000007f0700000,0x00000007f0800000) (1024K)]
  0x000001cba785ea80 JavaThread "Finalizer"                  daemon [_thread_blocked, id=1504, stack(0x00000007f0800000,0x00000007f0900000) (1024K)]
  0x000001cba7860250 JavaThread "Signal Dispatcher"          daemon [_thread_blocked, id=11644, stack(0x00000007f0900000,0x00000007f0a00000) (1024K)]
  0x000001cba7861450 JavaThread "Attach Listener"            daemon [_thread_blocked, id=10696, stack(0x00000007f0a00000,0x00000007f0b00000) (1024K)]
  0x000001cba7861eb0 JavaThread "Service Thread"             daemon [_thread_blocked, id=7348, stack(0x00000007f0b00000,0x00000007f0c00000) (1024K)]
  0x000001cba7864a00 JavaThread "Monitor Deflation Thread"   daemon [_thread_blocked, id=11200, stack(0x00000007f0c00000,0x00000007f0d00000) (1024K)]
=>0x000001cba7865bc0 JavaThread "C2 CompilerThread0"         daemon [_thread_in_native, id=740, stack(0x00000007f0d00000,0x00000007f0e00000) (1024K)]
  0x000001cba78691a0 JavaThread "C1 CompilerThread0"         daemon [_thread_blocked, id=13056, stack(0x00000007f0e00000,0x00000007f0f00000) (1024K)]
  0x000001cba782acb0 JavaThread "Common-Cleaner"             daemon [_thread_blocked, id=32, stack(0x00000007f0f00000,0x00000007f1000000) (1024K)]
  0x000001cba7c26160 JavaThread "Notification Thread"        daemon [_thread_blocked, id=9700, stack(0x00000007f1000000,0x00000007f1100000) (1024K)]
  0x000001cbc25e9570 JavaThread "Daemon health stats"               [_thread_blocked, id=15984, stack(0x00000007f1500000,0x00000007f1600000) (1024K)]
  0x000001cbc2635ca0 JavaThread "Incoming local TCP Connector on port 55419"        [_thread_in_native, id=13900, stack(0x00000007f1600000,0x00000007f1700000) (1024K)]
  0x000001cbc25a8580 JavaThread "Daemon periodic checks"            [_thread_blocked, id=12532, stack(0x00000007f1700000,0x00000007f1800000) (1024K)]
  0x000001cbc26d8a50 JavaThread "Daemon"                            [_thread_blocked, id=1844, stack(0x00000007f1800000,0x00000007f1900000) (1024K)]
  0x000001cbc26c3370 JavaThread "Handler for socket connection from /127.0.0.1:55419 to /127.0.0.1:55420"        [_thread_in_native, id=14732, stack(0x00000007f1900000,0x00000007f1a00000) (1024K)]
  0x000001cbc2709250 JavaThread "Cancel handler"                    [_thread_blocked, id=3196, stack(0x00000007f1a00000,0x00000007f1b00000) (1024K)]
  0x000001cbc28231b0 JavaThread "Daemon worker"                     [_thread_in_native, id=9428, stack(0x00000007f1b00000,0x00000007f1c00000) (1024K)]
  0x000001cbc2823840 JavaThread "Asynchronous log dispatcher for DefaultDaemonConnection: socket connection from /127.0.0.1:55419 to /127.0.0.1:55420"        [_thread_blocked, id=13480, stack(0x00000007f1c00000,0x00000007f1d00000) (1024K)]
  0x000001cbc2824bf0 JavaThread "Stdin handler"                     [_thread_blocked, id=13932, stack(0x00000007f1d00000,0x00000007f1e00000) (1024K)]
  0x000001cbc2823ed0 JavaThread "Daemon client event forwarder"        [_thread_blocked, id=1524, stack(0x00000007f1e00000,0x00000007f1f00000) (1024K)]
  0x000001cbc2824560 JavaThread "Cache worker for journal cache (C:\Users\ASUS\.gradle\caches\journal-1)"        [_thread_blocked, id=6488, stack(0x00000007f1f00000,0x00000007f2000000) (1024K)]
  0x000001cbc2825280 JavaThread "File lock request listener"        [_thread_in_native, id=5376, stack(0x00000007f1400000,0x00000007f1500000) (1024K)]
  0x000001cbc2825910 JavaThread "Cache worker for file hash cache (C:\Users\ASUS\.gradle\caches\8.11.1\fileHashes)"        [_thread_blocked, id=6844, stack(0x00000007f2000000,0x00000007f2100000) (1024K)]
  0x000001cbc2822b20 JavaThread "Cache worker for file content cache (C:\Users\ASUS\.gradle\caches\8.11.1\fileContent)"        [_thread_blocked, id=9844, stack(0x00000007f2100000,0x00000007f2200000) (1024K)]
  0x000001cbc30b3b40 JavaThread "Cache worker for file hash cache (D:\codegym\module4\ss10\bai_tap\complete_shopping_cart\.gradle\8.11.1\fileHashes)"        [_thread_blocked, id=9536, stack(0x00000007f2300000,0x00000007f2400000) (1024K)]
  0x000001cbc30b6930 JavaThread "Cache worker for Build Output Cleanup Cache (D:\codegym\module4\ss10\bai_tap\complete_shopping_cart\.gradle\buildOutputCleanup)"        [_thread_blocked, id=8804, stack(0x00000007f2400000,0x00000007f2500000) (1024K)]
  0x000001cbc30b9090 JavaThread "File watcher server"        daemon [_thread_in_native, id=2900, stack(0x00000007f2500000,0x00000007f2600000) (1024K)]
  0x000001cbc30b4860 JavaThread "File watcher consumer"      daemon [_thread_blocked, id=3892, stack(0x00000007f2600000,0x00000007f2700000) (1024K)]
  0x000001cbc30b9db0 JavaThread "Cache worker for checksums cache (D:\codegym\module4\ss10\bai_tap\complete_shopping_cart\.gradle\8.11.1\checksums)"        [_thread_blocked, id=3412, stack(0x00000007f2700000,0x00000007f2800000) (1024K)]
  0x000001cbc30ba440 JavaThread "Cache worker for cache directory md-rule (C:\Users\ASUS\.gradle\caches\8.11.1\md-rule)"        [_thread_blocked, id=11220, stack(0x00000007f2800000,0x00000007f2900000) (1024K)]
  0x000001cbc30bb160 JavaThread "Cache worker for cache directory md-supplier (C:\Users\ASUS\.gradle\caches\8.11.1\md-supplier)"        [_thread_blocked, id=6432, stack(0x00000007f2900000,0x00000007f2a00000) (1024K)]
  0x000001cbc30b8370 JavaThread "jar transforms"                    [_thread_blocked, id=4576, stack(0x00000007f2200000,0x00000007f2300000) (1024K)]
  0x000001cbc30b8a00 JavaThread "jar transforms Thread 2"           [_thread_blocked, id=15312, stack(0x00000007f2a00000,0x00000007f2b00000) (1024K)]
  0x000001cbc30baad0 JavaThread "jar transforms Thread 3"           [_thread_blocked, id=5940, stack(0x00000007f2c00000,0x00000007f2d00000) (1024K)]
  0x000001cbc30b4ef0 JavaThread "jar transforms Thread 4"           [_thread_blocked, id=13104, stack(0x00000007f2d00000,0x00000007f2e00000) (1024K)]
  0x000001cbc30b7650 JavaThread "Unconstrained build operations"        [_thread_blocked, id=12084, stack(0x00000007f2b00000,0x00000007f2c00000) (1024K)]
  0x000001cbc30b62a0 JavaThread "Unconstrained build operations Thread 2"        [_thread_blocked, id=3300, stack(0x00000007f2e00000,0x00000007f2f00000) (1024K)]
  0x000001cbc30b6fc0 JavaThread "Unconstrained build operations Thread 3"        [_thread_blocked, id=12744, stack(0x00000007f2f00000,0x00000007f3000000) (1024K)]
  0x000001cbc30b7ce0 JavaThread "Unconstrained build operations Thread 4"        [_thread_blocked, id=7272, stack(0x00000007f3000000,0x00000007f3100000) (1024K)]
  0x000001cbc29ba5c0 JavaThread "Unconstrained build operations Thread 5"        [_thread_blocked, id=5636, stack(0x00000007f3100000,0x00000007f3200000) (1024K)]
  0x000001cbc29b77d0 JavaThread "Unconstrained build operations Thread 6"        [_thread_blocked, id=1192, stack(0x00000007f3200000,0x00000007f3300000) (1024K)]
  0x000001cbc29b4350 JavaThread "Unconstrained build operations Thread 7"        [_thread_blocked, id=8240, stack(0x00000007f3300000,0x00000007f3400000) (1024K)]
  0x000001cbc29b6420 JavaThread "Unconstrained build operations Thread 8"        [_thread_blocked, id=5132, stack(0x00000007f3400000,0x00000007f3500000) (1024K)]
  0x000001cbc29b7e60 JavaThread "Unconstrained build operations Thread 9"        [_thread_blocked, id=2480, stack(0x00000007f3500000,0x00000007f3600000) (1024K)]
  0x000001cbc29b84f0 JavaThread "Memory manager"                    [_thread_blocked, id=3416, stack(0x00000007f3600000,0x00000007f3700000) (1024K)]
  0x000001cbc29b3630 JavaThread "ForkJoinPool.commonPool-worker-1" daemon [_thread_blocked, id=15900, stack(0x00000007f3800000,0x00000007f3900000) (1024K)]
  0x000001cbc29b5d90 JavaThread "ForkJoinPool.commonPool-worker-2" daemon [_thread_blocked, id=12340, stack(0x00000007f3900000,0x00000007f3a00000) (1024K)]
  0x000001cbc29b9210 JavaThread "ForkJoinPool.commonPool-worker-3" daemon [_thread_blocked, id=1564, stack(0x00000007f3a00000,0x00000007f3b00000) (1024K)]
  0x000001cbc29b6ab0 JavaThread "Exec process"               daemon [_thread_blocked, id=15716, stack(0x00000007f3b00000,0x00000007f3c00000) (1024K)]
  0x000001cbc29bac50 JavaThread "Exec process Thread 2"      daemon [_thread_blocked, id=6240, stack(0x00000007f3c00000,0x00000007f3d00000) (1024K)]
  0x000001cbc29b49e0 JavaThread "Exec process Thread 3"      daemon [_thread_blocked, id=11148, stack(0x00000007f3d00000,0x00000007f3e00000) (1024K)]
  0x000001cbc29b3cc0 JavaThread "File lock release action executor"        [_thread_blocked, id=1836, stack(0x00000007f3e00000,0x00000007f3f00000) (1024K)]
  0x000001cbc29b7140 JavaThread "Unconstrained build operations Thread 10"        [_thread_blocked, id=10192, stack(0x00000007f3700000,0x00000007f3800000) (1024K)]
  0x000001cbc29b8b80 JavaThread "Unconstrained build operations Thread 11"        [_thread_blocked, id=15940, stack(0x00000007f3f00000,0x00000007f4000000) (1024K)]
  0x000001cbc29b5700 JavaThread "Unconstrained build operations Thread 12"        [_thread_blocked, id=4448, stack(0x00000007f4000000,0x00000007f4100000) (1024K)]
  0x000001cbc29b98a0 JavaThread "Unconstrained build operations Thread 13"        [_thread_blocked, id=14596, stack(0x00000007f4100000,0x00000007f4200000) (1024K)]
  0x000001cbc29b9f30 JavaThread "Unconstrained build operations Thread 14"        [_thread_blocked, id=12484, stack(0x00000007f4200000,0x00000007f4300000) (1024K)]
  0x000001cbc478ac80 JavaThread "Unconstrained build operations Thread 15"        [_thread_blocked, id=9384, stack(0x00000007f4300000,0x00000007f4400000) (1024K)]
  0x000001cbc478cd50 JavaThread "Unconstrained build operations Thread 16"        [_thread_blocked, id=13836, stack(0x00000007f4400000,0x00000007f4500000) (1024K)]
  0x000001cbc4788520 JavaThread "Unconstrained build operations Thread 17"        [_thread_blocked, id=4108, stack(0x00000007f4500000,0x00000007f4600000) (1024K)]
  0x000001cbc478d3e0 JavaThread "Unconstrained build operations Thread 18"        [_thread_blocked, id=12144, stack(0x00000007f4600000,0x00000007f4700000) (1024K)]
  0x000001cbc478da70 JavaThread "Unconstrained build operations Thread 19"        [_thread_blocked, id=6072, stack(0x00000007f4700000,0x00000007f4800000) (1024K)]
  0x000001cbc478b310 JavaThread "Unconstrained build operations Thread 20"        [_thread_blocked, id=16052, stack(0x00000007f4800000,0x00000007f4900000) (1024K)]
  0x000001cbc47898d0 JavaThread "Unconstrained build operations Thread 21"        [_thread_blocked, id=4708, stack(0x00000007f4900000,0x00000007f4a00000) (1024K)]
  0x000001cbc4786ae0 JavaThread "Unconstrained build operations Thread 22"        [_thread_blocked, id=7212, stack(0x00000007f4a00000,0x00000007f4b00000) (1024K)]
  0x000001cbc478b9a0 JavaThread "Unconstrained build operations Thread 23"        [_thread_blocked, id=8528, stack(0x00000007f4b00000,0x00000007f4c00000) (1024K)]
  0x000001cbc478c030 JavaThread "Unconstrained build operations Thread 24"        [_thread_blocked, id=4548, stack(0x00000007f4c00000,0x00000007f4d00000) (1024K)]
  0x000001cbc4788bb0 JavaThread "Unconstrained build operations Thread 25"        [_thread_blocked, id=4560, stack(0x00000007f4d00000,0x00000007f4e00000) (1024K)]
  0x000001cbc478e100 JavaThread "Unconstrained build operations Thread 26"        [_thread_blocked, id=5460, stack(0x00000007f4e00000,0x00000007f4f00000) (1024K)]
  0x000001cbc4787e90 JavaThread "Unconstrained build operations Thread 27"        [_thread_blocked, id=13692, stack(0x00000007f4f00000,0x00000007f5000000) (1024K)]
  0x000001cbc478c6c0 JavaThread "Unconstrained build operations Thread 28"        [_thread_blocked, id=13108, stack(0x00000007f5000000,0x00000007f5100000) (1024K)]
  0x000001cbc4787170 JavaThread "Unconstrained build operations Thread 29"        [_thread_blocked, id=16292, stack(0x00000007f5100000,0x00000007f5200000) (1024K)]
  0x000001cbc4787800 JavaThread "Unconstrained build operations Thread 30"        [_thread_blocked, id=15228, stack(0x00000007f5200000,0x00000007f5300000) (1024K)]
  0x000001cbc4789f60 JavaThread "Unconstrained build operations Thread 31"        [_thread_blocked, id=9208, stack(0x00000007f5300000,0x00000007f5400000) (1024K)]
  0x000001cbc4789240 JavaThread "Unconstrained build operations Thread 32"        [_thread_blocked, id=8760, stack(0x00000007f5400000,0x00000007f5500000) (1024K)]
  0x000001cbc478a5f0 JavaThread "Unconstrained build operations Thread 33"        [_thread_blocked, id=6732, stack(0x00000007f5500000,0x00000007f5600000) (1024K)]
  0x000001cbc5d319d0 JavaThread "Unconstrained build operations Thread 34"        [_thread_blocked, id=6960, stack(0x00000007f5600000,0x00000007f5700000) (1024K)]
  0x000001cbc5d2d1a0 JavaThread "Unconstrained build operations Thread 35"        [_thread_blocked, id=12248, stack(0x00000007f5700000,0x00000007f5800000) (1024K)]
  0x000001cbc5d2f270 JavaThread "Unconstrained build operations Thread 36"        [_thread_blocked, id=12272, stack(0x00000007f5800000,0x00000007f5900000) (1024K)]
  0x000001cbc5d2e550 JavaThread "Unconstrained build operations Thread 37"        [_thread_blocked, id=13760, stack(0x00000007f5900000,0x00000007f5a00000) (1024K)]
  0x000001cbc5d2c480 JavaThread "Unconstrained build operations Thread 38"        [_thread_blocked, id=6188, stack(0x00000007f5a00000,0x00000007f5b00000) (1024K)]
  0x000001cbc5d31340 JavaThread "Unconstrained build operations Thread 39"        [_thread_blocked, id=8172, stack(0x00000007f5b00000,0x00000007f5c00000) (1024K)]
  0x000001cbc5d2cb10 JavaThread "Unconstrained build operations Thread 40"        [_thread_blocked, id=3352, stack(0x00000007f5c00000,0x00000007f5d00000) (1024K)]
Total: 84

Other Threads:
  0x000001cba783fd40 VMThread "VM Thread"                           [id=11376, stack(0x00000007f0600000,0x00000007f0700000) (1024K)]
  0x000001cba78299f0 WatcherThread "VM Periodic Task Thread"        [id=14516, stack(0x00000007f0500000,0x00000007f0600000) (1024K)]
  0x000001cb8d628b30 WorkerThread "GC Thread#0"                     [id=7900, stack(0x00000007f0000000,0x00000007f0100000) (1024K)]
  0x000001cbc1027d60 WorkerThread "GC Thread#1"                     [id=14000, stack(0x00000007f1100000,0x00000007f1200000) (1024K)]
  0x000001cbc1028110 WorkerThread "GC Thread#2"                     [id=15104, stack(0x00000007f1200000,0x00000007f1300000) (1024K)]
  0x000001cbc10288d0 WorkerThread "GC Thread#3"                     [id=14400, stack(0x00000007f1300000,0x00000007f1400000) (1024K)]
  0x000001cb8d62d8d0 ConcurrentGCThread "G1 Main Marker"            [id=2580, stack(0x00000007f0100000,0x00000007f0200000) (1024K)]
  0x000001cb8d62e340 WorkerThread "G1 Conc#0"                       [id=9408, stack(0x00000007f0200000,0x00000007f0300000) (1024K)]
  0x000001cba7701590 ConcurrentGCThread "G1 Refine#0"               [id=10068, stack(0x00000007f0300000,0x00000007f0400000) (1024K)]
  0x000001cba7701ec0 ConcurrentGCThread "G1 Service"                [id=2220, stack(0x00000007f0400000,0x00000007f0500000) (1024K)]
Total: 10

Threads with active compile tasks:
C2 CompilerThread0  26668 8465       4       org.gradle.api.internal.artifacts.ModuleComponentSelectorSerializer::read (50 bytes)
C1 CompilerThread0  26668 8784   !   3       io.spring.gradle.dependencymanagement.org.apache.maven.model.DependencyManagement::clone (137 bytes)
Total: 2

VM state: not at safepoint (normal execution)

VM Mutex/Monitor currently owned by a thread: None

Heap address: 0x00000000e0000000, size: 512 MB, Compressed Oops mode: 32-bit

CDS archive(s) mapped at: [0x000001cba8000000-0x000001cba8c60000-0x000001cba8c60000), size 12976128, SharedBaseAddress: 0x000001cba8000000, ArchiveRelocationMode: 1.
Compressed class space mapped at: 0x000001cba9000000-0x000001cbbd000000, reserved size: 335544320
Narrow klass base: 0x000001cba8000000, Narrow klass shift: 0, Narrow klass range: 0x15000000

GC Precious Log:
 CardTable entry size: 512
 Card Set container configuration: InlinePtr #cards 5 size 8 Array Of Cards #cards 12 size 40 Howl #buckets 4 coarsen threshold 1843 Howl Bitmap #cards 512 size 80 coarsen threshold 460 Card regions per heap region 1 cards per card region 2048
 CPUs: 4 total, 4 available
 Memory: 8076M
 Large Page Support: Disabled
 NUMA Support: Disabled
 Compressed Oops: Enabled (32-bit)
 Heap Region Size: 1M
 Heap Min Capacity: 256M
 Heap Initial Capacity: 256M
 Heap Max Capacity: 512M
 Pre-touch: Disabled
 Parallel Workers: 4
 Concurrent Workers: 1
 Concurrent Refinement Workers: 4
 Periodic GC: Disabled

Heap:
 garbage-first heap   total reserved 524288K, committed 262144K, used 73728K [0x00000000e0000000, 0x0000000100000000)
  region size 1024K, 44 young (45056K), 19 survivors (19456K)
 Metaspace       used 57990K, committed 59968K, reserved 393216K
  class space    used 8451K, committed 9408K, reserved 327680K

Heap Regions: E=young(eden), S=young(survivor), O=old, HS=humongous(starts), HC=humongous(continues), CS=collection set, F=free, TAMS=top-at-mark-start, PB=parsable bottom
|   0|0x00000000e0000000, 0x00000000e0100000, 0x00000000e0100000|100%|HS|  |TAMS 0x00000000e0000000| PB 0x00000000e0000000| Complete |  0
|   1|0x00000000e0100000, 0x00000000e0200000, 0x00000000e0200000|100%|HC|  |TAMS 0x00000000e0100000| PB 0x00000000e0100000| Complete |  0
|   2|0x00000000e0200000, 0x00000000e0300000, 0x00000000e0300000|100%|HC|  |TAMS 0x00000000e0200000| PB 0x00000000e0200000| Complete |  0
|   3|0x00000000e0300000, 0x00000000e0400000, 0x00000000e0400000|100%| O|  |TAMS 0x00000000e0300000| PB 0x00000000e0300000| Untracked |  0
|   4|0x00000000e0400000, 0x00000000e0500000, 0x00000000e0500000|100%| O|  |TAMS 0x00000000e0400000| PB 0x00000000e0400000| Untracked |  0
|   5|0x00000000e0500000, 0x00000000e0600000, 0x00000000e0600000|100%| O|  |TAMS 0x00000000e0500000| PB 0x00000000e0500000| Untracked |  0
|   6|0x00000000e0600000, 0x00000000e0700000, 0x00000000e0700000|100%|HS|  |TAMS 0x00000000e0600000| PB 0x00000000e0600000| Complete |  0
|   7|0x00000000e0700000, 0x00000000e0800000, 0x00000000e0800000|100%| O|  |TAMS 0x00000000e0700000| PB 0x00000000e0700000| Untracked |  0
|   8|0x00000000e0800000, 0x00000000e0900000, 0x00000000e0900000|100%| O|  |TAMS 0x00000000e0800000| PB 0x00000000e0800000| Untracked |  0
|   9|0x00000000e0900000, 0x00000000e0a00000, 0x00000000e0a00000|100%| O|  |TAMS 0x00000000e0900000| PB 0x00000000e0900000| Untracked |  0
|  10|0x00000000e0a00000, 0x00000000e0b00000, 0x00000000e0b00000|100%| O|  |TAMS 0x00000000e0a00000| PB 0x00000000e0a00000| Untracked |  0
|  11|0x00000000e0b00000, 0x00000000e0c00000, 0x00000000e0c00000|100%| O|  |TAMS 0x00000000e0b00000| PB 0x00000000e0b00000| Untracked |  0
|  12|0x00000000e0c00000, 0x00000000e0d00000, 0x00000000e0d00000|100%| O|  |TAMS 0x00000000e0c00000| PB 0x00000000e0c00000| Untracked |  0
|  13|0x00000000e0d00000, 0x00000000e0e00000, 0x00000000e0e00000|100%| O|  |TAMS 0x00000000e0d00000| PB 0x00000000e0d00000| Untracked |  0
|  14|0x00000000e0e00000, 0x00000000e0f00000, 0x00000000e0f00000|100%| O|  |TAMS 0x00000000e0e00000| PB 0x00000000e0e00000| Untracked |  0
|  15|0x00000000e0f00000, 0x00000000e1000000, 0x00000000e1000000|100%| O|  |TAMS 0x00000000e0f00000| PB 0x00000000e0f00000| Untracked |  0
|  16|0x00000000e1000000, 0x00000000e1100000, 0x00000000e1100000|100%| O|  |TAMS 0x00000000e1000000| PB 0x00000000e1000000| Untracked |  0
|  17|0x00000000e1100000, 0x00000000e1200000, 0x00000000e1200000|100%| O|  |TAMS 0x00000000e1100000| PB 0x00000000e1100000| Untracked |  0
|  18|0x00000000e1200000, 0x00000000e1300000, 0x00000000e1300000|100%| O|  |TAMS 0x00000000e1200000| PB 0x00000000e1200000| Untracked |  0
|  19|0x00000000e1300000, 0x00000000e1400000, 0x00000000e1400000|100%| O|  |TAMS 0x00000000e1300000| PB 0x00000000e1300000| Untracked |  0
|  20|0x00000000e1400000, 0x00000000e1500000, 0x00000000e1500000|100%| O|  |TAMS 0x00000000e1400000| PB 0x00000000e1400000| Untracked |  0
|  21|0x00000000e1500000, 0x00000000e1600000, 0x00000000e1600000|100%| O|  |TAMS 0x00000000e1500000| PB 0x00000000e1500000| Untracked |  0
|  22|0x00000000e1600000, 0x00000000e1700000, 0x00000000e1700000|100%| O|  |TAMS 0x00000000e1600000| PB 0x00000000e1600000| Untracked |  0
|  23|0x00000000e1700000, 0x00000000e1800000, 0x00000000e1800000|100%| O|  |TAMS 0x00000000e1700000| PB 0x00000000e1700000| Untracked |  0
|  24|0x00000000e1800000, 0x00000000e1900000, 0x00000000e1900000|100%| O|  |TAMS 0x00000000e1800000| PB 0x00000000e1800000| Untracked |  0
|  25|0x00000000e1900000, 0x00000000e1a00000, 0x00000000e1a00000|100%| O|  |TAMS 0x00000000e1900000| PB 0x00000000e1900000| Untracked |  0
|  26|0x00000000e1a00000, 0x00000000e1b00000, 0x00000000e1b00000|100%| O|  |TAMS 0x00000000e1a00000| PB 0x00000000e1a00000| Untracked |  0
|  27|0x00000000e1b00000, 0x00000000e1c00000, 0x00000000e1c00000|100%| O|  |TAMS 0x00000000e1b00000| PB 0x00000000e1b00000| Untracked |  0
|  28|0x00000000e1c00000, 0x00000000e1d00000, 0x00000000e1d00000|100%| O|  |TAMS 0x00000000e1c00000| PB 0x00000000e1c00000| Untracked |  0
|  29|0x00000000e1d00000, 0x00000000e1d00000, 0x00000000e1e00000|  0%| F|  |TAMS 0x00000000e1d00000| PB 0x00000000e1d00000| Untracked |  0
|  30|0x00000000e1e00000, 0x00000000e1e00000, 0x00000000e1f00000|  0%| F|  |TAMS 0x00000000e1e00000| PB 0x00000000e1e00000| Untracked |  0
|  31|0x00000000e1f00000, 0x00000000e1f00000, 0x00000000e2000000|  0%| F|  |TAMS 0x00000000e1f00000| PB 0x00000000e1f00000| Untracked |  0
|  32|0x00000000e2000000, 0x00000000e2000000, 0x00000000e2100000|  0%| F|  |TAMS 0x00000000e2000000| PB 0x00000000e2000000| Untracked |  0
|  33|0x00000000e2100000, 0x00000000e2100000, 0x00000000e2200000|  0%| F|  |TAMS 0x00000000e2100000| PB 0x00000000e2100000| Untracked |  0
|  34|0x00000000e2200000, 0x00000000e2200000, 0x00000000e2300000|  0%| F|  |TAMS 0x00000000e2200000| PB 0x00000000e2200000| Untracked |  0
|  35|0x00000000e2300000, 0x00000000e2300000, 0x00000000e2400000|  0%| F|  |TAMS 0x00000000e2300000| PB 0x00000000e2300000| Untracked |  0
|  36|0x00000000e2400000, 0x00000000e2400000, 0x00000000e2500000|  0%| F|  |TAMS 0x00000000e2400000| PB 0x00000000e2400000| Untracked |  0
|  37|0x00000000e2500000, 0x00000000e2500000, 0x00000000e2600000|  0%| F|  |TAMS 0x00000000e2500000| PB 0x00000000e2500000| Untracked |  0
|  38|0x00000000e2600000, 0x00000000e2600000, 0x00000000e2700000|  0%| F|  |TAMS 0x00000000e2600000| PB 0x00000000e2600000| Untracked |  0
|  39|0x00000000e2700000, 0x00000000e2700000, 0x00000000e2800000|  0%| F|  |TAMS 0x00000000e2700000| PB 0x00000000e2700000| Untracked |  0
|  40|0x00000000e2800000, 0x00000000e2800000, 0x00000000e2900000|  0%| F|  |TAMS 0x00000000e2800000| PB 0x00000000e2800000| Untracked |  0
|  41|0x00000000e2900000, 0x00000000e2900000, 0x00000000e2a00000|  0%| F|  |TAMS 0x00000000e2900000| PB 0x00000000e2900000| Untracked |  0
|  42|0x00000000e2a00000, 0x00000000e2a00000, 0x00000000e2b00000|  0%| F|  |TAMS 0x00000000e2a00000| PB 0x00000000e2a00000| Untracked |  0
|  43|0x00000000e2b00000, 0x00000000e2b00000, 0x00000000e2c00000|  0%| F|  |TAMS 0x00000000e2b00000| PB 0x00000000e2b00000| Untracked |  0
|  44|0x00000000e2c00000, 0x00000000e2c00000, 0x00000000e2d00000|  0%| F|  |TAMS 0x00000000e2c00000| PB 0x00000000e2c00000| Untracked |  0
|  45|0x00000000e2d00000, 0x00000000e2d00000, 0x00000000e2e00000|  0%| F|  |TAMS 0x00000000e2d00000| PB 0x00000000e2d00000| Untracked |  0
|  46|0x00000000e2e00000, 0x00000000e2e00000, 0x00000000e2f00000|  0%| F|  |TAMS 0x00000000e2e00000| PB 0x00000000e2e00000| Untracked |  0
|  47|0x00000000e2f00000, 0x00000000e2f00000, 0x00000000e3000000|  0%| F|  |TAMS 0x00000000e2f00000| PB 0x00000000e2f00000| Untracked |  0
|  48|0x00000000e3000000, 0x00000000e3000000, 0x00000000e3100000|  0%| F|  |TAMS 0x00000000e3000000| PB 0x00000000e3000000| Untracked |  0
|  49|0x00000000e3100000, 0x00000000e3100000, 0x00000000e3200000|  0%| F|  |TAMS 0x00000000e3100000| PB 0x00000000e3100000| Untracked |  0
|  50|0x00000000e3200000, 0x00000000e3200000, 0x00000000e3300000|  0%| F|  |TAMS 0x00000000e3200000| PB 0x00000000e3200000| Untracked |  0
|  51|0x00000000e3300000, 0x00000000e3300000, 0x00000000e3400000|  0%| F|  |TAMS 0x00000000e3300000| PB 0x00000000e3300000| Untracked |  0
|  52|0x00000000e3400000, 0x00000000e3400000, 0x00000000e3500000|  0%| F|  |TAMS 0x00000000e3400000| PB 0x00000000e3400000| Untracked |  0
|  53|0x00000000e3500000, 0x00000000e3500000, 0x00000000e3600000|  0%| F|  |TAMS 0x00000000e3500000| PB 0x00000000e3500000| Untracked |  0
|  54|0x00000000e3600000, 0x00000000e3600000, 0x00000000e3700000|  0%| F|  |TAMS 0x00000000e3600000| PB 0x00000000e3600000| Untracked |  0
|  55|0x00000000e3700000, 0x00000000e3700000, 0x00000000e3800000|  0%| F|  |TAMS 0x00000000e3700000| PB 0x00000000e3700000| Untracked |  0
|  56|0x00000000e3800000, 0x00000000e3800000, 0x00000000e3900000|  0%| F|  |TAMS 0x00000000e3800000| PB 0x00000000e3800000| Untracked |  0
|  57|0x00000000e3900000, 0x00000000e3900000, 0x00000000e3a00000|  0%| F|  |TAMS 0x00000000e3900000| PB 0x00000000e3900000| Untracked |  0
|  58|0x00000000e3a00000, 0x00000000e3a00000, 0x00000000e3b00000|  0%| F|  |TAMS 0x00000000e3a00000| PB 0x00000000e3a00000| Untracked |  0
|  59|0x00000000e3b00000, 0x00000000e3b00000, 0x00000000e3c00000|  0%| F|  |TAMS 0x00000000e3b00000| PB 0x00000000e3b00000| Untracked |  0
|  60|0x00000000e3c00000, 0x00000000e3c00000, 0x00000000e3d00000|  0%| F|  |TAMS 0x00000000e3c00000| PB 0x00000000e3c00000| Untracked |  0
|  61|0x00000000e3d00000, 0x00000000e3d00000, 0x00000000e3e00000|  0%| F|  |TAMS 0x00000000e3d00000| PB 0x00000000e3d00000| Untracked |  0
|  62|0x00000000e3e00000, 0x00000000e3e00000, 0x00000000e3f00000|  0%| F|  |TAMS 0x00000000e3e00000| PB 0x00000000e3e00000| Untracked |  0
|  63|0x00000000e3f00000, 0x00000000e3f00000, 0x00000000e4000000|  0%| F|  |TAMS 0x00000000e3f00000| PB 0x00000000e3f00000| Untracked |  0
|  64|0x00000000e4000000, 0x00000000e4000000, 0x00000000e4100000|  0%| F|  |TAMS 0x00000000e4000000| PB 0x00000000e4000000| Untracked |  0
|  65|0x00000000e4100000, 0x00000000e4100000, 0x00000000e4200000|  0%| F|  |TAMS 0x00000000e4100000| PB 0x00000000e4100000| Untracked |  0
|  66|0x00000000e4200000, 0x00000000e4200000, 0x00000000e4300000|  0%| F|  |TAMS 0x00000000e4200000| PB 0x00000000e4200000| Untracked |  0
|  67|0x00000000e4300000, 0x00000000e4300000, 0x00000000e4400000|  0%| F|  |TAMS 0x00000000e4300000| PB 0x00000000e4300000| Untracked |  0
|  68|0x00000000e4400000, 0x00000000e4400000, 0x00000000e4500000|  0%| F|  |TAMS 0x00000000e4400000| PB 0x00000000e4400000| Untracked |  0
|  69|0x00000000e4500000, 0x00000000e4500000, 0x00000000e4600000|  0%| F|  |TAMS 0x00000000e4500000| PB 0x00000000e4500000| Untracked |  0
|  70|0x00000000e4600000, 0x00000000e4600000, 0x00000000e4700000|  0%| F|  |TAMS 0x00000000e4600000| PB 0x00000000e4600000| Untracked |  0
|  71|0x00000000e4700000, 0x00000000e4700000, 0x00000000e4800000|  0%| F|  |TAMS 0x00000000e4700000| PB 0x00000000e4700000| Untracked |  0
|  72|0x00000000e4800000, 0x00000000e4800000, 0x00000000e4900000|  0%| F|  |TAMS 0x00000000e4800000| PB 0x00000000e4800000| Untracked |  0
|  73|0x00000000e4900000, 0x00000000e4900000, 0x00000000e4a00000|  0%| F|  |TAMS 0x00000000e4900000| PB 0x00000000e4900000| Untracked |  0
|  74|0x00000000e4a00000, 0x00000000e4a00000, 0x00000000e4b00000|  0%| F|  |TAMS 0x00000000e4a00000| PB 0x00000000e4a00000| Untracked |  0
|  75|0x00000000e4b00000, 0x00000000e4b00000, 0x00000000e4c00000|  0%| F|  |TAMS 0x00000000e4b00000| PB 0x00000000e4b00000| Untracked |  0
|  76|0x00000000e4c00000, 0x00000000e4c00000, 0x00000000e4d00000|  0%| F|  |TAMS 0x00000000e4c00000| PB 0x00000000e4c00000| Untracked |  0
|  77|0x00000000e4d00000, 0x00000000e4d00000, 0x00000000e4e00000|  0%| F|  |TAMS 0x00000000e4d00000| PB 0x00000000e4d00000| Untracked |  0
|  78|0x00000000e4e00000, 0x00000000e4e00000, 0x00000000e4f00000|  0%| F|  |TAMS 0x00000000e4e00000| PB 0x00000000e4e00000| Untracked |  0
|  79|0x00000000e4f00000, 0x00000000e4f00000, 0x00000000e5000000|  0%| F|  |TAMS 0x00000000e4f00000| PB 0x00000000e4f00000| Untracked |  0
|  80|0x00000000e5000000, 0x00000000e5000000, 0x00000000e5100000|  0%| F|  |TAMS 0x00000000e5000000| PB 0x00000000e5000000| Untracked |  0
|  81|0x00000000e5100000, 0x00000000e5100000, 0x00000000e5200000|  0%| F|  |TAMS 0x00000000e5100000| PB 0x00000000e5100000| Untracked |  0
|  82|0x00000000e5200000, 0x00000000e5200000, 0x00000000e5300000|  0%| F|  |TAMS 0x00000000e5200000| PB 0x00000000e5200000| Untracked |  0
|  83|0x00000000e5300000, 0x00000000e5300000, 0x00000000e5400000|  0%| F|  |TAMS 0x00000000e5300000| PB 0x00000000e5300000| Untracked |  0
|  84|0x00000000e5400000, 0x00000000e5500000, 0x00000000e5500000|100%| S|CS|TAMS 0x00000000e5400000| PB 0x00000000e5400000| Complete |  0
|  85|0x00000000e5500000, 0x00000000e5600000, 0x00000000e5600000|100%| S|CS|TAMS 0x00000000e5500000| PB 0x00000000e5500000| Complete |  0
|  86|0x00000000e5600000, 0x00000000e5700000, 0x00000000e5700000|100%| S|CS|TAMS 0x00000000e5600000| PB 0x00000000e5600000| Complete |  0
|  87|0x00000000e5700000, 0x00000000e5800000, 0x00000000e5800000|100%| S|CS|TAMS 0x00000000e5700000| PB 0x00000000e5700000| Complete |  0
|  88|0x00000000e5800000, 0x00000000e5900000, 0x00000000e5900000|100%| S|CS|TAMS 0x00000000e5800000| PB 0x00000000e5800000| Complete |  0
|  89|0x00000000e5900000, 0x00000000e5a00000, 0x00000000e5a00000|100%| S|CS|TAMS 0x00000000e5900000| PB 0x00000000e5900000| Complete |  0
|  90|0x00000000e5a00000, 0x00000000e5b00000, 0x00000000e5b00000|100%| S|CS|TAMS 0x00000000e5a00000| PB 0x00000000e5a00000| Complete |  0
|  91|0x00000000e5b00000, 0x00000000e5c00000, 0x00000000e5c00000|100%| S|CS|TAMS 0x00000000e5b00000| PB 0x00000000e5b00000| Complete |  0
|  92|0x00000000e5c00000, 0x00000000e5d00000, 0x00000000e5d00000|100%| S|CS|TAMS 0x00000000e5c00000| PB 0x00000000e5c00000| Complete |  0
|  93|0x00000000e5d00000, 0x00000000e5e00000, 0x00000000e5e00000|100%| S|CS|TAMS 0x00000000e5d00000| PB 0x00000000e5d00000| Complete |  0
|  94|0x00000000e5e00000, 0x00000000e5f00000, 0x00000000e5f00000|100%| S|CS|TAMS 0x00000000e5e00000| PB 0x00000000e5e00000| Complete |  0
|  95|0x00000000e5f00000, 0x00000000e6000000, 0x00000000e6000000|100%| S|CS|TAMS 0x00000000e5f00000| PB 0x00000000e5f00000| Complete |  0
|  96|0x00000000e6000000, 0x00000000e6100000, 0x00000000e6100000|100%| S|CS|TAMS 0x00000000e6000000| PB 0x00000000e6000000| Complete |  0
|  97|0x00000000e6100000, 0x00000000e6200000, 0x00000000e6200000|100%| S|CS|TAMS 0x00000000e6100000| PB 0x00000000e6100000| Complete |  0
|  98|0x00000000e6200000, 0x00000000e6300000, 0x00000000e6300000|100%| S|CS|TAMS 0x00000000e6200000| PB 0x00000000e6200000| Complete |  0
|  99|0x00000000e6300000, 0x00000000e6400000, 0x00000000e6400000|100%| S|CS|TAMS 0x00000000e6300000| PB 0x00000000e6300000| Complete |  0
| 100|0x00000000e6400000, 0x00000000e6500000, 0x00000000e6500000|100%| S|CS|TAMS 0x00000000e6400000| PB 0x00000000e6400000| Complete |  0
| 101|0x00000000e6500000, 0x00000000e6600000, 0x00000000e6600000|100%| S|CS|TAMS 0x00000000e6500000| PB 0x00000000e6500000| Complete |  0
| 102|0x00000000e6600000, 0x00000000e6700000, 0x00000000e6700000|100%| S|CS|TAMS 0x00000000e6600000| PB 0x00000000e6600000| Complete |  0
| 103|0x00000000e6700000, 0x00000000e6700000, 0x00000000e6800000|  0%| F|  |TAMS 0x00000000e6700000| PB 0x00000000e6700000| Untracked |  0
| 104|0x00000000e6800000, 0x00000000e6800000, 0x00000000e6900000|  0%| F|  |TAMS 0x00000000e6800000| PB 0x00000000e6800000| Untracked |  0
| 105|0x00000000e6900000, 0x00000000e6900000, 0x00000000e6a00000|  0%| F|  |TAMS 0x00000000e6900000| PB 0x00000000e6900000| Untracked |  0
| 106|0x00000000e6a00000, 0x00000000e6a00000, 0x00000000e6b00000|  0%| F|  |TAMS 0x00000000e6a00000| PB 0x00000000e6a00000| Untracked |  0
| 107|0x00000000e6b00000, 0x00000000e6b00000, 0x00000000e6c00000|  0%| F|  |TAMS 0x00000000e6b00000| PB 0x00000000e6b00000| Untracked |  0
| 108|0x00000000e6c00000, 0x00000000e6c00000, 0x00000000e6d00000|  0%| F|  |TAMS 0x00000000e6c00000| PB 0x00000000e6c00000| Untracked |  0
| 109|0x00000000e6d00000, 0x00000000e6d00000, 0x00000000e6e00000|  0%| F|  |TAMS 0x00000000e6d00000| PB 0x00000000e6d00000| Untracked |  0
| 110|0x00000000e6e00000, 0x00000000e6e00000, 0x00000000e6f00000|  0%| F|  |TAMS 0x00000000e6e00000| PB 0x00000000e6e00000| Untracked |  0
| 111|0x00000000e6f00000, 0x00000000e6f00000, 0x00000000e7000000|  0%| F|  |TAMS 0x00000000e6f00000| PB 0x00000000e6f00000| Untracked |  0
| 112|0x00000000e7000000, 0x00000000e7000000, 0x00000000e7100000|  0%| F|  |TAMS 0x00000000e7000000| PB 0x00000000e7000000| Untracked |  0
| 113|0x00000000e7100000, 0x00000000e7100000, 0x00000000e7200000|  0%| F|  |TAMS 0x00000000e7100000| PB 0x00000000e7100000| Untracked |  0
| 114|0x00000000e7200000, 0x00000000e7200000, 0x00000000e7300000|  0%| F|  |TAMS 0x00000000e7200000| PB 0x00000000e7200000| Untracked |  0
| 115|0x00000000e7300000, 0x00000000e7300000, 0x00000000e7400000|  0%| F|  |TAMS 0x00000000e7300000| PB 0x00000000e7300000| Untracked |  0
| 116|0x00000000e7400000, 0x00000000e7400000, 0x00000000e7500000|  0%| F|  |TAMS 0x00000000e7400000| PB 0x00000000e7400000| Untracked |  0
| 117|0x00000000e7500000, 0x00000000e7500000, 0x00000000e7600000|  0%| F|  |TAMS 0x00000000e7500000| PB 0x00000000e7500000| Untracked |  0
| 118|0x00000000e7600000, 0x00000000e7600000, 0x00000000e7700000|  0%| F|  |TAMS 0x00000000e7600000| PB 0x00000000e7600000| Untracked |  0
| 119|0x00000000e7700000, 0x00000000e7700000, 0x00000000e7800000|  0%| F|  |TAMS 0x00000000e7700000| PB 0x00000000e7700000| Untracked |  0
| 120|0x00000000e7800000, 0x00000000e7800000, 0x00000000e7900000|  0%| F|  |TAMS 0x00000000e7800000| PB 0x00000000e7800000| Untracked |  0
| 121|0x00000000e7900000, 0x00000000e7900000, 0x00000000e7a00000|  0%| F|  |TAMS 0x00000000e7900000| PB 0x00000000e7900000| Untracked |  0
| 122|0x00000000e7a00000, 0x00000000e7a00000, 0x00000000e7b00000|  0%| F|  |TAMS 0x00000000e7a00000| PB 0x00000000e7a00000| Untracked |  0
| 123|0x00000000e7b00000, 0x00000000e7b00000, 0x00000000e7c00000|  0%| F|  |TAMS 0x00000000e7b00000| PB 0x00000000e7b00000| Untracked |  0
| 124|0x00000000e7c00000, 0x00000000e7c00000, 0x00000000e7d00000|  0%| F|  |TAMS 0x00000000e7c00000| PB 0x00000000e7c00000| Untracked |  0
| 125|0x00000000e7d00000, 0x00000000e7d00000, 0x00000000e7e00000|  0%| F|  |TAMS 0x00000000e7d00000| PB 0x00000000e7d00000| Untracked |  0
| 126|0x00000000e7e00000, 0x00000000e7e00000, 0x00000000e7f00000|  0%| F|  |TAMS 0x00000000e7e00000| PB 0x00000000e7e00000| Untracked |  0
| 127|0x00000000e7f00000, 0x00000000e7f00000, 0x00000000e8000000|  0%| F|  |TAMS 0x00000000e7f00000| PB 0x00000000e7f00000| Untracked |  0
| 128|0x00000000e8000000, 0x00000000e8000000, 0x00000000e8100000|  0%| F|  |TAMS 0x00000000e8000000| PB 0x00000000e8000000| Untracked |  0
| 129|0x00000000e8100000, 0x00000000e8100000, 0x00000000e8200000|  0%| F|  |TAMS 0x00000000e8100000| PB 0x00000000e8100000| Untracked |  0
| 130|0x00000000e8200000, 0x00000000e8200000, 0x00000000e8300000|  0%| F|  |TAMS 0x00000000e8200000| PB 0x00000000e8200000| Untracked |  0
| 131|0x00000000e8300000, 0x00000000e8300000, 0x00000000e8400000|  0%| F|  |TAMS 0x00000000e8300000| PB 0x00000000e8300000| Untracked |  0
| 132|0x00000000e8400000, 0x00000000e8400000, 0x00000000e8500000|  0%| F|  |TAMS 0x00000000e8400000| PB 0x00000000e8400000| Untracked |  0
| 133|0x00000000e8500000, 0x00000000e8500000, 0x00000000e8600000|  0%| F|  |TAMS 0x00000000e8500000| PB 0x00000000e8500000| Untracked |  0
| 134|0x00000000e8600000, 0x00000000e8600000, 0x00000000e8700000|  0%| F|  |TAMS 0x00000000e8600000| PB 0x00000000e8600000| Untracked |  0
| 135|0x00000000e8700000, 0x00000000e8700000, 0x00000000e8800000|  0%| F|  |TAMS 0x00000000e8700000| PB 0x00000000e8700000| Untracked |  0
| 136|0x00000000e8800000, 0x00000000e8800000, 0x00000000e8900000|  0%| F|  |TAMS 0x00000000e8800000| PB 0x00000000e8800000| Untracked |  0
| 137|0x00000000e8900000, 0x00000000e8900000, 0x00000000e8a00000|  0%| F|  |TAMS 0x00000000e8900000| PB 0x00000000e8900000| Untracked |  0
| 138|0x00000000e8a00000, 0x00000000e8a00000, 0x00000000e8b00000|  0%| F|  |TAMS 0x00000000e8a00000| PB 0x00000000e8a00000| Untracked |  0
| 139|0x00000000e8b00000, 0x00000000e8b00000, 0x00000000e8c00000|  0%| F|  |TAMS 0x00000000e8b00000| PB 0x00000000e8b00000| Untracked |  0
| 140|0x00000000e8c00000, 0x00000000e8c00000, 0x00000000e8d00000|  0%| F|  |TAMS 0x00000000e8c00000| PB 0x00000000e8c00000| Untracked |  0
| 141|0x00000000e8d00000, 0x00000000e8d00000, 0x00000000e8e00000|  0%| F|  |TAMS 0x00000000e8d00000| PB 0x00000000e8d00000| Untracked |  0
| 142|0x00000000e8e00000, 0x00000000e8e00000, 0x00000000e8f00000|  0%| F|  |TAMS 0x00000000e8e00000| PB 0x00000000e8e00000| Untracked |  0
| 143|0x00000000e8f00000, 0x00000000e8f00000, 0x00000000e9000000|  0%| F|  |TAMS 0x00000000e8f00000| PB 0x00000000e8f00000| Untracked |  0
| 144|0x00000000e9000000, 0x00000000e9000000, 0x00000000e9100000|  0%| F|  |TAMS 0x00000000e9000000| PB 0x00000000e9000000| Untracked |  0
| 145|0x00000000e9100000, 0x00000000e9100000, 0x00000000e9200000|  0%| F|  |TAMS 0x00000000e9100000| PB 0x00000000e9100000| Untracked |  0
| 146|0x00000000e9200000, 0x00000000e9200000, 0x00000000e9300000|  0%| F|  |TAMS 0x00000000e9200000| PB 0x00000000e9200000| Untracked |  0
| 147|0x00000000e9300000, 0x00000000e9300000, 0x00000000e9400000|  0%| F|  |TAMS 0x00000000e9300000| PB 0x00000000e9300000| Untracked |  0
| 148|0x00000000e9400000, 0x00000000e9400000, 0x00000000e9500000|  0%| F|  |TAMS 0x00000000e9400000| PB 0x00000000e9400000| Untracked |  0
| 149|0x00000000e9500000, 0x00000000e9500000, 0x00000000e9600000|  0%| F|  |TAMS 0x00000000e9500000| PB 0x00000000e9500000| Untracked |  0
| 150|0x00000000e9600000, 0x00000000e9600000, 0x00000000e9700000|  0%| F|  |TAMS 0x00000000e9600000| PB 0x00000000e9600000| Untracked |  0
| 151|0x00000000e9700000, 0x00000000e9700000, 0x00000000e9800000|  0%| F|  |TAMS 0x00000000e9700000| PB 0x00000000e9700000| Untracked |  0
| 152|0x00000000e9800000, 0x00000000e9800000, 0x00000000e9900000|  0%| F|  |TAMS 0x00000000e9800000| PB 0x00000000e9800000| Untracked |  0
| 153|0x00000000e9900000, 0x00000000e9900000, 0x00000000e9a00000|  0%| F|  |TAMS 0x00000000e9900000| PB 0x00000000e9900000| Untracked |  0
| 154|0x00000000e9a00000, 0x00000000e9a00000, 0x00000000e9b00000|  0%| F|  |TAMS 0x00000000e9a00000| PB 0x00000000e9a00000| Untracked |  0
| 155|0x00000000e9b00000, 0x00000000e9b00000, 0x00000000e9c00000|  0%| F|  |TAMS 0x00000000e9b00000| PB 0x00000000e9b00000| Untracked |  0
| 156|0x00000000e9c00000, 0x00000000e9c00000, 0x00000000e9d00000|  0%| F|  |TAMS 0x00000000e9c00000| PB 0x00000000e9c00000| Untracked |  0
| 157|0x00000000e9d00000, 0x00000000e9d00000, 0x00000000e9e00000|  0%| F|  |TAMS 0x00000000e9d00000| PB 0x00000000e9d00000| Untracked |  0
| 158|0x00000000e9e00000, 0x00000000e9e00000, 0x00000000e9f00000|  0%| F|  |TAMS 0x00000000e9e00000| PB 0x00000000e9e00000| Untracked |  0
| 159|0x00000000e9f00000, 0x00000000e9f00000, 0x00000000ea000000|  0%| F|  |TAMS 0x00000000e9f00000| PB 0x00000000e9f00000| Untracked |  0
| 160|0x00000000ea000000, 0x00000000ea000000, 0x00000000ea100000|  0%| F|  |TAMS 0x00000000ea000000| PB 0x00000000ea000000| Untracked |  0
| 161|0x00000000ea100000, 0x00000000ea100000, 0x00000000ea200000|  0%| F|  |TAMS 0x00000000ea100000| PB 0x00000000ea100000| Untracked |  0
| 162|0x00000000ea200000, 0x00000000ea200000, 0x00000000ea300000|  0%| F|  |TAMS 0x00000000ea200000| PB 0x00000000ea200000| Untracked |  0
| 163|0x00000000ea300000, 0x00000000ea300000, 0x00000000ea400000|  0%| F|  |TAMS 0x00000000ea300000| PB 0x00000000ea300000| Untracked |  0
| 164|0x00000000ea400000, 0x00000000ea400000, 0x00000000ea500000|  0%| F|  |TAMS 0x00000000ea400000| PB 0x00000000ea400000| Untracked |  0
| 165|0x00000000ea500000, 0x00000000ea500000, 0x00000000ea600000|  0%| F|  |TAMS 0x00000000ea500000| PB 0x00000000ea500000| Untracked |  0
| 166|0x00000000ea600000, 0x00000000ea600000, 0x00000000ea700000|  0%| F|  |TAMS 0x00000000ea600000| PB 0x00000000ea600000| Untracked |  0
| 167|0x00000000ea700000, 0x00000000ea700000, 0x00000000ea800000|  0%| F|  |TAMS 0x00000000ea700000| PB 0x00000000ea700000| Untracked |  0
| 168|0x00000000ea800000, 0x00000000ea800000, 0x00000000ea900000|  0%| F|  |TAMS 0x00000000ea800000| PB 0x00000000ea800000| Untracked |  0
| 169|0x00000000ea900000, 0x00000000ea900000, 0x00000000eaa00000|  0%| F|  |TAMS 0x00000000ea900000| PB 0x00000000ea900000| Untracked |  0
| 170|0x00000000eaa00000, 0x00000000eaa00000, 0x00000000eab00000|  0%| F|  |TAMS 0x00000000eaa00000| PB 0x00000000eaa00000| Untracked |  0
| 171|0x00000000eab00000, 0x00000000eab00000, 0x00000000eac00000|  0%| F|  |TAMS 0x00000000eab00000| PB 0x00000000eab00000| Untracked |  0
| 172|0x00000000eac00000, 0x00000000eac00000, 0x00000000ead00000|  0%| F|  |TAMS 0x00000000eac00000| PB 0x00000000eac00000| Untracked |  0
| 173|0x00000000ead00000, 0x00000000ead00000, 0x00000000eae00000|  0%| F|  |TAMS 0x00000000ead00000| PB 0x00000000ead00000| Untracked |  0
| 174|0x00000000eae00000, 0x00000000eae00000, 0x00000000eaf00000|  0%| F|  |TAMS 0x00000000eae00000| PB 0x00000000eae00000| Untracked |  0
| 175|0x00000000eaf00000, 0x00000000eaf00000, 0x00000000eb000000|  0%| F|  |TAMS 0x00000000eaf00000| PB 0x00000000eaf00000| Untracked |  0
| 176|0x00000000eb000000, 0x00000000eb000000, 0x00000000eb100000|  0%| F|  |TAMS 0x00000000eb000000| PB 0x00000000eb000000| Untracked |  0
| 177|0x00000000eb100000, 0x00000000eb100000, 0x00000000eb200000|  0%| F|  |TAMS 0x00000000eb100000| PB 0x00000000eb100000| Untracked |  0
| 178|0x00000000eb200000, 0x00000000eb200000, 0x00000000eb300000|  0%| F|  |TAMS 0x00000000eb200000| PB 0x00000000eb200000| Untracked |  0
| 179|0x00000000eb300000, 0x00000000eb300000, 0x00000000eb400000|  0%| F|  |TAMS 0x00000000eb300000| PB 0x00000000eb300000| Untracked |  0
| 180|0x00000000eb400000, 0x00000000eb400000, 0x00000000eb500000|  0%| F|  |TAMS 0x00000000eb400000| PB 0x00000000eb400000| Untracked |  0
| 181|0x00000000eb500000, 0x00000000eb500000, 0x00000000eb600000|  0%| F|  |TAMS 0x00000000eb500000| PB 0x00000000eb500000| Untracked |  0
| 182|0x00000000eb600000, 0x00000000eb600000, 0x00000000eb700000|  0%| F|  |TAMS 0x00000000eb600000| PB 0x00000000eb600000| Untracked |  0
| 183|0x00000000eb700000, 0x00000000eb700000, 0x00000000eb800000|  0%| F|  |TAMS 0x00000000eb700000| PB 0x00000000eb700000| Untracked |  0
| 184|0x00000000eb800000, 0x00000000eb800000, 0x00000000eb900000|  0%| F|  |TAMS 0x00000000eb800000| PB 0x00000000eb800000| Untracked |  0
| 185|0x00000000eb900000, 0x00000000eb900000, 0x00000000eba00000|  0%| F|  |TAMS 0x00000000eb900000| PB 0x00000000eb900000| Untracked |  0
| 186|0x00000000eba00000, 0x00000000eba00000, 0x00000000ebb00000|  0%| F|  |TAMS 0x00000000eba00000| PB 0x00000000eba00000| Untracked |  0
| 187|0x00000000ebb00000, 0x00000000ebb00000, 0x00000000ebc00000|  0%| F|  |TAMS 0x00000000ebb00000| PB 0x00000000ebb00000| Untracked |  0
| 188|0x00000000ebc00000, 0x00000000ebc00000, 0x00000000ebd00000|  0%| F|  |TAMS 0x00000000ebc00000| PB 0x00000000ebc00000| Untracked |  0
| 189|0x00000000ebd00000, 0x00000000ebd00000, 0x00000000ebe00000|  0%| F|  |TAMS 0x00000000ebd00000| PB 0x00000000ebd00000| Untracked |  0
| 190|0x00000000ebe00000, 0x00000000ebe00000, 0x00000000ebf00000|  0%| F|  |TAMS 0x00000000ebe00000| PB 0x00000000ebe00000| Untracked |  0
| 191|0x00000000ebf00000, 0x00000000ebf00000, 0x00000000ec000000|  0%| F|  |TAMS 0x00000000ebf00000| PB 0x00000000ebf00000| Untracked |  0
| 192|0x00000000ec000000, 0x00000000ec000000, 0x00000000ec100000|  0%| F|  |TAMS 0x00000000ec000000| PB 0x00000000ec000000| Untracked |  0
| 193|0x00000000ec100000, 0x00000000ec100000, 0x00000000ec200000|  0%| F|  |TAMS 0x00000000ec100000| PB 0x00000000ec100000| Untracked |  0
| 194|0x00000000ec200000, 0x00000000ec200000, 0x00000000ec300000|  0%| F|  |TAMS 0x00000000ec200000| PB 0x00000000ec200000| Untracked |  0
| 195|0x00000000ec300000, 0x00000000ec300000, 0x00000000ec400000|  0%| F|  |TAMS 0x00000000ec300000| PB 0x00000000ec300000| Untracked |  0
| 196|0x00000000ec400000, 0x00000000ec400000, 0x00000000ec500000|  0%| F|  |TAMS 0x00000000ec400000| PB 0x00000000ec400000| Untracked |  0
| 197|0x00000000ec500000, 0x00000000ec500000, 0x00000000ec600000|  0%| F|  |TAMS 0x00000000ec500000| PB 0x00000000ec500000| Untracked |  0
| 198|0x00000000ec600000, 0x00000000ec600000, 0x00000000ec700000|  0%| F|  |TAMS 0x00000000ec600000| PB 0x00000000ec600000| Untracked |  0
| 199|0x00000000ec700000, 0x00000000ec700000, 0x00000000ec800000|  0%| F|  |TAMS 0x00000000ec700000| PB 0x00000000ec700000| Untracked |  0
| 200|0x00000000ec800000, 0x00000000ec800000, 0x00000000ec900000|  0%| F|  |TAMS 0x00000000ec800000| PB 0x00000000ec800000| Untracked |  0
| 201|0x00000000ec900000, 0x00000000ec900000, 0x00000000eca00000|  0%| F|  |TAMS 0x00000000ec900000| PB 0x00000000ec900000| Untracked |  0
| 202|0x00000000eca00000, 0x00000000eca00000, 0x00000000ecb00000|  0%| F|  |TAMS 0x00000000eca00000| PB 0x00000000eca00000| Untracked |  0
| 203|0x00000000ecb00000, 0x00000000ecb00000, 0x00000000ecc00000|  0%| F|  |TAMS 0x00000000ecb00000| PB 0x00000000ecb00000| Untracked |  0
| 204|0x00000000ecc00000, 0x00000000ecc00000, 0x00000000ecd00000|  0%| F|  |TAMS 0x00000000ecc00000| PB 0x00000000ecc00000| Untracked |  0
| 205|0x00000000ecd00000, 0x00000000ecd00000, 0x00000000ece00000|  0%| F|  |TAMS 0x00000000ecd00000| PB 0x00000000ecd00000| Untracked |  0
| 206|0x00000000ece00000, 0x00000000ece00000, 0x00000000ecf00000|  0%| F|  |TAMS 0x00000000ece00000| PB 0x00000000ece00000| Untracked |  0
| 207|0x00000000ecf00000, 0x00000000ecf00000, 0x00000000ed000000|  0%| F|  |TAMS 0x00000000ecf00000| PB 0x00000000ecf00000| Untracked |  0
| 208|0x00000000ed000000, 0x00000000ed000000, 0x00000000ed100000|  0%| F|  |TAMS 0x00000000ed000000| PB 0x00000000ed000000| Untracked |  0
| 209|0x00000000ed100000, 0x00000000ed100000, 0x00000000ed200000|  0%| F|  |TAMS 0x00000000ed100000| PB 0x00000000ed100000| Untracked |  0
| 210|0x00000000ed200000, 0x00000000ed200000, 0x00000000ed300000|  0%| F|  |TAMS 0x00000000ed200000| PB 0x00000000ed200000| Untracked |  0
| 211|0x00000000ed300000, 0x00000000ed300000, 0x00000000ed400000|  0%| F|  |TAMS 0x00000000ed300000| PB 0x00000000ed300000| Untracked |  0
| 212|0x00000000ed400000, 0x00000000ed400000, 0x00000000ed500000|  0%| F|  |TAMS 0x00000000ed400000| PB 0x00000000ed400000| Untracked |  0
| 213|0x00000000ed500000, 0x00000000ed500000, 0x00000000ed600000|  0%| F|  |TAMS 0x00000000ed500000| PB 0x00000000ed500000| Untracked |  0
| 214|0x00000000ed600000, 0x00000000ed600000, 0x00000000ed700000|  0%| F|  |TAMS 0x00000000ed600000| PB 0x00000000ed600000| Untracked |  0
| 215|0x00000000ed700000, 0x00000000ed700000, 0x00000000ed800000|  0%| F|  |TAMS 0x00000000ed700000| PB 0x00000000ed700000| Untracked |  0
| 216|0x00000000ed800000, 0x00000000ed800000, 0x00000000ed900000|  0%| F|  |TAMS 0x00000000ed800000| PB 0x00000000ed800000| Untracked |  0
| 217|0x00000000ed900000, 0x00000000ed900000, 0x00000000eda00000|  0%| F|  |TAMS 0x00000000ed900000| PB 0x00000000ed900000| Untracked |  0
| 218|0x00000000eda00000, 0x00000000eda00000, 0x00000000edb00000|  0%| F|  |TAMS 0x00000000eda00000| PB 0x00000000eda00000| Untracked |  0
| 219|0x00000000edb00000, 0x00000000edb00000, 0x00000000edc00000|  0%| F|  |TAMS 0x00000000edb00000| PB 0x00000000edb00000| Untracked |  0
| 220|0x00000000edc00000, 0x00000000edc00000, 0x00000000edd00000|  0%| F|  |TAMS 0x00000000edc00000| PB 0x00000000edc00000| Untracked |  0
| 221|0x00000000edd00000, 0x00000000edd00000, 0x00000000ede00000|  0%| F|  |TAMS 0x00000000edd00000| PB 0x00000000edd00000| Untracked |  0
| 222|0x00000000ede00000, 0x00000000ede00000, 0x00000000edf00000|  0%| F|  |TAMS 0x00000000ede00000| PB 0x00000000ede00000| Untracked |  0
| 223|0x00000000edf00000, 0x00000000edf00000, 0x00000000ee000000|  0%| F|  |TAMS 0x00000000edf00000| PB 0x00000000edf00000| Untracked |  0
| 224|0x00000000ee000000, 0x00000000ee000000, 0x00000000ee100000|  0%| F|  |TAMS 0x00000000ee000000| PB 0x00000000ee000000| Untracked |  0
| 225|0x00000000ee100000, 0x00000000ee100000, 0x00000000ee200000|  0%| F|  |TAMS 0x00000000ee100000| PB 0x00000000ee100000| Untracked |  0
| 226|0x00000000ee200000, 0x00000000ee200000, 0x00000000ee300000|  0%| F|  |TAMS 0x00000000ee200000| PB 0x00000000ee200000| Untracked |  0
| 227|0x00000000ee300000, 0x00000000ee300000, 0x00000000ee400000|  0%| F|  |TAMS 0x00000000ee300000| PB 0x00000000ee300000| Untracked |  0
| 228|0x00000000ee400000, 0x00000000ee400000, 0x00000000ee500000|  0%| F|  |TAMS 0x00000000ee400000| PB 0x00000000ee400000| Untracked |  0
| 229|0x00000000ee500000, 0x00000000ee500000, 0x00000000ee600000|  0%| F|  |TAMS 0x00000000ee500000| PB 0x00000000ee500000| Untracked |  0
| 230|0x00000000ee600000, 0x00000000ee600000, 0x00000000ee700000|  0%| F|  |TAMS 0x00000000ee600000| PB 0x00000000ee600000| Untracked |  0
| 231|0x00000000ee700000, 0x00000000ee79a650, 0x00000000ee800000| 60%| E|  |TAMS 0x00000000ee700000| PB 0x00000000ee700000| Complete |  0
| 232|0x00000000ee800000, 0x00000000ee900000, 0x00000000ee900000|100%| E|CS|TAMS 0x00000000ee800000| PB 0x00000000ee800000| Complete |  0
| 233|0x00000000ee900000, 0x00000000eea00000, 0x00000000eea00000|100%| E|CS|TAMS 0x00000000ee900000| PB 0x00000000ee900000| Complete |  0
| 234|0x00000000eea00000, 0x00000000eeb00000, 0x00000000eeb00000|100%| E|CS|TAMS 0x00000000eea00000| PB 0x00000000eea00000| Complete |  0
| 235|0x00000000eeb00000, 0x00000000eec00000, 0x00000000eec00000|100%| E|CS|TAMS 0x00000000eeb00000| PB 0x00000000eeb00000| Complete |  0
| 236|0x00000000eec00000, 0x00000000eed00000, 0x00000000eed00000|100%| E|CS|TAMS 0x00000000eec00000| PB 0x00000000eec00000| Complete |  0
| 237|0x00000000eed00000, 0x00000000eee00000, 0x00000000eee00000|100%| E|CS|TAMS 0x00000000eed00000| PB 0x00000000eed00000| Complete |  0
| 238|0x00000000eee00000, 0x00000000eef00000, 0x00000000eef00000|100%| E|CS|TAMS 0x00000000eee00000| PB 0x00000000eee00000| Complete |  0
| 239|0x00000000eef00000, 0x00000000ef000000, 0x00000000ef000000|100%| E|CS|TAMS 0x00000000eef00000| PB 0x00000000eef00000| Complete |  0
| 240|0x00000000ef000000, 0x00000000ef100000, 0x00000000ef100000|100%| E|CS|TAMS 0x00000000ef000000| PB 0x00000000ef000000| Complete |  0
| 241|0x00000000ef100000, 0x00000000ef200000, 0x00000000ef200000|100%| E|CS|TAMS 0x00000000ef100000| PB 0x00000000ef100000| Complete |  0
| 242|0x00000000ef200000, 0x00000000ef300000, 0x00000000ef300000|100%| E|CS|TAMS 0x00000000ef200000| PB 0x00000000ef200000| Complete |  0
| 243|0x00000000ef300000, 0x00000000ef400000, 0x00000000ef400000|100%| E|CS|TAMS 0x00000000ef300000| PB 0x00000000ef300000| Complete |  0
| 244|0x00000000ef400000, 0x00000000ef500000, 0x00000000ef500000|100%| E|CS|TAMS 0x00000000ef400000| PB 0x00000000ef400000| Complete |  0
| 245|0x00000000ef500000, 0x00000000ef600000, 0x00000000ef600000|100%| E|CS|TAMS 0x00000000ef500000| PB 0x00000000ef500000| Complete |  0
| 246|0x00000000ef600000, 0x00000000ef700000, 0x00000000ef700000|100%| E|CS|TAMS 0x00000000ef600000| PB 0x00000000ef600000| Complete |  0
| 247|0x00000000ef700000, 0x00000000ef800000, 0x00000000ef800000|100%| E|CS|TAMS 0x00000000ef700000| PB 0x00000000ef700000| Complete |  0
| 248|0x00000000ef800000, 0x00000000ef900000, 0x00000000ef900000|100%| E|CS|TAMS 0x00000000ef800000| PB 0x00000000ef800000| Complete |  0
| 249|0x00000000ef900000, 0x00000000efa00000, 0x00000000efa00000|100%| E|CS|TAMS 0x00000000ef900000| PB 0x00000000ef900000| Complete |  0
| 250|0x00000000efa00000, 0x00000000efb00000, 0x00000000efb00000|100%| E|CS|TAMS 0x00000000efa00000| PB 0x00000000efa00000| Complete |  0
| 251|0x00000000efb00000, 0x00000000efc00000, 0x00000000efc00000|100%| E|CS|TAMS 0x00000000efb00000| PB 0x00000000efb00000| Complete |  0
| 252|0x00000000efc00000, 0x00000000efd00000, 0x00000000efd00000|100%| E|CS|TAMS 0x00000000efc00000| PB 0x00000000efc00000| Complete |  0
| 253|0x00000000efd00000, 0x00000000efe00000, 0x00000000efe00000|100%| E|CS|TAMS 0x00000000efd00000| PB 0x00000000efd00000| Complete |  0
| 254|0x00000000efe00000, 0x00000000eff00000, 0x00000000eff00000|100%| E|CS|TAMS 0x00000000efe00000| PB 0x00000000efe00000| Complete |  0
| 255|0x00000000eff00000, 0x00000000f0000000, 0x00000000f0000000|100%| E|CS|TAMS 0x00000000eff00000| PB 0x00000000eff00000| Complete |  0

Card table byte_map: [0x000001cba4950000,0x000001cba4a50000] _byte_map_base: 0x000001cba4250000

Marking Bits: (CMBitMap*) 0x000001cb8d628ff0
 Bits: [0x000001cba4a50000, 0x000001cba5250000)

Polling page: 0x000001cb8cdd0000

Metaspace:

Usage:
  Non-class:     48.38 MB used.
      Class:      8.25 MB used.
       Both:     56.63 MB used.

Virtual space:
  Non-class space:       64.00 MB reserved,      49.38 MB ( 77%) committed,  1 nodes.
      Class space:      320.00 MB reserved,       9.19 MB (  3%) committed,  1 nodes.
             Both:      384.00 MB reserved,      58.56 MB ( 15%) committed. 

Chunk freelists:
   Non-Class:  14.52 MB
       Class:  6.63 MB
        Both:  21.15 MB

MaxMetaspaceSize: 384.00 MB
CompressedClassSpaceSize: 320.00 MB
Initial GC threshold: 21.00 MB
Current GC threshold: 58.69 MB
CDS: on
 - commit_granule_bytes: 65536.
 - commit_granule_words: 8192.
 - virtual_space_node_default_size: 8388608.
 - enlarge_chunks_in_place: 1.
 - use_allocation_guard: 0.


Internal statistics:

num_allocs_failed_limit: 6.
num_arena_births: 3474.
num_arena_deaths: 0.
num_vsnodes_births: 2.
num_vsnodes_deaths: 0.
num_space_committed: 937.
num_space_uncommitted: 0.
num_chunks_returned_to_freelist: 6.
num_chunks_taken_from_freelist: 6173.
num_chunk_merges: 3.
num_chunk_splits: 4001.
num_chunks_enlarged: 2466.
num_inconsistent_stats: 0.

CodeHeap 'non-profiled nmethods': size=120000Kb used=4654Kb max_used=4654Kb free=115345Kb
 bounds [0x000001cb9d420000, 0x000001cb9d8b0000, 0x000001cba4950000]
CodeHeap 'profiled nmethods': size=120000Kb used=15899Kb max_used=15899Kb free=104100Kb
 bounds [0x000001cb95950000, 0x000001cb968e0000, 0x000001cb9ce80000]
CodeHeap 'non-nmethods': size=5760Kb used=2771Kb max_used=2853Kb free=2988Kb
 bounds [0x000001cb9ce80000, 0x000001cb9d150000, 0x000001cb9d420000]
 total_blobs=9152 nmethods=8258 adapters=798
 compilation: enabled
              stopped_count=0, restarted_count=0
 full_count=0

Compilation events (20 events):
Event: 26.525 Thread 0x000001cba78691a0 8591       3       org.gradle.api.internal.artifacts.ivyservice.resolveengine.graph.builder.ResolveState$$Lambda/0x000001cba973a7e8::apply (20 bytes)
Event: 26.525 Thread 0x000001cba78691a0 nmethod 8591 0x000001cb96868810 code [0x000001cb968689c0, 0x000001cb96868c10]
Event: 26.525 Thread 0x000001cba78691a0 8592       3       org.gradle.api.internal.artifacts.ivyservice.resolveengine.graph.builder.ResolveState::lambda$getModule$0 (42 bytes)
Event: 26.525 Thread 0x000001cba78691a0 nmethod 8592 0x000001cb96868d10 code [0x000001cb96868ec0, 0x000001cb968690d8]
Event: 26.525 Thread 0x000001cba78691a0 8593       1       org.gradle.internal.component.model.LocalComponentDependencyMetadata::isFromLock (5 bytes)
Event: 26.525 Thread 0x000001cba78691a0 nmethod 8593 0x000001cb9d8a1190 code [0x000001cb9d8a1320, 0x000001cb9d8a13f0]
Event: 26.525 Thread 0x000001cba78691a0 8594       1       org.gradle.internal.component.model.LocalComponentDependencyMetadata::getReason (5 bytes)
Event: 26.525 Thread 0x000001cba78691a0 nmethod 8594 0x000001cb9d8a1490 code [0x000001cb9d8a1620, 0x000001cb9d8a16e8]
Event: 26.525 Thread 0x000001cba78691a0 8595       1       org.gradle.internal.component.model.LocalComponentDependencyMetadata::isChanging (5 bytes)
Event: 26.525 Thread 0x000001cba78691a0 nmethod 8595 0x000001cb9d8a1790 code [0x000001cb9d8a1920, 0x000001cb9d8a19f0]
Event: 26.525 Thread 0x000001cba78691a0 8596       1       org.gradle.internal.component.model.LocalComponentDependencyMetadata::isTransitive (5 bytes)
Event: 26.525 Thread 0x000001cba78691a0 nmethod 8596 0x000001cb9d8a1a90 code [0x000001cb9d8a1c20, 0x000001cb9d8a1cf0]
Event: 26.525 Thread 0x000001cba78691a0 8597       3       java.util.LinkedHashMap$LinkedValues::size (8 bytes)
Event: 26.525 Thread 0x000001cba78691a0 nmethod 8597 0x000001cb96869190 code [0x000001cb96869320, 0x000001cb96869438]
Event: 26.525 Thread 0x000001cba78691a0 8598       3       org.gradle.internal.resolve.result.DefaultBuildableComponentIdResolveResult::hasResult (20 bytes)
Event: 26.526 Thread 0x000001cba78691a0 nmethod 8598 0x000001cb96869510 code [0x000001cb968696a0, 0x000001cb96869838]
Event: 26.526 Thread 0x000001cba78691a0 8599       3       org.gradle.api.internal.artifacts.ivyservice.resolveengine.graph.builder.ModuleSelectors::first (23 bytes)
Event: 26.526 Thread 0x000001cba78691a0 nmethod 8599 0x000001cb96869910 code [0x000001cb96869ae0, 0x000001cb96869f40]
Event: 26.526 Thread 0x000001cba78691a0 8600       1       org.gradle.api.internal.artifacts.ivyservice.resolveengine.graph.builder.ResolveState::getComponentMetadataResolver (5 bytes)
Event: 26.526 Thread 0x000001cba78691a0 nmethod 8600 0x000001cb9d8a1d90 code [0x000001cb9d8a1f20, 0x000001cb9d8a1fe8]

GC Heap History (14 events):
Event: 0.707 GC heap before
{Heap before GC invocations=0 (full 0):
 garbage-first heap   total reserved 524288K, committed 262144K, used 13312K [0x00000000e0000000, 0x0000000100000000)
  region size 1024K, 14 young (14336K), 0 survivors (0K)
 Metaspace       used 817K, committed 960K, reserved 393216K
  class space    used 67K, committed 128K, reserved 327680K
}
Event: 0.710 GC heap after
{Heap after GC invocations=1 (full 0):
 garbage-first heap   total reserved 524288K, committed 262144K, used 1344K [0x00000000e0000000, 0x0000000100000000)
  region size 1024K, 2 young (2048K), 2 survivors (2048K)
 Metaspace       used 817K, committed 960K, reserved 393216K
  class space    used 67K, committed 128K, reserved 327680K
}
Event: 2.449 GC heap before
{Heap before GC invocations=1 (full 0):
 garbage-first heap   total reserved 524288K, committed 262144K, used 30016K [0x00000000e0000000, 0x0000000100000000)
  region size 1024K, 28 young (28672K), 2 survivors (2048K)
 Metaspace       used 4018K, committed 4224K, reserved 393216K
  class space    used 507K, committed 640K, reserved 327680K
}
Event: 2.453 GC heap after
{Heap after GC invocations=2 (full 0):
 garbage-first heap   total reserved 524288K, committed 262144K, used 9951K [0x00000000e0000000, 0x0000000100000000)
  region size 1024K, 4 young (4096K), 4 survivors (4096K)
 Metaspace       used 4018K, committed 4224K, reserved 393216K
  class space    used 507K, committed 640K, reserved 327680K
}
Event: 8.468 GC heap before
{Heap before GC invocations=2 (full 0):
 garbage-first heap   total reserved 524288K, committed 262144K, used 162527K [0x00000000e0000000, 0x0000000100000000)
  region size 1024K, 153 young (156672K), 4 survivors (4096K)
 Metaspace       used 20880K, committed 21504K, reserved 393216K
  class space    used 3107K, committed 3392K, reserved 327680K
}
Event: 8.492 GC heap after
{Heap after GC invocations=3 (full 0):
 garbage-first heap   total reserved 524288K, committed 262144K, used 24174K [0x00000000e0000000, 0x0000000100000000)
  region size 1024K, 17 young (17408K), 17 survivors (17408K)
 Metaspace       used 20880K, committed 21504K, reserved 393216K
  class space    used 3107K, committed 3392K, reserved 327680K
}
Event: 11.388 GC heap before
{Heap before GC invocations=4 (full 0):
 garbage-first heap   total reserved 524288K, committed 262144K, used 98926K [0x00000000e0000000, 0x0000000100000000)
  region size 1024K, 90 young (92160K), 17 survivors (17408K)
 Metaspace       used 30297K, committed 31680K, reserved 393216K
  class space    used 4719K, committed 5376K, reserved 327680K
}
Event: 11.410 GC heap after
{Heap after GC invocations=5 (full 0):
 garbage-first heap   total reserved 524288K, committed 262144K, used 28617K [0x00000000e0000000, 0x0000000100000000)
  region size 1024K, 5 young (5120K), 5 survivors (5120K)
 Metaspace       used 30297K, committed 31680K, reserved 393216K
  class space    used 4719K, committed 5376K, reserved 327680K
}
Event: 12.888 GC heap before
{Heap before GC invocations=5 (full 0):
 garbage-first heap   total reserved 524288K, committed 262144K, used 46025K [0x00000000e0000000, 0x0000000100000000)
  region size 1024K, 23 young (23552K), 5 survivors (5120K)
 Metaspace       used 34657K, committed 35968K, reserved 393216K
  class space    used 5197K, committed 5824K, reserved 327680K
}
Event: 12.894 GC heap after
{Heap after GC invocations=6 (full 0):
 garbage-first heap   total reserved 524288K, committed 262144K, used 30211K [0x00000000e0000000, 0x0000000100000000)
  region size 1024K, 7 young (7168K), 7 survivors (7168K)
 Metaspace       used 34657K, committed 35968K, reserved 393216K
  class space    used 5197K, committed 5824K, reserved 327680K
}
Event: 17.913 GC heap before
{Heap before GC invocations=7 (full 0):
 garbage-first heap   total reserved 524288K, committed 262144K, used 168451K [0x00000000e0000000, 0x0000000100000000)
  region size 1024K, 136 young (139264K), 7 survivors (7168K)
 Metaspace       used 48062K, committed 49856K, reserved 393216K
  class space    used 7078K, committed 7936K, reserved 327680K
}
Event: 17.930 GC heap after
{Heap after GC invocations=8 (full 0):
 garbage-first heap   total reserved 524288K, committed 262144K, used 38817K [0x00000000e0000000, 0x0000000100000000)
  region size 1024K, 15 young (15360K), 15 survivors (15360K)
 Metaspace       used 48062K, committed 49856K, reserved 393216K
  class space    used 7078K, committed 7936K, reserved 327680K
}
Event: 25.735 GC heap before
{Heap before GC invocations=8 (full 0):
 garbage-first heap   total reserved 524288K, committed 262144K, used 180129K [0x00000000e0000000, 0x0000000100000000)
  region size 1024K, 153 young (156672K), 15 survivors (15360K)
 Metaspace       used 57510K, committed 59520K, reserved 393216K
  class space    used 8418K, committed 9408K, reserved 327680K
}
Event: 25.755 GC heap after
{Heap after GC invocations=9 (full 0):
 garbage-first heap   total reserved 524288K, committed 262144K, used 49152K [0x00000000e0000000, 0x0000000100000000)
  region size 1024K, 19 young (19456K), 19 survivors (19456K)
 Metaspace       used 57510K, committed 59520K, reserved 393216K
  class space    used 8418K, committed 9408K, reserved 327680K
}

Dll operation events (15 events):
Event: 0.022 Loaded shared library C:\Users\ASUS\.jdks\openjdk-22.0.2\bin\java.dll
Event: 0.141 Loaded shared library C:\Users\ASUS\.jdks\openjdk-22.0.2\bin\jsvml.dll
Event: 0.211 Loaded shared library C:\Users\ASUS\.jdks\openjdk-22.0.2\bin\zip.dll
Event: 0.219 Loaded shared library C:\Users\ASUS\.jdks\openjdk-22.0.2\bin\instrument.dll
Event: 0.238 Loaded shared library C:\Users\ASUS\.jdks\openjdk-22.0.2\bin\net.dll
Event: 0.241 Loaded shared library C:\Users\ASUS\.jdks\openjdk-22.0.2\bin\nio.dll
Event: 0.245 Loaded shared library C:\Users\ASUS\.jdks\openjdk-22.0.2\bin\zip.dll
Event: 0.780 Loaded shared library C:\Users\ASUS\.jdks\openjdk-22.0.2\bin\jimage.dll
Event: 1.251 Loaded shared library C:\Users\ASUS\.jdks\openjdk-22.0.2\bin\verify.dll
Event: 1.923 Loaded shared library C:\Users\ASUS\.gradle\native\c067742578af261105cb4f569cf0c3c89f3d7b1fecec35dd04571415982c5e48\windows-amd64\native-platform.dll
Event: 1.952 Loaded shared library C:\Users\ASUS\.gradle\native\100fb08df4bc3b14c8652ba06237920a3bd2aa13389f12d3474272988ae205f9\windows-amd64\native-platform-file-events.dll
Event: 4.390 Loaded shared library C:\Users\ASUS\.jdks\openjdk-22.0.2\bin\management.dll
Event: 4.403 Loaded shared library C:\Users\ASUS\.jdks\openjdk-22.0.2\bin\management_ext.dll
Event: 4.807 Loaded shared library C:\Users\ASUS\.jdks\openjdk-22.0.2\bin\extnet.dll
Event: 5.093 Loaded shared library C:\Users\ASUS\.jdks\openjdk-22.0.2\bin\sunmscapi.dll

Deoptimization events (20 events):
Event: 26.153 Thread 0x000001cbc28231b0 DEOPT PACKING pc=0x000001cb9d8765ec sp=0x00000007f1bfa270
Event: 26.153 Thread 0x000001cbc28231b0 DEOPT UNPACKING pc=0x000001cb9ced46a2 sp=0x00000007f1bfa238 mode 2
Event: 26.153 Thread 0x000001cbc28231b0 Uncommon trap: trap_request=0xffffffd6 fr.pc=0x000001cb9d8765ec relative=0x000000000000038c
Event: 26.153 Thread 0x000001cbc28231b0 Uncommon trap: reason=array_check action=maybe_recompile pc=0x000001cb9d8765ec method=com.google.common.collect.ImmutableMap$Builder.put(Ljava/lang/Object;Ljava/lang/Object;)Lcom/google/common/collect/ImmutableMap$Builder; @ 32 c2
Event: 26.153 Thread 0x000001cbc28231b0 DEOPT PACKING pc=0x000001cb9d8765ec sp=0x00000007f1bfa270
Event: 26.153 Thread 0x000001cbc28231b0 DEOPT UNPACKING pc=0x000001cb9ced46a2 sp=0x00000007f1bfa238 mode 2
Event: 26.153 Thread 0x000001cbc28231b0 Uncommon trap: trap_request=0xffffffd6 fr.pc=0x000001cb9d8765ec relative=0x000000000000038c
Event: 26.153 Thread 0x000001cbc28231b0 Uncommon trap: reason=array_check action=maybe_recompile pc=0x000001cb9d8765ec method=com.google.common.collect.ImmutableMap$Builder.put(Ljava/lang/Object;Ljava/lang/Object;)Lcom/google/common/collect/ImmutableMap$Builder; @ 32 c2
Event: 26.153 Thread 0x000001cbc28231b0 DEOPT PACKING pc=0x000001cb9d8765ec sp=0x00000007f1bfa270
Event: 26.153 Thread 0x000001cbc28231b0 DEOPT UNPACKING pc=0x000001cb9ced46a2 sp=0x00000007f1bfa238 mode 2
Event: 26.153 Thread 0x000001cbc28231b0 Uncommon trap: trap_request=0xffffffd6 fr.pc=0x000001cb9d8765ec relative=0x000000000000038c
Event: 26.153 Thread 0x000001cbc28231b0 Uncommon trap: reason=array_check action=maybe_recompile pc=0x000001cb9d8765ec method=com.google.common.collect.ImmutableMap$Builder.put(Ljava/lang/Object;Ljava/lang/Object;)Lcom/google/common/collect/ImmutableMap$Builder; @ 32 c2
Event: 26.153 Thread 0x000001cbc28231b0 DEOPT PACKING pc=0x000001cb9d8765ec sp=0x00000007f1bfa270
Event: 26.153 Thread 0x000001cbc28231b0 DEOPT UNPACKING pc=0x000001cb9ced46a2 sp=0x00000007f1bfa238 mode 2
Event: 26.190 Thread 0x000001cbc28231b0 DEOPT PACKING pc=0x000001cb95e4cf94 sp=0x00000007f1bf8270
Event: 26.190 Thread 0x000001cbc28231b0 DEOPT UNPACKING pc=0x000001cb9ced4e42 sp=0x00000007f1bf7770 mode 0
Event: 26.490 Thread 0x000001cbc28231b0 Uncommon trap: trap_request=0xffffff45 fr.pc=0x000001cb9d8578f4 relative=0x0000000000000074
Event: 26.490 Thread 0x000001cbc28231b0 Uncommon trap: reason=unstable_if action=reinterpret pc=0x000001cb9d8578f4 method=com.esotericsoftware.kryo.io.Output.require(I)Z @ 10 c2
Event: 26.490 Thread 0x000001cbc28231b0 DEOPT PACKING pc=0x000001cb9d8578f4 sp=0x00000007f1bf8c80
Event: 26.490 Thread 0x000001cbc28231b0 DEOPT UNPACKING pc=0x000001cb9ced46a2 sp=0x00000007f1bf8c00 mode 2

Classes loaded (20 events):
Event: 21.424 Loading class sun/util/logging/internal/LoggingProviderImpl$JULWrapper
Event: 21.425 Loading class sun/util/logging/PlatformLogger$ConfigurableBridge$LoggerConfiguration
Event: 21.425 Loading class sun/util/logging/PlatformLogger$ConfigurableBridge$LoggerConfiguration done
Event: 21.425 Loading class sun/util/logging/internal/LoggingProviderImpl$JULWrapper done
Event: 21.425 Loading class java/lang/System$Logger$Level
Event: 21.426 Loading class java/lang/System$Logger$Level done
Event: 21.970 Loading class java/io/ObjectOutputStream$BlockDataOutputStream
Event: 21.971 Loading class java/io/ObjectOutputStream$BlockDataOutputStream done
Event: 21.971 Loading class java/io/ObjectOutputStream$HandleTable
Event: 21.974 Loading class java/io/ObjectOutputStream$HandleTable done
Event: 21.975 Loading class java/io/ObjectOutputStream$ReplaceTable
Event: 21.976 Loading class java/io/ObjectOutputStream$ReplaceTable done
Event: 23.345 Loading class java/util/stream/ReduceOps$2
Event: 23.349 Loading class java/util/stream/ReduceOps$2 done
Event: 23.349 Loading class java/util/stream/ReduceOps$2ReducingSink
Event: 23.350 Loading class java/util/stream/ReduceOps$2ReducingSink done
Event: 24.750 Loading class java/io/FileReader
Event: 24.751 Loading class java/io/FileReader done
Event: 24.752 Loading class java/text/MessageFormat
Event: 24.754 Loading class java/text/MessageFormat done

Classes unloaded (0 events):
No events

Classes redefined (0 events):
No events

Internal exceptions (20 events):
Event: 20.514 Thread 0x000001cbc28231b0 Exception <a 'java/lang/ClassNotFoundException'{0x00000000eaf14960}: org/gradle/api/internal/tasks/DefaultTaskContainerCustomizer> (0x00000000eaf14960) 
thrown [s\open\src\hotspot\share\classfile\systemDictionary.cpp, line 313]
Event: 20.518 Thread 0x000001cbc28231b0 Exception <a 'java/lang/ClassNotFoundException'{0x00000000eafa0970}: org/gradle/api/internal/tasks/DefaultTaskContainer_DecoratedCustomizer> (0x00000000eafa0970) 
thrown [s\open\src\hotspot\share\classfile\systemDictionary.cpp, line 313]
Event: 20.635 Thread 0x000001cbc28231b0 Exception <a 'java/lang/NoSuchMethodError'{0x00000000eae29778}: 'void java.lang.invoke.DirectMethodHandle$Holder.invokeInterface(java.lang.Object, java.lang.Object, java.lang.Object, java.lang.Object)'> (0x00000000eae29778) 
thrown [s\open\src\hotspot\share\interpreter\linkResolver.cpp, line 774]
Event: 21.117 Thread 0x000001cbc28231b0 Exception <a 'java/lang/NoSuchMethodError'{0x00000000ea992e40}: 'int java.lang.invoke.DirectMethodHandle$Holder.invokeSpecialIFC(java.lang.Object, java.lang.Object, java.lang.Object, java.lang.Object, java.lang.Object)'> (0x00000000ea992e40) 
thrown [s\open\src\hotspot\share\interpreter\linkResolver.cpp, line 774]
Event: 21.268 Thread 0x000001cbc28231b0 Exception <a 'java/lang/NoSuchMethodError'{0x00000000ea590ff0}: 'java.lang.Object java.lang.invoke.DirectMethodHandle$Holder.newInvokeSpecial(java.lang.Object, java.lang.Object, java.lang.Object, java.lang.Object, java.lang.Object, java.lang.Object, int)'> (0x00000000ea590ff0) 
thrown [s\open\src\hotspot\share\interpreter\linkResolver.cpp, line 774]
Event: 21.269 Thread 0x000001cbc28231b0 Exception <a 'java/lang/NoSuchMethodError'{0x00000000ea595f40}: 'java.lang.Object java.lang.invoke.DirectMethodHandle$Holder.invokeSpecial(java.lang.Object, java.lang.Object, java.lang.Object, java.lang.Object, java.lang.Object, java.lang.Object, java.lang.Object, int)'> (0x00000000ea595f40) 
thrown [s\open\src\hotspot\share\interpreter\linkResolver.cpp, line 774]
Event: 21.269 Thread 0x000001cbc28231b0 Exception <a 'java/lang/NoSuchMethodError'{0x00000000ea59a838}: 'java.lang.Object java.lang.invoke.Invokers$Holder.linkToTargetMethod(java.lang.Object, java.lang.Object, java.lang.Object, java.lang.Object, java.lang.Object, int, java.lang.Object)'> (0x00000000ea59a838) 
thrown [s\open\src\hotspot\share\interpreter\linkResolver.cpp, line 774]
Event: 21.281 Thread 0x000001cbc29b3630 Implicit null exception at 0x000001cb9d725907 to 0x000001cb9d7259e8
Event: 21.284 Thread 0x000001cbc29b3630 Implicit null exception at 0x000001cb9d45a57c to 0x000001cb9d45a5a8
Event: 21.416 Thread 0x000001cbc29b6ab0 Exception <a 'java/lang/NoSuchMethodError'{0x00000000ea201e98}: 'void java.lang.invoke.DirectMethodHandle$Holder.invokeStatic(java.lang.Object, long)'> (0x00000000ea201e98) 
thrown [s\open\src\hotspot\share\interpreter\linkResolver.cpp, line 774]
Event: 21.418 Thread 0x000001cbc29b6ab0 Exception <a 'java/lang/NoSuchMethodError'{0x00000000ea20c220}: 'java.lang.Object java.lang.invoke.DirectMethodHandle$Holder.invokeStaticInit(java.lang.Object, long, java.lang.Object)'> (0x00000000ea20c220) 
thrown [s\open\src\hotspot\share\interpreter\linkResolver.cpp, line 774]
Event: 24.883 Thread 0x000001cbc28231b0 Exception <a 'java/lang/ClassNotFoundException'{0x00000000e9018e80}: org/gradle/api/internal/plugins/NaggingBasePluginConventionBeanInfo> (0x00000000e9018e80) 
thrown [s\open\src\hotspot\share\classfile\systemDictionary.cpp, line 313]
Event: 24.883 Thread 0x000001cbc28231b0 Exception <a 'java/lang/ClassNotFoundException'{0x00000000e90272b8}: org/gradle/api/plugins/BasePluginConventionBeanInfo> (0x00000000e90272b8) 
thrown [s\open\src\hotspot\share\classfile\systemDictionary.cpp, line 313]
Event: 24.884 Thread 0x000001cbc28231b0 Exception <a 'java/lang/ClassNotFoundException'{0x00000000e90356b8}: org/gradle/api/plugins/BasePluginConventionCustomizer> (0x00000000e90356b8) 
thrown [s\open\src\hotspot\share\classfile\systemDictionary.cpp, line 313]
Event: 24.885 Thread 0x000001cbc28231b0 Exception <a 'java/lang/ClassNotFoundException'{0x00000000e904fbe0}: org/gradle/api/internal/plugins/NaggingBasePluginConventionCustomizer> (0x00000000e904fbe0) 
thrown [s\open\src\hotspot\share\classfile\systemDictionary.cpp, line 313]
Event: 24.889 Thread 0x000001cbc28231b0 Exception <a 'java/lang/ClassNotFoundException'{0x00000000e908e8a8}: org/gradle/api/plugins/internal/NaggingJavaPluginConventionBeanInfo> (0x00000000e908e8a8) 
thrown [s\open\src\hotspot\share\classfile\systemDictionary.cpp, line 313]
Event: 24.890 Thread 0x000001cbc28231b0 Exception <a 'java/lang/ClassNotFoundException'{0x00000000e909cce0}: org/gradle/api/plugins/JavaPluginConventionBeanInfo> (0x00000000e909cce0) 
thrown [s\open\src\hotspot\share\classfile\systemDictionary.cpp, line 313]
Event: 24.890 Thread 0x000001cbc28231b0 Exception <a 'java/lang/ClassNotFoundException'{0x00000000e90ab0e0}: org/gradle/api/plugins/JavaPluginConventionCustomizer> (0x00000000e90ab0e0) 
thrown [s\open\src\hotspot\share\classfile\systemDictionary.cpp, line 313]
Event: 24.893 Thread 0x000001cbc28231b0 Exception <a 'java/lang/ClassNotFoundException'{0x00000000e90cf0a8}: org/gradle/api/plugins/internal/NaggingJavaPluginConventionCustomizer> (0x00000000e90cf0a8) 
thrown [s\open\src\hotspot\share\classfile\systemDictionary.cpp, line 313]
Event: 24.913 Thread 0x000001cbc28231b0 Exception <a 'java/lang/NoSuchMethodError'{0x00000000e8f9b4f8}: 'void java.lang.invoke.Invokers$Holder.invokeExact_MT(java.lang.Object, java.lang.Object, java.lang.Object, java.lang.Object)'> (0x00000000e8f9b4f8) 
thrown [s\open\src\hotspot\share\interpreter\linkResolver.cpp, line 774]

ZGC Phase Switch (0 events):
No events

VM Operations (20 events):
Event: 20.284 Executing VM operation: ICBufferFull
Event: 20.284 Executing VM operation: ICBufferFull done
Event: 21.282 Executing VM operation: ICBufferFull
Event: 21.283 Executing VM operation: ICBufferFull done
Event: 23.285 Executing VM operation: Cleanup
Event: 23.286 Executing VM operation: Cleanup done
Event: 24.233 Executing VM operation: HandshakeAllThreads (Deoptimize)
Event: 24.233 Executing VM operation: HandshakeAllThreads (Deoptimize) done
Event: 24.931 Executing VM operation: ICBufferFull
Event: 24.931 Executing VM operation: ICBufferFull done
Event: 25.087 Executing VM operation: HandshakeAllThreads (Deoptimize)
Event: 25.088 Executing VM operation: HandshakeAllThreads (Deoptimize) done
Event: 25.357 Executing VM operation: ICBufferFull
Event: 25.357 Executing VM operation: ICBufferFull done
Event: 25.735 Executing VM operation: G1CollectForAllocation (G1 Evacuation Pause)
Event: 25.755 Executing VM operation: G1CollectForAllocation (G1 Evacuation Pause) done
Event: 26.449 Executing VM operation: HandshakeAllThreads (Deoptimize)
Event: 26.449 Executing VM operation: HandshakeAllThreads (Deoptimize) done
Event: 26.522 Executing VM operation: ICBufferFull
Event: 26.522 Executing VM operation: ICBufferFull done

Memory protections (0 events):
No events

Nmethod flushes (20 events):
Event: 12.937 Thread 0x000001cba783fd40 flushing  nmethod 0x000001cb95d1a890
Event: 12.937 Thread 0x000001cba783fd40 flushing  nmethod 0x000001cb95d3a210
Event: 12.937 Thread 0x000001cba783fd40 flushing  nmethod 0x000001cb95d3c910
Event: 12.937 Thread 0x000001cba783fd40 flushing  nmethod 0x000001cb95d3e910
Event: 12.937 Thread 0x000001cba783fd40 flushing  nmethod 0x000001cb95d83490
Event: 12.937 Thread 0x000001cba783fd40 flushing  nmethod 0x000001cb95d86e90
Event: 12.937 Thread 0x000001cba783fd40 flushing  nmethod 0x000001cb95d87210
Event: 12.937 Thread 0x000001cba783fd40 flushing  nmethod 0x000001cb95d87b90
Event: 12.937 Thread 0x000001cba783fd40 flushing  nmethod 0x000001cb95d88090
Event: 12.937 Thread 0x000001cba783fd40 flushing  nmethod 0x000001cb95d8c410
Event: 12.937 Thread 0x000001cba783fd40 flushing  nmethod 0x000001cb95c36f10
Event: 12.937 Thread 0x000001cba783fd40 flushing  nmethod 0x000001cb95c39010
Event: 12.937 Thread 0x000001cba783fd40 flushing  nmethod 0x000001cb95c39790
Event: 12.937 Thread 0x000001cba783fd40 flushing  nmethod 0x000001cb95c4ef90
Event: 12.937 Thread 0x000001cba783fd40 flushing  nmethod 0x000001cb95c7db10
Event: 12.937 Thread 0x000001cba783fd40 flushing  nmethod 0x000001cb95d3fe10
Event: 12.937 Thread 0x000001cba783fd40 flushing  nmethod 0x000001cb95d43790
Event: 12.937 Thread 0x000001cba783fd40 flushing  nmethod 0x000001cb95d44010
Event: 12.937 Thread 0x000001cba783fd40 flushing  nmethod 0x000001cb95d44b10
Event: 12.937 Thread 0x000001cba783fd40 flushing  nmethod 0x000001cb95d47b90

Events (20 events):
Event: 25.224 Thread 0x000001cbc28231b0 Thread added: 0x000001cbc47898d0
Event: 25.243 Thread 0x000001cbc28231b0 Thread added: 0x000001cbc4786ae0
Event: 25.268 Thread 0x000001cbc28231b0 Thread added: 0x000001cbc478b9a0
Event: 25.315 Thread 0x000001cbc28231b0 Thread added: 0x000001cbc478c030
Event: 25.351 Thread 0x000001cbc28231b0 Thread added: 0x000001cbc4788bb0
Event: 25.359 Thread 0x000001cbc28231b0 Thread added: 0x000001cbc478e100
Event: 25.380 Thread 0x000001cbc28231b0 Thread added: 0x000001cbc4787e90
Event: 25.392 Thread 0x000001cbc28231b0 Thread added: 0x000001cbc478c6c0
Event: 25.403 Thread 0x000001cbc28231b0 Thread added: 0x000001cbc4787170
Event: 25.410 Thread 0x000001cbc28231b0 Thread added: 0x000001cbc4787800
Event: 25.417 Thread 0x000001cbc28231b0 Thread added: 0x000001cbc4789f60
Event: 25.425 Thread 0x000001cbc28231b0 Thread added: 0x000001cbc4789240
Event: 25.442 Thread 0x000001cbc28231b0 Thread added: 0x000001cbc478a5f0
Event: 25.450 Thread 0x000001cbc28231b0 Thread added: 0x000001cbc5d319d0
Event: 25.465 Thread 0x000001cbc28231b0 Thread added: 0x000001cbc5d2d1a0
Event: 25.514 Thread 0x000001cbc28231b0 Thread added: 0x000001cbc5d2f270
Event: 25.534 Thread 0x000001cbc28231b0 Thread added: 0x000001cbc5d2e550
Event: 25.564 Thread 0x000001cbc28231b0 Thread added: 0x000001cbc5d2c480
Event: 25.581 Thread 0x000001cbc28231b0 Thread added: 0x000001cbc5d31340
Event: 25.596 Thread 0x000001cbc28231b0 Thread added: 0x000001cbc5d2cb10


Dynamic libraries:
0x00007ff6b1050000 - 0x00007ff6b105e000 	C:\Users\ASUS\.jdks\openjdk-22.0.2\bin\java.exe
0x00007ffc64170000 - 0x00007ffc64368000 	C:\Windows\SYSTEM32\ntdll.dll
0x00007ffc626f0000 - 0x00007ffc627af000 	C:\Windows\System32\KERNEL32.DLL
0x00007ffc61a80000 - 0x00007ffc61d52000 	C:\Windows\System32\KERNELBASE.dll
0x00007ffc61ea0000 - 0x00007ffc61fa0000 	C:\Windows\System32\ucrtbase.dll
0x00007ffc45d90000 - 0x00007ffc45dab000 	C:\Users\ASUS\.jdks\openjdk-22.0.2\bin\VCRUNTIME140.dll
0x00007ffc5bae0000 - 0x00007ffc5baf7000 	C:\Users\ASUS\.jdks\openjdk-22.0.2\bin\jli.dll
0x00007ffc49b40000 - 0x00007ffc49dda000 	C:\Windows\WinSxS\amd64_microsoft.windows.common-controls_6595b64144ccf1df_6.0.19041.1110_none_60b5254171f9507e\COMCTL32.dll
0x00007ffc63500000 - 0x00007ffc6359e000 	C:\Windows\System32\msvcrt.dll
0x00007ffc63430000 - 0x00007ffc6345b000 	C:\Windows\System32\GDI32.dll
0x00007ffc62180000 - 0x00007ffc621a2000 	C:\Windows\System32\win32u.dll
0x00007ffc61d60000 - 0x00007ffc61e6f000 	C:\Windows\System32\gdi32full.dll
0x00007ffc62050000 - 0x00007ffc620ed000 	C:\Windows\System32\msvcp_win.dll
0x00007ffc62540000 - 0x00007ffc626e1000 	C:\Windows\System32\USER32.dll
0x00007ffc63640000 - 0x00007ffc63672000 	C:\Windows\System32\IMM32.DLL
0x00007ffc5d740000 - 0x00007ffc5d74c000 	C:\Users\ASUS\.jdks\openjdk-22.0.2\bin\vcruntime140_1.dll
0x00007ffc2f720000 - 0x00007ffc2f7ae000 	C:\Users\ASUS\.jdks\openjdk-22.0.2\bin\msvcp140.dll
0x00007ffbdcb30000 - 0x00007ffbdd879000 	C:\Users\ASUS\.jdks\openjdk-22.0.2\bin\server\jvm.dll
0x00007ffc621b0000 - 0x00007ffc6225e000 	C:\Windows\System32\ADVAPI32.dll
0x00007ffc63460000 - 0x00007ffc634fc000 	C:\Windows\System32\sechost.dll
0x00007ffc62260000 - 0x00007ffc62385000 	C:\Windows\System32\RPCRT4.dll
0x00007ffc62f80000 - 0x00007ffc62feb000 	C:\Windows\System32\WS2_32.dll
0x00007ffc60dd0000 - 0x00007ffc60e1b000 	C:\Windows\SYSTEM32\POWRPROF.dll
0x00007ffc5b550000 - 0x00007ffc5b55a000 	C:\Windows\SYSTEM32\VERSION.dll
0x00007ffc552c0000 - 0x00007ffc552e7000 	C:\Windows\SYSTEM32\WINMM.dll
0x00007ffc60ca0000 - 0x00007ffc60cb2000 	C:\Windows\SYSTEM32\UMPDC.dll
0x00007ffc5f720000 - 0x00007ffc5f732000 	C:\Windows\SYSTEM32\kernel.appcore.dll
0x00007ffc5d6f0000 - 0x00007ffc5d6fa000 	C:\Users\ASUS\.jdks\openjdk-22.0.2\bin\jimage.dll
0x00007ffc4bbb0000 - 0x00007ffc4bd94000 	C:\Windows\SYSTEM32\DBGHELP.DLL
0x00007ffc4ac10000 - 0x00007ffc4ac45000 	C:\Windows\SYSTEM32\dbgcore.DLL
0x00007ffc620f0000 - 0x00007ffc62172000 	C:\Windows\System32\bcryptPrimitives.dll
0x00007ffc5d660000 - 0x00007ffc5d66f000 	C:\Users\ASUS\.jdks\openjdk-22.0.2\bin\instrument.dll
0x00007ffc45c70000 - 0x00007ffc45c8e000 	C:\Users\ASUS\.jdks\openjdk-22.0.2\bin\java.dll
0x00007ffc62830000 - 0x00007ffc62f75000 	C:\Windows\System32\SHELL32.dll
0x00007ffc63220000 - 0x00007ffc6334a000 	C:\Windows\System32\ole32.dll
0x00007ffc636f0000 - 0x00007ffc63a45000 	C:\Windows\System32\combase.dll
0x00007ffc5f920000 - 0x00007ffc600b2000 	C:\Windows\SYSTEM32\windows.storage.dll
0x00007ffc612c0000 - 0x00007ffc612f0000 	C:\Windows\SYSTEM32\Wldp.dll
0x00007ffc63050000 - 0x00007ffc630fd000 	C:\Windows\System32\SHCORE.dll
0x00007ffc633d0000 - 0x00007ffc63425000 	C:\Windows\System32\shlwapi.dll
0x00007ffc617a0000 - 0x00007ffc617bf000 	C:\Windows\SYSTEM32\profapi.dll
0x00007ffbdf340000 - 0x00007ffbdf417000 	C:\Users\ASUS\.jdks\openjdk-22.0.2\bin\jsvml.dll
0x00007ffc45bb0000 - 0x00007ffc45bc7000 	C:\Users\ASUS\.jdks\openjdk-22.0.2\bin\zip.dll
0x00007ffc5d640000 - 0x00007ffc5d650000 	C:\Users\ASUS\.jdks\openjdk-22.0.2\bin\net.dll
0x00007ffc61020000 - 0x00007ffc6108a000 	C:\Windows\system32\mswsock.dll
0x00007ffc3bec0000 - 0x00007ffc3bed6000 	C:\Users\ASUS\.jdks\openjdk-22.0.2\bin\nio.dll
0x00007ffc5ccd0000 - 0x00007ffc5cce0000 	C:\Users\ASUS\.jdks\openjdk-22.0.2\bin\verify.dll
0x00007ffc58150000 - 0x00007ffc58177000 	C:\Users\ASUS\.gradle\native\c067742578af261105cb4f569cf0c3c89f3d7b1fecec35dd04571415982c5e48\windows-amd64\native-platform.dll
0x00007ffbdf430000 - 0x00007ffbdf574000 	C:\Users\ASUS\.gradle\native\100fb08df4bc3b14c8652ba06237920a3bd2aa13389f12d3474272988ae205f9\windows-amd64\native-platform-file-events.dll
0x00007ffc5cb20000 - 0x00007ffc5cb2a000 	C:\Users\ASUS\.jdks\openjdk-22.0.2\bin\management.dll
0x00007ffc5cb10000 - 0x00007ffc5cb1b000 	C:\Users\ASUS\.jdks\openjdk-22.0.2\bin\management_ext.dll
0x00007ffc63f70000 - 0x00007ffc63f78000 	C:\Windows\System32\PSAPI.DLL
0x00007ffc61210000 - 0x00007ffc61228000 	C:\Windows\SYSTEM32\CRYPTSP.dll
0x00007ffc60860000 - 0x00007ffc60894000 	C:\Windows\system32\rsaenh.dll
0x00007ffc61e70000 - 0x00007ffc61e97000 	C:\Windows\System32\bcrypt.dll
0x00007ffc61760000 - 0x00007ffc6178e000 	C:\Windows\SYSTEM32\USERENV.dll
0x00007ffc61230000 - 0x00007ffc6123c000 	C:\Windows\SYSTEM32\CRYPTBASE.dll
0x00007ffc60cc0000 - 0x00007ffc60cfb000 	C:\Windows\SYSTEM32\IPHLPAPI.DLL
0x00007ffc63680000 - 0x00007ffc63688000 	C:\Windows\System32\NSI.dll
0x00007ffc5cb00000 - 0x00007ffc5cb09000 	C:\Users\ASUS\.jdks\openjdk-22.0.2\bin\extnet.dll
0x00007ffc5ca50000 - 0x00007ffc5ca5e000 	C:\Users\ASUS\.jdks\openjdk-22.0.2\bin\sunmscapi.dll
0x00007ffc61860000 - 0x00007ffc619b6000 	C:\Windows\System32\CRYPT32.dll
0x00007ffc61330000 - 0x00007ffc61357000 	C:\Windows\SYSTEM32\ncrypt.dll
0x00007ffc612f0000 - 0x00007ffc6132b000 	C:\Windows\SYSTEM32\NTASN1.dll
0x00007ffc1cc20000 - 0x00007ffc1cc27000 	C:\Windows\system32\wshunix.dll

dbghelp: loaded successfully - version: 4.0.5 - missing functions: none
symbol engine: initialized successfully - sym options: 0x614 - pdb path: .;C:\Users\ASUS\.jdks\openjdk-22.0.2\bin;C:\Windows\SYSTEM32;C:\Windows\WinSxS\amd64_microsoft.windows.common-controls_6595b64144ccf1df_6.0.19041.1110_none_60b5254171f9507e;C:\Users\ASUS\.jdks\openjdk-22.0.2\bin\server;C:\Users\ASUS\.gradle\native\c067742578af261105cb4f569cf0c3c89f3d7b1fecec35dd04571415982c5e48\windows-amd64;C:\Users\ASUS\.gradle\native\100fb08df4bc3b14c8652ba06237920a3bd2aa13389f12d3474272988ae205f9\windows-amd64

VM Arguments:
jvm_args: --add-opens=java.base/java.lang=ALL-UNNAMED --add-opens=java.base/java.lang.invoke=ALL-UNNAMED --add-opens=java.base/java.util=ALL-UNNAMED --add-opens=java.prefs/java.util.prefs=ALL-UNNAMED --add-exports=jdk.compiler/com.sun.tools.javac.api=ALL-UNNAMED --add-exports=jdk.compiler/com.sun.tools.javac.util=ALL-UNNAMED --add-opens=java.base/java.util=ALL-UNNAMED --add-opens=java.prefs/java.util.prefs=ALL-UNNAMED --add-opens=java.base/java.nio.charset=ALL-UNNAMED --add-opens=java.base/java.net=ALL-UNNAMED --add-opens=java.base/java.util.concurrent.atomic=ALL-UNNAMED --add-opens=java.xml/javax.xml.namespace=ALL-UNNAMED -XX:MaxMetaspaceSize=384m -XX:+HeapDumpOnOutOfMemoryError -Xms256m -Xmx512m -Dfile.encoding=windows-1252 -Duser.country=US -Duser.language=en -Duser.variant -javaagent:C:\Users\ASUS\.gradle\wrapper\dists\gradle-8.11.1-bin\bpt9gzteqjrbo1mjrsomdt32c\gradle-8.11.1\lib\agents\gradle-instrumentation-agent-8.11.1.jar 
java_command: org.gradle.launcher.daemon.bootstrap.GradleDaemon 8.11.1
java_class_path (initial): C:\Users\ASUS\.gradle\wrapper\dists\gradle-8.11.1-bin\bpt9gzteqjrbo1mjrsomdt32c\gradle-8.11.1\lib\gradle-daemon-main-8.11.1.jar
Launcher Type: SUN_STANDARD

[Global flags]
     intx CICompilerCount                          = 3                                         {product} {ergonomic}
   size_t CompressedClassSpaceSize                 = 335544320                                 {product} {ergonomic}
     uint ConcGCThreads                            = 1                                         {product} {ergonomic}
     uint G1ConcRefinementThreads                  = 4                                         {product} {ergonomic}
   size_t G1HeapRegionSize                         = 1048576                                   {product} {ergonomic}
     bool HeapDumpOnOutOfMemoryError               = true                                   {manageable} {command line}
   size_t InitialHeapSize                          = 268435456                                 {product} {command line}
   size_t MarkStackSize                            = 4194304                                   {product} {ergonomic}
   size_t MaxHeapSize                              = 536870912                                 {product} {command line}
   size_t MaxMetaspaceSize                         = 402653184                                 {product} {command line}
   size_t MaxNewSize                               = 321912832                                 {product} {ergonomic}
   size_t MinHeapDeltaBytes                        = 1048576                                   {product} {ergonomic}
   size_t MinHeapSize                              = 268435456                                 {product} {command line}
    uintx NonNMethodCodeHeapSize                   = 5832780                                {pd product} {ergonomic}
    uintx NonProfiledCodeHeapSize                  = 122912730                              {pd product} {ergonomic}
    uintx ProfiledCodeHeapSize                     = 122912730                              {pd product} {ergonomic}
    uintx ReservedCodeCacheSize                    = 251658240                              {pd product} {ergonomic}
     bool SegmentedCodeCache                       = true                                      {product} {ergonomic}
   size_t SoftMaxHeapSize                          = 536870912                              {manageable} {ergonomic}
     bool UseCompressedOops                        = true                           {product lp64_product} {ergonomic}
     bool UseG1GC                                  = true                                      {product} {ergonomic}
     bool UseLargePagesIndividualAllocation        = false                                  {pd product} {ergonomic}

Logging:
Log output configuration:
 #0: stdout all=warning uptime,level,tags foldmultilines=false
 #1: stderr all=off uptime,level,tags foldmultilines=false

Environment Variables:
PATH=C:\Windows\system32;C:\Windows;C:\Windows\System32\Wbem;C:\Windows\System32\WindowsPowerShell\v1.0\;C:\Windows\System32\OpenSSH\;C:\Program Files\Git\cmd;C:\Users\ASUS\AppData\Local\Microsoft\WindowsApps;;D:\WebStorm 2024.1.5\bin;
USERNAME=ASUS
OS=Windows_NT
PROCESSOR_IDENTIFIER=Intel64 Family 6 Model 158 Stepping 9, GenuineIntel
TMP=C:\Users\ASUS\AppData\Local\Temp
TEMP=C:\Users\ASUS\AppData\Local\Temp




Periodic native trim disabled

---------------  S Y S T E M  ---------------

OS:
 Windows 10 , 64 bit Build 19041 (10.0.19041.2546)
OS uptime: 2 days 23:57 hours

CPU: total 4 (initial active 4) (4 cores per cpu, 1 threads per core) family 6 model 158 stepping 9 microcode 0xb4, cx8, cmov, fxsr, mmx, 3dnowpref, sse, sse2, sse3, ssse3, sse4.1, sse4.2, popcnt, lzcnt, tsc, tscinvbit, avx, avx2, aes, erms, clmul, bmi1, bmi2, adx, fma, vzeroupper, clflush, clflushopt, rdtscp, f16c
Processor Information for all 4 processors :
  Max Mhz: 2501, Current Mhz: 2501, Mhz Limit: 2501

Memory: 4k page, system-wide physical 8076M (382M free)
TotalPageFile size 16542M (AvailPageFile size 4M)
current process WorkingSet (physical memory assigned to process): 391M, peak: 391M
current process commit charge ("private bytes"): 481M, peak: 486M

vm_info: OpenJDK 64-Bit Server VM (22.0.2+9-70) for windows-amd64 JRE (22.0.2+9-70), built on 2024-06-04T16:52:23Z by "mach5one" with MS VC++ 17.6 (VS2022)

END.
