#
# There is insufficient memory for the Java Runtime Environment to continue.
# Native memory allocation (malloc) failed to allocate 735536 bytes. Error detail: Chunk::new
# Possible reasons:
#   The system is out of physical RAM or swap space
#   This process is running with CompressedOops enabled, and the Java Heap may be blocking the growth of the native heap
# Possible solutions:
#   Reduce memory load on the system
#   Increase physical memory or swap space
#   Check if swap backing store is full
#   Decrease Java heap size (-Xmx/-Xms)
#   Decrease number of Java threads
#   Decrease Java thread stack sizes (-Xss)
#   Set larger code cache with -XX:ReservedCodeCacheSize=
#   JVM is running with Unscaled Compressed Oops mode in which the Java heap is
#     placed in the first 4GB address space. The Java Heap base address is the
#     maximum limit for the native heap growth. Please use -XX:HeapBaseMinAddress
#     to set the Java Heap base and to place the Java Heap above 4GB virtual address.
# This output file may be truncated or incomplete.
#
#  Out of Memory Error (arena.cpp:191), pid=3580, tid=7892
#
# JRE version: OpenJDK Runtime Environment Corretto-17.0.12.7.1 (17.0.12+7) (build 17.0.12+7-LTS)
# Java VM: OpenJDK 64-Bit Server VM Corretto-17.0.12.7.1 (17.0.12+7-LTS, mixed mode, sharing, tiered, compressed oops, compressed class ptrs, g1 gc, windows-amd64)
# No core dump will be written. Minidumps are not enabled by default on client versions of Windows
#

---------------  S U M M A R Y ------------

Command Line: --add-opens=java.base/java.lang=ALL-UNNAMED --add-opens=java.base/java.lang.invoke=ALL-UNNAMED --add-opens=java.base/java.util=ALL-UNNAMED --add-opens=java.prefs/java.util.prefs=ALL-UNNAMED --add-exports=jdk.compiler/com.sun.tools.javac.api=ALL-UNNAMED --add-exports=jdk.compiler/com.sun.tools.javac.util=ALL-UNNAMED --add-opens=java.base/java.util=ALL-UNNAMED --add-opens=java.prefs/java.util.prefs=ALL-UNNAMED --add-opens=java.base/java.nio.charset=ALL-UNNAMED --add-opens=java.base/java.net=ALL-UNNAMED --add-opens=java.base/java.util.concurrent.atomic=ALL-UNNAMED --add-opens=java.xml/javax.xml.namespace=ALL-UNNAMED -XX:MaxMetaspaceSize=384m -XX:+HeapDumpOnOutOfMemoryError -Xms256m -Xmx512m -Dfile.encoding=windows-1252 -Duser.country=US -Duser.language=en -Duser.variant -javaagent:C:\Users\ASUS\.gradle\wrapper\dists\gradle-8.11.1-bin\bpt9gzteqjrbo1mjrsomdt32c\gradle-8.11.1\lib\agents\gradle-instrumentation-agent-8.11.1.jar org.gradle.launcher.daemon.bootstrap.GradleDaemon 8.11.1

Host: Intel(R) Core(TM) i5-7300HQ CPU @ 2.50GHz, 4 cores, 7G,  Windows 10 , 64 bit Build 19041 (10.0.19041.2546)
Time: Mon Jan 20 00:34:53 2025 SE Asia Standard Time elapsed time: 5.556924 seconds (0d 0h 0m 5s)

---------------  T H R E A D  ---------------

Current thread (0x000001101dd6bb60):  JavaThread "C2 CompilerThread0" daemon [_thread_in_native, id=7892, stack(0x0000000d8b400000,0x0000000d8b500000)]


Current CompileTask:
C2:   5556 2228       4       jdk.internal.org.objectweb.asm.Frame::execute (2305 bytes)

Stack: [0x0000000d8b400000,0x0000000d8b500000]
Native frames: (J=compiled Java code, j=interpreted, Vv=VM code, C=native code)
V  [jvm.dll+0x67f4f9]
V  [jvm.dll+0x836eaa]
V  [jvm.dll+0x83896e]
V  [jvm.dll+0x838fd3]
V  [jvm.dll+0x247f6f]
V  [jvm.dll+0xac9d4]
V  [jvm.dll+0xad01c]
V  [jvm.dll+0x2af56f]
V  [jvm.dll+0x5864f7]
V  [jvm.dll+0x222e12]
V  [jvm.dll+0x21bd0d]
V  [jvm.dll+0x219831]
V  [jvm.dll+0x1a57bd]
V  [jvm.dll+0x22966d]
V  [jvm.dll+0x22781c]
V  [jvm.dll+0x7ebec7]
V  [jvm.dll+0x7e62ac]
V  [jvm.dll+0x67e3c7]
C  [ucrtbase.dll+0x21bb2]
C  [KERNEL32.DLL+0x17614]
C  [ntdll.dll+0x526a1]


---------------  P R O C E S S  ---------------

Threads class SMR info:
_java_thread_list=0x0000011038ae14a0, length=22, elements={
0x0000011003a547e0, 0x000001101dd4cbc0, 0x000001101dd4d690, 0x000001101dd64810,
0x000001101dd650e0, 0x000001101dd659b0, 0x000001101dd67290, 0x000001101dd6bb60,
0x000001101dd6c470, 0x000001101dd7f5a0, 0x00000110370a2da0, 0x000001103715fe10,
0x0000011038a521e0, 0x0000011038bf2a70, 0x0000011038b91410, 0x0000011038b15b40,
0x000001103772f470, 0x000001103772db20, 0x000001103772ef60, 0x000001103772fe90,
0x00000110377303a0, 0x00000110377312d0
}

Java Threads: ( => current thread )
  0x0000011003a547e0 JavaThread "main" [_thread_blocked, id=12416, stack(0x0000000d8a700000,0x0000000d8a800000)]
  0x000001101dd4cbc0 JavaThread "Reference Handler" daemon [_thread_blocked, id=8544, stack(0x0000000d8ae00000,0x0000000d8af00000)]
  0x000001101dd4d690 JavaThread "Finalizer" daemon [_thread_blocked, id=9716, stack(0x0000000d8af00000,0x0000000d8b000000)]
  0x000001101dd64810 JavaThread "Signal Dispatcher" daemon [_thread_blocked, id=1256, stack(0x0000000d8b000000,0x0000000d8b100000)]
  0x000001101dd650e0 JavaThread "Attach Listener" daemon [_thread_blocked, id=12320, stack(0x0000000d8b100000,0x0000000d8b200000)]
  0x000001101dd659b0 JavaThread "Service Thread" daemon [_thread_blocked, id=12952, stack(0x0000000d8b200000,0x0000000d8b300000)]
  0x000001101dd67290 JavaThread "Monitor Deflation Thread" daemon [_thread_blocked, id=5240, stack(0x0000000d8b300000,0x0000000d8b400000)]
=>0x000001101dd6bb60 JavaThread "C2 CompilerThread0" daemon [_thread_in_native, id=7892, stack(0x0000000d8b400000,0x0000000d8b500000)]
  0x000001101dd6c470 JavaThread "C1 CompilerThread0" daemon [_thread_blocked, id=12448, stack(0x0000000d8b500000,0x0000000d8b600000)]
  0x000001101dd7f5a0 JavaThread "Sweeper thread" daemon [_thread_blocked, id=9704, stack(0x0000000d8b600000,0x0000000d8b700000)]
  0x00000110370a2da0 JavaThread "Common-Cleaner" daemon [_thread_blocked, id=9536, stack(0x0000000d8b700000,0x0000000d8b800000)]
  0x000001103715fe10 JavaThread "Notification Thread" daemon [_thread_blocked, id=4108, stack(0x0000000d8b800000,0x0000000d8b900000)]
  0x0000011038a521e0 JavaThread "Daemon health stats" [_thread_blocked, id=12200, stack(0x0000000d8bd00000,0x0000000d8be00000)]
  0x0000011038bf2a70 JavaThread "Incoming local TCP Connector on port 62259" [_thread_in_native, id=13176, stack(0x0000000d8be00000,0x0000000d8bf00000)]
  0x0000011038b91410 JavaThread "Daemon periodic checks" [_thread_blocked, id=11600, stack(0x0000000d8bf00000,0x0000000d8c000000)]
  0x0000011038b15b40 JavaThread "Daemon" [_thread_blocked, id=5388, stack(0x0000000d8c000000,0x0000000d8c100000)]
  0x000001103772f470 JavaThread "Handler for socket connection from /127.0.0.1:62259 to /127.0.0.1:62260" [_thread_in_native, id=11132, stack(0x0000000d8c100000,0x0000000d8c200000)]
  0x000001103772db20 JavaThread "Cancel handler" [_thread_blocked, id=6208, stack(0x0000000d8c200000,0x0000000d8c300000)]
  0x000001103772ef60 JavaThread "Daemon worker" [_thread_in_native, id=12332, stack(0x0000000d8c300000,0x0000000d8c400000)]
  0x000001103772fe90 JavaThread "Asynchronous log dispatcher for DefaultDaemonConnection: socket connection from /127.0.0.1:62259 to /127.0.0.1:62260" [_thread_blocked, id=7800, stack(0x0000000d8c400000,0x0000000d8c500000)]
  0x00000110377303a0 JavaThread "Stdin handler" [_thread_blocked, id=12640, stack(0x0000000d8c500000,0x0000000d8c600000)]
  0x00000110377312d0 JavaThread "Daemon client event forwarder" [_thread_blocked, id=9360, stack(0x0000000d8c600000,0x0000000d8c700000)]

Other Threads:
  0x000001101dd43920 VMThread "VM Thread" [stack: 0x0000000d8ad00000,0x0000000d8ae00000] [id=6048]
  0x0000011003a553f0 WatcherThread [stack: 0x0000000d8b900000,0x0000000d8ba00000] [id=3632]
  0x0000011003a7fed0 GCTaskThread "GC Thread#0" [stack: 0x0000000d8a800000,0x0000000d8a900000] [id=6584]
  0x000001103722a600 GCTaskThread "GC Thread#1" [stack: 0x0000000d8ba00000,0x0000000d8bb00000] [id=2040]
  0x0000011037265a70 GCTaskThread "GC Thread#2" [stack: 0x0000000d8bb00000,0x0000000d8bc00000] [id=6568]
  0x0000011037267d40 GCTaskThread "GC Thread#3" [stack: 0x0000000d8bc00000,0x0000000d8bd00000] [id=9788]
  0x0000011003a85be0 ConcurrentGCThread "G1 Main Marker" [stack: 0x0000000d8a900000,0x0000000d8aa00000] [id=8540]
  0x0000011003a86b50 ConcurrentGCThread "G1 Conc#0" [stack: 0x0000000d8aa00000,0x0000000d8ab00000] [id=11840]
  0x000001101dc044c0 ConcurrentGCThread "G1 Refine#0" [stack: 0x0000000d8ab00000,0x0000000d8ac00000] [id=4580]
  0x000001101dc04ca0 ConcurrentGCThread "G1 Service" [stack: 0x0000000d8ac00000,0x0000000d8ad00000] [id=7228]

Threads with active compile tasks:
C2 CompilerThread0     5638 2228       4       jdk.internal.org.objectweb.asm.Frame::execute (2305 bytes)

VM state: not at safepoint (normal execution)

VM Mutex/Monitor currently owned by a thread: None

Heap address: 0x00000000e0000000, size: 512 MB, Compressed Oops mode: 32-bit

CDS archive(s) mapped at: [0x000001101e000000-0x000001101ebb0000-0x000001101ebb0000), size 12255232, SharedBaseAddress: 0x000001101e000000, ArchiveRelocationMode: 1.
Compressed class space mapped at: 0x000001101f000000-0x0000011033000000, reserved size: 335544320
Narrow klass base: 0x000001101e000000, Narrow klass shift: 0, Narrow klass range: 0x100000000

GC Precious Log:
 CPUs: 4 total, 4 available
 Memory: 8076M
 Large Page Support: Disabled
 NUMA Support: Disabled
 Compressed Oops: Enabled (32-bit)
 Heap Region Size: 1M
 Heap Min Capacity: 256M
 Heap Initial Capacity: 256M
 Heap Max Capacity: 512M
 Pre-touch: Disabled
 Parallel Workers: 4
 Concurrent Workers: 1
 Concurrent Refinement Workers: 4
 Periodic GC: Disabled

Heap:
 garbage-first heap   total 262144K, used 122340K [0x00000000e0000000, 0x0000000100000000)
  region size 1024K, 112 young (114688K), 3 survivors (3072K)
 Metaspace       used 13249K, committed 13568K, reserved 393216K
  class space    used 1809K, committed 1984K, reserved 327680K

Heap Regions: E=young(eden), S=young(survivor), O=old, HS=humongous(starts), HC=humongous(continues), CS=collection set, F=free, OA=open archive, CA=closed archive, TAMS=top-at-mark-start (previous, next)
|   0|0x00000000e0000000, 0x00000000e0100000, 0x00000000e0100000|100%|HS|  |TAMS 0x00000000e0000000, 0x00000000e0000000| Complete 
|   1|0x00000000e0100000, 0x00000000e0200000, 0x00000000e0200000|100%|HC|  |TAMS 0x00000000e0100000, 0x00000000e0100000| Complete 
|   2|0x00000000e0200000, 0x00000000e0300000, 0x00000000e0300000|100%|HC|  |TAMS 0x00000000e0200000, 0x00000000e0200000| Complete 
|   3|0x00000000e0300000, 0x00000000e0400000, 0x00000000e0400000|100%| O|  |TAMS 0x00000000e0300000, 0x00000000e0300000| Untracked 
|   4|0x00000000e0400000, 0x00000000e0500000, 0x00000000e0500000|100%| O|  |TAMS 0x00000000e0400000, 0x00000000e0400000| Untracked 
|   5|0x00000000e0500000, 0x00000000e0600000, 0x00000000e0600000|100%| O|  |TAMS 0x00000000e0500000, 0x00000000e0500000| Untracked 
|   6|0x00000000e0600000, 0x00000000e0679200, 0x00000000e0700000| 47%| O|  |TAMS 0x00000000e0600000, 0x00000000e0600000| Untracked 
|   7|0x00000000e0700000, 0x00000000e0800000, 0x00000000e0800000|100%|HS|  |TAMS 0x00000000e0700000, 0x00000000e0700000| Complete 
|   8|0x00000000e0800000, 0x00000000e0900000, 0x00000000e0900000|100%|HS|  |TAMS 0x00000000e0800000, 0x00000000e0800000| Complete 
|   9|0x00000000e0900000, 0x00000000e0900000, 0x00000000e0a00000|  0%| F|  |TAMS 0x00000000e0900000, 0x00000000e0900000| Untracked 
|  10|0x00000000e0a00000, 0x00000000e0a00000, 0x00000000e0b00000|  0%| F|  |TAMS 0x00000000e0a00000, 0x00000000e0a00000| Untracked 
|  11|0x00000000e0b00000, 0x00000000e0b00000, 0x00000000e0c00000|  0%| F|  |TAMS 0x00000000e0b00000, 0x00000000e0b00000| Untracked 
|  12|0x00000000e0c00000, 0x00000000e0c00000, 0x00000000e0d00000|  0%| F|  |TAMS 0x00000000e0c00000, 0x00000000e0c00000| Untracked 
|  13|0x00000000e0d00000, 0x00000000e0d00000, 0x00000000e0e00000|  0%| F|  |TAMS 0x00000000e0d00000, 0x00000000e0d00000| Untracked 
|  14|0x00000000e0e00000, 0x00000000e0e00000, 0x00000000e0f00000|  0%| F|  |TAMS 0x00000000e0e00000, 0x00000000e0e00000| Untracked 
|  15|0x00000000e0f00000, 0x00000000e0f00000, 0x00000000e1000000|  0%| F|  |TAMS 0x00000000e0f00000, 0x00000000e0f00000| Untracked 
|  16|0x00000000e1000000, 0x00000000e1000000, 0x00000000e1100000|  0%| F|  |TAMS 0x00000000e1000000, 0x00000000e1000000| Untracked 
|  17|0x00000000e1100000, 0x00000000e1100000, 0x00000000e1200000|  0%| F|  |TAMS 0x00000000e1100000, 0x00000000e1100000| Untracked 
|  18|0x00000000e1200000, 0x00000000e1200000, 0x00000000e1300000|  0%| F|  |TAMS 0x00000000e1200000, 0x00000000e1200000| Untracked 
|  19|0x00000000e1300000, 0x00000000e1300000, 0x00000000e1400000|  0%| F|  |TAMS 0x00000000e1300000, 0x00000000e1300000| Untracked 
|  20|0x00000000e1400000, 0x00000000e1400000, 0x00000000e1500000|  0%| F|  |TAMS 0x00000000e1400000, 0x00000000e1400000| Untracked 
|  21|0x00000000e1500000, 0x00000000e1500000, 0x00000000e1600000|  0%| F|  |TAMS 0x00000000e1500000, 0x00000000e1500000| Untracked 
|  22|0x00000000e1600000, 0x00000000e1600000, 0x00000000e1700000|  0%| F|  |TAMS 0x00000000e1600000, 0x00000000e1600000| Untracked 
|  23|0x00000000e1700000, 0x00000000e1700000, 0x00000000e1800000|  0%| F|  |TAMS 0x00000000e1700000, 0x00000000e1700000| Untracked 
|  24|0x00000000e1800000, 0x00000000e1800000, 0x00000000e1900000|  0%| F|  |TAMS 0x00000000e1800000, 0x00000000e1800000| Untracked 
|  25|0x00000000e1900000, 0x00000000e1900000, 0x00000000e1a00000|  0%| F|  |TAMS 0x00000000e1900000, 0x00000000e1900000| Untracked 
|  26|0x00000000e1a00000, 0x00000000e1a00000, 0x00000000e1b00000|  0%| F|  |TAMS 0x00000000e1a00000, 0x00000000e1a00000| Untracked 
|  27|0x00000000e1b00000, 0x00000000e1b00000, 0x00000000e1c00000|  0%| F|  |TAMS 0x00000000e1b00000, 0x00000000e1b00000| Untracked 
|  28|0x00000000e1c00000, 0x00000000e1c00000, 0x00000000e1d00000|  0%| F|  |TAMS 0x00000000e1c00000, 0x00000000e1c00000| Untracked 
|  29|0x00000000e1d00000, 0x00000000e1d00000, 0x00000000e1e00000|  0%| F|  |TAMS 0x00000000e1d00000, 0x00000000e1d00000| Untracked 
|  30|0x00000000e1e00000, 0x00000000e1e00000, 0x00000000e1f00000|  0%| F|  |TAMS 0x00000000e1e00000, 0x00000000e1e00000| Untracked 
|  31|0x00000000e1f00000, 0x00000000e1f00000, 0x00000000e2000000|  0%| F|  |TAMS 0x00000000e1f00000, 0x00000000e1f00000| Untracked 
|  32|0x00000000e2000000, 0x00000000e2000000, 0x00000000e2100000|  0%| F|  |TAMS 0x00000000e2000000, 0x00000000e2000000| Untracked 
|  33|0x00000000e2100000, 0x00000000e2100000, 0x00000000e2200000|  0%| F|  |TAMS 0x00000000e2100000, 0x00000000e2100000| Untracked 
|  34|0x00000000e2200000, 0x00000000e2200000, 0x00000000e2300000|  0%| F|  |TAMS 0x00000000e2200000, 0x00000000e2200000| Untracked 
|  35|0x00000000e2300000, 0x00000000e2300000, 0x00000000e2400000|  0%| F|  |TAMS 0x00000000e2300000, 0x00000000e2300000| Untracked 
|  36|0x00000000e2400000, 0x00000000e2400000, 0x00000000e2500000|  0%| F|  |TAMS 0x00000000e2400000, 0x00000000e2400000| Untracked 
|  37|0x00000000e2500000, 0x00000000e2500000, 0x00000000e2600000|  0%| F|  |TAMS 0x00000000e2500000, 0x00000000e2500000| Untracked 
|  38|0x00000000e2600000, 0x00000000e2600000, 0x00000000e2700000|  0%| F|  |TAMS 0x00000000e2600000, 0x00000000e2600000| Untracked 
|  39|0x00000000e2700000, 0x00000000e2700000, 0x00000000e2800000|  0%| F|  |TAMS 0x00000000e2700000, 0x00000000e2700000| Untracked 
|  40|0x00000000e2800000, 0x00000000e2800000, 0x00000000e2900000|  0%| F|  |TAMS 0x00000000e2800000, 0x00000000e2800000| Untracked 
|  41|0x00000000e2900000, 0x00000000e2900000, 0x00000000e2a00000|  0%| F|  |TAMS 0x00000000e2900000, 0x00000000e2900000| Untracked 
|  42|0x00000000e2a00000, 0x00000000e2a00000, 0x00000000e2b00000|  0%| F|  |TAMS 0x00000000e2a00000, 0x00000000e2a00000| Untracked 
|  43|0x00000000e2b00000, 0x00000000e2b00000, 0x00000000e2c00000|  0%| F|  |TAMS 0x00000000e2b00000, 0x00000000e2b00000| Untracked 
|  44|0x00000000e2c00000, 0x00000000e2c00000, 0x00000000e2d00000|  0%| F|  |TAMS 0x00000000e2c00000, 0x00000000e2c00000| Untracked 
|  45|0x00000000e2d00000, 0x00000000e2d00000, 0x00000000e2e00000|  0%| F|  |TAMS 0x00000000e2d00000, 0x00000000e2d00000| Untracked 
|  46|0x00000000e2e00000, 0x00000000e2e00000, 0x00000000e2f00000|  0%| F|  |TAMS 0x00000000e2e00000, 0x00000000e2e00000| Untracked 
|  47|0x00000000e2f00000, 0x00000000e2f00000, 0x00000000e3000000|  0%| F|  |TAMS 0x00000000e2f00000, 0x00000000e2f00000| Untracked 
|  48|0x00000000e3000000, 0x00000000e3000000, 0x00000000e3100000|  0%| F|  |TAMS 0x00000000e3000000, 0x00000000e3000000| Untracked 
|  49|0x00000000e3100000, 0x00000000e3100000, 0x00000000e3200000|  0%| F|  |TAMS 0x00000000e3100000, 0x00000000e3100000| Untracked 
|  50|0x00000000e3200000, 0x00000000e3200000, 0x00000000e3300000|  0%| F|  |TAMS 0x00000000e3200000, 0x00000000e3200000| Untracked 
|  51|0x00000000e3300000, 0x00000000e3300000, 0x00000000e3400000|  0%| F|  |TAMS 0x00000000e3300000, 0x00000000e3300000| Untracked 
|  52|0x00000000e3400000, 0x00000000e3400000, 0x00000000e3500000|  0%| F|  |TAMS 0x00000000e3400000, 0x00000000e3400000| Untracked 
|  53|0x00000000e3500000, 0x00000000e3500000, 0x00000000e3600000|  0%| F|  |TAMS 0x00000000e3500000, 0x00000000e3500000| Untracked 
|  54|0x00000000e3600000, 0x00000000e3600000, 0x00000000e3700000|  0%| F|  |TAMS 0x00000000e3600000, 0x00000000e3600000| Untracked 
|  55|0x00000000e3700000, 0x00000000e3700000, 0x00000000e3800000|  0%| F|  |TAMS 0x00000000e3700000, 0x00000000e3700000| Untracked 
|  56|0x00000000e3800000, 0x00000000e3800000, 0x00000000e3900000|  0%| F|  |TAMS 0x00000000e3800000, 0x00000000e3800000| Untracked 
|  57|0x00000000e3900000, 0x00000000e3900000, 0x00000000e3a00000|  0%| F|  |TAMS 0x00000000e3900000, 0x00000000e3900000| Untracked 
|  58|0x00000000e3a00000, 0x00000000e3a00000, 0x00000000e3b00000|  0%| F|  |TAMS 0x00000000e3a00000, 0x00000000e3a00000| Untracked 
|  59|0x00000000e3b00000, 0x00000000e3b00000, 0x00000000e3c00000|  0%| F|  |TAMS 0x00000000e3b00000, 0x00000000e3b00000| Untracked 
|  60|0x00000000e3c00000, 0x00000000e3c00000, 0x00000000e3d00000|  0%| F|  |TAMS 0x00000000e3c00000, 0x00000000e3c00000| Untracked 
|  61|0x00000000e3d00000, 0x00000000e3d00000, 0x00000000e3e00000|  0%| F|  |TAMS 0x00000000e3d00000, 0x00000000e3d00000| Untracked 
|  62|0x00000000e3e00000, 0x00000000e3e00000, 0x00000000e3f00000|  0%| F|  |TAMS 0x00000000e3e00000, 0x00000000e3e00000| Untracked 
|  63|0x00000000e3f00000, 0x00000000e3f00000, 0x00000000e4000000|  0%| F|  |TAMS 0x00000000e3f00000, 0x00000000e3f00000| Untracked 
|  64|0x00000000e4000000, 0x00000000e4000000, 0x00000000e4100000|  0%| F|  |TAMS 0x00000000e4000000, 0x00000000e4000000| Untracked 
|  65|0x00000000e4100000, 0x00000000e4100000, 0x00000000e4200000|  0%| F|  |TAMS 0x00000000e4100000, 0x00000000e4100000| Untracked 
|  66|0x00000000e4200000, 0x00000000e4200000, 0x00000000e4300000|  0%| F|  |TAMS 0x00000000e4200000, 0x00000000e4200000| Untracked 
|  67|0x00000000e4300000, 0x00000000e4300000, 0x00000000e4400000|  0%| F|  |TAMS 0x00000000e4300000, 0x00000000e4300000| Untracked 
|  68|0x00000000e4400000, 0x00000000e4400000, 0x00000000e4500000|  0%| F|  |TAMS 0x00000000e4400000, 0x00000000e4400000| Untracked 
|  69|0x00000000e4500000, 0x00000000e4500000, 0x00000000e4600000|  0%| F|  |TAMS 0x00000000e4500000, 0x00000000e4500000| Untracked 
|  70|0x00000000e4600000, 0x00000000e4600000, 0x00000000e4700000|  0%| F|  |TAMS 0x00000000e4600000, 0x00000000e4600000| Untracked 
|  71|0x00000000e4700000, 0x00000000e4700000, 0x00000000e4800000|  0%| F|  |TAMS 0x00000000e4700000, 0x00000000e4700000| Untracked 
|  72|0x00000000e4800000, 0x00000000e4800000, 0x00000000e4900000|  0%| F|  |TAMS 0x00000000e4800000, 0x00000000e4800000| Untracked 
|  73|0x00000000e4900000, 0x00000000e4900000, 0x00000000e4a00000|  0%| F|  |TAMS 0x00000000e4900000, 0x00000000e4900000| Untracked 
|  74|0x00000000e4a00000, 0x00000000e4a00000, 0x00000000e4b00000|  0%| F|  |TAMS 0x00000000e4a00000, 0x00000000e4a00000| Untracked 
|  75|0x00000000e4b00000, 0x00000000e4b00000, 0x00000000e4c00000|  0%| F|  |TAMS 0x00000000e4b00000, 0x00000000e4b00000| Untracked 
|  76|0x00000000e4c00000, 0x00000000e4c00000, 0x00000000e4d00000|  0%| F|  |TAMS 0x00000000e4c00000, 0x00000000e4c00000| Untracked 
|  77|0x00000000e4d00000, 0x00000000e4d00000, 0x00000000e4e00000|  0%| F|  |TAMS 0x00000000e4d00000, 0x00000000e4d00000| Untracked 
|  78|0x00000000e4e00000, 0x00000000e4e00000, 0x00000000e4f00000|  0%| F|  |TAMS 0x00000000e4e00000, 0x00000000e4e00000| Untracked 
|  79|0x00000000e4f00000, 0x00000000e4f00000, 0x00000000e5000000|  0%| F|  |TAMS 0x00000000e4f00000, 0x00000000e4f00000| Untracked 
|  80|0x00000000e5000000, 0x00000000e5000000, 0x00000000e5100000|  0%| F|  |TAMS 0x00000000e5000000, 0x00000000e5000000| Untracked 
|  81|0x00000000e5100000, 0x00000000e5100000, 0x00000000e5200000|  0%| F|  |TAMS 0x00000000e5100000, 0x00000000e5100000| Untracked 
|  82|0x00000000e5200000, 0x00000000e5200000, 0x00000000e5300000|  0%| F|  |TAMS 0x00000000e5200000, 0x00000000e5200000| Untracked 
|  83|0x00000000e5300000, 0x00000000e5300000, 0x00000000e5400000|  0%| F|  |TAMS 0x00000000e5300000, 0x00000000e5300000| Untracked 
|  84|0x00000000e5400000, 0x00000000e5400000, 0x00000000e5500000|  0%| F|  |TAMS 0x00000000e5400000, 0x00000000e5400000| Untracked 
|  85|0x00000000e5500000, 0x00000000e5500000, 0x00000000e5600000|  0%| F|  |TAMS 0x00000000e5500000, 0x00000000e5500000| Untracked 
|  86|0x00000000e5600000, 0x00000000e5600000, 0x00000000e5700000|  0%| F|  |TAMS 0x00000000e5600000, 0x00000000e5600000| Untracked 
|  87|0x00000000e5700000, 0x00000000e5700000, 0x00000000e5800000|  0%| F|  |TAMS 0x00000000e5700000, 0x00000000e5700000| Untracked 
|  88|0x00000000e5800000, 0x00000000e5800000, 0x00000000e5900000|  0%| F|  |TAMS 0x00000000e5800000, 0x00000000e5800000| Untracked 
|  89|0x00000000e5900000, 0x00000000e5900000, 0x00000000e5a00000|  0%| F|  |TAMS 0x00000000e5900000, 0x00000000e5900000| Untracked 
|  90|0x00000000e5a00000, 0x00000000e5a00000, 0x00000000e5b00000|  0%| F|  |TAMS 0x00000000e5a00000, 0x00000000e5a00000| Untracked 
|  91|0x00000000e5b00000, 0x00000000e5b00000, 0x00000000e5c00000|  0%| F|  |TAMS 0x00000000e5b00000, 0x00000000e5b00000| Untracked 
|  92|0x00000000e5c00000, 0x00000000e5c00000, 0x00000000e5d00000|  0%| F|  |TAMS 0x00000000e5c00000, 0x00000000e5c00000| Untracked 
|  93|0x00000000e5d00000, 0x00000000e5d00000, 0x00000000e5e00000|  0%| F|  |TAMS 0x00000000e5d00000, 0x00000000e5d00000| Untracked 
|  94|0x00000000e5e00000, 0x00000000e5e00000, 0x00000000e5f00000|  0%| F|  |TAMS 0x00000000e5e00000, 0x00000000e5e00000| Untracked 
|  95|0x00000000e5f00000, 0x00000000e5f00000, 0x00000000e6000000|  0%| F|  |TAMS 0x00000000e5f00000, 0x00000000e5f00000| Untracked 
|  96|0x00000000e6000000, 0x00000000e6000000, 0x00000000e6100000|  0%| F|  |TAMS 0x00000000e6000000, 0x00000000e6000000| Untracked 
|  97|0x00000000e6100000, 0x00000000e6100000, 0x00000000e6200000|  0%| F|  |TAMS 0x00000000e6100000, 0x00000000e6100000| Untracked 
|  98|0x00000000e6200000, 0x00000000e6200000, 0x00000000e6300000|  0%| F|  |TAMS 0x00000000e6200000, 0x00000000e6200000| Untracked 
|  99|0x00000000e6300000, 0x00000000e6300000, 0x00000000e6400000|  0%| F|  |TAMS 0x00000000e6300000, 0x00000000e6300000| Untracked 
| 100|0x00000000e6400000, 0x00000000e6400000, 0x00000000e6500000|  0%| F|  |TAMS 0x00000000e6400000, 0x00000000e6400000| Untracked 
| 101|0x00000000e6500000, 0x00000000e6500000, 0x00000000e6600000|  0%| F|  |TAMS 0x00000000e6500000, 0x00000000e6500000| Untracked 
| 102|0x00000000e6600000, 0x00000000e6600000, 0x00000000e6700000|  0%| F|  |TAMS 0x00000000e6600000, 0x00000000e6600000| Untracked 
| 103|0x00000000e6700000, 0x00000000e6700000, 0x00000000e6800000|  0%| F|  |TAMS 0x00000000e6700000, 0x00000000e6700000| Untracked 
| 104|0x00000000e6800000, 0x00000000e6800000, 0x00000000e6900000|  0%| F|  |TAMS 0x00000000e6800000, 0x00000000e6800000| Untracked 
| 105|0x00000000e6900000, 0x00000000e6900000, 0x00000000e6a00000|  0%| F|  |TAMS 0x00000000e6900000, 0x00000000e6900000| Untracked 
| 106|0x00000000e6a00000, 0x00000000e6a00000, 0x00000000e6b00000|  0%| F|  |TAMS 0x00000000e6a00000, 0x00000000e6a00000| Untracked 
| 107|0x00000000e6b00000, 0x00000000e6b00000, 0x00000000e6c00000|  0%| F|  |TAMS 0x00000000e6b00000, 0x00000000e6b00000| Untracked 
| 108|0x00000000e6c00000, 0x00000000e6c00000, 0x00000000e6d00000|  0%| F|  |TAMS 0x00000000e6c00000, 0x00000000e6c00000| Untracked 
| 109|0x00000000e6d00000, 0x00000000e6d00000, 0x00000000e6e00000|  0%| F|  |TAMS 0x00000000e6d00000, 0x00000000e6d00000| Untracked 
| 110|0x00000000e6e00000, 0x00000000e6e00000, 0x00000000e6f00000|  0%| F|  |TAMS 0x00000000e6e00000, 0x00000000e6e00000| Untracked 
| 111|0x00000000e6f00000, 0x00000000e6f00000, 0x00000000e7000000|  0%| F|  |TAMS 0x00000000e6f00000, 0x00000000e6f00000| Untracked 
| 112|0x00000000e7000000, 0x00000000e7000000, 0x00000000e7100000|  0%| F|  |TAMS 0x00000000e7000000, 0x00000000e7000000| Untracked 
| 113|0x00000000e7100000, 0x00000000e7100000, 0x00000000e7200000|  0%| F|  |TAMS 0x00000000e7100000, 0x00000000e7100000| Untracked 
| 114|0x00000000e7200000, 0x00000000e7200000, 0x00000000e7300000|  0%| F|  |TAMS 0x00000000e7200000, 0x00000000e7200000| Untracked 
| 115|0x00000000e7300000, 0x00000000e7300000, 0x00000000e7400000|  0%| F|  |TAMS 0x00000000e7300000, 0x00000000e7300000| Untracked 
| 116|0x00000000e7400000, 0x00000000e7400000, 0x00000000e7500000|  0%| F|  |TAMS 0x00000000e7400000, 0x00000000e7400000| Untracked 
| 117|0x00000000e7500000, 0x00000000e7500000, 0x00000000e7600000|  0%| F|  |TAMS 0x00000000e7500000, 0x00000000e7500000| Untracked 
| 118|0x00000000e7600000, 0x00000000e7600000, 0x00000000e7700000|  0%| F|  |TAMS 0x00000000e7600000, 0x00000000e7600000| Untracked 
| 119|0x00000000e7700000, 0x00000000e7700000, 0x00000000e7800000|  0%| F|  |TAMS 0x00000000e7700000, 0x00000000e7700000| Untracked 
| 120|0x00000000e7800000, 0x00000000e7800000, 0x00000000e7900000|  0%| F|  |TAMS 0x00000000e7800000, 0x00000000e7800000| Untracked 
| 121|0x00000000e7900000, 0x00000000e7900000, 0x00000000e7a00000|  0%| F|  |TAMS 0x00000000e7900000, 0x00000000e7900000| Untracked 
| 122|0x00000000e7a00000, 0x00000000e7a00000, 0x00000000e7b00000|  0%| F|  |TAMS 0x00000000e7a00000, 0x00000000e7a00000| Untracked 
| 123|0x00000000e7b00000, 0x00000000e7b00000, 0x00000000e7c00000|  0%| F|  |TAMS 0x00000000e7b00000, 0x00000000e7b00000| Untracked 
| 124|0x00000000e7c00000, 0x00000000e7c00000, 0x00000000e7d00000|  0%| F|  |TAMS 0x00000000e7c00000, 0x00000000e7c00000| Untracked 
| 125|0x00000000e7d00000, 0x00000000e7d00000, 0x00000000e7e00000|  0%| F|  |TAMS 0x00000000e7d00000, 0x00000000e7d00000| Untracked 
| 126|0x00000000e7e00000, 0x00000000e7e00000, 0x00000000e7f00000|  0%| F|  |TAMS 0x00000000e7e00000, 0x00000000e7e00000| Untracked 
| 127|0x00000000e7f00000, 0x00000000e7f00000, 0x00000000e8000000|  0%| F|  |TAMS 0x00000000e7f00000, 0x00000000e7f00000| Untracked 
| 128|0x00000000e8000000, 0x00000000e8000000, 0x00000000e8100000|  0%| F|  |TAMS 0x00000000e8000000, 0x00000000e8000000| Untracked 
| 129|0x00000000e8100000, 0x00000000e8100000, 0x00000000e8200000|  0%| F|  |TAMS 0x00000000e8100000, 0x00000000e8100000| Untracked 
| 130|0x00000000e8200000, 0x00000000e8200000, 0x00000000e8300000|  0%| F|  |TAMS 0x00000000e8200000, 0x00000000e8200000| Untracked 
| 131|0x00000000e8300000, 0x00000000e8300000, 0x00000000e8400000|  0%| F|  |TAMS 0x00000000e8300000, 0x00000000e8300000| Untracked 
| 132|0x00000000e8400000, 0x00000000e8400000, 0x00000000e8500000|  0%| F|  |TAMS 0x00000000e8400000, 0x00000000e8400000| Untracked 
| 133|0x00000000e8500000, 0x00000000e8500000, 0x00000000e8600000|  0%| F|  |TAMS 0x00000000e8500000, 0x00000000e8500000| Untracked 
| 134|0x00000000e8600000, 0x00000000e8600000, 0x00000000e8700000|  0%| F|  |TAMS 0x00000000e8600000, 0x00000000e8600000| Untracked 
| 135|0x00000000e8700000, 0x00000000e8700000, 0x00000000e8800000|  0%| F|  |TAMS 0x00000000e8700000, 0x00000000e8700000| Untracked 
| 136|0x00000000e8800000, 0x00000000e8800000, 0x00000000e8900000|  0%| F|  |TAMS 0x00000000e8800000, 0x00000000e8800000| Untracked 
| 137|0x00000000e8900000, 0x00000000e8900000, 0x00000000e8a00000|  0%| F|  |TAMS 0x00000000e8900000, 0x00000000e8900000| Untracked 
| 138|0x00000000e8a00000, 0x00000000e8a00000, 0x00000000e8b00000|  0%| F|  |TAMS 0x00000000e8a00000, 0x00000000e8a00000| Untracked 
| 139|0x00000000e8b00000, 0x00000000e8b00000, 0x00000000e8c00000|  0%| F|  |TAMS 0x00000000e8b00000, 0x00000000e8b00000| Untracked 
| 140|0x00000000e8c00000, 0x00000000e8c00000, 0x00000000e8d00000|  0%| F|  |TAMS 0x00000000e8c00000, 0x00000000e8c00000| Untracked 
| 141|0x00000000e8d00000, 0x00000000e8d00000, 0x00000000e8e00000|  0%| F|  |TAMS 0x00000000e8d00000, 0x00000000e8d00000| Untracked 
| 142|0x00000000e8e00000, 0x00000000e8e00000, 0x00000000e8f00000|  0%| F|  |TAMS 0x00000000e8e00000, 0x00000000e8e00000| Untracked 
| 143|0x00000000e8f00000, 0x00000000e8f00000, 0x00000000e9000000|  0%| F|  |TAMS 0x00000000e8f00000, 0x00000000e8f00000| Untracked 
| 144|0x00000000e9000000, 0x00000000e9100000, 0x00000000e9100000|100%| E|  |TAMS 0x00000000e9000000, 0x00000000e9000000| Complete 
| 145|0x00000000e9100000, 0x00000000e9200000, 0x00000000e9200000|100%| E|CS|TAMS 0x00000000e9100000, 0x00000000e9100000| Complete 
| 146|0x00000000e9200000, 0x00000000e9300000, 0x00000000e9300000|100%| E|CS|TAMS 0x00000000e9200000, 0x00000000e9200000| Complete 
| 147|0x00000000e9300000, 0x00000000e9400000, 0x00000000e9400000|100%| E|CS|TAMS 0x00000000e9300000, 0x00000000e9300000| Complete 
| 148|0x00000000e9400000, 0x00000000e9500000, 0x00000000e9500000|100%| E|CS|TAMS 0x00000000e9400000, 0x00000000e9400000| Complete 
| 149|0x00000000e9500000, 0x00000000e9600000, 0x00000000e9600000|100%| E|CS|TAMS 0x00000000e9500000, 0x00000000e9500000| Complete 
| 150|0x00000000e9600000, 0x00000000e9700000, 0x00000000e9700000|100%| E|CS|TAMS 0x00000000e9600000, 0x00000000e9600000| Complete 
| 151|0x00000000e9700000, 0x00000000e9800000, 0x00000000e9800000|100%| E|CS|TAMS 0x00000000e9700000, 0x00000000e9700000| Complete 
| 152|0x00000000e9800000, 0x00000000e9900000, 0x00000000e9900000|100%| E|CS|TAMS 0x00000000e9800000, 0x00000000e9800000| Complete 
| 153|0x00000000e9900000, 0x00000000e9a00000, 0x00000000e9a00000|100%| E|CS|TAMS 0x00000000e9900000, 0x00000000e9900000| Complete 
| 154|0x00000000e9a00000, 0x00000000e9b00000, 0x00000000e9b00000|100%| E|CS|TAMS 0x00000000e9a00000, 0x00000000e9a00000| Complete 
| 155|0x00000000e9b00000, 0x00000000e9c00000, 0x00000000e9c00000|100%| E|CS|TAMS 0x00000000e9b00000, 0x00000000e9b00000| Complete 
| 156|0x00000000e9c00000, 0x00000000e9d00000, 0x00000000e9d00000|100%| E|CS|TAMS 0x00000000e9c00000, 0x00000000e9c00000| Complete 
| 157|0x00000000e9d00000, 0x00000000e9e00000, 0x00000000e9e00000|100%| E|CS|TAMS 0x00000000e9d00000, 0x00000000e9d00000| Complete 
| 158|0x00000000e9e00000, 0x00000000e9f00000, 0x00000000e9f00000|100%| E|CS|TAMS 0x00000000e9e00000, 0x00000000e9e00000| Complete 
| 159|0x00000000e9f00000, 0x00000000ea000000, 0x00000000ea000000|100%| E|CS|TAMS 0x00000000e9f00000, 0x00000000e9f00000| Complete 
| 160|0x00000000ea000000, 0x00000000ea100000, 0x00000000ea100000|100%| E|CS|TAMS 0x00000000ea000000, 0x00000000ea000000| Complete 
| 161|0x00000000ea100000, 0x00000000ea200000, 0x00000000ea200000|100%| E|CS|TAMS 0x00000000ea100000, 0x00000000ea100000| Complete 
| 162|0x00000000ea200000, 0x00000000ea300000, 0x00000000ea300000|100%| E|CS|TAMS 0x00000000ea200000, 0x00000000ea200000| Complete 
| 163|0x00000000ea300000, 0x00000000ea400000, 0x00000000ea400000|100%| E|CS|TAMS 0x00000000ea300000, 0x00000000ea300000| Complete 
| 164|0x00000000ea400000, 0x00000000ea500000, 0x00000000ea500000|100%| E|CS|TAMS 0x00000000ea400000, 0x00000000ea400000| Complete 
| 165|0x00000000ea500000, 0x00000000ea600000, 0x00000000ea600000|100%| E|CS|TAMS 0x00000000ea500000, 0x00000000ea500000| Complete 
| 166|0x00000000ea600000, 0x00000000ea700000, 0x00000000ea700000|100%| E|CS|TAMS 0x00000000ea600000, 0x00000000ea600000| Complete 
| 167|0x00000000ea700000, 0x00000000ea800000, 0x00000000ea800000|100%| E|CS|TAMS 0x00000000ea700000, 0x00000000ea700000| Complete 
| 168|0x00000000ea800000, 0x00000000ea900000, 0x00000000ea900000|100%| E|CS|TAMS 0x00000000ea800000, 0x00000000ea800000| Complete 
| 169|0x00000000ea900000, 0x00000000eaa00000, 0x00000000eaa00000|100%| E|CS|TAMS 0x00000000ea900000, 0x00000000ea900000| Complete 
| 170|0x00000000eaa00000, 0x00000000eab00000, 0x00000000eab00000|100%| E|CS|TAMS 0x00000000eaa00000, 0x00000000eaa00000| Complete 
| 171|0x00000000eab00000, 0x00000000eac00000, 0x00000000eac00000|100%| E|CS|TAMS 0x00000000eab00000, 0x00000000eab00000| Complete 
| 172|0x00000000eac00000, 0x00000000ead00000, 0x00000000ead00000|100%| E|CS|TAMS 0x00000000eac00000, 0x00000000eac00000| Complete 
| 173|0x00000000ead00000, 0x00000000eae00000, 0x00000000eae00000|100%| E|CS|TAMS 0x00000000ead00000, 0x00000000ead00000| Complete 
| 174|0x00000000eae00000, 0x00000000eaf00000, 0x00000000eaf00000|100%| E|CS|TAMS 0x00000000eae00000, 0x00000000eae00000| Complete 
| 175|0x00000000eaf00000, 0x00000000eb000000, 0x00000000eb000000|100%| E|CS|TAMS 0x00000000eaf00000, 0x00000000eaf00000| Complete 
| 176|0x00000000eb000000, 0x00000000eb100000, 0x00000000eb100000|100%| E|CS|TAMS 0x00000000eb000000, 0x00000000eb000000| Complete 
| 177|0x00000000eb100000, 0x00000000eb200000, 0x00000000eb200000|100%| E|CS|TAMS 0x00000000eb100000, 0x00000000eb100000| Complete 
| 178|0x00000000eb200000, 0x00000000eb300000, 0x00000000eb300000|100%| E|CS|TAMS 0x00000000eb200000, 0x00000000eb200000| Complete 
| 179|0x00000000eb300000, 0x00000000eb400000, 0x00000000eb400000|100%| E|CS|TAMS 0x00000000eb300000, 0x00000000eb300000| Complete 
| 180|0x00000000eb400000, 0x00000000eb500000, 0x00000000eb500000|100%| E|CS|TAMS 0x00000000eb400000, 0x00000000eb400000| Complete 
| 181|0x00000000eb500000, 0x00000000eb600000, 0x00000000eb600000|100%| E|CS|TAMS 0x00000000eb500000, 0x00000000eb500000| Complete 
| 182|0x00000000eb600000, 0x00000000eb700000, 0x00000000eb700000|100%| E|CS|TAMS 0x00000000eb600000, 0x00000000eb600000| Complete 
| 183|0x00000000eb700000, 0x00000000eb800000, 0x00000000eb800000|100%| E|CS|TAMS 0x00000000eb700000, 0x00000000eb700000| Complete 
| 184|0x00000000eb800000, 0x00000000eb900000, 0x00000000eb900000|100%| E|CS|TAMS 0x00000000eb800000, 0x00000000eb800000| Complete 
| 185|0x00000000eb900000, 0x00000000eba00000, 0x00000000eba00000|100%| E|CS|TAMS 0x00000000eb900000, 0x00000000eb900000| Complete 
| 186|0x00000000eba00000, 0x00000000ebb00000, 0x00000000ebb00000|100%| E|CS|TAMS 0x00000000eba00000, 0x00000000eba00000| Complete 
| 187|0x00000000ebb00000, 0x00000000ebc00000, 0x00000000ebc00000|100%| E|CS|TAMS 0x00000000ebb00000, 0x00000000ebb00000| Complete 
| 188|0x00000000ebc00000, 0x00000000ebd00000, 0x00000000ebd00000|100%| E|CS|TAMS 0x00000000ebc00000, 0x00000000ebc00000| Complete 
| 189|0x00000000ebd00000, 0x00000000ebe00000, 0x00000000ebe00000|100%| E|CS|TAMS 0x00000000ebd00000, 0x00000000ebd00000| Complete 
| 190|0x00000000ebe00000, 0x00000000ebf00000, 0x00000000ebf00000|100%| E|CS|TAMS 0x00000000ebe00000, 0x00000000ebe00000| Complete 
| 191|0x00000000ebf00000, 0x00000000ec000000, 0x00000000ec000000|100%| E|CS|TAMS 0x00000000ebf00000, 0x00000000ebf00000| Complete 
| 192|0x00000000ec000000, 0x00000000ec100000, 0x00000000ec100000|100%| E|CS|TAMS 0x00000000ec000000, 0x00000000ec000000| Complete 
| 193|0x00000000ec100000, 0x00000000ec200000, 0x00000000ec200000|100%| E|CS|TAMS 0x00000000ec100000, 0x00000000ec100000| Complete 
| 194|0x00000000ec200000, 0x00000000ec300000, 0x00000000ec300000|100%| E|CS|TAMS 0x00000000ec200000, 0x00000000ec200000| Complete 
| 195|0x00000000ec300000, 0x00000000ec400000, 0x00000000ec400000|100%| E|CS|TAMS 0x00000000ec300000, 0x00000000ec300000| Complete 
| 196|0x00000000ec400000, 0x00000000ec500000, 0x00000000ec500000|100%| E|CS|TAMS 0x00000000ec400000, 0x00000000ec400000| Complete 
| 197|0x00000000ec500000, 0x00000000ec600000, 0x00000000ec600000|100%| E|CS|TAMS 0x00000000ec500000, 0x00000000ec500000| Complete 
| 198|0x00000000ec600000, 0x00000000ec700000, 0x00000000ec700000|100%| E|CS|TAMS 0x00000000ec600000, 0x00000000ec600000| Complete 
| 199|0x00000000ec700000, 0x00000000ec800000, 0x00000000ec800000|100%| E|CS|TAMS 0x00000000ec700000, 0x00000000ec700000| Complete 
| 200|0x00000000ec800000, 0x00000000ec900000, 0x00000000ec900000|100%| E|CS|TAMS 0x00000000ec800000, 0x00000000ec800000| Complete 
| 201|0x00000000ec900000, 0x00000000eca00000, 0x00000000eca00000|100%| E|CS|TAMS 0x00000000ec900000, 0x00000000ec900000| Complete 
| 202|0x00000000eca00000, 0x00000000ecb00000, 0x00000000ecb00000|100%| E|CS|TAMS 0x00000000eca00000, 0x00000000eca00000| Complete 
| 203|0x00000000ecb00000, 0x00000000ecc00000, 0x00000000ecc00000|100%| E|CS|TAMS 0x00000000ecb00000, 0x00000000ecb00000| Complete 
| 204|0x00000000ecc00000, 0x00000000ecd00000, 0x00000000ecd00000|100%| E|CS|TAMS 0x00000000ecc00000, 0x00000000ecc00000| Complete 
| 205|0x00000000ecd00000, 0x00000000ece00000, 0x00000000ece00000|100%| E|CS|TAMS 0x00000000ecd00000, 0x00000000ecd00000| Complete 
| 206|0x00000000ece00000, 0x00000000ecf00000, 0x00000000ecf00000|100%| E|CS|TAMS 0x00000000ece00000, 0x00000000ece00000| Complete 
| 207|0x00000000ecf00000, 0x00000000ed000000, 0x00000000ed000000|100%| E|CS|TAMS 0x00000000ecf00000, 0x00000000ecf00000| Complete 
| 208|0x00000000ed000000, 0x00000000ed100000, 0x00000000ed100000|100%| E|CS|TAMS 0x00000000ed000000, 0x00000000ed000000| Complete 
| 209|0x00000000ed100000, 0x00000000ed200000, 0x00000000ed200000|100%| E|CS|TAMS 0x00000000ed100000, 0x00000000ed100000| Complete 
| 210|0x00000000ed200000, 0x00000000ed300000, 0x00000000ed300000|100%| E|CS|TAMS 0x00000000ed200000, 0x00000000ed200000| Complete 
| 211|0x00000000ed300000, 0x00000000ed400000, 0x00000000ed400000|100%| E|CS|TAMS 0x00000000ed300000, 0x00000000ed300000| Complete 
| 212|0x00000000ed400000, 0x00000000ed500000, 0x00000000ed500000|100%| E|CS|TAMS 0x00000000ed400000, 0x00000000ed400000| Complete 
| 213|0x00000000ed500000, 0x00000000ed600000, 0x00000000ed600000|100%| E|CS|TAMS 0x00000000ed500000, 0x00000000ed500000| Complete 
| 214|0x00000000ed600000, 0x00000000ed700000, 0x00000000ed700000|100%| E|CS|TAMS 0x00000000ed600000, 0x00000000ed600000| Complete 
| 215|0x00000000ed700000, 0x00000000ed800000, 0x00000000ed800000|100%| E|CS|TAMS 0x00000000ed700000, 0x00000000ed700000| Complete 
| 216|0x00000000ed800000, 0x00000000ed900000, 0x00000000ed900000|100%| E|CS|TAMS 0x00000000ed800000, 0x00000000ed800000| Complete 
| 217|0x00000000ed900000, 0x00000000eda00000, 0x00000000eda00000|100%| E|CS|TAMS 0x00000000ed900000, 0x00000000ed900000| Complete 
| 218|0x00000000eda00000, 0x00000000edb00000, 0x00000000edb00000|100%| E|CS|TAMS 0x00000000eda00000, 0x00000000eda00000| Complete 
| 219|0x00000000edb00000, 0x00000000edc00000, 0x00000000edc00000|100%| E|CS|TAMS 0x00000000edb00000, 0x00000000edb00000| Complete 
| 220|0x00000000edc00000, 0x00000000edd00000, 0x00000000edd00000|100%| E|CS|TAMS 0x00000000edc00000, 0x00000000edc00000| Complete 
| 221|0x00000000edd00000, 0x00000000ede00000, 0x00000000ede00000|100%| E|CS|TAMS 0x00000000edd00000, 0x00000000edd00000| Complete 
| 222|0x00000000ede00000, 0x00000000edf00000, 0x00000000edf00000|100%| E|CS|TAMS 0x00000000ede00000, 0x00000000ede00000| Complete 
| 223|0x00000000edf00000, 0x00000000ee000000, 0x00000000ee000000|100%| E|CS|TAMS 0x00000000edf00000, 0x00000000edf00000| Complete 
| 224|0x00000000ee000000, 0x00000000ee100000, 0x00000000ee100000|100%| E|CS|TAMS 0x00000000ee000000, 0x00000000ee000000| Complete 
| 225|0x00000000ee100000, 0x00000000ee200000, 0x00000000ee200000|100%| E|CS|TAMS 0x00000000ee100000, 0x00000000ee100000| Complete 
| 226|0x00000000ee200000, 0x00000000ee300000, 0x00000000ee300000|100%| E|CS|TAMS 0x00000000ee200000, 0x00000000ee200000| Complete 
| 227|0x00000000ee300000, 0x00000000ee400000, 0x00000000ee400000|100%| E|CS|TAMS 0x00000000ee300000, 0x00000000ee300000| Complete 
| 228|0x00000000ee400000, 0x00000000ee500000, 0x00000000ee500000|100%| E|CS|TAMS 0x00000000ee400000, 0x00000000ee400000| Complete 
| 229|0x00000000ee500000, 0x00000000ee600000, 0x00000000ee600000|100%| E|CS|TAMS 0x00000000ee500000, 0x00000000ee500000| Complete 
| 230|0x00000000ee600000, 0x00000000ee700000, 0x00000000ee700000|100%| E|CS|TAMS 0x00000000ee600000, 0x00000000ee600000| Complete 
| 231|0x00000000ee700000, 0x00000000ee800000, 0x00000000ee800000|100%| E|CS|TAMS 0x00000000ee700000, 0x00000000ee700000| Complete 
| 232|0x00000000ee800000, 0x00000000ee900000, 0x00000000ee900000|100%| S|CS|TAMS 0x00000000ee800000, 0x00000000ee800000| Complete 
| 233|0x00000000ee900000, 0x00000000eea00000, 0x00000000eea00000|100%| S|CS|TAMS 0x00000000ee900000, 0x00000000ee900000| Complete 
| 234|0x00000000eea00000, 0x00000000eeb00000, 0x00000000eeb00000|100%| S|CS|TAMS 0x00000000eea00000, 0x00000000eea00000| Complete 
| 235|0x00000000eeb00000, 0x00000000eec00000, 0x00000000eec00000|100%| E|CS|TAMS 0x00000000eeb00000, 0x00000000eeb00000| Complete 
| 236|0x00000000eec00000, 0x00000000eed00000, 0x00000000eed00000|100%| E|CS|TAMS 0x00000000eec00000, 0x00000000eec00000| Complete 
| 237|0x00000000eed00000, 0x00000000eee00000, 0x00000000eee00000|100%| E|CS|TAMS 0x00000000eed00000, 0x00000000eed00000| Complete 
| 238|0x00000000eee00000, 0x00000000eef00000, 0x00000000eef00000|100%| E|CS|TAMS 0x00000000eee00000, 0x00000000eee00000| Complete 
| 239|0x00000000eef00000, 0x00000000ef000000, 0x00000000ef000000|100%| E|CS|TAMS 0x00000000eef00000, 0x00000000eef00000| Complete 
| 240|0x00000000ef000000, 0x00000000ef100000, 0x00000000ef100000|100%| E|CS|TAMS 0x00000000ef000000, 0x00000000ef000000| Complete 
| 241|0x00000000ef100000, 0x00000000ef200000, 0x00000000ef200000|100%| E|CS|TAMS 0x00000000ef100000, 0x00000000ef100000| Complete 
| 242|0x00000000ef200000, 0x00000000ef300000, 0x00000000ef300000|100%| E|CS|TAMS 0x00000000ef200000, 0x00000000ef200000| Complete 
| 243|0x00000000ef300000, 0x00000000ef400000, 0x00000000ef400000|100%| E|CS|TAMS 0x00000000ef300000, 0x00000000ef300000| Complete 
| 244|0x00000000ef400000, 0x00000000ef500000, 0x00000000ef500000|100%| E|CS|TAMS 0x00000000ef400000, 0x00000000ef400000| Complete 
| 245|0x00000000ef500000, 0x00000000ef600000, 0x00000000ef600000|100%| E|CS|TAMS 0x00000000ef500000, 0x00000000ef500000| Complete 
| 246|0x00000000ef600000, 0x00000000ef700000, 0x00000000ef700000|100%| E|CS|TAMS 0x00000000ef600000, 0x00000000ef600000| Complete 
| 247|0x00000000ef700000, 0x00000000ef800000, 0x00000000ef800000|100%| E|CS|TAMS 0x00000000ef700000, 0x00000000ef700000| Complete 
| 248|0x00000000ef800000, 0x00000000ef900000, 0x00000000ef900000|100%| E|CS|TAMS 0x00000000ef800000, 0x00000000ef800000| Complete 
| 249|0x00000000ef900000, 0x00000000efa00000, 0x00000000efa00000|100%| E|CS|TAMS 0x00000000ef900000, 0x00000000ef900000| Complete 
| 250|0x00000000efa00000, 0x00000000efb00000, 0x00000000efb00000|100%| E|CS|TAMS 0x00000000efa00000, 0x00000000efa00000| Complete 
| 251|0x00000000efb00000, 0x00000000efc00000, 0x00000000efc00000|100%| E|CS|TAMS 0x00000000efb00000, 0x00000000efb00000| Complete 
| 252|0x00000000efc00000, 0x00000000efd00000, 0x00000000efd00000|100%| E|CS|TAMS 0x00000000efc00000, 0x00000000efc00000| Complete 
| 253|0x00000000efd00000, 0x00000000efe00000, 0x00000000efe00000|100%| E|CS|TAMS 0x00000000efd00000, 0x00000000efd00000| Complete 
| 254|0x00000000efe00000, 0x00000000eff00000, 0x00000000eff00000|100%| E|CS|TAMS 0x00000000efe00000, 0x00000000efe00000| Complete 
| 255|0x00000000eff00000, 0x00000000f0000000, 0x00000000f0000000|100%| E|CS|TAMS 0x00000000eff00000, 0x00000000eff00000| Complete 

Card table byte_map: [0x000001101a590000,0x000001101a690000] _byte_map_base: 0x0000011019e90000

Marking Bits (Prev, Next): (CMBitMap*) 0x0000011003a812b0, (CMBitMap*) 0x0000011003a812f0
 Prev Bits: [0x000001101a790000, 0x000001101af90000)
 Next Bits: [0x000001101af90000, 0x000001101b790000)

Polling page: 0x0000011001970000

Metaspace:

Usage:
  Non-class:     11.18 MB used.
      Class:      1.77 MB used.
       Both:     12.95 MB used.

Virtual space:
  Non-class space:       64.00 MB reserved,      11.31 MB ( 18%) committed,  1 nodes.
      Class space:      320.00 MB reserved,       1.94 MB ( <1%) committed,  1 nodes.
             Both:      384.00 MB reserved,      13.25 MB (  3%) committed. 

Chunk freelists:
   Non-Class:  4.27 MB
       Class:  14.09 MB
        Both:  18.36 MB

MaxMetaspaceSize: 384.00 MB
CompressedClassSpaceSize: 320.00 MB
Initial GC threshold: 21.00 MB
Current GC threshold: 21.00 MB
CDS: on
MetaspaceReclaimPolicy: balanced
 - commit_granule_bytes: 65536.
 - commit_granule_words: 8192.
 - virtual_space_node_default_size: 8388608.
 - enlarge_chunks_in_place: 1.
 - new_chunks_are_fully_committed: 0.
 - uncommit_free_chunks: 1.
 - use_allocation_guard: 0.
 - handle_deallocations: 1.


Internal statistics:

num_allocs_failed_limit: 0.
num_arena_births: 168.
num_arena_deaths: 0.
num_vsnodes_births: 2.
num_vsnodes_deaths: 0.
num_space_committed: 212.
num_space_uncommitted: 0.
num_chunks_returned_to_freelist: 0.
num_chunks_taken_from_freelist: 559.
num_chunk_merges: 0.
num_chunk_splits: 385.
num_chunks_enlarged: 290.
num_inconsistent_stats: 0.

CodeHeap 'non-profiled nmethods': size=120000Kb used=1131Kb max_used=1131Kb free=118868Kb
 bounds [0x0000011013060000, 0x00000110132d0000, 0x000001101a590000]
CodeHeap 'profiled nmethods': size=120000Kb used=4552Kb max_used=4552Kb free=115447Kb
 bounds [0x000001100b590000, 0x000001100ba10000, 0x0000011012ac0000]
CodeHeap 'non-nmethods': size=5760Kb used=1217Kb max_used=1241Kb free=4542Kb
 bounds [0x0000011012ac0000, 0x0000011012d30000, 0x0000011013060000]
 total_blobs=2775 nmethods=2255 adapters=432
 compilation: enabled
              stopped_count=0, restarted_count=0
 full_count=0

Compilation events (20 events):
Event: 5.533 Thread 0x000001101dd6c470 2236       3       java.lang.invoke.LambdaForm$NamedFunction::member (26 bytes)
Event: 5.533 Thread 0x000001101dd6c470 nmethod 2236 0x000001100b9f2890 code [0x000001100b9f2a20, 0x000001100b9f2b38]
Event: 5.533 Thread 0x000001101dd6c470 2237       3       java.lang.invoke.InvokerBytecodeGenerator::isStaticallyInvocable (165 bytes)
Event: 5.535 Thread 0x000001101dd6c470 nmethod 2237 0x000001100b9f2c10 code [0x000001100b9f3040, 0x000001100b9f4d28]
Event: 5.535 Thread 0x000001101dd6c470 2239   !   3       java.lang.invoke.MemberName::getFieldType (176 bytes)
Event: 5.536 Thread 0x000001101dd6c470 nmethod 2239 0x000001100b9f5490 code [0x000001100b9f57c0, 0x000001100b9f6d38]
Event: 5.536 Thread 0x000001101dd6c470 2238       3       java.lang.invoke.MemberName::isPrivate (8 bytes)
Event: 5.536 Thread 0x000001101dd6c470 nmethod 2238 0x000001100b9f7410 code [0x000001100b9f75a0, 0x000001100b9f7778]
Event: 5.538 Thread 0x000001101dd6c470 2241       3       java.lang.invoke.DirectMethodHandle::make (275 bytes)
Event: 5.540 Thread 0x000001101dd6c470 nmethod 2241 0x000001100b9f7810 code [0x000001100b9f7ba0, 0x000001100b9f9018]
Event: 5.540 Thread 0x000001101dd6c470 2242       3       java.lang.invoke.MemberName::isField (8 bytes)
Event: 5.540 Thread 0x000001101dd6c470 nmethod 2242 0x000001100b9f9810 code [0x000001100b9f99c0, 0x000001100b9f9bf8]
Event: 5.540 Thread 0x000001101dd6c470 2243       3       java.lang.invoke.LambdaFormBuffer::ownedCount (7 bytes)
Event: 5.540 Thread 0x000001101dd6c470 nmethod 2243 0x000001100b9f9d10 code [0x000001100b9f9ea0, 0x000001100b9f9fb8]
Event: 5.540 Thread 0x000001101dd6c470 2244       3       java.lang.invoke.LambdaForm::normalize (322 bytes)
Event: 5.541 Thread 0x000001101dd6c470 nmethod 2244 0x000001100b9fa090 code [0x000001100b9fa340, 0x000001100b9fb678]
Event: 5.542 Thread 0x000001101dd6c470 2246       3       java.lang.invoke.InvokerBytecodeGenerator::emitReferenceCast (188 bytes)
Event: 5.542 Thread 0x000001101dd6c470 nmethod 2246 0x000001100b9fbc90 code [0x000001100b9fbf40, 0x000001100b9fcbe8]
Event: 5.545 Thread 0x000001101dd6c470 2249       3       java.lang.invoke.InvokerBytecodeGenerator::storeInsnOpcode (98 bytes)
Event: 5.545 Thread 0x000001101dd6c470 nmethod 2249 0x000001100b9fcf90 code [0x000001100b9fd200, 0x000001100b9fdbf8]

GC Heap History (4 events):
Event: 0.409 GC heap before
{Heap before GC invocations=0 (full 0):
 garbage-first heap   total 262144K, used 13312K [0x00000000e0000000, 0x0000000100000000)
  region size 1024K, 13 young (13312K), 0 survivors (0K)
 Metaspace       used 760K, committed 896K, reserved 393216K
  class space    used 61K, committed 128K, reserved 327680K
}
Event: 0.433 GC heap after
{Heap after GC invocations=1 (full 0):
 garbage-first heap   total 262144K, used 1236K [0x00000000e0000000, 0x0000000100000000)
  region size 1024K, 2 young (2048K), 2 survivors (2048K)
 Metaspace       used 760K, committed 896K, reserved 393216K
  class space    used 61K, committed 128K, reserved 327680K
}
Event: 1.545 GC heap before
{Heap before GC invocations=1 (full 0):
 garbage-first heap   total 262144K, used 22740K [0x00000000e0000000, 0x0000000100000000)
  region size 1024K, 21 young (21504K), 2 survivors (2048K)
 Metaspace       used 2924K, committed 3008K, reserved 393216K
  class space    used 339K, committed 384K, reserved 327680K
}
Event: 1.549 GC heap after
{Heap after GC invocations=2 (full 0):
 garbage-first heap   total 262144K, used 9700K [0x00000000e0000000, 0x0000000100000000)
  region size 1024K, 3 young (3072K), 3 survivors (3072K)
 Metaspace       used 2924K, committed 3008K, reserved 393216K
  class space    used 339K, committed 384K, reserved 327680K
}

Dll operation events (15 events):
Event: 0.008 Loaded shared library C:\Users\ASUS\.jdks\corretto-17.0.12\bin\java.dll
Event: 0.029 Loaded shared library C:\Users\ASUS\.jdks\corretto-17.0.12\bin\jsvml.dll
Event: 0.078 Loaded shared library C:\Users\ASUS\.jdks\corretto-17.0.12\bin\zip.dll
Event: 0.080 Loaded shared library C:\Users\ASUS\.jdks\corretto-17.0.12\bin\instrument.dll
Event: 0.083 Loaded shared library C:\Users\ASUS\.jdks\corretto-17.0.12\bin\net.dll
Event: 0.085 Loaded shared library C:\Users\ASUS\.jdks\corretto-17.0.12\bin\nio.dll
Event: 0.087 Loaded shared library C:\Users\ASUS\.jdks\corretto-17.0.12\bin\zip.dll
Event: 0.530 Loaded shared library C:\Users\ASUS\.jdks\corretto-17.0.12\bin\jimage.dll
Event: 1.094 Loaded shared library C:\Users\ASUS\.jdks\corretto-17.0.12\bin\verify.dll
Event: 1.469 Loaded shared library C:\Users\ASUS\.gradle\native\c067742578af261105cb4f569cf0c3c89f3d7b1fecec35dd04571415982c5e48\windows-amd64\native-platform.dll
Event: 1.492 Loaded shared library C:\Users\ASUS\.gradle\native\100fb08df4bc3b14c8652ba06237920a3bd2aa13389f12d3474272988ae205f9\windows-amd64\native-platform-file-events.dll
Event: 3.709 Loaded shared library C:\Users\ASUS\.jdks\corretto-17.0.12\bin\management.dll
Event: 3.720 Loaded shared library C:\Users\ASUS\.jdks\corretto-17.0.12\bin\management_ext.dll
Event: 4.280 Loaded shared library C:\Users\ASUS\.jdks\corretto-17.0.12\bin\extnet.dll
Event: 4.762 Loaded shared library C:\Users\ASUS\.jdks\corretto-17.0.12\bin\sunmscapi.dll

Deoptimization events (20 events):
Event: 4.991 Thread 0x0000011038b15b40 Uncommon trap: trap_request=0xffffffc6 fr.pc=0x00000110131444cc relative=0x0000000000000dcc
Event: 4.991 Thread 0x0000011038b15b40 Uncommon trap: reason=bimorphic_or_optimized_type_check action=maybe_recompile pc=0x00000110131444cc method=java.util.HashMap.getNode(Ljava/lang/Object;)Ljava/util/HashMap$Node; @ 128 c2
Event: 4.991 Thread 0x0000011038b15b40 DEOPT PACKING pc=0x00000110131444cc sp=0x0000000d8c0fde40
Event: 4.991 Thread 0x0000011038b15b40 DEOPT UNPACKING pc=0x0000011012b169a3 sp=0x0000000d8c0fdd88 mode 2
Event: 5.004 Thread 0x000001103772ef60 Uncommon trap: trap_request=0xffffff45 fr.pc=0x000001101311c808 relative=0x0000000000000248
Event: 5.004 Thread 0x000001103772ef60 Uncommon trap: reason=unstable_if action=reinterpret pc=0x000001101311c808 method=java.io.WinNTFileSystem.prefixLength(Ljava/lang/String;)I @ 25 c2
Event: 5.004 Thread 0x000001103772ef60 DEOPT PACKING pc=0x000001101311c808 sp=0x0000000d8c3feb10
Event: 5.004 Thread 0x000001103772ef60 DEOPT UNPACKING pc=0x0000011012b169a3 sp=0x0000000d8c3fea88 mode 2
Event: 5.300 Thread 0x000001103772ef60 Uncommon trap: trap_request=0xffffff45 fr.pc=0x0000011013143b14 relative=0x0000000000000414
Event: 5.300 Thread 0x000001103772ef60 Uncommon trap: reason=unstable_if action=reinterpret pc=0x0000011013143b14 method=java.util.HashMap.getNode(Ljava/lang/Object;)Ljava/util/HashMap$Node; @ 66 c2
Event: 5.300 Thread 0x000001103772ef60 DEOPT PACKING pc=0x0000011013143b14 sp=0x0000000d8c3fbdf0
Event: 5.300 Thread 0x000001103772ef60 DEOPT UNPACKING pc=0x0000011012b169a3 sp=0x0000000d8c3fbd40 mode 2
Event: 5.300 Thread 0x000001103772ef60 Uncommon trap: trap_request=0xffffff45 fr.pc=0x00000110130a6824 relative=0x00000000000003e4
Event: 5.300 Thread 0x000001103772ef60 Uncommon trap: reason=unstable_if action=reinterpret pc=0x00000110130a6824 method=java.util.HashMap.getNode(Ljava/lang/Object;)Ljava/util/HashMap$Node; @ 66 c2
Event: 5.300 Thread 0x000001103772ef60 DEOPT PACKING pc=0x00000110130a6824 sp=0x0000000d8c3fbdb0
Event: 5.300 Thread 0x000001103772ef60 DEOPT UNPACKING pc=0x0000011012b169a3 sp=0x0000000d8c3fbd40 mode 2
Event: 5.320 Thread 0x000001103772ef60 Uncommon trap: trap_request=0xffffff45 fr.pc=0x00000110130fd590 relative=0x0000000000000270
Event: 5.320 Thread 0x000001103772ef60 Uncommon trap: reason=unstable_if action=reinterpret pc=0x00000110130fd590 method=java.util.concurrent.ConcurrentHashMap.get(Ljava/lang/Object;)Ljava/lang/Object; @ 76 c2
Event: 5.320 Thread 0x000001103772ef60 DEOPT PACKING pc=0x00000110130fd590 sp=0x0000000d8c3fb280
Event: 5.320 Thread 0x000001103772ef60 DEOPT UNPACKING pc=0x0000011012b169a3 sp=0x0000000d8c3fb1e8 mode 2

Classes loaded (20 events):
Event: 5.318 Loading class jdk/internal/vm/annotation/IntrinsicCandidate
Event: 5.319 Loading class jdk/internal/vm/annotation/IntrinsicCandidate done
Event: 5.323 Loading class java/util/stream/MatchOps$MatchKind
Event: 5.324 Loading class java/util/stream/MatchOps$MatchKind done
Event: 5.324 Loading class java/util/stream/MatchOps
Event: 5.325 Loading class java/util/stream/MatchOps done
Event: 5.325 Loading class java/util/stream/MatchOps$MatchOp
Event: 5.325 Loading class java/util/stream/MatchOps$MatchOp done
Event: 5.325 Loading class java/util/stream/MatchOps$BooleanTerminalSink
Event: 5.326 Loading class java/util/stream/MatchOps$BooleanTerminalSink done
Event: 5.326 Loading class java/util/stream/MatchOps$1MatchSink
Event: 5.326 Loading class java/util/stream/MatchOps$1MatchSink done
Event: 5.374 Loading class java/lang/TypeNotPresentException
Event: 5.374 Loading class java/lang/TypeNotPresentException done
Event: 5.415 Loading class java/lang/invoke/MethodHandle$1
Event: 5.415 Loading class java/lang/invoke/MethodHandle$1 done
Event: 5.439 Loading class java/util/ConcurrentModificationException
Event: 5.440 Loading class java/util/ConcurrentModificationException done
Event: 5.484 Loading class sun/reflect/generics/scope/ConstructorScope
Event: 5.484 Loading class sun/reflect/generics/scope/ConstructorScope done

Classes unloaded (0 events):
No events

Classes redefined (0 events):
No events

Internal exceptions (20 events):
Event: 1.559 Thread 0x0000011003a547e0 Exception <a 'java/lang/NoSuchMethodError'{0x00000000eff3adf8}: 'int java.lang.invoke.DirectMethodHandle$Holder.invokeStatic(java.lang.Object)'> (0x00000000eff3adf8) 
thrown [s\src\hotspot\share\interpreter\linkResolver.cpp, line 759]
Event: 1.559 Thread 0x0000011003a547e0 Exception <a 'java/lang/NoSuchMethodError'{0x00000000eff3e2a8}: 'int java.lang.invoke.DirectMethodHandle$Holder.invokeStaticInit(java.lang.Object)'> (0x00000000eff3e2a8) 
thrown [s\src\hotspot\share\interpreter\linkResolver.cpp, line 759]
Event: 1.872 Thread 0x0000011003a547e0 Exception <a 'java/lang/NoSuchMethodError'{0x00000000ef6b2910}: 'void java.lang.invoke.DirectMethodHandle$Holder.invokeInterface(java.lang.Object, java.lang.Object, java.lang.Object)'> (0x00000000ef6b2910) 
thrown [s\src\hotspot\share\interpreter\linkResolver.cpp, line 759]
Event: 3.705 Thread 0x0000011003a547e0 Exception <a 'java/lang/NoSuchMethodError'{0x00000000eb065ea0}: 'java.lang.Object java.lang.invoke.DirectMethodHandle$Holder.invokeStaticInit(java.lang.Object)'> (0x00000000eb065ea0) 
thrown [s\src\hotspot\share\interpreter\linkResolver.cpp, line 759]
Event: 3.786 Thread 0x0000011003a547e0 Exception <a 'java/lang/NoSuchMethodError'{0x00000000eb0f03a8}: 'java.lang.Object java.lang.invoke.DirectMethodHandle$Holder.invokeInterface(java.lang.Object, java.lang.Object)'> (0x00000000eb0f03a8) 
thrown [s\src\hotspot\share\interpreter\linkResolver.cpp, line 759]
Event: 4.127 Thread 0x0000011003a547e0 Exception <a 'java/lang/NoSuchMethodError'{0x00000000eaaa5e48}: 'java.lang.Object java.lang.invoke.DirectMethodHandle$Holder.invokeStaticInit(java.lang.Object, int, int, int, int)'> (0x00000000eaaa5e48) 
thrown [s\src\hotspot\share\interpreter\linkResolver.cpp, line 759]
Event: 4.253 Thread 0x0000011003a547e0 Exception <a 'java/lang/NoSuchMethodError'{0x00000000ea914c30}: 'java.lang.Object java.lang.invoke.DirectMethodHandle$Holder.invokeStaticInit(java.lang.Object, java.lang.Object, int, int, int, int)'> (0x00000000ea914c30) 
thrown [s\src\hotspot\share\interpreter\linkResolver.cpp, line 759]
Event: 4.613 Thread 0x0000011003a547e0 Exception <a 'java/lang/NoSuchMethodError'{0x00000000ea72a760}: 'void java.lang.invoke.DirectMethodHandle$Holder.invokeStatic(java.lang.Object, java.lang.Object, java.lang.Object)'> (0x00000000ea72a760) 
thrown [s\src\hotspot\share\interpreter\linkResolver.cpp, line 759]
Event: 4.654 Thread 0x0000011003a547e0 Exception <a 'java/io/IOException'{0x00000000ea64b260}> (0x00000000ea64b260) 
thrown [s\src\hotspot\share\prims\jni.cpp, line 516]
Event: 4.658 Thread 0x0000011003a547e0 Implicit null exception at 0x00000110130b1a72 to 0x00000110130b208c
Event: 4.662 Thread 0x0000011003a547e0 Exception <a 'java/lang/NoSuchMethodError'{0x00000000ea6abf20}: 'java.lang.Object java.lang.invoke.DirectMethodHandle$Holder.newInvokeSpecial(java.lang.Object, java.lang.Object, java.lang.Object, java.lang.Object, java.lang.Object)'> (0x00000000ea6abf20) 
thrown [s\src\hotspot\share\interpreter\linkResolver.cpp, line 759]
Event: 4.994 Thread 0x0000011038b15b40 Exception <a 'java/lang/NoSuchMethodError'{0x00000000ea376d90}: 'void java.lang.invoke.DirectMethodHandle$Holder.invokeSpecial(java.lang.Object, java.lang.Object, java.lang.Object)'> (0x00000000ea376d90) 
thrown [s\src\hotspot\share\interpreter\linkResolver.cpp, line 759]
Event: 5.114 Thread 0x000001103772ef60 Exception <a 'java/lang/NoSuchMethodError'{0x00000000e9e66970}: 'long java.lang.invoke.DirectMethodHandle$Holder.invokeInterface(java.lang.Object, java.lang.Object)'> (0x00000000e9e66970) 
thrown [s\src\hotspot\share\interpreter\linkResolver.cpp, line 759]
Event: 5.250 Thread 0x000001103772ef60 Exception <a 'java/lang/NoSuchMethodError'{0x00000000e9ad29b0}: 'void java.lang.invoke.DirectMethodHandle$Holder.invokeStatic(java.lang.Object, java.lang.Object)'> (0x00000000e9ad29b0) 
thrown [s\src\hotspot\share\interpreter\linkResolver.cpp, line 759]
Event: 5.333 Thread 0x000001103772ef60 Exception <a 'java/lang/NoSuchMethodError'{0x00000000e98ead08}: 'int java.lang.invoke.DirectMethodHandle$Holder.invokeVirtual(java.lang.Object, java.lang.Object, java.lang.Object)'> (0x00000000e98ead08) 
thrown [s\src\hotspot\share\interpreter\linkResolver.cpp, line 759]
Event: 5.410 Thread 0x000001103772ef60 Exception <a 'java/lang/NoSuchMethodError'{0x00000000e95759c0}: 'java.lang.Object java.lang.invoke.DirectMethodHandle$Holder.newInvokeSpecial(java.lang.Object, java.lang.Object, java.lang.Object, java.lang.Object, java.lang.Object, java.lang.Object)'> (0x00000000e95759c0) 
thrown [s\src\hotspot\share\interpreter\linkResolver.cpp, line 759]
Event: 5.521 Thread 0x000001103772ef60 Exception <a 'java/lang/NoSuchMethodError'{0x00000000e92762b0}: 'void java.lang.invoke.DelegatingMethodHandle$Holder.reinvoke_L(java.lang.Object, java.lang.Object, java.lang.Object, java.lang.Object, java.lang.Object, java.lang.Object, java.lang.Object, java.lang.Object, java.lang.Object, java.lang.Object)'> (0x00000000e92762b0) 
thrown [s\src\hotspot\share\interpreter\linkResolver.cpp, line 759]
Event: 5.522 Thread 0x000001103772ef60 Exception <a 'java/lang/NoSuchMethodError'{0x00000000e927e720}: 'java.lang.Object java.lang.invoke.DirectMethodHandle$Holder.invokeSpecial(java.lang.Object, java.lang.Object, java.lang.Object, java.lang.Object, java.lang.Object, java.lang.Object, java.lang.Object, java.lang.Object, java.lang.Object, java.lang.Object)'> (0x00000000e927e720) 
thrown [s\src\hotspot\share\interpreter\linkResolver.cpp, line 759]
Event: 5.522 Thread 0x000001103772ef60 Exception <a 'java/lang/NoSuchMethodError'{0x00000000e9283258}: 'java.lang.Object java.lang.invoke.Invokers$Holder.invoker(java.lang.Object, java.lang.Object, java.lang.Object, java.lang.Object, java.lang.Object, java.lang.Object, java.lang.Object, java.lang.Object, java.lang.Object, java.lang.Object)'> (0x00000000e9283258) 
thrown [s\src\hotspot\share\interpreter\linkResolver.cpp, line 759]
Event: 5.523 Thread 0x000001103772ef60 Exception <a 'java/lang/NoSuchMethodError'{0x00000000e9288e60}: 'java.lang.Object java.lang.invoke.DirectMethodHandle$Holder.invokeSpecial(java.lang.Object, java.lang.Object, java.lang.Object, java.lang.Object, java.lang.Object, java.lang.Object, java.lang.Object, java.lang.Object, java.lang.Object, java.lang.Object, java.lang.Object)'> (0x00000000e9288e60) 
thrown [s\src\hotspot\share\interpreter\linkResolver.cpp, line 759]

VM Operations (20 events):
Event: 3.525 Executing VM operation: HandshakeAllThreads
Event: 3.526 Executing VM operation: HandshakeAllThreads done
Event: 3.588 Executing VM operation: HandshakeAllThreads
Event: 3.588 Executing VM operation: HandshakeAllThreads done
Event: 3.589 Executing VM operation: HandshakeAllThreads
Event: 3.589 Executing VM operation: HandshakeAllThreads done
Event: 3.775 Executing VM operation: HandshakeAllThreads
Event: 3.775 Executing VM operation: HandshakeAllThreads done
Event: 3.929 Executing VM operation: HandshakeAllThreads
Event: 3.929 Executing VM operation: HandshakeAllThreads done
Event: 3.929 Executing VM operation: Cleanup
Event: 3.929 Executing VM operation: Cleanup done
Event: 4.094 Executing VM operation: HandshakeAllThreads
Event: 4.094 Executing VM operation: HandshakeAllThreads done
Event: 4.245 Executing VM operation: HandshakeAllThreads
Event: 4.245 Executing VM operation: HandshakeAllThreads done
Event: 4.611 Executing VM operation: HandshakeAllThreads
Event: 4.611 Executing VM operation: HandshakeAllThreads done
Event: 4.776 Executing VM operation: HandshakeAllThreads
Event: 4.776 Executing VM operation: HandshakeAllThreads done

Events (20 events):
Event: 0.042 Thread 0x000001101dd650e0 Thread added: 0x000001101dd650e0
Event: 0.042 Thread 0x000001101dd659b0 Thread added: 0x000001101dd659b0
Event: 0.042 Thread 0x000001101dd67290 Thread added: 0x000001101dd67290
Event: 0.042 Thread 0x000001101dd6bb60 Thread added: 0x000001101dd6bb60
Event: 0.042 Thread 0x000001101dd6c470 Thread added: 0x000001101dd6c470
Event: 0.042 Thread 0x000001101dd7f5a0 Thread added: 0x000001101dd7f5a0
Event: 0.057 Thread 0x00000110370a2da0 Thread added: 0x00000110370a2da0
Event: 0.101 Thread 0x000001103715fe10 Thread added: 0x000001103715fe10
Event: 1.684 Thread 0x000001103721a8a0 Thread added: 0x000001103721a8a0
Event: 2.165 Thread 0x000001103721a8a0 Thread exited: 0x000001103721a8a0
Event: 3.838 Thread 0x0000011038a521e0 Thread added: 0x0000011038a521e0
Event: 4.554 Thread 0x0000011038bf2a70 Thread added: 0x0000011038bf2a70
Event: 4.668 Thread 0x0000011038b91410 Thread added: 0x0000011038b91410
Event: 4.902 Thread 0x0000011038b15b40 Thread added: 0x0000011038b15b40
Event: 4.908 Thread 0x000001103772f470 Thread added: 0x000001103772f470
Event: 4.981 Thread 0x000001103772db20 Thread added: 0x000001103772db20
Event: 4.995 Thread 0x000001103772ef60 Thread added: 0x000001103772ef60
Event: 5.022 Thread 0x000001103772fe90 Thread added: 0x000001103772fe90
Event: 5.035 Thread 0x00000110377303a0 Thread added: 0x00000110377303a0
Event: 5.040 Thread 0x00000110377312d0 Thread added: 0x00000110377312d0


Dynamic libraries:
0x00007ff66abd0000 - 0x00007ff66abde000 	C:\Users\ASUS\.jdks\corretto-17.0.12\bin\java.exe
0x00007ffd48f90000 - 0x00007ffd49188000 	C:\Windows\SYSTEM32\ntdll.dll
0x00007ffd48cd0000 - 0x00007ffd48d8f000 	C:\Windows\System32\KERNEL32.DLL
0x00007ffd46830000 - 0x00007ffd46b02000 	C:\Windows\System32\KERNELBASE.dll
0x00007ffd466b0000 - 0x00007ffd467b0000 	C:\Windows\System32\ucrtbase.dll
0x00007ffd42560000 - 0x00007ffd4257b000 	C:\Users\ASUS\.jdks\corretto-17.0.12\bin\VCRUNTIME140.dll
0x00007ffd42580000 - 0x00007ffd42597000 	C:\Users\ASUS\.jdks\corretto-17.0.12\bin\jli.dll
0x00007ffd486c0000 - 0x00007ffd48861000 	C:\Windows\System32\USER32.dll
0x00007ffd46680000 - 0x00007ffd466a2000 	C:\Windows\System32\win32u.dll
0x00007ffd2eaa0000 - 0x00007ffd2ed3a000 	C:\Windows\WinSxS\amd64_microsoft.windows.common-controls_6595b64144ccf1df_6.0.19041.1110_none_60b5254171f9507e\COMCTL32.dll
0x00007ffd48490000 - 0x00007ffd484bb000 	C:\Windows\System32\GDI32.dll
0x00007ffd48120000 - 0x00007ffd481be000 	C:\Windows\System32\msvcrt.dll
0x00007ffd46b10000 - 0x00007ffd46c1f000 	C:\Windows\System32\gdi32full.dll
0x00007ffd46d60000 - 0x00007ffd46dfd000 	C:\Windows\System32\msvcp_win.dll
0x00007ffd48620000 - 0x00007ffd48652000 	C:\Windows\System32\IMM32.DLL
0x00007ffd42550000 - 0x00007ffd4255c000 	C:\Users\ASUS\.jdks\corretto-17.0.12\bin\vcruntime140_1.dll
0x00007ffd36410000 - 0x00007ffd3649d000 	C:\Users\ASUS\.jdks\corretto-17.0.12\bin\msvcp140.dll
0x00007ffcdd700000 - 0x00007ffcde36a000 	C:\Users\ASUS\.jdks\corretto-17.0.12\bin\server\jvm.dll
0x00007ffd470b0000 - 0x00007ffd4715e000 	C:\Windows\System32\ADVAPI32.dll
0x00007ffd48e00000 - 0x00007ffd48e9c000 	C:\Windows\System32\sechost.dll
0x00007ffd47310000 - 0x00007ffd47435000 	C:\Windows\System32\RPCRT4.dll
0x00007ffd48d90000 - 0x00007ffd48dfb000 	C:\Windows\System32\WS2_32.dll
0x00007ffd45c00000 - 0x00007ffd45c4b000 	C:\Windows\SYSTEM32\POWRPROF.dll
0x00007ffd3a190000 - 0x00007ffd3a1b7000 	C:\Windows\SYSTEM32\WINMM.dll
0x00007ffd40300000 - 0x00007ffd4030a000 	C:\Windows\SYSTEM32\VERSION.dll
0x00007ffd45ac0000 - 0x00007ffd45ad2000 	C:\Windows\SYSTEM32\UMPDC.dll
0x00007ffd44540000 - 0x00007ffd44552000 	C:\Windows\SYSTEM32\kernel.appcore.dll
0x00007ffd42540000 - 0x00007ffd4254a000 	C:\Users\ASUS\.jdks\corretto-17.0.12\bin\jimage.dll
0x00007ffd30a60000 - 0x00007ffd30c44000 	C:\Windows\SYSTEM32\DBGHELP.DLL
0x00007ffd2f6d0000 - 0x00007ffd2f705000 	C:\Windows\SYSTEM32\dbgcore.DLL
0x00007ffd46cd0000 - 0x00007ffd46d52000 	C:\Windows\System32\bcryptPrimitives.dll
0x00007ffd424d0000 - 0x00007ffd424de000 	C:\Users\ASUS\.jdks\corretto-17.0.12\bin\instrument.dll
0x00007ffd2aeb0000 - 0x00007ffd2aed5000 	C:\Users\ASUS\.jdks\corretto-17.0.12\bin\java.dll
0x00007ffd2add0000 - 0x00007ffd2aea7000 	C:\Users\ASUS\.jdks\corretto-17.0.12\bin\jsvml.dll
0x00007ffd47440000 - 0x00007ffd47b85000 	C:\Windows\System32\SHELL32.dll
0x00007ffd44740000 - 0x00007ffd44ed2000 	C:\Windows\SYSTEM32\windows.storage.dll
0x00007ffd48870000 - 0x00007ffd48bc5000 	C:\Windows\System32\combase.dll
0x00007ffd460e0000 - 0x00007ffd46110000 	C:\Windows\SYSTEM32\Wldp.dll
0x00007ffd48ea0000 - 0x00007ffd48f4d000 	C:\Windows\System32\SHCORE.dll
0x00007ffd485b0000 - 0x00007ffd48605000 	C:\Windows\System32\shlwapi.dll
0x00007ffd465c0000 - 0x00007ffd465df000 	C:\Windows\SYSTEM32\profapi.dll
0x00007ffd40500000 - 0x00007ffd40518000 	C:\Users\ASUS\.jdks\corretto-17.0.12\bin\zip.dll
0x00007ffd39cc0000 - 0x00007ffd39cd9000 	C:\Users\ASUS\.jdks\corretto-17.0.12\bin\net.dll
0x00007ffd3edf0000 - 0x00007ffd3eefc000 	C:\Windows\SYSTEM32\WINHTTP.dll
0x00007ffd45e40000 - 0x00007ffd45eaa000 	C:\Windows\system32\mswsock.dll
0x00007ffd363f0000 - 0x00007ffd36406000 	C:\Users\ASUS\.jdks\corretto-17.0.12\bin\nio.dll
0x00007ffd424c0000 - 0x00007ffd424d0000 	C:\Users\ASUS\.jdks\corretto-17.0.12\bin\verify.dll
0x00007ffd12ce0000 - 0x00007ffd12d07000 	C:\Users\ASUS\.gradle\native\c067742578af261105cb4f569cf0c3c89f3d7b1fecec35dd04571415982c5e48\windows-amd64\native-platform.dll
0x00007ffcd7ce0000 - 0x00007ffcd7e24000 	C:\Users\ASUS\.gradle\native\100fb08df4bc3b14c8652ba06237920a3bd2aa13389f12d3474272988ae205f9\windows-amd64\native-platform-file-events.dll
0x00007ffd41270000 - 0x00007ffd41279000 	C:\Users\ASUS\.jdks\corretto-17.0.12\bin\management.dll
0x00007ffd409e0000 - 0x00007ffd409eb000 	C:\Users\ASUS\.jdks\corretto-17.0.12\bin\management_ext.dll
0x00007ffd48610000 - 0x00007ffd48618000 	C:\Windows\System32\PSAPI.DLL
0x00007ffd46030000 - 0x00007ffd46048000 	C:\Windows\SYSTEM32\CRYPTSP.dll
0x00007ffd456f0000 - 0x00007ffd45724000 	C:\Windows\system32\rsaenh.dll
0x00007ffd467b0000 - 0x00007ffd467d7000 	C:\Windows\System32\bcrypt.dll
0x00007ffd46580000 - 0x00007ffd465ae000 	C:\Windows\SYSTEM32\USERENV.dll
0x00007ffd46050000 - 0x00007ffd4605c000 	C:\Windows\SYSTEM32\CRYPTBASE.dll
0x00007ffd45ae0000 - 0x00007ffd45b1b000 	C:\Windows\SYSTEM32\IPHLPAPI.DLL
0x00007ffd48cc0000 - 0x00007ffd48cc8000 	C:\Windows\System32\NSI.dll
0x00007ffd3f790000 - 0x00007ffd3f7a7000 	C:\Windows\SYSTEM32\dhcpcsvc6.DLL
0x00007ffd3fa40000 - 0x00007ffd3fa5d000 	C:\Windows\SYSTEM32\dhcpcsvc.DLL
0x00007ffd45b30000 - 0x00007ffd45bfb000 	C:\Windows\SYSTEM32\DNSAPI.dll
0x00007ffd3f280000 - 0x00007ffd3f289000 	C:\Users\ASUS\.jdks\corretto-17.0.12\bin\extnet.dll
0x00007ffd3e0c0000 - 0x00007ffd3e0ce000 	C:\Users\ASUS\.jdks\corretto-17.0.12\bin\sunmscapi.dll
0x00007ffd46e70000 - 0x00007ffd46fc6000 	C:\Windows\System32\CRYPT32.dll
0x00007ffd46150000 - 0x00007ffd46177000 	C:\Windows\SYSTEM32\ncrypt.dll
0x00007ffd46110000 - 0x00007ffd4614b000 	C:\Windows\SYSTEM32\NTASN1.dll
0x00007ffd3d5c0000 - 0x00007ffd3d5c7000 	C:\Windows\system32\wshunix.dll

dbghelp: loaded successfully - version: 4.0.5 - missing functions: none
symbol engine: initialized successfully - sym options: 0x614 - pdb path: .;C:\Users\ASUS\.jdks\corretto-17.0.12\bin;C:\Windows\SYSTEM32;C:\Windows\WinSxS\amd64_microsoft.windows.common-controls_6595b64144ccf1df_6.0.19041.1110_none_60b5254171f9507e;C:\Users\ASUS\.jdks\corretto-17.0.12\bin\server;C:\Users\ASUS\.gradle\native\c067742578af261105cb4f569cf0c3c89f3d7b1fecec35dd04571415982c5e48\windows-amd64;C:\Users\ASUS\.gradle\native\100fb08df4bc3b14c8652ba06237920a3bd2aa13389f12d3474272988ae205f9\windows-amd64

VM Arguments:
jvm_args: --add-opens=java.base/java.lang=ALL-UNNAMED --add-opens=java.base/java.lang.invoke=ALL-UNNAMED --add-opens=java.base/java.util=ALL-UNNAMED --add-opens=java.prefs/java.util.prefs=ALL-UNNAMED --add-exports=jdk.compiler/com.sun.tools.javac.api=ALL-UNNAMED --add-exports=jdk.compiler/com.sun.tools.javac.util=ALL-UNNAMED --add-opens=java.base/java.util=ALL-UNNAMED --add-opens=java.prefs/java.util.prefs=ALL-UNNAMED --add-opens=java.base/java.nio.charset=ALL-UNNAMED --add-opens=java.base/java.net=ALL-UNNAMED --add-opens=java.base/java.util.concurrent.atomic=ALL-UNNAMED --add-opens=java.xml/javax.xml.namespace=ALL-UNNAMED -XX:MaxMetaspaceSize=384m -XX:+HeapDumpOnOutOfMemoryError -Xms256m -Xmx512m -Dfile.encoding=windows-1252 -Duser.country=US -Duser.language=en -Duser.variant -javaagent:C:\Users\ASUS\.gradle\wrapper\dists\gradle-8.11.1-bin\bpt9gzteqjrbo1mjrsomdt32c\gradle-8.11.1\lib\agents\gradle-instrumentation-agent-8.11.1.jar 
java_command: org.gradle.launcher.daemon.bootstrap.GradleDaemon 8.11.1
java_class_path (initial): C:\Users\ASUS\.gradle\wrapper\dists\gradle-8.11.1-bin\bpt9gzteqjrbo1mjrsomdt32c\gradle-8.11.1\lib\gradle-daemon-main-8.11.1.jar
Launcher Type: SUN_STANDARD

[Global flags]
     intx CICompilerCount                          = 3                                         {product} {ergonomic}
   size_t CompressedClassSpaceSize                 = 335544320                                 {product} {ergonomic}
     uint ConcGCThreads                            = 1                                         {product} {ergonomic}
     uint G1ConcRefinementThreads                  = 4                                         {product} {ergonomic}
   size_t G1HeapRegionSize                         = 1048576                                   {product} {ergonomic}
    uintx GCDrainStackTargetSize                   = 64                                        {product} {ergonomic}
     bool HeapDumpOnOutOfMemoryError               = true                                   {manageable} {command line}
   size_t InitialHeapSize                          = 268435456                                 {product} {command line}
   size_t MarkStackSize                            = 4194304                                   {product} {ergonomic}
   size_t MaxHeapSize                              = 536870912                                 {product} {command line}
   size_t MaxMetaspaceSize                         = 402653184                                 {product} {command line}
   size_t MaxNewSize                               = 321912832                                 {product} {ergonomic}
   size_t MinHeapDeltaBytes                        = 1048576                                   {product} {ergonomic}
   size_t MinHeapSize                              = 268435456                                 {product} {command line}
    uintx NonNMethodCodeHeapSize                   = 5832780                                {pd product} {ergonomic}
    uintx NonProfiledCodeHeapSize                  = 122912730                              {pd product} {ergonomic}
    uintx ProfiledCodeHeapSize                     = 122912730                              {pd product} {ergonomic}
    uintx ReservedCodeCacheSize                    = 251658240                              {pd product} {ergonomic}
     bool SegmentedCodeCache                       = true                                      {product} {ergonomic}
   size_t SoftMaxHeapSize                          = 536870912                              {manageable} {ergonomic}
     bool UseCompressedClassPointers               = true                           {product lp64_product} {ergonomic}
     bool UseCompressedOops                        = true                           {product lp64_product} {ergonomic}
     bool UseG1GC                                  = true                                      {product} {ergonomic}
     bool UseLargePagesIndividualAllocation        = false                                  {pd product} {ergonomic}

Logging:
Log output configuration:
 #0: stdout all=warning uptime,level,tags
 #1: stderr all=off uptime,level,tags

Environment Variables:
PATH=C:\Windows\system32;C:\Windows;C:\Windows\System32\Wbem;C:\Windows\System32\WindowsPowerShell\v1.0\;C:\Windows\System32\OpenSSH\;C:\Program Files\Git\cmd;C:\Users\ASUS\AppData\Local\Microsoft\WindowsApps;;D:\WebStorm 2024.1.5\bin;
USERNAME=ASUS
OS=Windows_NT
PROCESSOR_IDENTIFIER=Intel64 Family 6 Model 158 Stepping 9, GenuineIntel
TMP=C:\Users\ASUS\AppData\Local\Temp
TEMP=C:\Users\ASUS\AppData\Local\Temp



Periodic native trim disabled


---------------  S Y S T E M  ---------------

OS:
 Windows 10 , 64 bit Build 19041 (10.0.19041.2546)
OS uptime: 0 days 2:19 hours

CPU: total 4 (initial active 4) (4 cores per cpu, 1 threads per core) family 6 model 158 stepping 9 microcode 0xb4, cx8, cmov, fxsr, mmx, 3dnowpref, sse, sse2, sse3, ssse3, sse4.1, sse4.2, popcnt, lzcnt, tsc, tscinvbit, avx, avx2, aes, erms, clmul, bmi1, bmi2, adx, fma, vzeroupper, clflush, clflushopt
Processor Information for all 4 processors :
  Max Mhz: 2501, Current Mhz: 2501, Mhz Limit: 2501

Memory: 4k page, system-wide physical 8076M (471M free)
TotalPageFile size 16542M (AvailPageFile size 1M)
current process WorkingSet (physical memory assigned to process): 197M, peak: 197M
current process commit charge ("private bytes"): 379M, peak: 379M

vm_info: OpenJDK 64-Bit Server VM (17.0.12+7-LTS) for windows-amd64 JRE (17.0.12+7-LTS), built on Jul 10 2024 20:46:33 by "Administrator" with MS VC++ 16.10 / 16.11 (VS2019)

END.
