#
# There is insufficient memory for the Java Runtime Environment to continue.
# Native memory allocation (malloc) failed to allocate 1031056 bytes. Error detail: Chunk::new
# Possible reasons:
#   The system is out of physical RAM or swap space
#   This process is running with CompressedOops enabled, and the Java Heap may be blocking the growth of the native heap
# Possible solutions:
#   Reduce memory load on the system
#   Increase physical memory or swap space
#   Check if swap backing store is full
#   Decrease Java heap size (-Xmx/-Xms)
#   Decrease number of Java threads
#   Decrease Java thread stack sizes (-Xss)
#   Set larger code cache with -XX:ReservedCodeCacheSize=
#   JVM is running with Unscaled Compressed Oops mode in which the Java heap is
#     placed in the first 4GB address space. The Java Heap base address is the
#     maximum limit for the native heap growth. Please use -XX:HeapBaseMinAddress
#     to set the Java Heap base and to place the Java Heap above 4GB virtual address.
# This output file may be truncated or incomplete.
#
#  Out of Memory Error (arena.cpp:191), pid=3724, tid=5616
#
# JRE version: OpenJDK Runtime Environment Corretto-17.0.12.7.1 (17.0.12+7) (build 17.0.12+7-LTS)
# Java VM: OpenJDK 64-Bit Server VM Corretto-17.0.12.7.1 (17.0.12+7-LTS, mixed mode, sharing, tiered, compressed oops, compressed class ptrs, g1 gc, windows-amd64)
# No core dump will be written. Minidumps are not enabled by default on client versions of Windows
#

---------------  S U M M A R Y ------------

Command Line: --add-opens=java.base/java.lang=ALL-UNNAMED --add-opens=java.base/java.lang.invoke=ALL-UNNAMED --add-opens=java.base/java.util=ALL-UNNAMED --add-opens=java.prefs/java.util.prefs=ALL-UNNAMED --add-exports=jdk.compiler/com.sun.tools.javac.api=ALL-UNNAMED --add-exports=jdk.compiler/com.sun.tools.javac.util=ALL-UNNAMED --add-opens=java.base/java.util=ALL-UNNAMED --add-opens=java.prefs/java.util.prefs=ALL-UNNAMED --add-opens=java.base/java.nio.charset=ALL-UNNAMED --add-opens=java.base/java.net=ALL-UNNAMED --add-opens=java.base/java.util.concurrent.atomic=ALL-UNNAMED --add-opens=java.xml/javax.xml.namespace=ALL-UNNAMED -XX:MaxMetaspaceSize=384m -XX:+HeapDumpOnOutOfMemoryError -Xms256m -Xmx512m -Dfile.encoding=windows-1252 -Duser.country=US -Duser.language=en -Duser.variant -javaagent:C:\Users\ASUS\.gradle\wrapper\dists\gradle-8.11.1-bin\bpt9gzteqjrbo1mjrsomdt32c\gradle-8.11.1\lib\agents\gradle-instrumentation-agent-8.11.1.jar org.gradle.launcher.daemon.bootstrap.GradleDaemon 8.11.1

Host: Intel(R) Core(TM) i5-7300HQ CPU @ 2.50GHz, 4 cores, 7G,  Windows 10 , 64 bit Build 19041 (10.0.19041.2546)
Time: Thu Jan 23 08:16:08 2025 SE Asia Standard Time elapsed time: 847.694124 seconds (0d 0h 14m 7s)

---------------  T H R E A D  ---------------

Current thread (0x000001b470b45050):  JavaThread "C2 CompilerThread0" daemon [_thread_in_native, id=5616, stack(0x00000075dc300000,0x00000075dc400000)]


Current CompileTask:
C2: 847694 17131   !   4       java.lang.Class::getEnumConstantsShared (71 bytes)

Stack: [0x00000075dc300000,0x00000075dc400000]
Native frames: (J=compiled Java code, j=interpreted, Vv=VM code, C=native code)
V  [jvm.dll+0x67f4f9]
V  [jvm.dll+0x836eaa]
V  [jvm.dll+0x83896e]
V  [jvm.dll+0x838fd3]
V  [jvm.dll+0x247f6f]
V  [jvm.dll+0xac9d4]
V  [jvm.dll+0xad01c]
V  [jvm.dll+0x367042]
V  [jvm.dll+0x1bd452]
V  [jvm.dll+0x21a659]
V  [jvm.dll+0x219941]
V  [jvm.dll+0x1a57bd]
V  [jvm.dll+0x22966d]
V  [jvm.dll+0x22781c]
V  [jvm.dll+0x7ebec7]
V  [jvm.dll+0x7e62ac]
V  [jvm.dll+0x67e3c7]
C  [ucrtbase.dll+0x21bb2]
C  [KERNEL32.DLL+0x17614]
C  [ntdll.dll+0x526a1]


---------------  P R O C E S S  ---------------

Threads class SMR info:
_java_thread_list=0x000001b477460820, length=94, elements={
0x000001b454905690, 0x000001b470b27aa0, 0x000001b470b29580, 0x000001b470b42190,
0x000001b470b42a60, 0x000001b470b43330, 0x000001b470b443a0, 0x000001b470b45050,
0x000001b470b5bdc0, 0x000001b470b6c6b0, 0x000001b470b12d70, 0x000001b4751ee1a0,
0x000001b476b8d440, 0x000001b476cebfa0, 0x000001b47676f0c0, 0x000001b4756cd440,
0x000001b4756ccf30, 0x000001b4756ce370, 0x000001b4756cc000, 0x000001b4752711c0,
0x000001b47526f870, 0x000001b475272600, 0x000001b475272b10, 0x000001b4752707a0,
0x000001b47526e940, 0x000001b4781b25a0, 0x000001b47882c800, 0x000001b478828120,
0x000001b475274460, 0x000001b475274e80, 0x000001b4781ad9b0, 0x000001b4756cde60,
0x000001b4781af810, 0x000001b4752720f0, 0x000001b4788cf120, 0x000001b4788cd7d0,
0x000001b4788ce700, 0x000001b4788cec10, 0x000001b4788cfb40, 0x000001b4788caf50,
0x000001b4788d0050, 0x000001b4788cdce0, 0x000001b4788ce1f0, 0x000001b4788d0560,
0x000001b4788cb970, 0x000001b4788c90f0, 0x000001b4788ca020, 0x000001b4788d0a70,
0x000001b4788c9600, 0x000001b4788ccdb0, 0x000001b4788c9b10, 0x000001b4788cc390,
0x000001b478827700, 0x000001b47882c2f0, 0x000001b47882a9a0, 0x000001b478828b40,
0x000001b47882e150, 0x000001b47882aeb0, 0x000001b478829560, 0x000001b47882a490,
0x000001b47882cd10, 0x000001b47882e660, 0x000001b47882eb70, 0x000001b478829050,
0x000001b47882b3c0, 0x000001b478829a70, 0x000001b47882dc40, 0x000001b478829f80,
0x000001b47882b8d0, 0x000001b47882f080, 0x000001b47882d220, 0x000001b47882d730,
0x000001b47882bde0, 0x000001b478827c10, 0x000001b4781adec0, 0x000001b4781afd20,
0x000001b4781aca80, 0x000001b4781b2fc0, 0x000001b4781ac570, 0x000001b4781ad4a0,
0x000001b4781b0230, 0x000001b4781b0740, 0x000001b4781b34d0, 0x000001b4781aedf0,
0x000001b4781b1b80, 0x000001b4781ae3d0, 0x000001b4781af300, 0x000001b4781ac060,
0x000001b4781b0c50, 0x000001b4781ae8e0, 0x000001b4781b2090, 0x000001b4781b1160,
0x000001b4781b1670, 0x000001b4781b39e0
}

Java Threads: ( => current thread )
  0x000001b454905690 JavaThread "main" [_thread_blocked, id=10676, stack(0x00000075db600000,0x00000075db700000)]
  0x000001b470b27aa0 JavaThread "Reference Handler" daemon [_thread_blocked, id=13924, stack(0x00000075dbd00000,0x00000075dbe00000)]
  0x000001b470b29580 JavaThread "Finalizer" daemon [_thread_blocked, id=7388, stack(0x00000075dbe00000,0x00000075dbf00000)]
  0x000001b470b42190 JavaThread "Signal Dispatcher" daemon [_thread_blocked, id=11188, stack(0x00000075dbf00000,0x00000075dc000000)]
  0x000001b470b42a60 JavaThread "Attach Listener" daemon [_thread_blocked, id=11376, stack(0x00000075dc000000,0x00000075dc100000)]
  0x000001b470b43330 JavaThread "Service Thread" daemon [_thread_blocked, id=16368, stack(0x00000075dc100000,0x00000075dc200000)]
  0x000001b470b443a0 JavaThread "Monitor Deflation Thread" daemon [_thread_blocked, id=11464, stack(0x00000075dc200000,0x00000075dc300000)]
=>0x000001b470b45050 JavaThread "C2 CompilerThread0" daemon [_thread_in_native, id=5616, stack(0x00000075dc300000,0x00000075dc400000)]
  0x000001b470b5bdc0 JavaThread "C1 CompilerThread0" daemon [_thread_blocked, id=7532, stack(0x00000075dc400000,0x00000075dc500000)]
  0x000001b470b6c6b0 JavaThread "Sweeper thread" daemon [_thread_blocked, id=8180, stack(0x00000075dc500000,0x00000075dc600000)]
  0x000001b470b12d70 JavaThread "Common-Cleaner" daemon [_thread_blocked, id=14708, stack(0x00000075dc600000,0x00000075dc700000)]
  0x000001b4751ee1a0 JavaThread "Notification Thread" daemon [_thread_blocked, id=10260, stack(0x00000075dc800000,0x00000075dc900000)]
  0x000001b476b8d440 JavaThread "Daemon health stats" [_thread_blocked, id=15584, stack(0x00000075dc700000,0x00000075dc800000)]
  0x000001b476cebfa0 JavaThread "Incoming local TCP Connector on port 53613" [_thread_in_native, id=6020, stack(0x00000075dcd00000,0x00000075dce00000)]
  0x000001b47676f0c0 JavaThread "Daemon periodic checks" [_thread_blocked, id=3512, stack(0x00000075dce00000,0x00000075dcf00000)]
  0x000001b4756cd440 JavaThread "Cache worker for journal cache (C:\Users\ASUS\.gradle\caches\journal-1)" [_thread_blocked, id=15168, stack(0x00000075dd600000,0x00000075dd700000)]
  0x000001b4756ccf30 JavaThread "File lock request listener" [_thread_in_native, id=4464, stack(0x00000075dd700000,0x00000075dd800000)]
  0x000001b4756ce370 JavaThread "Cache worker for file hash cache (C:\Users\ASUS\.gradle\caches\8.11.1\fileHashes)" [_thread_blocked, id=6968, stack(0x00000075dd800000,0x00000075dd900000)]
  0x000001b4756cc000 JavaThread "Cache worker for file content cache (C:\Users\ASUS\.gradle\caches\8.11.1\fileContent)" [_thread_blocked, id=16844, stack(0x00000075dd900000,0x00000075dda00000)]
  0x000001b4752711c0 JavaThread "File watcher server" daemon [_thread_in_native, id=15080, stack(0x00000075ddc00000,0x00000075ddd00000)]
  0x000001b47526f870 JavaThread "File watcher consumer" daemon [_thread_blocked, id=8100, stack(0x00000075ddd00000,0x00000075dde00000)]
  0x000001b475272600 JavaThread "jar transforms" [_thread_blocked, id=15116, stack(0x00000075de200000,0x00000075de300000)]
  0x000001b475272b10 JavaThread "jar transforms Thread 2" [_thread_blocked, id=5272, stack(0x00000075de300000,0x00000075de400000)]
  0x000001b4752707a0 JavaThread "jar transforms Thread 3" [_thread_blocked, id=5912, stack(0x00000075de400000,0x00000075de500000)]
  0x000001b47526e940 JavaThread "jar transforms Thread 4" [_thread_blocked, id=16052, stack(0x00000075de500000,0x00000075de600000)]
  0x000001b4781b25a0 JavaThread "Memory manager" [_thread_blocked, id=1824, stack(0x00000075df000000,0x00000075df100000)]
  0x000001b47882c800 JavaThread "ForkJoinPool.commonPool-worker-4" daemon [_thread_blocked, id=8644, stack(0x00000075dea00000,0x00000075deb00000)]
  0x000001b478828120 JavaThread "ForkJoinPool.commonPool-worker-5" daemon [_thread_blocked, id=10948, stack(0x00000075deb00000,0x00000075dec00000)]
  0x000001b475274460 JavaThread "Daemon Thread 3" [_thread_blocked, id=12812, stack(0x00000075db300000,0x00000075db400000)]
  0x000001b475274e80 JavaThread "Daemon worker Thread 3" [_thread_blocked, id=6376, stack(0x00000075dcf00000,0x00000075dd000000)]
  0x000001b4781ad9b0 JavaThread "ForkJoinPool.commonPool-worker-7" daemon [_thread_blocked, id=11256, stack(0x00000075dec00000,0x00000075ded00000)]
  0x000001b4756cde60 JavaThread "VFS cleanup Thread 3" [_thread_blocked, id=12404, stack(0x00000075dd000000,0x00000075dd100000)]
  0x000001b4781af810 JavaThread "Daemon Thread 4" [_thread_blocked, id=2452, stack(0x00000075db500000,0x00000075db600000)]
  0x000001b4752720f0 JavaThread "included builds" [_thread_blocked, id=2732, stack(0x00000075e1400000,0x00000075e1500000)]
  0x000001b4788cf120 JavaThread "Cache worker for Java compile cache (C:\Users\ASUS\.gradle\caches\8.11.1\javaCompile)" [_thread_blocked, id=1116, stack(0x00000075de800000,0x00000075de900000)]
  0x000001b4788cd7d0 JavaThread "File lock release action executor" [_thread_blocked, id=10272, stack(0x00000075e1900000,0x00000075e1a00000)]
  0x000001b4788ce700 JavaThread "Handler for socket connection from /127.0.0.1:53613 to /127.0.0.1:54072" [_thread_in_native, id=10436, stack(0x00000075dd100000,0x00000075dd200000)]
  0x000001b4788cec10 JavaThread "Cancel handler" [_thread_blocked, id=14960, stack(0x00000075dd200000,0x00000075dd300000)]
  0x000001b4788cfb40 JavaThread "Asynchronous log dispatcher for DefaultDaemonConnection: socket connection from /127.0.0.1:53613 to /127.0.0.1:54072" [_thread_blocked, id=16172, stack(0x00000075dd300000,0x00000075dd400000)]
  0x000001b4788caf50 JavaThread "Stdin handler" [_thread_blocked, id=16152, stack(0x00000075dd400000,0x00000075dd500000)]
  0x000001b4788d0050 JavaThread "Daemon client event forwarder" [_thread_blocked, id=15692, stack(0x00000075dd500000,0x00000075dd600000)]
  0x000001b4788cdce0 JavaThread "Cache worker for file hash cache (D:\codegym\module4\football_player_management\.gradle\8.11.1\fileHashes)" [_thread_blocked, id=9084, stack(0x00000075dda00000,0x00000075ddb00000)]
  0x000001b4788ce1f0 JavaThread "Cache worker for Build Output Cleanup Cache (D:\codegym\module4\football_player_management\.gradle\buildOutputCleanup)" [_thread_blocked, id=10296, stack(0x00000075ddb00000,0x00000075ddc00000)]
  0x000001b4788d0560 JavaThread "Cache worker for checksums cache (D:\codegym\module4\football_player_management\.gradle\8.11.1\checksums)" [_thread_blocked, id=14432, stack(0x00000075dde00000,0x00000075ddf00000)]
  0x000001b4788cb970 JavaThread "Cache worker for cache directory md-rule (C:\Users\ASUS\.gradle\caches\8.11.1\md-rule)" [_thread_blocked, id=17292, stack(0x00000075ddf00000,0x00000075de000000)]
  0x000001b4788c90f0 JavaThread "Cache worker for cache directory md-supplier (C:\Users\ASUS\.gradle\caches\8.11.1\md-supplier)" [_thread_blocked, id=10356, stack(0x00000075de000000,0x00000075de100000)]
  0x000001b4788ca020 JavaThread "Unconstrained build operations" [_thread_blocked, id=15848, stack(0x00000075de100000,0x00000075de200000)]
  0x000001b4788d0a70 JavaThread "Unconstrained build operations Thread 2" [_thread_blocked, id=5344, stack(0x00000075de700000,0x00000075de800000)]
  0x000001b4788c9600 JavaThread "Unconstrained build operations Thread 3" [_thread_blocked, id=7612, stack(0x00000075de900000,0x00000075dea00000)]
  0x000001b4788ccdb0 JavaThread "Unconstrained build operations Thread 4" [_thread_blocked, id=8364, stack(0x00000075ded00000,0x00000075dee00000)]
  0x000001b4788c9b10 JavaThread "Unconstrained build operations Thread 5" [_thread_blocked, id=12204, stack(0x00000075dee00000,0x00000075def00000)]
  0x000001b4788cc390 JavaThread "Unconstrained build operations Thread 6" [_thread_blocked, id=8476, stack(0x00000075def00000,0x00000075df000000)]
  0x000001b478827700 JavaThread "Unconstrained build operations Thread 7" [_thread_blocked, id=15640, stack(0x00000075df200000,0x00000075df300000)]
  0x000001b47882c2f0 JavaThread "Unconstrained build operations Thread 8" [_thread_blocked, id=12300, stack(0x00000075df300000,0x00000075df400000)]
  0x000001b47882a9a0 JavaThread "Unconstrained build operations Thread 9" [_thread_blocked, id=4548, stack(0x00000075df400000,0x00000075df500000)]
  0x000001b478828b40 JavaThread "Unconstrained build operations Thread 10" [_thread_blocked, id=13696, stack(0x00000075db400000,0x00000075db500000)]
  0x000001b47882e150 JavaThread "Unconstrained build operations Thread 11" [_thread_blocked, id=7816, stack(0x00000075df500000,0x00000075df600000)]
  0x000001b47882aeb0 JavaThread "Unconstrained build operations Thread 12" [_thread_blocked, id=9976, stack(0x00000075df600000,0x00000075df700000)]
  0x000001b478829560 JavaThread "Unconstrained build operations Thread 13" [_thread_blocked, id=14876, stack(0x00000075df700000,0x00000075df800000)]
  0x000001b47882a490 JavaThread "Unconstrained build operations Thread 14" [_thread_blocked, id=7124, stack(0x00000075df800000,0x00000075df900000)]
  0x000001b47882cd10 JavaThread "Unconstrained build operations Thread 15" [_thread_blocked, id=13184, stack(0x00000075df900000,0x00000075dfa00000)]
  0x000001b47882e660 JavaThread "Unconstrained build operations Thread 16" [_thread_blocked, id=892, stack(0x00000075dfa00000,0x00000075dfb00000)]
  0x000001b47882eb70 JavaThread "Unconstrained build operations Thread 17" [_thread_blocked, id=14180, stack(0x00000075dfb00000,0x00000075dfc00000)]
  0x000001b478829050 JavaThread "Unconstrained build operations Thread 18" [_thread_blocked, id=15788, stack(0x00000075dfc00000,0x00000075dfd00000)]
  0x000001b47882b3c0 JavaThread "Unconstrained build operations Thread 19" [_thread_blocked, id=9472, stack(0x00000075dfd00000,0x00000075dfe00000)]
  0x000001b478829a70 JavaThread "Unconstrained build operations Thread 20" [_thread_blocked, id=14412, stack(0x00000075dfe00000,0x00000075dff00000)]
  0x000001b47882dc40 JavaThread "Unconstrained build operations Thread 21" [_thread_blocked, id=7308, stack(0x00000075dff00000,0x00000075e0000000)]
  0x000001b478829f80 JavaThread "Unconstrained build operations Thread 22" [_thread_blocked, id=6688, stack(0x00000075e0000000,0x00000075e0100000)]
  0x000001b47882b8d0 JavaThread "Unconstrained build operations Thread 23" [_thread_blocked, id=6996, stack(0x00000075e0100000,0x00000075e0200000)]
  0x000001b47882f080 JavaThread "Unconstrained build operations Thread 24" [_thread_blocked, id=7948, stack(0x00000075e0200000,0x00000075e0300000)]
  0x000001b47882d220 JavaThread "Unconstrained build operations Thread 25" [_thread_blocked, id=9008, stack(0x00000075e0300000,0x00000075e0400000)]
  0x000001b47882d730 JavaThread "Unconstrained build operations Thread 26" [_thread_blocked, id=1644, stack(0x00000075e0400000,0x00000075e0500000)]
  0x000001b47882bde0 JavaThread "Unconstrained build operations Thread 27" [_thread_blocked, id=13220, stack(0x00000075e0500000,0x00000075e0600000)]
  0x000001b478827c10 JavaThread "Unconstrained build operations Thread 28" [_thread_blocked, id=6708, stack(0x00000075e0600000,0x00000075e0700000)]
  0x000001b4781adec0 JavaThread "Unconstrained build operations Thread 29" [_thread_blocked, id=5720, stack(0x00000075e0700000,0x00000075e0800000)]
  0x000001b4781afd20 JavaThread "Unconstrained build operations Thread 30" [_thread_blocked, id=6392, stack(0x00000075e0800000,0x00000075e0900000)]
  0x000001b4781aca80 JavaThread "Unconstrained build operations Thread 31" [_thread_blocked, id=11836, stack(0x00000075e0900000,0x00000075e0a00000)]
  0x000001b4781b2fc0 JavaThread "Unconstrained build operations Thread 32" [_thread_blocked, id=13044, stack(0x00000075e0a00000,0x00000075e0b00000)]
  0x000001b4781ac570 JavaThread "Unconstrained build operations Thread 33" [_thread_blocked, id=13228, stack(0x00000075e0b00000,0x00000075e0c00000)]
  0x000001b4781ad4a0 JavaThread "Unconstrained build operations Thread 34" [_thread_blocked, id=1864, stack(0x00000075e0c00000,0x00000075e0d00000)]
  0x000001b4781b0230 JavaThread "Unconstrained build operations Thread 35" [_thread_blocked, id=2112, stack(0x00000075e0d00000,0x00000075e0e00000)]
  0x000001b4781b0740 JavaThread "Unconstrained build operations Thread 36" [_thread_blocked, id=10352, stack(0x00000075e0e00000,0x00000075e0f00000)]
  0x000001b4781b34d0 JavaThread "Unconstrained build operations Thread 37" [_thread_blocked, id=11940, stack(0x00000075e0f00000,0x00000075e1000000)]
  0x000001b4781aedf0 JavaThread "Unconstrained build operations Thread 38" [_thread_blocked, id=11476, stack(0x00000075e1000000,0x00000075e1100000)]
  0x000001b4781b1b80 JavaThread "Unconstrained build operations Thread 39" [_thread_blocked, id=4560, stack(0x00000075e1100000,0x00000075e1200000)]
  0x000001b4781ae3d0 JavaThread "Unconstrained build operations Thread 40" [_thread_blocked, id=12480, stack(0x00000075e1200000,0x00000075e1300000)]
  0x000001b4781af300 JavaThread "included builds" [_thread_blocked, id=4836, stack(0x00000075e1300000,0x00000075e1400000)]
  0x000001b4781ac060 JavaThread "Execution worker" [_thread_in_native, id=14204, stack(0x00000075e1500000,0x00000075e1600000)]
  0x000001b4781b0c50 JavaThread "Execution worker Thread 2" [_thread_blocked, id=7496, stack(0x00000075e1600000,0x00000075e1700000)]
  0x000001b4781ae8e0 JavaThread "Execution worker Thread 3" [_thread_blocked, id=3136, stack(0x00000075e1700000,0x00000075e1800000)]
  0x000001b4781b2090 JavaThread "Cache worker for execution history cache (D:\codegym\module4\football_player_management\.gradle\8.11.1\executionHistory)" [_thread_blocked, id=6188, stack(0x00000075e1800000,0x00000075e1900000)]
  0x000001b4781b1160 JavaThread "Build operations" [_thread_blocked, id=3048, stack(0x00000075e1a00000,0x00000075e1b00000)]
  0x000001b4781b1670 JavaThread "Build operations Thread 2" [_thread_blocked, id=14060, stack(0x00000075e1b00000,0x00000075e1c00000)]
  0x000001b4781b39e0 JavaThread "Build operations Thread 3" [_thread_blocked, id=17328, stack(0x00000075e1c00000,0x00000075e1d00000)]

Other Threads:
  0x000001b470b23940 VMThread "VM Thread" [stack: 0x00000075dbc00000,0x00000075dbd00000] [id=17316]
  0x000001b4549062a0 WatcherThread [stack: 0x00000075dc900000,0x00000075dca00000] [id=14092]
  0x000001b454930760 GCTaskThread "GC Thread#0" [stack: 0x00000075db700000,0x00000075db800000] [id=11340]
  0x000001b475244fe0 GCTaskThread "GC Thread#1" [stack: 0x00000075dca00000,0x00000075dcb00000] [id=13224]
  0x000001b475223f10 GCTaskThread "GC Thread#2" [stack: 0x00000075dcb00000,0x00000075dcc00000] [id=14128]
  0x000001b4752b0c10 GCTaskThread "GC Thread#3" [stack: 0x00000075dcc00000,0x00000075dcd00000] [id=12996]
  0x000001b454936470 ConcurrentGCThread "G1 Main Marker" [stack: 0x00000075db800000,0x00000075db900000] [id=4996]
  0x000001b454936c40 ConcurrentGCThread "G1 Conc#0" [stack: 0x00000075db900000,0x00000075dba00000] [id=5684]
  0x000001b4549ceb40 ConcurrentGCThread "G1 Refine#0" [stack: 0x00000075dba00000,0x00000075dbb00000] [id=5148]
  0x000001b477013650 ConcurrentGCThread "G1 Refine#1" [stack: 0x00000075de600000,0x00000075de700000] [id=240]
  0x000001b4776e4860 ConcurrentGCThread "G1 Refine#2" [stack: 0x00000075df100000,0x00000075df200000] [id=4296]
  0x000001b4709e28b0 ConcurrentGCThread "G1 Service" [stack: 0x00000075dbb00000,0x00000075dbc00000] [id=10396]

Threads with active compile tasks:
C2 CompilerThread0   847720 17131   !   4       java.lang.Class::getEnumConstantsShared (71 bytes)

VM state: not at safepoint (normal execution)

VM Mutex/Monitor currently owned by a thread: None

Heap address: 0x00000000e0000000, size: 512 MB, Compressed Oops mode: 32-bit

CDS archive(s) mapped at: [0x000001b400000000-0x000001b400bb0000-0x000001b400bb0000), size 12255232, SharedBaseAddress: 0x000001b400000000, ArchiveRelocationMode: 1.
Compressed class space mapped at: 0x000001b401000000-0x000001b415000000, reserved size: 335544320
Narrow klass base: 0x000001b400000000, Narrow klass shift: 0, Narrow klass range: 0x100000000

GC Precious Log:
 CPUs: 4 total, 4 available
 Memory: 8076M
 Large Page Support: Disabled
 NUMA Support: Disabled
 Compressed Oops: Enabled (32-bit)
 Heap Region Size: 1M
 Heap Min Capacity: 256M
 Heap Initial Capacity: 256M
 Heap Max Capacity: 512M
 Pre-touch: Disabled
 Parallel Workers: 4
 Concurrent Workers: 1
 Concurrent Refinement Workers: 4
 Periodic GC: Disabled

Heap:
 garbage-first heap   total 262144K, used 171618K [0x00000000e0000000, 0x0000000100000000)
  region size 1024K, 99 young (101376K), 11 survivors (11264K)
 Metaspace       used 79970K, committed 80768K, reserved 458752K
  class space    used 10574K, committed 10944K, reserved 327680K

Heap Regions: E=young(eden), S=young(survivor), O=old, HS=humongous(starts), HC=humongous(continues), CS=collection set, F=free, OA=open archive, CA=closed archive, TAMS=top-at-mark-start (previous, next)
|   0|0x00000000e0000000, 0x00000000e0100000, 0x00000000e0100000|100%|HS|  |TAMS 0x00000000e0100000, 0x00000000e0000000| Complete 
|   1|0x00000000e0100000, 0x00000000e0200000, 0x00000000e0200000|100%|HC|  |TAMS 0x00000000e0200000, 0x00000000e0100000| Complete 
|   2|0x00000000e0200000, 0x00000000e0300000, 0x00000000e0300000|100%|HC|  |TAMS 0x00000000e0300000, 0x00000000e0200000| Complete 
|   3|0x00000000e0300000, 0x00000000e0400000, 0x00000000e0400000|100%| O|  |TAMS 0x00000000e0400000, 0x00000000e0300000| Untracked 
|   4|0x00000000e0400000, 0x00000000e0500000, 0x00000000e0500000|100%| O|  |TAMS 0x00000000e0500000, 0x00000000e0400000| Untracked 
|   5|0x00000000e0500000, 0x00000000e0600000, 0x00000000e0600000|100%| O|  |TAMS 0x00000000e0600000, 0x00000000e0500000| Untracked 
|   6|0x00000000e0600000, 0x00000000e0700000, 0x00000000e0700000|100%| O|  |TAMS 0x00000000e0700000, 0x00000000e0600000| Untracked 
|   7|0x00000000e0700000, 0x00000000e0800000, 0x00000000e0800000|100%|HS|  |TAMS 0x00000000e0800000, 0x00000000e0700000| Complete 
|   8|0x00000000e0800000, 0x00000000e0900000, 0x00000000e0900000|100%| O|  |TAMS 0x00000000e0900000, 0x00000000e0800000| Untracked 
|   9|0x00000000e0900000, 0x00000000e0a00000, 0x00000000e0a00000|100%| O|  |TAMS 0x00000000e0a00000, 0x00000000e0900000| Untracked 
|  10|0x00000000e0a00000, 0x00000000e0b00000, 0x00000000e0b00000|100%| O|  |TAMS 0x00000000e0a00000, 0x00000000e0a00000| Untracked 
|  11|0x00000000e0b00000, 0x00000000e0c00000, 0x00000000e0c00000|100%| O|  |TAMS 0x00000000e0c00000, 0x00000000e0b00000| Untracked 
|  12|0x00000000e0c00000, 0x00000000e0d00000, 0x00000000e0d00000|100%| O|  |TAMS 0x00000000e0d00000, 0x00000000e0c00000| Untracked 
|  13|0x00000000e0d00000, 0x00000000e0e00000, 0x00000000e0e00000|100%| O|  |TAMS 0x00000000e0e00000, 0x00000000e0d00000| Untracked 
|  14|0x00000000e0e00000, 0x00000000e0f00000, 0x00000000e0f00000|100%| O|  |TAMS 0x00000000e0f00000, 0x00000000e0e00000| Untracked 
|  15|0x00000000e0f00000, 0x00000000e1000000, 0x00000000e1000000|100%| O|  |TAMS 0x00000000e1000000, 0x00000000e0f00000| Untracked 
|  16|0x00000000e1000000, 0x00000000e1100000, 0x00000000e1100000|100%| O|  |TAMS 0x00000000e1100000, 0x00000000e1000000| Untracked 
|  17|0x00000000e1100000, 0x00000000e1200000, 0x00000000e1200000|100%| O|  |TAMS 0x00000000e1200000, 0x00000000e1100000| Untracked 
|  18|0x00000000e1200000, 0x00000000e1300000, 0x00000000e1300000|100%| O|  |TAMS 0x00000000e1300000, 0x00000000e1200000| Untracked 
|  19|0x00000000e1300000, 0x00000000e1400000, 0x00000000e1400000|100%| O|  |TAMS 0x00000000e1400000, 0x00000000e1300000| Untracked 
|  20|0x00000000e1400000, 0x00000000e1500000, 0x00000000e1500000|100%| O|  |TAMS 0x00000000e1500000, 0x00000000e1400000| Untracked 
|  21|0x00000000e1500000, 0x00000000e1600000, 0x00000000e1600000|100%| O|  |TAMS 0x00000000e1600000, 0x00000000e1500000| Untracked 
|  22|0x00000000e1600000, 0x00000000e1700000, 0x00000000e1700000|100%| O|  |TAMS 0x00000000e1700000, 0x00000000e1600000| Untracked 
|  23|0x00000000e1700000, 0x00000000e1800000, 0x00000000e1800000|100%| O|  |TAMS 0x00000000e1800000, 0x00000000e1700000| Untracked 
|  24|0x00000000e1800000, 0x00000000e1900000, 0x00000000e1900000|100%| O|  |TAMS 0x00000000e1900000, 0x00000000e1800000| Untracked 
|  25|0x00000000e1900000, 0x00000000e1a00000, 0x00000000e1a00000|100%| O|  |TAMS 0x00000000e1a00000, 0x00000000e1900000| Untracked 
|  26|0x00000000e1a00000, 0x00000000e1b00000, 0x00000000e1b00000|100%| O|  |TAMS 0x00000000e1b00000, 0x00000000e1a00000| Untracked 
|  27|0x00000000e1b00000, 0x00000000e1c00000, 0x00000000e1c00000|100%| O|  |TAMS 0x00000000e1c00000, 0x00000000e1b00000| Untracked 
|  28|0x00000000e1c00000, 0x00000000e1d00000, 0x00000000e1d00000|100%| O|  |TAMS 0x00000000e1d00000, 0x00000000e1c00000| Untracked 
|  29|0x00000000e1d00000, 0x00000000e1e00000, 0x00000000e1e00000|100%| O|  |TAMS 0x00000000e1e00000, 0x00000000e1d00000| Untracked 
|  30|0x00000000e1e00000, 0x00000000e1f00000, 0x00000000e1f00000|100%| O|  |TAMS 0x00000000e1f00000, 0x00000000e1e00000| Untracked 
|  31|0x00000000e1f00000, 0x00000000e2000000, 0x00000000e2000000|100%| O|  |TAMS 0x00000000e2000000, 0x00000000e1f00000| Untracked 
|  32|0x00000000e2000000, 0x00000000e2100000, 0x00000000e2100000|100%| O|  |TAMS 0x00000000e2100000, 0x00000000e2000000| Untracked 
|  33|0x00000000e2100000, 0x00000000e2200000, 0x00000000e2200000|100%| O|  |TAMS 0x00000000e2200000, 0x00000000e2100000| Untracked 
|  34|0x00000000e2200000, 0x00000000e2300000, 0x00000000e2300000|100%| O|  |TAMS 0x00000000e2300000, 0x00000000e2200000| Untracked 
|  35|0x00000000e2300000, 0x00000000e2400000, 0x00000000e2400000|100%| O|  |TAMS 0x00000000e2400000, 0x00000000e2300000| Untracked 
|  36|0x00000000e2400000, 0x00000000e2500000, 0x00000000e2500000|100%| O|  |TAMS 0x00000000e2500000, 0x00000000e2400000| Untracked 
|  37|0x00000000e2500000, 0x00000000e2600000, 0x00000000e2600000|100%| O|  |TAMS 0x00000000e2600000, 0x00000000e2500000| Untracked 
|  38|0x00000000e2600000, 0x00000000e2700000, 0x00000000e2700000|100%| O|  |TAMS 0x00000000e2700000, 0x00000000e2600000| Untracked 
|  39|0x00000000e2700000, 0x00000000e2800000, 0x00000000e2800000|100%| O|  |TAMS 0x00000000e27d7e00, 0x00000000e2700000| Untracked 
|  40|0x00000000e2800000, 0x00000000e2900000, 0x00000000e2900000|100%| O|  |TAMS 0x00000000e2800000, 0x00000000e2800000| Untracked 
|  41|0x00000000e2900000, 0x00000000e2a00000, 0x00000000e2a00000|100%| O|  |TAMS 0x00000000e2900000, 0x00000000e2900000| Untracked 
|  42|0x00000000e2a00000, 0x00000000e2b00000, 0x00000000e2b00000|100%| O|  |TAMS 0x00000000e2a00000, 0x00000000e2a00000| Untracked 
|  43|0x00000000e2b00000, 0x00000000e2c00000, 0x00000000e2c00000|100%| O|  |TAMS 0x00000000e2b00000, 0x00000000e2b00000| Untracked 
|  44|0x00000000e2c00000, 0x00000000e2d00000, 0x00000000e2d00000|100%| O|  |TAMS 0x00000000e2c00000, 0x00000000e2c00000| Untracked 
|  45|0x00000000e2d00000, 0x00000000e2e00000, 0x00000000e2e00000|100%| O|  |TAMS 0x00000000e2d00000, 0x00000000e2d00000| Untracked 
|  46|0x00000000e2e00000, 0x00000000e2f00000, 0x00000000e2f00000|100%| O|  |TAMS 0x00000000e2e00000, 0x00000000e2e00000| Untracked 
|  47|0x00000000e2f00000, 0x00000000e3000000, 0x00000000e3000000|100%| O|  |TAMS 0x00000000e2f00000, 0x00000000e2f00000| Untracked 
|  48|0x00000000e3000000, 0x00000000e3100000, 0x00000000e3100000|100%| O|  |TAMS 0x00000000e3000000, 0x00000000e3000000| Untracked 
|  49|0x00000000e3100000, 0x00000000e3200000, 0x00000000e3200000|100%| O|  |TAMS 0x00000000e3100000, 0x00000000e3100000| Untracked 
|  50|0x00000000e3200000, 0x00000000e3300000, 0x00000000e3300000|100%|HS|  |TAMS 0x00000000e3200000, 0x00000000e3200000| Complete 
|  51|0x00000000e3300000, 0x00000000e3400000, 0x00000000e3400000|100%| O|  |TAMS 0x00000000e3300000, 0x00000000e3300000| Untracked 
|  52|0x00000000e3400000, 0x00000000e3500000, 0x00000000e3500000|100%| O|  |TAMS 0x00000000e3400000, 0x00000000e3400000| Untracked 
|  53|0x00000000e3500000, 0x00000000e3600000, 0x00000000e3600000|100%| O|  |TAMS 0x00000000e3500000, 0x00000000e3500000| Untracked 
|  54|0x00000000e3600000, 0x00000000e3700000, 0x00000000e3700000|100%| O|  |TAMS 0x00000000e3600000, 0x00000000e3600000| Untracked 
|  55|0x00000000e3700000, 0x00000000e3800000, 0x00000000e3800000|100%| O|  |TAMS 0x00000000e3700000, 0x00000000e3700000| Untracked 
|  56|0x00000000e3800000, 0x00000000e3900000, 0x00000000e3900000|100%| O|  |TAMS 0x00000000e3800000, 0x00000000e3800000| Untracked 
|  57|0x00000000e3900000, 0x00000000e3a00000, 0x00000000e3a00000|100%| O|  |TAMS 0x00000000e3900000, 0x00000000e3900000| Untracked 
|  58|0x00000000e3a00000, 0x00000000e3b00000, 0x00000000e3b00000|100%| O|  |TAMS 0x00000000e3a00000, 0x00000000e3a00000| Untracked 
|  59|0x00000000e3b00000, 0x00000000e3c00000, 0x00000000e3c00000|100%| O|  |TAMS 0x00000000e3b00000, 0x00000000e3b00000| Untracked 
|  60|0x00000000e3c00000, 0x00000000e3d00000, 0x00000000e3d00000|100%| O|  |TAMS 0x00000000e3c00000, 0x00000000e3c00000| Untracked 
|  61|0x00000000e3d00000, 0x00000000e3e00000, 0x00000000e3e00000|100%| O|  |TAMS 0x00000000e3d00000, 0x00000000e3d00000| Untracked 
|  62|0x00000000e3e00000, 0x00000000e3f00000, 0x00000000e3f00000|100%| O|  |TAMS 0x00000000e3e00000, 0x00000000e3e00000| Untracked 
|  63|0x00000000e3f00000, 0x00000000e4000000, 0x00000000e4000000|100%| O|  |TAMS 0x00000000e3f00000, 0x00000000e3f00000| Untracked 
|  64|0x00000000e4000000, 0x00000000e4100000, 0x00000000e4100000|100%| O|  |TAMS 0x00000000e4000000, 0x00000000e4000000| Untracked 
|  65|0x00000000e4100000, 0x00000000e4200000, 0x00000000e4200000|100%| O|  |TAMS 0x00000000e4100000, 0x00000000e4100000| Untracked 
|  66|0x00000000e4200000, 0x00000000e4300000, 0x00000000e4300000|100%| O|  |TAMS 0x00000000e4200000, 0x00000000e4200000| Untracked 
|  67|0x00000000e4300000, 0x00000000e4400000, 0x00000000e4400000|100%| O|  |TAMS 0x00000000e4300000, 0x00000000e4300000| Untracked 
|  68|0x00000000e4400000, 0x00000000e4500000, 0x00000000e4500000|100%| O|  |TAMS 0x00000000e4400000, 0x00000000e4400000| Untracked 
|  69|0x00000000e4500000, 0x00000000e4600000, 0x00000000e4600000|100%| O|  |TAMS 0x00000000e4500000, 0x00000000e4500000| Untracked 
|  70|0x00000000e4600000, 0x00000000e4700000, 0x00000000e4700000|100%| O|  |TAMS 0x00000000e4600000, 0x00000000e4600000| Untracked 
|  71|0x00000000e4700000, 0x00000000e4700000, 0x00000000e4800000|  0%| F|  |TAMS 0x00000000e4700000, 0x00000000e4700000| Untracked 
|  72|0x00000000e4800000, 0x00000000e4800000, 0x00000000e4900000|  0%| F|  |TAMS 0x00000000e4800000, 0x00000000e4800000| Untracked 
|  73|0x00000000e4900000, 0x00000000e4900000, 0x00000000e4a00000|  0%| F|  |TAMS 0x00000000e4900000, 0x00000000e4900000| Untracked 
|  74|0x00000000e4a00000, 0x00000000e4a00000, 0x00000000e4b00000|  0%| F|  |TAMS 0x00000000e4a00000, 0x00000000e4a00000| Untracked 
|  75|0x00000000e4b00000, 0x00000000e4b00000, 0x00000000e4c00000|  0%| F|  |TAMS 0x00000000e4b00000, 0x00000000e4b00000| Untracked 
|  76|0x00000000e4c00000, 0x00000000e4c00000, 0x00000000e4d00000|  0%| F|  |TAMS 0x00000000e4c00000, 0x00000000e4c00000| Untracked 
|  77|0x00000000e4d00000, 0x00000000e4d00000, 0x00000000e4e00000|  0%| F|  |TAMS 0x00000000e4d00000, 0x00000000e4d00000| Untracked 
|  78|0x00000000e4e00000, 0x00000000e4e00000, 0x00000000e4f00000|  0%| F|  |TAMS 0x00000000e4e00000, 0x00000000e4e00000| Untracked 
|  79|0x00000000e4f00000, 0x00000000e4f00000, 0x00000000e5000000|  0%| F|  |TAMS 0x00000000e4f00000, 0x00000000e4f00000| Untracked 
|  80|0x00000000e5000000, 0x00000000e5000000, 0x00000000e5100000|  0%| F|  |TAMS 0x00000000e5000000, 0x00000000e5000000| Untracked 
|  81|0x00000000e5100000, 0x00000000e5100000, 0x00000000e5200000|  0%| F|  |TAMS 0x00000000e5100000, 0x00000000e5100000| Untracked 
|  82|0x00000000e5200000, 0x00000000e5200000, 0x00000000e5300000|  0%| F|  |TAMS 0x00000000e5200000, 0x00000000e5200000| Untracked 
|  83|0x00000000e5300000, 0x00000000e5300000, 0x00000000e5400000|  0%| F|  |TAMS 0x00000000e5300000, 0x00000000e5300000| Untracked 
|  84|0x00000000e5400000, 0x00000000e5400000, 0x00000000e5500000|  0%| F|  |TAMS 0x00000000e5400000, 0x00000000e5400000| Untracked 
|  85|0x00000000e5500000, 0x00000000e5500000, 0x00000000e5600000|  0%| F|  |TAMS 0x00000000e5500000, 0x00000000e5500000| Untracked 
|  86|0x00000000e5600000, 0x00000000e5600000, 0x00000000e5700000|  0%| F|  |TAMS 0x00000000e5600000, 0x00000000e5600000| Untracked 
|  87|0x00000000e5700000, 0x00000000e5700000, 0x00000000e5800000|  0%| F|  |TAMS 0x00000000e5700000, 0x00000000e5700000| Untracked 
|  88|0x00000000e5800000, 0x00000000e5800000, 0x00000000e5900000|  0%| F|  |TAMS 0x00000000e5800000, 0x00000000e5800000| Untracked 
|  89|0x00000000e5900000, 0x00000000e5900000, 0x00000000e5a00000|  0%| F|  |TAMS 0x00000000e5900000, 0x00000000e5900000| Untracked 
|  90|0x00000000e5a00000, 0x00000000e5a00000, 0x00000000e5b00000|  0%| F|  |TAMS 0x00000000e5a00000, 0x00000000e5a00000| Untracked 
|  91|0x00000000e5b00000, 0x00000000e5b00000, 0x00000000e5c00000|  0%| F|  |TAMS 0x00000000e5b00000, 0x00000000e5b00000| Untracked 
|  92|0x00000000e5c00000, 0x00000000e5c00000, 0x00000000e5d00000|  0%| F|  |TAMS 0x00000000e5c00000, 0x00000000e5c00000| Untracked 
|  93|0x00000000e5d00000, 0x00000000e5d00000, 0x00000000e5e00000|  0%| F|  |TAMS 0x00000000e5d00000, 0x00000000e5d00000| Untracked 
|  94|0x00000000e5e00000, 0x00000000e5e00000, 0x00000000e5f00000|  0%| F|  |TAMS 0x00000000e5e00000, 0x00000000e5e00000| Untracked 
|  95|0x00000000e5f00000, 0x00000000e5f00000, 0x00000000e6000000|  0%| F|  |TAMS 0x00000000e5f00000, 0x00000000e5f00000| Untracked 
|  96|0x00000000e6000000, 0x00000000e6000000, 0x00000000e6100000|  0%| F|  |TAMS 0x00000000e6000000, 0x00000000e6000000| Untracked 
|  97|0x00000000e6100000, 0x00000000e6100000, 0x00000000e6200000|  0%| F|  |TAMS 0x00000000e6100000, 0x00000000e6100000| Untracked 
|  98|0x00000000e6200000, 0x00000000e6200000, 0x00000000e6300000|  0%| F|  |TAMS 0x00000000e6200000, 0x00000000e6200000| Untracked 
|  99|0x00000000e6300000, 0x00000000e6300000, 0x00000000e6400000|  0%| F|  |TAMS 0x00000000e6300000, 0x00000000e6300000| Untracked 
| 100|0x00000000e6400000, 0x00000000e6400000, 0x00000000e6500000|  0%| F|  |TAMS 0x00000000e6400000, 0x00000000e6400000| Untracked 
| 101|0x00000000e6500000, 0x00000000e6500000, 0x00000000e6600000|  0%| F|  |TAMS 0x00000000e6500000, 0x00000000e6500000| Untracked 
| 102|0x00000000e6600000, 0x00000000e6600000, 0x00000000e6700000|  0%| F|  |TAMS 0x00000000e6600000, 0x00000000e6600000| Untracked 
| 103|0x00000000e6700000, 0x00000000e6700000, 0x00000000e6800000|  0%| F|  |TAMS 0x00000000e6700000, 0x00000000e6700000| Untracked 
| 104|0x00000000e6800000, 0x00000000e6800000, 0x00000000e6900000|  0%| F|  |TAMS 0x00000000e6800000, 0x00000000e6800000| Untracked 
| 105|0x00000000e6900000, 0x00000000e6900000, 0x00000000e6a00000|  0%| F|  |TAMS 0x00000000e6900000, 0x00000000e6900000| Untracked 
| 106|0x00000000e6a00000, 0x00000000e6a00000, 0x00000000e6b00000|  0%| F|  |TAMS 0x00000000e6a00000, 0x00000000e6a00000| Untracked 
| 107|0x00000000e6b00000, 0x00000000e6b00000, 0x00000000e6c00000|  0%| F|  |TAMS 0x00000000e6b00000, 0x00000000e6b00000| Untracked 
| 108|0x00000000e6c00000, 0x00000000e6c00000, 0x00000000e6d00000|  0%| F|  |TAMS 0x00000000e6c00000, 0x00000000e6c00000| Untracked 
| 109|0x00000000e6d00000, 0x00000000e6d00000, 0x00000000e6e00000|  0%| F|  |TAMS 0x00000000e6d00000, 0x00000000e6d00000| Untracked 
| 110|0x00000000e6e00000, 0x00000000e6e00000, 0x00000000e6f00000|  0%| F|  |TAMS 0x00000000e6e00000, 0x00000000e6e00000| Untracked 
| 111|0x00000000e6f00000, 0x00000000e6f00000, 0x00000000e7000000|  0%| F|  |TAMS 0x00000000e6f00000, 0x00000000e6f00000| Untracked 
| 112|0x00000000e7000000, 0x00000000e7000000, 0x00000000e7100000|  0%| F|  |TAMS 0x00000000e7000000, 0x00000000e7000000| Untracked 
| 113|0x00000000e7100000, 0x00000000e7100000, 0x00000000e7200000|  0%| F|  |TAMS 0x00000000e7100000, 0x00000000e7100000| Untracked 
| 114|0x00000000e7200000, 0x00000000e7200000, 0x00000000e7300000|  0%| F|  |TAMS 0x00000000e7200000, 0x00000000e7200000| Untracked 
| 115|0x00000000e7300000, 0x00000000e7300000, 0x00000000e7400000|  0%| F|  |TAMS 0x00000000e7300000, 0x00000000e7300000| Untracked 
| 116|0x00000000e7400000, 0x00000000e7400000, 0x00000000e7500000|  0%| F|  |TAMS 0x00000000e7400000, 0x00000000e7400000| Untracked 
| 117|0x00000000e7500000, 0x00000000e7500000, 0x00000000e7600000|  0%| F|  |TAMS 0x00000000e7500000, 0x00000000e7500000| Untracked 
| 118|0x00000000e7600000, 0x00000000e7600000, 0x00000000e7700000|  0%| F|  |TAMS 0x00000000e7600000, 0x00000000e7600000| Untracked 
| 119|0x00000000e7700000, 0x00000000e7700000, 0x00000000e7800000|  0%| F|  |TAMS 0x00000000e7700000, 0x00000000e7700000| Untracked 
| 120|0x00000000e7800000, 0x00000000e7800000, 0x00000000e7900000|  0%| F|  |TAMS 0x00000000e7800000, 0x00000000e7800000| Untracked 
| 121|0x00000000e7900000, 0x00000000e7998928, 0x00000000e7a00000| 59%| S|CS|TAMS 0x00000000e7900000, 0x00000000e7900000| Complete 
| 122|0x00000000e7a00000, 0x00000000e7b00000, 0x00000000e7b00000|100%| S|CS|TAMS 0x00000000e7a00000, 0x00000000e7a00000| Complete 
| 123|0x00000000e7b00000, 0x00000000e7c00000, 0x00000000e7c00000|100%| S|CS|TAMS 0x00000000e7b00000, 0x00000000e7b00000| Complete 
| 124|0x00000000e7c00000, 0x00000000e7d00000, 0x00000000e7d00000|100%| S|CS|TAMS 0x00000000e7c00000, 0x00000000e7c00000| Complete 
| 125|0x00000000e7d00000, 0x00000000e7e00000, 0x00000000e7e00000|100%| S|CS|TAMS 0x00000000e7d00000, 0x00000000e7d00000| Complete 
| 126|0x00000000e7e00000, 0x00000000e7f00000, 0x00000000e7f00000|100%| S|CS|TAMS 0x00000000e7e00000, 0x00000000e7e00000| Complete 
| 127|0x00000000e7f00000, 0x00000000e8000000, 0x00000000e8000000|100%| S|CS|TAMS 0x00000000e7f00000, 0x00000000e7f00000| Complete 
| 128|0x00000000e8000000, 0x00000000e8100000, 0x00000000e8100000|100%| S|CS|TAMS 0x00000000e8000000, 0x00000000e8000000| Complete 
| 129|0x00000000e8100000, 0x00000000e8200000, 0x00000000e8200000|100%| S|CS|TAMS 0x00000000e8100000, 0x00000000e8100000| Complete 
| 130|0x00000000e8200000, 0x00000000e8300000, 0x00000000e8300000|100%| S|CS|TAMS 0x00000000e8200000, 0x00000000e8200000| Complete 
| 131|0x00000000e8300000, 0x00000000e8400000, 0x00000000e8400000|100%| S|CS|TAMS 0x00000000e8300000, 0x00000000e8300000| Complete 
| 132|0x00000000e8400000, 0x00000000e8400000, 0x00000000e8500000|  0%| F|  |TAMS 0x00000000e8400000, 0x00000000e8400000| Untracked 
| 133|0x00000000e8500000, 0x00000000e8500000, 0x00000000e8600000|  0%| F|  |TAMS 0x00000000e8500000, 0x00000000e8500000| Untracked 
| 134|0x00000000e8600000, 0x00000000e8600000, 0x00000000e8700000|  0%| F|  |TAMS 0x00000000e8600000, 0x00000000e8600000| Untracked 
| 135|0x00000000e8700000, 0x00000000e8700000, 0x00000000e8800000|  0%| F|  |TAMS 0x00000000e8700000, 0x00000000e8700000| Untracked 
| 136|0x00000000e8800000, 0x00000000e8800000, 0x00000000e8900000|  0%| F|  |TAMS 0x00000000e8800000, 0x00000000e8800000| Untracked 
| 137|0x00000000e8900000, 0x00000000e8900000, 0x00000000e8a00000|  0%| F|  |TAMS 0x00000000e8900000, 0x00000000e8900000| Untracked 
| 138|0x00000000e8a00000, 0x00000000e8a00000, 0x00000000e8b00000|  0%| F|  |TAMS 0x00000000e8a00000, 0x00000000e8a00000| Untracked 
| 139|0x00000000e8b00000, 0x00000000e8b00000, 0x00000000e8c00000|  0%| F|  |TAMS 0x00000000e8b00000, 0x00000000e8b00000| Untracked 
| 140|0x00000000e8c00000, 0x00000000e8c00000, 0x00000000e8d00000|  0%| F|  |TAMS 0x00000000e8c00000, 0x00000000e8c00000| Untracked 
| 141|0x00000000e8d00000, 0x00000000e8d00000, 0x00000000e8e00000|  0%| F|  |TAMS 0x00000000e8d00000, 0x00000000e8d00000| Untracked 
| 142|0x00000000e8e00000, 0x00000000e8e00000, 0x00000000e8f00000|  0%| F|  |TAMS 0x00000000e8e00000, 0x00000000e8e00000| Untracked 
| 143|0x00000000e8f00000, 0x00000000e8f00000, 0x00000000e9000000|  0%| F|  |TAMS 0x00000000e8f00000, 0x00000000e8f00000| Untracked 
| 144|0x00000000e9000000, 0x00000000e9000000, 0x00000000e9100000|  0%| F|  |TAMS 0x00000000e9000000, 0x00000000e9000000| Untracked 
| 145|0x00000000e9100000, 0x00000000e9100000, 0x00000000e9200000|  0%| F|  |TAMS 0x00000000e9100000, 0x00000000e9100000| Untracked 
| 146|0x00000000e9200000, 0x00000000e9200000, 0x00000000e9300000|  0%| F|  |TAMS 0x00000000e9200000, 0x00000000e9200000| Untracked 
| 147|0x00000000e9300000, 0x00000000e9300000, 0x00000000e9400000|  0%| F|  |TAMS 0x00000000e9300000, 0x00000000e9300000| Untracked 
| 148|0x00000000e9400000, 0x00000000e9400000, 0x00000000e9500000|  0%| F|  |TAMS 0x00000000e9400000, 0x00000000e9400000| Untracked 
| 149|0x00000000e9500000, 0x00000000e9500000, 0x00000000e9600000|  0%| F|  |TAMS 0x00000000e9500000, 0x00000000e9500000| Untracked 
| 150|0x00000000e9600000, 0x00000000e9600000, 0x00000000e9700000|  0%| F|  |TAMS 0x00000000e9600000, 0x00000000e9600000| Untracked 
| 151|0x00000000e9700000, 0x00000000e9700000, 0x00000000e9800000|  0%| F|  |TAMS 0x00000000e9700000, 0x00000000e9700000| Untracked 
| 152|0x00000000e9800000, 0x00000000e9800000, 0x00000000e9900000|  0%| F|  |TAMS 0x00000000e9800000, 0x00000000e9800000| Untracked 
| 153|0x00000000e9900000, 0x00000000e9900000, 0x00000000e9a00000|  0%| F|  |TAMS 0x00000000e9900000, 0x00000000e9900000| Untracked 
| 154|0x00000000e9a00000, 0x00000000e9a00000, 0x00000000e9b00000|  0%| F|  |TAMS 0x00000000e9a00000, 0x00000000e9a00000| Untracked 
| 155|0x00000000e9b00000, 0x00000000e9b00000, 0x00000000e9c00000|  0%| F|  |TAMS 0x00000000e9b00000, 0x00000000e9b00000| Untracked 
| 156|0x00000000e9c00000, 0x00000000e9c00000, 0x00000000e9d00000|  0%| F|  |TAMS 0x00000000e9c00000, 0x00000000e9c00000| Untracked 
| 157|0x00000000e9d00000, 0x00000000e9d00000, 0x00000000e9e00000|  0%| F|  |TAMS 0x00000000e9d00000, 0x00000000e9d00000| Untracked 
| 158|0x00000000e9e00000, 0x00000000e9e00000, 0x00000000e9f00000|  0%| F|  |TAMS 0x00000000e9e00000, 0x00000000e9e00000| Untracked 
| 159|0x00000000e9f00000, 0x00000000e9f00000, 0x00000000ea000000|  0%| F|  |TAMS 0x00000000e9f00000, 0x00000000e9f00000| Untracked 
| 160|0x00000000ea000000, 0x00000000ea000000, 0x00000000ea100000|  0%| F|  |TAMS 0x00000000ea000000, 0x00000000ea000000| Untracked 
| 161|0x00000000ea100000, 0x00000000ea100000, 0x00000000ea200000|  0%| F|  |TAMS 0x00000000ea100000, 0x00000000ea100000| Untracked 
| 162|0x00000000ea200000, 0x00000000ea200000, 0x00000000ea300000|  0%| F|  |TAMS 0x00000000ea200000, 0x00000000ea200000| Untracked 
| 163|0x00000000ea300000, 0x00000000ea300000, 0x00000000ea400000|  0%| F|  |TAMS 0x00000000ea300000, 0x00000000ea300000| Untracked 
| 164|0x00000000ea400000, 0x00000000ea400000, 0x00000000ea500000|  0%| F|  |TAMS 0x00000000ea400000, 0x00000000ea400000| Untracked 
| 165|0x00000000ea500000, 0x00000000ea500000, 0x00000000ea600000|  0%| F|  |TAMS 0x00000000ea500000, 0x00000000ea500000| Untracked 
| 166|0x00000000ea600000, 0x00000000ea600000, 0x00000000ea700000|  0%| F|  |TAMS 0x00000000ea600000, 0x00000000ea600000| Untracked 
| 167|0x00000000ea700000, 0x00000000ea700000, 0x00000000ea800000|  0%| F|  |TAMS 0x00000000ea700000, 0x00000000ea700000| Untracked 
| 168|0x00000000ea800000, 0x00000000ea8506e8, 0x00000000ea900000| 31%| E|  |TAMS 0x00000000ea800000, 0x00000000ea800000| Complete 
| 169|0x00000000ea900000, 0x00000000eaa00000, 0x00000000eaa00000|100%| E|  |TAMS 0x00000000ea900000, 0x00000000ea900000| Complete 
| 170|0x00000000eaa00000, 0x00000000eab00000, 0x00000000eab00000|100%| E|CS|TAMS 0x00000000eaa00000, 0x00000000eaa00000| Complete 
| 171|0x00000000eab00000, 0x00000000eac00000, 0x00000000eac00000|100%| E|CS|TAMS 0x00000000eab00000, 0x00000000eab00000| Complete 
| 172|0x00000000eac00000, 0x00000000ead00000, 0x00000000ead00000|100%| E|CS|TAMS 0x00000000eac00000, 0x00000000eac00000| Complete 
| 173|0x00000000ead00000, 0x00000000eae00000, 0x00000000eae00000|100%| E|CS|TAMS 0x00000000ead00000, 0x00000000ead00000| Complete 
| 174|0x00000000eae00000, 0x00000000eaf00000, 0x00000000eaf00000|100%| E|CS|TAMS 0x00000000eae00000, 0x00000000eae00000| Complete 
| 175|0x00000000eaf00000, 0x00000000eb000000, 0x00000000eb000000|100%| E|CS|TAMS 0x00000000eaf00000, 0x00000000eaf00000| Complete 
| 176|0x00000000eb000000, 0x00000000eb100000, 0x00000000eb100000|100%| E|CS|TAMS 0x00000000eb000000, 0x00000000eb000000| Complete 
| 177|0x00000000eb100000, 0x00000000eb200000, 0x00000000eb200000|100%| E|CS|TAMS 0x00000000eb100000, 0x00000000eb100000| Complete 
| 178|0x00000000eb200000, 0x00000000eb300000, 0x00000000eb300000|100%| E|CS|TAMS 0x00000000eb200000, 0x00000000eb200000| Complete 
| 179|0x00000000eb300000, 0x00000000eb400000, 0x00000000eb400000|100%| E|CS|TAMS 0x00000000eb300000, 0x00000000eb300000| Complete 
| 180|0x00000000eb400000, 0x00000000eb500000, 0x00000000eb500000|100%| E|CS|TAMS 0x00000000eb400000, 0x00000000eb400000| Complete 
| 181|0x00000000eb500000, 0x00000000eb600000, 0x00000000eb600000|100%| E|CS|TAMS 0x00000000eb500000, 0x00000000eb500000| Complete 
| 182|0x00000000eb600000, 0x00000000eb700000, 0x00000000eb700000|100%| E|CS|TAMS 0x00000000eb600000, 0x00000000eb600000| Complete 
| 183|0x00000000eb700000, 0x00000000eb800000, 0x00000000eb800000|100%| E|CS|TAMS 0x00000000eb700000, 0x00000000eb700000| Complete 
| 184|0x00000000eb800000, 0x00000000eb900000, 0x00000000eb900000|100%| E|CS|TAMS 0x00000000eb800000, 0x00000000eb800000| Complete 
| 185|0x00000000eb900000, 0x00000000eba00000, 0x00000000eba00000|100%| E|CS|TAMS 0x00000000eb900000, 0x00000000eb900000| Complete 
| 186|0x00000000eba00000, 0x00000000ebb00000, 0x00000000ebb00000|100%| E|CS|TAMS 0x00000000eba00000, 0x00000000eba00000| Complete 
| 187|0x00000000ebb00000, 0x00000000ebc00000, 0x00000000ebc00000|100%| E|CS|TAMS 0x00000000ebb00000, 0x00000000ebb00000| Complete 
| 188|0x00000000ebc00000, 0x00000000ebd00000, 0x00000000ebd00000|100%| E|CS|TAMS 0x00000000ebc00000, 0x00000000ebc00000| Complete 
| 189|0x00000000ebd00000, 0x00000000ebe00000, 0x00000000ebe00000|100%| E|CS|TAMS 0x00000000ebd00000, 0x00000000ebd00000| Complete 
| 190|0x00000000ebe00000, 0x00000000ebf00000, 0x00000000ebf00000|100%| E|CS|TAMS 0x00000000ebe00000, 0x00000000ebe00000| Complete 
| 191|0x00000000ebf00000, 0x00000000ec000000, 0x00000000ec000000|100%| E|CS|TAMS 0x00000000ebf00000, 0x00000000ebf00000| Complete 
| 192|0x00000000ec000000, 0x00000000ec100000, 0x00000000ec100000|100%| E|CS|TAMS 0x00000000ec000000, 0x00000000ec000000| Complete 
| 193|0x00000000ec100000, 0x00000000ec200000, 0x00000000ec200000|100%| E|CS|TAMS 0x00000000ec100000, 0x00000000ec100000| Complete 
| 194|0x00000000ec200000, 0x00000000ec300000, 0x00000000ec300000|100%| E|CS|TAMS 0x00000000ec200000, 0x00000000ec200000| Complete 
| 195|0x00000000ec300000, 0x00000000ec400000, 0x00000000ec400000|100%| E|CS|TAMS 0x00000000ec300000, 0x00000000ec300000| Complete 
| 196|0x00000000ec400000, 0x00000000ec500000, 0x00000000ec500000|100%| E|CS|TAMS 0x00000000ec400000, 0x00000000ec400000| Complete 
| 197|0x00000000ec500000, 0x00000000ec600000, 0x00000000ec600000|100%| E|CS|TAMS 0x00000000ec500000, 0x00000000ec500000| Complete 
| 198|0x00000000ec600000, 0x00000000ec700000, 0x00000000ec700000|100%| E|CS|TAMS 0x00000000ec600000, 0x00000000ec600000| Complete 
| 199|0x00000000ec700000, 0x00000000ec800000, 0x00000000ec800000|100%| E|CS|TAMS 0x00000000ec700000, 0x00000000ec700000| Complete 
| 200|0x00000000ec800000, 0x00000000ec900000, 0x00000000ec900000|100%| E|CS|TAMS 0x00000000ec800000, 0x00000000ec800000| Complete 
| 201|0x00000000ec900000, 0x00000000eca00000, 0x00000000eca00000|100%| E|CS|TAMS 0x00000000ec900000, 0x00000000ec900000| Complete 
| 202|0x00000000eca00000, 0x00000000ecb00000, 0x00000000ecb00000|100%| E|CS|TAMS 0x00000000eca00000, 0x00000000eca00000| Complete 
| 203|0x00000000ecb00000, 0x00000000ecc00000, 0x00000000ecc00000|100%| E|CS|TAMS 0x00000000ecb00000, 0x00000000ecb00000| Complete 
| 204|0x00000000ecc00000, 0x00000000ecd00000, 0x00000000ecd00000|100%| E|CS|TAMS 0x00000000ecc00000, 0x00000000ecc00000| Complete 
| 205|0x00000000ecd00000, 0x00000000ece00000, 0x00000000ece00000|100%| E|CS|TAMS 0x00000000ecd00000, 0x00000000ecd00000| Complete 
| 206|0x00000000ece00000, 0x00000000ecf00000, 0x00000000ecf00000|100%| E|CS|TAMS 0x00000000ece00000, 0x00000000ece00000| Complete 
| 207|0x00000000ecf00000, 0x00000000ed000000, 0x00000000ed000000|100%| E|CS|TAMS 0x00000000ecf00000, 0x00000000ecf00000| Complete 
| 208|0x00000000ed000000, 0x00000000ed100000, 0x00000000ed100000|100%| E|CS|TAMS 0x00000000ed000000, 0x00000000ed000000| Complete 
| 209|0x00000000ed100000, 0x00000000ed200000, 0x00000000ed200000|100%| E|CS|TAMS 0x00000000ed100000, 0x00000000ed100000| Complete 
| 210|0x00000000ed200000, 0x00000000ed300000, 0x00000000ed300000|100%| E|CS|TAMS 0x00000000ed200000, 0x00000000ed200000| Complete 
| 211|0x00000000ed300000, 0x00000000ed400000, 0x00000000ed400000|100%| E|CS|TAMS 0x00000000ed300000, 0x00000000ed300000| Complete 
| 212|0x00000000ed400000, 0x00000000ed500000, 0x00000000ed500000|100%| E|CS|TAMS 0x00000000ed400000, 0x00000000ed400000| Complete 
| 213|0x00000000ed500000, 0x00000000ed600000, 0x00000000ed600000|100%| E|CS|TAMS 0x00000000ed500000, 0x00000000ed500000| Complete 
| 214|0x00000000ed600000, 0x00000000ed700000, 0x00000000ed700000|100%| E|CS|TAMS 0x00000000ed600000, 0x00000000ed600000| Complete 
| 215|0x00000000ed700000, 0x00000000ed800000, 0x00000000ed800000|100%| E|CS|TAMS 0x00000000ed700000, 0x00000000ed700000| Complete 
| 216|0x00000000ed800000, 0x00000000ed900000, 0x00000000ed900000|100%| E|CS|TAMS 0x00000000ed800000, 0x00000000ed800000| Complete 
| 217|0x00000000ed900000, 0x00000000eda00000, 0x00000000eda00000|100%| E|CS|TAMS 0x00000000ed900000, 0x00000000ed900000| Complete 
| 218|0x00000000eda00000, 0x00000000edb00000, 0x00000000edb00000|100%| E|CS|TAMS 0x00000000eda00000, 0x00000000eda00000| Complete 
| 219|0x00000000edb00000, 0x00000000edc00000, 0x00000000edc00000|100%| E|CS|TAMS 0x00000000edb00000, 0x00000000edb00000| Complete 
| 220|0x00000000edc00000, 0x00000000edd00000, 0x00000000edd00000|100%| E|CS|TAMS 0x00000000edc00000, 0x00000000edc00000| Complete 
| 221|0x00000000edd00000, 0x00000000ede00000, 0x00000000ede00000|100%| E|CS|TAMS 0x00000000edd00000, 0x00000000edd00000| Complete 
| 222|0x00000000ede00000, 0x00000000edf00000, 0x00000000edf00000|100%| E|CS|TAMS 0x00000000ede00000, 0x00000000ede00000| Complete 
| 223|0x00000000edf00000, 0x00000000ee000000, 0x00000000ee000000|100%| E|CS|TAMS 0x00000000edf00000, 0x00000000edf00000| Complete 
| 224|0x00000000ee000000, 0x00000000ee100000, 0x00000000ee100000|100%| E|CS|TAMS 0x00000000ee000000, 0x00000000ee000000| Complete 
| 225|0x00000000ee100000, 0x00000000ee200000, 0x00000000ee200000|100%| E|CS|TAMS 0x00000000ee100000, 0x00000000ee100000| Complete 
| 226|0x00000000ee200000, 0x00000000ee300000, 0x00000000ee300000|100%| E|CS|TAMS 0x00000000ee200000, 0x00000000ee200000| Complete 
| 227|0x00000000ee300000, 0x00000000ee400000, 0x00000000ee400000|100%| E|CS|TAMS 0x00000000ee300000, 0x00000000ee300000| Complete 
| 228|0x00000000ee400000, 0x00000000ee500000, 0x00000000ee500000|100%| E|CS|TAMS 0x00000000ee400000, 0x00000000ee400000| Complete 
| 229|0x00000000ee500000, 0x00000000ee600000, 0x00000000ee600000|100%| E|CS|TAMS 0x00000000ee500000, 0x00000000ee500000| Complete 
| 230|0x00000000ee600000, 0x00000000ee700000, 0x00000000ee700000|100%| E|CS|TAMS 0x00000000ee600000, 0x00000000ee600000| Complete 
| 231|0x00000000ee700000, 0x00000000ee800000, 0x00000000ee800000|100%| E|CS|TAMS 0x00000000ee700000, 0x00000000ee700000| Complete 
| 232|0x00000000ee800000, 0x00000000ee900000, 0x00000000ee900000|100%| E|CS|TAMS 0x00000000ee800000, 0x00000000ee800000| Complete 
| 233|0x00000000ee900000, 0x00000000eea00000, 0x00000000eea00000|100%| E|CS|TAMS 0x00000000ee900000, 0x00000000ee900000| Complete 
| 234|0x00000000eea00000, 0x00000000eeb00000, 0x00000000eeb00000|100%| E|CS|TAMS 0x00000000eea00000, 0x00000000eea00000| Complete 
| 235|0x00000000eeb00000, 0x00000000eec00000, 0x00000000eec00000|100%| E|CS|TAMS 0x00000000eeb00000, 0x00000000eeb00000| Complete 
| 236|0x00000000eec00000, 0x00000000eed00000, 0x00000000eed00000|100%| E|CS|TAMS 0x00000000eec00000, 0x00000000eec00000| Complete 
| 237|0x00000000eed00000, 0x00000000eee00000, 0x00000000eee00000|100%| E|CS|TAMS 0x00000000eed00000, 0x00000000eed00000| Complete 
| 238|0x00000000eee00000, 0x00000000eef00000, 0x00000000eef00000|100%| E|CS|TAMS 0x00000000eee00000, 0x00000000eee00000| Complete 
| 239|0x00000000eef00000, 0x00000000ef000000, 0x00000000ef000000|100%| E|CS|TAMS 0x00000000eef00000, 0x00000000eef00000| Complete 
| 240|0x00000000ef000000, 0x00000000ef100000, 0x00000000ef100000|100%| E|CS|TAMS 0x00000000ef000000, 0x00000000ef000000| Complete 
| 241|0x00000000ef100000, 0x00000000ef200000, 0x00000000ef200000|100%| E|CS|TAMS 0x00000000ef100000, 0x00000000ef100000| Complete 
| 242|0x00000000ef200000, 0x00000000ef300000, 0x00000000ef300000|100%| E|CS|TAMS 0x00000000ef200000, 0x00000000ef200000| Complete 
| 243|0x00000000ef300000, 0x00000000ef400000, 0x00000000ef400000|100%| E|CS|TAMS 0x00000000ef300000, 0x00000000ef300000| Complete 
| 244|0x00000000ef400000, 0x00000000ef500000, 0x00000000ef500000|100%| E|CS|TAMS 0x00000000ef400000, 0x00000000ef400000| Complete 
| 245|0x00000000ef500000, 0x00000000ef600000, 0x00000000ef600000|100%| E|CS|TAMS 0x00000000ef500000, 0x00000000ef500000| Complete 
| 246|0x00000000ef600000, 0x00000000ef700000, 0x00000000ef700000|100%| E|CS|TAMS 0x00000000ef600000, 0x00000000ef600000| Complete 
| 247|0x00000000ef700000, 0x00000000ef800000, 0x00000000ef800000|100%| E|CS|TAMS 0x00000000ef700000, 0x00000000ef700000| Complete 
| 248|0x00000000ef800000, 0x00000000ef900000, 0x00000000ef900000|100%| E|CS|TAMS 0x00000000ef800000, 0x00000000ef800000| Complete 
| 249|0x00000000ef900000, 0x00000000efa00000, 0x00000000efa00000|100%| E|CS|TAMS 0x00000000ef900000, 0x00000000ef900000| Complete 
| 250|0x00000000efa00000, 0x00000000efb00000, 0x00000000efb00000|100%| E|CS|TAMS 0x00000000efa00000, 0x00000000efa00000| Complete 
| 251|0x00000000efb00000, 0x00000000efc00000, 0x00000000efc00000|100%| E|CS|TAMS 0x00000000efb00000, 0x00000000efb00000| Complete 
| 252|0x00000000efc00000, 0x00000000efd00000, 0x00000000efd00000|100%| E|CS|TAMS 0x00000000efc00000, 0x00000000efc00000| Complete 
| 253|0x00000000efd00000, 0x00000000efe00000, 0x00000000efe00000|100%| E|CS|TAMS 0x00000000efd00000, 0x00000000efd00000| Complete 
| 254|0x00000000efe00000, 0x00000000eff00000, 0x00000000eff00000|100%| E|CS|TAMS 0x00000000efe00000, 0x00000000efe00000| Complete 
| 255|0x00000000eff00000, 0x00000000f0000000, 0x00000000f0000000|100%| E|CS|TAMS 0x00000000eff00000, 0x00000000eff00000| Complete 

Card table byte_map: [0x000001b46d370000,0x000001b46d470000] _byte_map_base: 0x000001b46cc70000

Marking Bits (Prev, Next): (CMBitMap*) 0x000001b454931b80, (CMBitMap*) 0x000001b454931b40
 Prev Bits: [0x000001b46dd70000, 0x000001b46e570000)
 Next Bits: [0x000001b46d570000, 0x000001b46dd70000)

Polling page: 0x000001b4547b0000

Metaspace:

Usage:
  Non-class:     67.78 MB used.
      Class:     10.33 MB used.
       Both:     78.10 MB used.

Virtual space:
  Non-class space:      128.00 MB reserved,      68.19 MB ( 53%) committed,  2 nodes.
      Class space:      320.00 MB reserved,      10.69 MB (  3%) committed,  1 nodes.
             Both:      448.00 MB reserved,      78.88 MB ( 18%) committed. 

Chunk freelists:
   Non-Class:  11.17 MB
       Class:  5.33 MB
        Both:  16.50 MB

MaxMetaspaceSize: 384.00 MB
CompressedClassSpaceSize: 320.00 MB
Initial GC threshold: 21.00 MB
Current GC threshold: 100.00 MB
CDS: on
MetaspaceReclaimPolicy: balanced
 - commit_granule_bytes: 65536.
 - commit_granule_words: 8192.
 - virtual_space_node_default_size: 8388608.
 - enlarge_chunks_in_place: 1.
 - new_chunks_are_fully_committed: 0.
 - uncommit_free_chunks: 1.
 - use_allocation_guard: 0.
 - handle_deallocations: 1.


Internal statistics:

num_allocs_failed_limit: 15.
num_arena_births: 1124.
num_arena_deaths: 0.
num_vsnodes_births: 3.
num_vsnodes_deaths: 0.
num_space_committed: 1262.
num_space_uncommitted: 0.
num_chunks_returned_to_freelist: 15.
num_chunks_taken_from_freelist: 4484.
num_chunk_merges: 12.
num_chunk_splits: 2827.
num_chunks_enlarged: 1724.
num_inconsistent_stats: 0.

CodeHeap 'non-profiled nmethods': size=120000Kb used=10188Kb max_used=10188Kb free=109811Kb
 bounds [0x000001b465720000, 0x000001b466120000, 0x000001b46cc50000]
CodeHeap 'profiled nmethods': size=120000Kb used=30176Kb max_used=30176Kb free=89823Kb
 bounds [0x000001b45dc50000, 0x000001b45f9d0000, 0x000001b465180000]
CodeHeap 'non-nmethods': size=5760Kb used=2412Kb max_used=2529Kb free=3347Kb
 bounds [0x000001b465180000, 0x000001b465410000, 0x000001b465720000]
 total_blobs=15253 nmethods=14305 adapters=859
 compilation: enabled
              stopped_count=0, restarted_count=0
 full_count=0

Compilation events (20 events):
Event: 847.678 Thread 0x000001b470b5bdc0 17172       3       com.google.common.collect.AbstractMapEntry::equals (52 bytes)
Event: 847.678 Thread 0x000001b470b5bdc0 nmethod 17172 0x000001b45f9b8a90 code [0x000001b45f9b8cc0, 0x000001b45f9b9818]
Event: 847.678 Thread 0x000001b470b5bdc0 17174       3       org.gradle.internal.fingerprint.impl.IgnoredPathFileSystemLocationFingerprint::appendToHasher (11 bytes)
Event: 847.679 Thread 0x000001b470b5bdc0 nmethod 17174 0x000001b45f9b9a10 code [0x000001b45f9b9c00, 0x000001b45f9ba1b8]
Event: 847.679 Thread 0x000001b470b5bdc0 17176       3       org.gradle.internal.file.FileHierarchySet$Node::plusWithCommonPrefixLength (341 bytes)
Event: 847.681 Thread 0x000001b470b5bdc0 nmethod 17176 0x000001b45f9ba490 code [0x000001b45f9baa80, 0x000001b45f9be3b8]
Event: 847.681 Thread 0x000001b470b5bdc0 17175       3       org.gradle.api.internal.tasks.properties.DefaultCacheableOutputFilePropertySpec::getPropertyName (39 bytes)
Event: 847.681 Thread 0x000001b470b5bdc0 nmethod 17175 0x000001b45f9bf790 code [0x000001b45f9bf9c0, 0x000001b45f9bffc8]
Event: 847.681 Thread 0x000001b470b5bdc0 17177       3       org.gradle.internal.watch.vfs.impl.WatchingVirtualFileSystem$$Lambda$474/0x000001b40141c8c0::get (12 bytes)
Event: 847.681 Thread 0x000001b470b5bdc0 nmethod 17177 0x000001b45f9c0210 code [0x000001b45f9c03c0, 0x000001b45f9c0608]
Event: 847.681 Thread 0x000001b470b5bdc0 17178       3       org.gradle.internal.watch.vfs.impl.WatchingVirtualFileSystem::lambda$withWatcherChangeErrorHandling$9 (8 bytes)
Event: 847.681 Thread 0x000001b470b5bdc0 nmethod 17178 0x000001b45f9c0710 code [0x000001b45f9c08c0, 0x000001b45f9c0a88]
Event: 847.686 Thread 0x000001b470b5bdc0 17189       3       org.gradle.api.internal.tasks.compile.incremental.compilerapi.deps.DependentSetSerializer::read (198 bytes)
Event: 847.687 Thread 0x000001b470b5bdc0 nmethod 17189 0x000001b45f9c0b90 code [0x000001b45f9c10c0, 0x000001b45f9c3e98]
Event: 847.687 Thread 0x000001b470b5bdc0 17190       2       org.gradle.api.internal.tasks.compile.incremental.compilerapi.deps.DependentsSet::dependencyToAll (10 bytes)
Event: 847.688 Thread 0x000001b470b5bdc0 nmethod 17190 0x000001b45f9c4d90 code [0x000001b45f9c4f40, 0x000001b45f9c51a8]
Event: 847.688 Thread 0x000001b470b5bdc0 17191       2       org.gradle.internal.work.DefaultWorkerLeaseService$DefaultWorkerLease::<init> (16 bytes)
Event: 847.688 Thread 0x000001b470b5bdc0 nmethod 17191 0x000001b45f9c5310 code [0x000001b45f9c54c0, 0x000001b45f9c5798]
Event: 847.689 Thread 0x000001b470b5bdc0 17192 %     3       com.google.common.collect.RegularImmutableMap::forEach @ 16 (55 bytes)
Event: 847.689 Thread 0x000001b470b5bdc0 nmethod 17192% 0x000001b45f9c5810 code [0x000001b45f9c5a00, 0x000001b45f9c6058]

GC Heap History (20 events):
Event: 22.083 GC heap before
{Heap before GC invocations=10 (full 0):
 garbage-first heap   total 262144K, used 42093K [0x00000000e0000000, 0x0000000100000000)
  region size 1024K, 12 young (12288K), 9 survivors (9216K)
 Metaspace       used 55463K, committed 55936K, reserved 393216K
  class space    used 7774K, committed 8000K, reserved 327680K
}
Event: 22.093 GC heap after
{Heap after GC invocations=11 (full 0):
 garbage-first heap   total 262144K, used 41429K [0x00000000e0000000, 0x0000000100000000)
  region size 1024K, 2 young (2048K), 2 survivors (2048K)
 Metaspace       used 55463K, committed 55936K, reserved 393216K
  class space    used 7774K, committed 8000K, reserved 327680K
}
Event: 25.303 GC heap before
{Heap before GC invocations=11 (full 0):
 garbage-first heap   total 262144K, used 195029K [0x00000000e0000000, 0x0000000100000000)
  region size 1024K, 153 young (156672K), 2 survivors (2048K)
 Metaspace       used 60634K, committed 61248K, reserved 393216K
  class space    used 8349K, committed 8640K, reserved 327680K
}
Event: 25.316 GC heap after
{Heap after GC invocations=12 (full 0):
 garbage-first heap   total 262144K, used 52953K [0x00000000e0000000, 0x0000000100000000)
  region size 1024K, 13 young (13312K), 13 survivors (13312K)
 Metaspace       used 60634K, committed 61248K, reserved 393216K
  class space    used 8349K, committed 8640K, reserved 327680K
}
Event: 25.429 GC heap before
{Heap before GC invocations=12 (full 0):
 garbage-first heap   total 262144K, used 66265K [0x00000000e0000000, 0x0000000100000000)
  region size 1024K, 27 young (27648K), 13 survivors (13312K)
 Metaspace       used 60820K, committed 61376K, reserved 393216K
  class space    used 8359K, committed 8640K, reserved 327680K
}
Event: 25.437 GC heap after
{Heap after GC invocations=13 (full 0):
 garbage-first heap   total 262144K, used 50901K [0x00000000e0000000, 0x0000000100000000)
  region size 1024K, 2 young (2048K), 2 survivors (2048K)
 Metaspace       used 60820K, committed 61376K, reserved 393216K
  class space    used 8359K, committed 8640K, reserved 327680K
}
Event: 570.870 GC heap before
{Heap before GC invocations=14 (full 0):
 garbage-first heap   total 262144K, used 204501K [0x00000000e0000000, 0x0000000100000000)
  region size 1024K, 152 young (155648K), 2 survivors (2048K)
 Metaspace       used 64417K, committed 65088K, reserved 393216K
  class space    used 8841K, committed 9152K, reserved 327680K
}
Event: 570.893 GC heap after
{Heap after GC invocations=15 (full 0):
 garbage-first heap   total 262144K, used 56470K [0x00000000e0000000, 0x0000000100000000)
  region size 1024K, 7 young (7168K), 7 survivors (7168K)
 Metaspace       used 64417K, committed 65088K, reserved 393216K
  class space    used 8841K, committed 9152K, reserved 327680K
}
Event: 696.005 GC heap before
{Heap before GC invocations=15 (full 0):
 garbage-first heap   total 262144K, used 205974K [0x00000000e0000000, 0x0000000100000000)
  region size 1024K, 153 young (156672K), 7 survivors (7168K)
 Metaspace       used 65078K, committed 65728K, reserved 393216K
  class space    used 8854K, committed 9152K, reserved 327680K
}
Event: 696.029 GC heap after
{Heap after GC invocations=16 (full 0):
 garbage-first heap   total 262144K, used 55378K [0x00000000e0000000, 0x0000000100000000)
  region size 1024K, 6 young (6144K), 6 survivors (6144K)
 Metaspace       used 65078K, committed 65728K, reserved 393216K
  class space    used 8854K, committed 9152K, reserved 327680K
}
Event: 733.769 GC heap before
{Heap before GC invocations=16 (full 0):
 garbage-first heap   total 262144K, used 204882K [0x00000000e0000000, 0x0000000100000000)
  region size 1024K, 153 young (156672K), 6 survivors (6144K)
 Metaspace       used 65476K, committed 66176K, reserved 393216K
  class space    used 8855K, committed 9152K, reserved 327680K
}
Event: 733.792 GC heap after
{Heap after GC invocations=17 (full 0):
 garbage-first heap   total 262144K, used 58620K [0x00000000e0000000, 0x0000000100000000)
  region size 1024K, 9 young (9216K), 9 survivors (9216K)
 Metaspace       used 65476K, committed 66176K, reserved 393216K
  class space    used 8855K, committed 9152K, reserved 327680K
}
Event: 768.654 GC heap before
{Heap before GC invocations=17 (full 0):
 garbage-first heap   total 262144K, used 206076K [0x00000000e0000000, 0x0000000100000000)
  region size 1024K, 153 young (156672K), 9 survivors (9216K)
 Metaspace       used 65768K, committed 66496K, reserved 393216K
  class space    used 8868K, committed 9216K, reserved 327680K
}
Event: 768.660 GC heap after
{Heap after GC invocations=18 (full 0):
 garbage-first heap   total 262144K, used 53896K [0x00000000e0000000, 0x0000000100000000)
  region size 1024K, 5 young (5120K), 5 survivors (5120K)
 Metaspace       used 65768K, committed 66496K, reserved 393216K
  class space    used 8868K, committed 9216K, reserved 327680K
}
Event: 817.389 GC heap before
{Heap before GC invocations=18 (full 0):
 garbage-first heap   total 262144K, used 205448K [0x00000000e0000000, 0x0000000100000000)
  region size 1024K, 153 young (156672K), 5 survivors (5120K)
 Metaspace       used 66099K, committed 66752K, reserved 393216K
  class space    used 8903K, committed 9216K, reserved 327680K
}
Event: 817.399 GC heap after
{Heap after GC invocations=19 (full 0):
 garbage-first heap   total 262144K, used 56538K [0x00000000e0000000, 0x0000000100000000)
  region size 1024K, 7 young (7168K), 7 survivors (7168K)
 Metaspace       used 66099K, committed 66752K, reserved 393216K
  class space    used 8903K, committed 9216K, reserved 327680K
}
Event: 820.825 GC heap before
{Heap before GC invocations=19 (full 0):
 garbage-first heap   total 262144K, used 207066K [0x00000000e0000000, 0x0000000100000000)
  region size 1024K, 153 young (156672K), 7 survivors (7168K)
 Metaspace       used 73762K, committed 74496K, reserved 393216K
  class space    used 9880K, committed 10240K, reserved 327680K
}
Event: 820.915 GC heap after
{Heap after GC invocations=20 (full 0):
 garbage-first heap   total 262144K, used 76104K [0x00000000e0000000, 0x0000000100000000)
  region size 1024K, 20 young (20480K), 20 survivors (20480K)
 Metaspace       used 73762K, committed 74496K, reserved 393216K
  class space    used 9880K, committed 10240K, reserved 327680K
}
Event: 846.698 GC heap before
{Heap before GC invocations=20 (full 0):
 garbage-first heap   total 262144K, used 202056K [0x00000000e0000000, 0x0000000100000000)
  region size 1024K, 144 young (147456K), 20 survivors (20480K)
 Metaspace       used 79938K, committed 80704K, reserved 458752K
  class space    used 10574K, committed 10944K, reserved 327680K
}
Event: 846.729 GC heap after
{Heap after GC invocations=21 (full 0):
 garbage-first heap   total 262144K, used 83554K [0x00000000e0000000, 0x0000000100000000)
  region size 1024K, 11 young (11264K), 11 survivors (11264K)
 Metaspace       used 79938K, committed 80704K, reserved 458752K
  class space    used 10574K, committed 10944K, reserved 327680K
}

Dll operation events (15 events):
Event: 0.010 Loaded shared library C:\Users\ASUS\.jdks\corretto-17.0.12\bin\java.dll
Event: 0.028 Loaded shared library C:\Users\ASUS\.jdks\corretto-17.0.12\bin\jsvml.dll
Event: 0.076 Loaded shared library C:\Users\ASUS\.jdks\corretto-17.0.12\bin\zip.dll
Event: 0.078 Loaded shared library C:\Users\ASUS\.jdks\corretto-17.0.12\bin\instrument.dll
Event: 0.081 Loaded shared library C:\Users\ASUS\.jdks\corretto-17.0.12\bin\net.dll
Event: 0.083 Loaded shared library C:\Users\ASUS\.jdks\corretto-17.0.12\bin\nio.dll
Event: 0.085 Loaded shared library C:\Users\ASUS\.jdks\corretto-17.0.12\bin\zip.dll
Event: 0.463 Loaded shared library C:\Users\ASUS\.jdks\corretto-17.0.12\bin\jimage.dll
Event: 0.822 Loaded shared library C:\Users\ASUS\.jdks\corretto-17.0.12\bin\verify.dll
Event: 1.060 Loaded shared library C:\Users\ASUS\.gradle\native\c067742578af261105cb4f569cf0c3c89f3d7b1fecec35dd04571415982c5e48\windows-amd64\native-platform.dll
Event: 1.087 Loaded shared library C:\Users\ASUS\.gradle\native\100fb08df4bc3b14c8652ba06237920a3bd2aa13389f12d3474272988ae205f9\windows-amd64\native-platform-file-events.dll
Event: 3.395 Loaded shared library C:\Users\ASUS\.jdks\corretto-17.0.12\bin\management.dll
Event: 3.397 Loaded shared library C:\Users\ASUS\.jdks\corretto-17.0.12\bin\management_ext.dll
Event: 3.714 Loaded shared library C:\Users\ASUS\.jdks\corretto-17.0.12\bin\extnet.dll
Event: 4.123 Loaded shared library C:\Users\ASUS\.jdks\corretto-17.0.12\bin\sunmscapi.dll

Deoptimization events (20 events):
Event: 846.406 Thread 0x000001b4788cfb40 DEOPT PACKING pc=0x000001b45f915049 sp=0x00000075dd3feaf0
Event: 846.406 Thread 0x000001b4788cfb40 DEOPT UNPACKING pc=0x000001b4651d7143 sp=0x00000075dd3fdf90 mode 0
Event: 846.420 Thread 0x000001b475274e80 DEOPT PACKING pc=0x000001b45eb4ffbc sp=0x00000075dcff7850
Event: 846.420 Thread 0x000001b475274e80 DEOPT UNPACKING pc=0x000001b4651d7143 sp=0x00000075dcff6dd0 mode 0
Event: 846.591 Thread 0x000001b4788cfb40 DEOPT PACKING pc=0x000001b45f915049 sp=0x00000075dd3feaf0
Event: 846.592 Thread 0x000001b4788cfb40 DEOPT UNPACKING pc=0x000001b4651d7143 sp=0x00000075dd3fdf90 mode 0
Event: 846.737 Thread 0x000001b475274e80 DEOPT PACKING pc=0x000001b45eb4ffbc sp=0x00000075dcff5410
Event: 846.737 Thread 0x000001b475274e80 DEOPT UNPACKING pc=0x000001b4651d7143 sp=0x00000075dcff4990 mode 0
Event: 846.792 Thread 0x000001b4756cd440 DEOPT PACKING pc=0x000001b45f915049 sp=0x00000075dd6fea20
Event: 846.792 Thread 0x000001b4756cd440 DEOPT UNPACKING pc=0x000001b4651d7143 sp=0x00000075dd6fdec0 mode 0
Event: 846.902 Thread 0x000001b478829a70 DEOPT PACKING pc=0x000001b45eb4ffbc sp=0x00000075dfefdba0
Event: 846.902 Thread 0x000001b478829a70 DEOPT UNPACKING pc=0x000001b4651d7143 sp=0x00000075dfefd120 mode 0
Event: 847.648 Thread 0x000001b4781ac060 Uncommon trap: trap_request=0xffffffde fr.pc=0x000001b465c079a8 relative=0x0000000000000f28
Event: 847.648 Thread 0x000001b4781ac060 Uncommon trap: reason=class_check action=maybe_recompile pc=0x000001b465c079a8 method=org.gradle.internal.snapshot.ChildMap$Entry.handleAncestorDescendantOrExactMatch(Lorg/gradle/internal/snapshot/VfsRelativePath;Lorg/gradle/internal/snapshot/CaseSensitiv
Event: 847.648 Thread 0x000001b4781ac060 DEOPT PACKING pc=0x000001b465c079a8 sp=0x00000075e15fb450
Event: 847.648 Thread 0x000001b4781ac060 DEOPT UNPACKING pc=0x000001b4651d69a3 sp=0x00000075e15fb440 mode 2
Event: 847.681 Thread 0x000001b4781ac060 Uncommon trap: trap_request=0xffffff45 fr.pc=0x000001b465f82e94 relative=0x00000000000034f4
Event: 847.681 Thread 0x000001b4781ac060 Uncommon trap: reason=unstable_if action=reinterpret pc=0x000001b465f82e94 method=org.gradle.api.internal.tasks.compile.incremental.compilerapi.deps.DependentSetSerializer.read(Lorg/gradle/internal/serialize/Decoder;)Lorg/gradle/api/internal/tasks/compile
Event: 847.681 Thread 0x000001b4781ac060 DEOPT PACKING pc=0x000001b465f82e94 sp=0x00000075e15fa980
Event: 847.682 Thread 0x000001b4781ac060 DEOPT UNPACKING pc=0x000001b4651d69a3 sp=0x00000075e15fa9a0 mode 2

Classes loaded (20 events):
Event: 822.622 Loading class java/util/EnumMap$EntryIterator$Entry
Event: 822.622 Loading class java/util/EnumMap$EntryIterator$Entry done
Event: 822.796 Loading class java/util/function/ToIntBiFunction
Event: 822.799 Loading class java/util/function/ToIntBiFunction done
Event: 822.819 Loading class java/nio/channels/Channels$1
Event: 822.822 Loading class java/nio/channels/Channels$1 done
Event: 823.070 Loading class java/text/MessageFormat$Field
Event: 823.073 Loading class java/text/MessageFormat$Field done
Event: 823.087 Loading class java/lang/StackTraceElement$HashedModules
Event: 823.090 Loading class java/lang/StackTraceElement$HashedModules done
Event: 823.333 Loading class java/io/CharArrayReader
Event: 823.337 Loading class java/io/CharArrayReader done
Event: 823.378 Loading class java/util/EnumMap$Values
Event: 823.381 Loading class java/util/EnumMap$Values done
Event: 823.381 Loading class java/util/EnumMap$ValueIterator
Event: 823.381 Loading class java/util/EnumMap$ValueIterator done
Event: 823.438 Loading class java/util/PriorityQueue
Event: 823.441 Loading class java/util/PriorityQueue done
Event: 823.784 Loading class sun/nio/fs/WindowsSecurity$Privilege
Event: 823.787 Loading class sun/nio/fs/WindowsSecurity$Privilege done

Classes unloaded (0 events):
No events

Classes redefined (0 events):
No events

Internal exceptions (20 events):
Event: 822.925 Thread 0x000001b4752720f0 Exception <a 'sun/nio/fs/WindowsException'{0x00000000eadc2e58}> (0x00000000eadc2e58) 
thrown [s\src\hotspot\share\prims\jni.cpp, line 516]
Event: 822.925 Thread 0x000001b4752720f0 Exception <a 'sun/nio/fs/WindowsException'{0x00000000eadc3850}> (0x00000000eadc3850) 
thrown [s\src\hotspot\share\prims\jni.cpp, line 516]
Event: 823.023 Thread 0x000001b4752720f0 Exception <a 'sun/nio/fs/WindowsException'{0x00000000eacd7510}> (0x00000000eacd7510) 
thrown [s\src\hotspot\share\prims\jni.cpp, line 516]
Event: 823.024 Thread 0x000001b4752720f0 Exception <a 'sun/nio/fs/WindowsException'{0x00000000eacd8958}> (0x00000000eacd8958) 
thrown [s\src\hotspot\share\prims\jni.cpp, line 516]
Event: 823.024 Thread 0x000001b4752720f0 Exception <a 'sun/nio/fs/WindowsException'{0x00000000eacd9350}> (0x00000000eacd9350) 
thrown [s\src\hotspot\share\prims\jni.cpp, line 516]
Event: 823.573 Thread 0x000001b4752720f0 Implicit null exception at 0x000001b465789620 to 0x000001b465789b10
Event: 823.573 Thread 0x000001b4752720f0 Implicit null exception at 0x000001b465a38ee0 to 0x000001b465a38f69
Event: 823.729 Thread 0x000001b4781ad4a0 Implicit null exception at 0x000001b4658beaf2 to 0x000001b4658bed0c
Event: 823.730 Thread 0x000001b4781ad4a0 Exception <a 'java/lang/NoSuchMethodError'{0x00000000e9c24518}: static Lorg/gradle/internal/build/event/types/DefaultJavaCompileTaskSuccessResult;.<clinit>()V> (0x00000000e9c24518) 
thrown [s\src\hotspot\share\prims\jni.cpp, line 1112]
Event: 823.748 Thread 0x000001b4781ad4a0 Exception <a 'java/lang/NoSuchMethodError'{0x00000000e9b1ae88}: static [Ljava/lang/Object;.<clinit>()V> (0x00000000e9b1ae88) 
thrown [s\src\hotspot\share\prims\jni.cpp, line 1112]
Event: 823.764 Thread 0x000001b4788d0a70 Exception <a 'sun/nio/fs/WindowsException'{0x00000000e9b329d8}> (0x00000000e9b329d8) 
thrown [s\src\hotspot\share\prims\jni.cpp, line 516]
Event: 823.792 Thread 0x000001b4788d0a70 Exception <a 'sun/nio/fs/WindowsException'{0x00000000e9ba58d0}> (0x00000000e9ba58d0) 
thrown [s\src\hotspot\share\prims\jni.cpp, line 516]
Event: 845.813 Thread 0x000001b475274e80 Implicit null exception at 0x000001b465d8c42c to 0x000001b465d8c474
Event: 846.300 Thread 0x000001b475274e80 Exception <a 'sun/nio/fs/WindowsException'{0x00000000e9639780}> (0x00000000e9639780) 
thrown [s\src\hotspot\share\prims\jni.cpp, line 516]
Event: 846.301 Thread 0x000001b475274e80 Exception <a 'sun/nio/fs/WindowsException'{0x00000000e963acf8}> (0x00000000e963acf8) 
thrown [s\src\hotspot\share\prims\jni.cpp, line 516]
Event: 846.301 Thread 0x000001b475274e80 Exception <a 'sun/nio/fs/WindowsException'{0x00000000e963c270}> (0x00000000e963c270) 
thrown [s\src\hotspot\share\prims\jni.cpp, line 516]
Event: 846.301 Thread 0x000001b475274e80 Exception <a 'sun/nio/fs/WindowsException'{0x00000000e963d7d8}> (0x00000000e963d7d8) 
thrown [s\src\hotspot\share\prims\jni.cpp, line 516]
Event: 846.514 Thread 0x000001b475274e80 Exception <a 'java/lang/NoClassDefFoundError'{0x00000000e91f9a08}: org/jetbrains/kotlin/gradle/plugin/KotlinPluginWrapper> (0x00000000e91f9a08) 
thrown [s\src\hotspot\share\oops\constantPool.cpp, line 837]
Event: 846.514 Thread 0x000001b475274e80 Exception <a 'java/lang/NoClassDefFoundError'{0x00000000e91fbb00}: org/graalvm/buildtools/gradle/NativeImagePlugin> (0x00000000e91fbb00) 
thrown [s\src\hotspot\share\oops\constantPool.cpp, line 837]
Event: 846.514 Thread 0x000001b475274e80 Exception <a 'java/lang/NoClassDefFoundError'{0x00000000e91fdbe8}: org/cyclonedx/gradle/CycloneDxPlugin> (0x00000000e91fdbe8) 
thrown [s\src\hotspot\share\oops\constantPool.cpp, line 837]

VM Operations (20 events):
Event: 823.727 Executing VM operation: HandshakeAllThreads
Event: 823.727 Executing VM operation: HandshakeAllThreads done
Event: 823.822 Executing VM operation: HandshakeAllThreads
Event: 823.823 Executing VM operation: HandshakeAllThreads done
Event: 824.838 Executing VM operation: Cleanup
Event: 824.838 Executing VM operation: Cleanup done
Event: 830.879 Executing VM operation: Cleanup
Event: 830.879 Executing VM operation: Cleanup done
Event: 837.952 Executing VM operation: Cleanup
Event: 837.952 Executing VM operation: Cleanup done
Event: 841.801 Executing VM operation: HandshakeAllThreads
Event: 841.801 Executing VM operation: HandshakeAllThreads done
Event: 841.801 Executing VM operation: Cleanup
Event: 841.801 Executing VM operation: Cleanup done
Event: 844.816 Executing VM operation: Cleanup
Event: 844.816 Executing VM operation: Cleanup done
Event: 845.822 Executing VM operation: Cleanup
Event: 845.838 Executing VM operation: Cleanup done
Event: 846.698 Executing VM operation: G1CollectForAllocation
Event: 846.729 Executing VM operation: G1CollectForAllocation done

Events (20 events):
Event: 846.732 Thread 0x000001b4781adec0 Thread added: 0x000001b4781adec0
Event: 846.737 Thread 0x000001b4781afd20 Thread added: 0x000001b4781afd20
Event: 846.741 Thread 0x000001b4781aca80 Thread added: 0x000001b4781aca80
Event: 846.747 Thread 0x000001b4781b2fc0 Thread added: 0x000001b4781b2fc0
Event: 846.756 Thread 0x000001b4781ac570 Thread added: 0x000001b4781ac570
Event: 846.764 Thread 0x000001b4781ad4a0 Thread added: 0x000001b4781ad4a0
Event: 846.792 Thread 0x000001b4781b0230 Thread added: 0x000001b4781b0230
Event: 846.796 Thread 0x000001b4781b0740 Thread added: 0x000001b4781b0740
Event: 846.799 Thread 0x000001b4781b34d0 Thread added: 0x000001b4781b34d0
Event: 846.804 Thread 0x000001b4781aedf0 Thread added: 0x000001b4781aedf0
Event: 846.807 Thread 0x000001b4781b1b80 Thread added: 0x000001b4781b1b80
Event: 846.813 Thread 0x000001b4781ae3d0 Thread added: 0x000001b4781ae3d0
Event: 847.640 Thread 0x000001b4781af300 Thread added: 0x000001b4781af300
Event: 847.640 Thread 0x000001b4781ac060 Thread added: 0x000001b4781ac060
Event: 847.640 Thread 0x000001b4781b0c50 Thread added: 0x000001b4781b0c50
Event: 847.640 Thread 0x000001b4781ae8e0 Thread added: 0x000001b4781ae8e0
Event: 847.643 Thread 0x000001b4781b2090 Thread added: 0x000001b4781b2090
Event: 847.687 Thread 0x000001b4781b1160 Thread added: 0x000001b4781b1160
Event: 847.687 Thread 0x000001b4781b1670 Thread added: 0x000001b4781b1670
Event: 847.687 Thread 0x000001b4781b39e0 Thread added: 0x000001b4781b39e0


Dynamic libraries:
0x00007ff7b36b0000 - 0x00007ff7b36be000 	C:\Users\ASUS\.jdks\corretto-17.0.12\bin\java.exe
0x00007ffadbf90000 - 0x00007ffadc188000 	C:\Windows\SYSTEM32\ntdll.dll
0x00007ffada3e0000 - 0x00007ffada49f000 	C:\Windows\System32\KERNEL32.DLL
0x00007ffad9720000 - 0x00007ffad99f2000 	C:\Windows\System32\KERNELBASE.dll
0x00007ffad9be0000 - 0x00007ffad9ce0000 	C:\Windows\System32\ucrtbase.dll
0x00007ffacf940000 - 0x00007ffacf957000 	C:\Users\ASUS\.jdks\corretto-17.0.12\bin\jli.dll
0x00007ffaafb80000 - 0x00007ffaafb9b000 	C:\Users\ASUS\.jdks\corretto-17.0.12\bin\VCRUNTIME140.dll
0x00007ffada150000 - 0x00007ffada2f1000 	C:\Windows\System32\USER32.dll
0x00007ffad96f0000 - 0x00007ffad9712000 	C:\Windows\System32\win32u.dll
0x00007ffac5b00000 - 0x00007ffac5d9a000 	C:\Windows\WinSxS\amd64_microsoft.windows.common-controls_6595b64144ccf1df_6.0.19041.1110_none_60b5254171f9507e\COMCTL32.dll
0x00007ffadb120000 - 0x00007ffadb14b000 	C:\Windows\System32\GDI32.dll
0x00007ffad9fd0000 - 0x00007ffada06e000 	C:\Windows\System32\msvcrt.dll
0x00007ffad9a00000 - 0x00007ffad9b0f000 	C:\Windows\System32\gdi32full.dll
0x00007ffad9b10000 - 0x00007ffad9bad000 	C:\Windows\System32\msvcp_win.dll
0x00007ffadb910000 - 0x00007ffadb942000 	C:\Windows\System32\IMM32.DLL
0x00007ffad09e0000 - 0x00007ffad09ec000 	C:\Users\ASUS\.jdks\corretto-17.0.12\bin\vcruntime140_1.dll
0x00007ffa863b0000 - 0x00007ffa8643d000 	C:\Users\ASUS\.jdks\corretto-17.0.12\bin\msvcp140.dll
0x00007ffa76b90000 - 0x00007ffa777fa000 	C:\Users\ASUS\.jdks\corretto-17.0.12\bin\server\jvm.dll
0x00007ffadafb0000 - 0x00007ffadb05e000 	C:\Windows\System32\ADVAPI32.dll
0x00007ffadb4b0000 - 0x00007ffadb54c000 	C:\Windows\System32\sechost.dll
0x00007ffadb720000 - 0x00007ffadb845000 	C:\Windows\System32\RPCRT4.dll
0x00007ffadac60000 - 0x00007ffadaccb000 	C:\Windows\System32\WS2_32.dll
0x00007ffad8c00000 - 0x00007ffad8c4b000 	C:\Windows\SYSTEM32\POWRPROF.dll
0x00007ffacf780000 - 0x00007ffacf7a7000 	C:\Windows\SYSTEM32\WINMM.dll
0x00007ffad3330000 - 0x00007ffad333a000 	C:\Windows\SYSTEM32\VERSION.dll
0x00007ffad8ac0000 - 0x00007ffad8ad2000 	C:\Windows\SYSTEM32\UMPDC.dll
0x00007ffad7540000 - 0x00007ffad7552000 	C:\Windows\SYSTEM32\kernel.appcore.dll
0x00007ffaafb70000 - 0x00007ffaafb7a000 	C:\Users\ASUS\.jdks\corretto-17.0.12\bin\jimage.dll
0x00007ffac2e30000 - 0x00007ffac3014000 	C:\Windows\SYSTEM32\DBGHELP.DLL
0x00007ffac1d70000 - 0x00007ffac1da5000 	C:\Windows\SYSTEM32\dbgcore.DLL
0x00007ffad9f40000 - 0x00007ffad9fc2000 	C:\Windows\System32\bcryptPrimitives.dll
0x00007ffaab5f0000 - 0x00007ffaab5fe000 	C:\Users\ASUS\.jdks\corretto-17.0.12\bin\instrument.dll
0x00007ffaa50e0000 - 0x00007ffaa5105000 	C:\Users\ASUS\.jdks\corretto-17.0.12\bin\java.dll
0x00007ffa825c0000 - 0x00007ffa82697000 	C:\Users\ASUS\.jdks\corretto-17.0.12\bin\jsvml.dll
0x00007ffada500000 - 0x00007ffadac45000 	C:\Windows\System32\SHELL32.dll
0x00007ffad7740000 - 0x00007ffad7ed2000 	C:\Windows\SYSTEM32\windows.storage.dll
0x00007ffadb150000 - 0x00007ffadb4a5000 	C:\Windows\System32\combase.dll
0x00007ffad90e0000 - 0x00007ffad9110000 	C:\Windows\SYSTEM32\Wldp.dll
0x00007ffadb850000 - 0x00007ffadb8fd000 	C:\Windows\System32\SHCORE.dll
0x00007ffadbef0000 - 0x00007ffadbf45000 	C:\Windows\System32\shlwapi.dll
0x00007ffad95c0000 - 0x00007ffad95df000 	C:\Windows\SYSTEM32\profapi.dll
0x00007ffaa4fa0000 - 0x00007ffaa4fb8000 	C:\Users\ASUS\.jdks\corretto-17.0.12\bin\zip.dll
0x00007ffaa4f80000 - 0x00007ffaa4f99000 	C:\Users\ASUS\.jdks\corretto-17.0.12\bin\net.dll
0x00007ffad1e20000 - 0x00007ffad1f2c000 	C:\Windows\SYSTEM32\WINHTTP.dll
0x00007ffad8e40000 - 0x00007ffad8eaa000 	C:\Windows\system32\mswsock.dll
0x00007ffaa4b10000 - 0x00007ffaa4b26000 	C:\Users\ASUS\.jdks\corretto-17.0.12\bin\nio.dll
0x00007ffaab5e0000 - 0x00007ffaab5f0000 	C:\Users\ASUS\.jdks\corretto-17.0.12\bin\verify.dll
0x00007ffaccda0000 - 0x00007ffaccdc7000 	C:\Users\ASUS\.gradle\native\c067742578af261105cb4f569cf0c3c89f3d7b1fecec35dd04571415982c5e48\windows-amd64\native-platform.dll
0x00007ffaa6e90000 - 0x00007ffaa6fd4000 	C:\Users\ASUS\.gradle\native\100fb08df4bc3b14c8652ba06237920a3bd2aa13389f12d3474272988ae205f9\windows-amd64\native-platform-file-events.dll
0x00007ffaa60a0000 - 0x00007ffaa60a9000 	C:\Users\ASUS\.jdks\corretto-17.0.12\bin\management.dll
0x00007ffaa5f80000 - 0x00007ffaa5f8b000 	C:\Users\ASUS\.jdks\corretto-17.0.12\bin\management_ext.dll
0x00007ffadb900000 - 0x00007ffadb908000 	C:\Windows\System32\PSAPI.DLL
0x00007ffad9030000 - 0x00007ffad9048000 	C:\Windows\SYSTEM32\CRYPTSP.dll
0x00007ffad8680000 - 0x00007ffad86b4000 	C:\Windows\system32\rsaenh.dll
0x00007ffad9bb0000 - 0x00007ffad9bd7000 	C:\Windows\System32\bcrypt.dll
0x00007ffad9580000 - 0x00007ffad95ae000 	C:\Windows\SYSTEM32\USERENV.dll
0x00007ffad9050000 - 0x00007ffad905c000 	C:\Windows\SYSTEM32\CRYPTBASE.dll
0x00007ffad8ae0000 - 0x00007ffad8b1b000 	C:\Windows\SYSTEM32\IPHLPAPI.DLL
0x00007ffadac50000 - 0x00007ffadac58000 	C:\Windows\System32\NSI.dll
0x00007ffad24a0000 - 0x00007ffad24b7000 	C:\Windows\SYSTEM32\dhcpcsvc6.DLL
0x00007ffad2910000 - 0x00007ffad292d000 	C:\Windows\SYSTEM32\dhcpcsvc.DLL
0x00007ffad8b30000 - 0x00007ffad8bfb000 	C:\Windows\SYSTEM32\DNSAPI.dll
0x00007ffaa4f70000 - 0x00007ffaa4f79000 	C:\Users\ASUS\.jdks\corretto-17.0.12\bin\extnet.dll
0x00007ffaa4b00000 - 0x00007ffaa4b0e000 	C:\Users\ASUS\.jdks\corretto-17.0.12\bin\sunmscapi.dll
0x00007ffad9de0000 - 0x00007ffad9f36000 	C:\Windows\System32\CRYPT32.dll
0x00007ffad9150000 - 0x00007ffad9177000 	C:\Windows\SYSTEM32\ncrypt.dll
0x00007ffad9110000 - 0x00007ffad914b000 	C:\Windows\SYSTEM32\NTASN1.dll
0x00007ffa82930000 - 0x00007ffa82937000 	C:\Windows\system32\wshunix.dll
0x00007ffad2490000 - 0x00007ffad249a000 	C:\Windows\System32\rasadhlp.dll
0x00007ffacf380000 - 0x00007ffacf400000 	C:\Windows\System32\fwpuclnt.dll
0x00007ffad8810000 - 0x00007ffad8843000 	C:\Windows\SYSTEM32\ntmarta.dll

dbghelp: loaded successfully - version: 4.0.5 - missing functions: none
symbol engine: initialized successfully - sym options: 0x614 - pdb path: .;C:\Users\ASUS\.jdks\corretto-17.0.12\bin;C:\Windows\SYSTEM32;C:\Windows\WinSxS\amd64_microsoft.windows.common-controls_6595b64144ccf1df_6.0.19041.1110_none_60b5254171f9507e;C:\Users\ASUS\.jdks\corretto-17.0.12\bin\server;C:\Users\ASUS\.gradle\native\c067742578af261105cb4f569cf0c3c89f3d7b1fecec35dd04571415982c5e48\windows-amd64;C:\Users\ASUS\.gradle\native\100fb08df4bc3b14c8652ba06237920a3bd2aa13389f12d3474272988ae205f9\windows-amd64

VM Arguments:
jvm_args: --add-opens=java.base/java.lang=ALL-UNNAMED --add-opens=java.base/java.lang.invoke=ALL-UNNAMED --add-opens=java.base/java.util=ALL-UNNAMED --add-opens=java.prefs/java.util.prefs=ALL-UNNAMED --add-exports=jdk.compiler/com.sun.tools.javac.api=ALL-UNNAMED --add-exports=jdk.compiler/com.sun.tools.javac.util=ALL-UNNAMED --add-opens=java.base/java.util=ALL-UNNAMED --add-opens=java.prefs/java.util.prefs=ALL-UNNAMED --add-opens=java.base/java.nio.charset=ALL-UNNAMED --add-opens=java.base/java.net=ALL-UNNAMED --add-opens=java.base/java.util.concurrent.atomic=ALL-UNNAMED --add-opens=java.xml/javax.xml.namespace=ALL-UNNAMED -XX:MaxMetaspaceSize=384m -XX:+HeapDumpOnOutOfMemoryError -Xms256m -Xmx512m -Dfile.encoding=windows-1252 -Duser.country=US -Duser.language=en -Duser.variant -javaagent:C:\Users\ASUS\.gradle\wrapper\dists\gradle-8.11.1-bin\bpt9gzteqjrbo1mjrsomdt32c\gradle-8.11.1\lib\agents\gradle-instrumentation-agent-8.11.1.jar 
java_command: org.gradle.launcher.daemon.bootstrap.GradleDaemon 8.11.1
java_class_path (initial): C:\Users\ASUS\.gradle\wrapper\dists\gradle-8.11.1-bin\bpt9gzteqjrbo1mjrsomdt32c\gradle-8.11.1\lib\gradle-daemon-main-8.11.1.jar
Launcher Type: SUN_STANDARD

[Global flags]
     intx CICompilerCount                          = 3                                         {product} {ergonomic}
   size_t CompressedClassSpaceSize                 = 335544320                                 {product} {ergonomic}
     uint ConcGCThreads                            = 1                                         {product} {ergonomic}
     uint G1ConcRefinementThreads                  = 4                                         {product} {ergonomic}
   size_t G1HeapRegionSize                         = 1048576                                   {product} {ergonomic}
    uintx GCDrainStackTargetSize                   = 64                                        {product} {ergonomic}
     bool HeapDumpOnOutOfMemoryError               = true                                   {manageable} {command line}
   size_t InitialHeapSize                          = 268435456                                 {product} {command line}
   size_t MarkStackSize                            = 4194304                                   {product} {ergonomic}
   size_t MaxHeapSize                              = 536870912                                 {product} {command line}
   size_t MaxMetaspaceSize                         = 402653184                                 {product} {command line}
   size_t MaxNewSize                               = 321912832                                 {product} {ergonomic}
   size_t MinHeapDeltaBytes                        = 1048576                                   {product} {ergonomic}
   size_t MinHeapSize                              = 268435456                                 {product} {command line}
    uintx NonNMethodCodeHeapSize                   = 5832780                                {pd product} {ergonomic}
    uintx NonProfiledCodeHeapSize                  = 122912730                              {pd product} {ergonomic}
    uintx ProfiledCodeHeapSize                     = 122912730                              {pd product} {ergonomic}
    uintx ReservedCodeCacheSize                    = 251658240                              {pd product} {ergonomic}
     bool SegmentedCodeCache                       = true                                      {product} {ergonomic}
   size_t SoftMaxHeapSize                          = 536870912                              {manageable} {ergonomic}
     bool UseCompressedClassPointers               = true                           {product lp64_product} {ergonomic}
     bool UseCompressedOops                        = true                           {product lp64_product} {ergonomic}
     bool UseG1GC                                  = true                                      {product} {ergonomic}
     bool UseLargePagesIndividualAllocation        = false                                  {pd product} {ergonomic}

Logging:
Log output configuration:
 #0: stdout all=warning uptime,level,tags
 #1: stderr all=off uptime,level,tags

Environment Variables:
PATH=C:\Windows\system32;C:\Windows;C:\Windows\System32\Wbem;C:\Windows\System32\WindowsPowerShell\v1.0\;C:\Windows\System32\OpenSSH\;C:\Program Files\Git\cmd;C:\Users\ASUS\AppData\Local\Microsoft\WindowsApps;;D:\WebStorm 2024.1.5\bin;
USERNAME=ASUS
OS=Windows_NT
PROCESSOR_IDENTIFIER=Intel64 Family 6 Model 158 Stepping 9, GenuineIntel
TMP=C:\Users\ASUS\AppData\Local\Temp
TEMP=C:\Users\ASUS\AppData\Local\Temp



Periodic native trim disabled


---------------  S Y S T E M  ---------------

OS:
 Windows 10 , 64 bit Build 19041 (10.0.19041.2546)
OS uptime: 3 days 7:27 hours

CPU: total 4 (initial active 4) (4 cores per cpu, 1 threads per core) family 6 model 158 stepping 9 microcode 0xb4, cx8, cmov, fxsr, mmx, 3dnowpref, sse, sse2, sse3, ssse3, sse4.1, sse4.2, popcnt, lzcnt, tsc, tscinvbit, avx, avx2, aes, erms, clmul, bmi1, bmi2, adx, fma, vzeroupper, clflush, clflushopt
Processor Information for all 4 processors :
  Max Mhz: 2501, Current Mhz: 2501, Mhz Limit: 2501

Memory: 4k page, system-wide physical 8076M (347M free)
TotalPageFile size 16542M (AvailPageFile size 3M)
current process WorkingSet (physical memory assigned to process): 431M, peak: 431M
current process commit charge ("private bytes"): 549M, peak: 557M

vm_info: OpenJDK 64-Bit Server VM (17.0.12+7-LTS) for windows-amd64 JRE (17.0.12+7-LTS), built on Jul 10 2024 20:46:33 by "Administrator" with MS VC++ 16.10 / 16.11 (VS2019)

END.
