#
# There is insufficient memory for the Java Runtime Environment to continue.
# Native memory allocation (malloc) failed to allocate 32744 bytes. Error detail: ChunkPool::allocate
# Possible reasons:
#   The system is out of physical RAM or swap space
#   This process is running with CompressedOops enabled, and the Java Heap may be blocking the growth of the native heap
# Possible solutions:
#   Reduce memory load on the system
#   Increase physical memory or swap space
#   Check if swap backing store is full
#   Decrease Java heap size (-Xmx/-Xms)
#   Decrease number of Java threads
#   Decrease Java thread stack sizes (-Xss)
#   Set larger code cache with -XX:ReservedCodeCacheSize=
#   JVM is running with Unscaled Compressed Oops mode in which the Java heap is
#     placed in the first 4GB address space. The Java Heap base address is the
#     maximum limit for the native heap growth. Please use -XX:HeapBaseMinAddress
#     to set the Java Heap base and to place the Java Heap above 4GB virtual address.
# This output file may be truncated or incomplete.
#
#  Out of Memory Error (arena.cpp:79), pid=14220, tid=11116
#
# JRE version: OpenJDK Runtime Environment Corretto-17.0.12.7.1 (17.0.12+7) (build 17.0.12+7-LTS)
# Java VM: OpenJDK 64-Bit Server VM Corretto-17.0.12.7.1 (17.0.12+7-LTS, mixed mode, sharing, tiered, compressed oops, compressed class ptrs, g1 gc, windows-amd64)
# No core dump will be written. Minidumps are not enabled by default on client versions of Windows
#

---------------  S U M M A R Y ------------

Command Line: --add-opens=java.base/java.lang=ALL-UNNAMED --add-opens=java.base/java.lang.invoke=ALL-UNNAMED --add-opens=java.base/java.util=ALL-UNNAMED --add-opens=java.prefs/java.util.prefs=ALL-UNNAMED --add-exports=jdk.compiler/com.sun.tools.javac.api=ALL-UNNAMED --add-exports=jdk.compiler/com.sun.tools.javac.util=ALL-UNNAMED --add-opens=java.base/java.util=ALL-UNNAMED --add-opens=java.prefs/java.util.prefs=ALL-UNNAMED --add-opens=java.base/java.nio.charset=ALL-UNNAMED --add-opens=java.base/java.net=ALL-UNNAMED --add-opens=java.base/java.util.concurrent.atomic=ALL-UNNAMED --add-opens=java.xml/javax.xml.namespace=ALL-UNNAMED -XX:MaxMetaspaceSize=384m -XX:+HeapDumpOnOutOfMemoryError -Xms256m -Xmx512m -Dfile.encoding=windows-1252 -Duser.country=US -Duser.language=en -Duser.variant -javaagent:C:\Users\ASUS\.gradle\wrapper\dists\gradle-8.11.1-bin\bpt9gzteqjrbo1mjrsomdt32c\gradle-8.11.1\lib\agents\gradle-instrumentation-agent-8.11.1.jar org.gradle.launcher.daemon.bootstrap.GradleDaemon 8.11.1

Host: Intel(R) Core(TM) i5-7300HQ CPU @ 2.50GHz, 4 cores, 7G,  Windows 10 , 64 bit Build 19041 (10.0.19041.2546)
Time: Fri Jan 17 15:48:02 2025 SE Asia Standard Time elapsed time: 3.126528 seconds (0d 0h 0m 3s)

---------------  T H R E A D  ---------------

Current thread (0x000001fd67dad890):  JavaThread "C1 CompilerThread0" daemon [_thread_in_native, id=11116, stack(0x0000009dfbb00000,0x0000009dfbc00000)]


Current CompileTask:
C1:   3126 2500       3       java.util.Spliterator::getExactSizeIfKnown (25 bytes)

Stack: [0x0000009dfbb00000,0x0000009dfbc00000]
Native frames: (J=compiled Java code, j=interpreted, Vv=VM code, C=native code)
V  [jvm.dll+0x67f4f9]
V  [jvm.dll+0x836eaa]
V  [jvm.dll+0x83896e]
V  [jvm.dll+0x838fd3]
V  [jvm.dll+0x247f6f]
V  [jvm.dll+0xacbd1]
V  [jvm.dll+0xad01c]
V  [jvm.dll+0xb861d]
V  [jvm.dll+0x161abd]
V  [jvm.dll+0x15fd8e]
V  [jvm.dll+0x14df10]
V  [jvm.dll+0x136a47]
V  [jvm.dll+0x1363df]
V  [jvm.dll+0x136616]
V  [jvm.dll+0x135aaa]
V  [jvm.dll+0x137761]
V  [jvm.dll+0x22966d]
V  [jvm.dll+0x22781c]
V  [jvm.dll+0x7ebec7]
V  [jvm.dll+0x7e62ac]
V  [jvm.dll+0x67e3c7]
C  [ucrtbase.dll+0x21bb2]
C  [KERNEL32.DLL+0x17614]
C  [ntdll.dll+0x526a1]


---------------  P R O C E S S  ---------------

Threads class SMR info:
_java_thread_list=0x000001fd7fac5ef0, length=27, elements={
0x000001fd4da75870, 0x000001fd67d88470, 0x000001fd67d896e0, 0x000001fd67da3be0,
0x000001fd67da44b0, 0x000001fd67da5520, 0x000001fd67da6590, 0x000001fd67da88e0,
0x000001fd67dad890, 0x000001fd67ddfdb0, 0x000001fd67deea10, 0x000001fd7d212240,
0x000001fd7d254420, 0x000001fd7e3984e0, 0x000001fd7de94410, 0x000001fd7ded94c0,
0x000001fd7ec5d6d0, 0x000001fd7ed05950, 0x000001fd7deb57b0, 0x000001fd7deb5cc0,
0x000001fd7deb2510, 0x000001fd7deb2a20, 0x000001fd7deb2f30, 0x000001fd7deb3440,
0x000001fd7deb4d90, 0x000001fd7deb3e60, 0x000001fd7deb3950
}

Java Threads: ( => current thread )
  0x000001fd4da75870 JavaThread "main" [_thread_blocked, id=10116, stack(0x0000009dfad00000,0x0000009dfae00000)]
  0x000001fd67d88470 JavaThread "Reference Handler" daemon [_thread_blocked, id=13268, stack(0x0000009dfb400000,0x0000009dfb500000)]
  0x000001fd67d896e0 JavaThread "Finalizer" daemon [_thread_blocked, id=13288, stack(0x0000009dfb500000,0x0000009dfb600000)]
  0x000001fd67da3be0 JavaThread "Signal Dispatcher" daemon [_thread_blocked, id=4312, stack(0x0000009dfb600000,0x0000009dfb700000)]
  0x000001fd67da44b0 JavaThread "Attach Listener" daemon [_thread_blocked, id=14972, stack(0x0000009dfb700000,0x0000009dfb800000)]
  0x000001fd67da5520 JavaThread "Service Thread" daemon [_thread_blocked, id=9972, stack(0x0000009dfb800000,0x0000009dfb900000)]
  0x000001fd67da6590 JavaThread "Monitor Deflation Thread" daemon [_thread_blocked, id=12496, stack(0x0000009dfb900000,0x0000009dfba00000)]
  0x000001fd67da88e0 JavaThread "C2 CompilerThread0" daemon [_thread_in_native, id=14264, stack(0x0000009dfba00000,0x0000009dfbb00000)]
=>0x000001fd67dad890 JavaThread "C1 CompilerThread0" daemon [_thread_in_native, id=11116, stack(0x0000009dfbb00000,0x0000009dfbc00000)]
  0x000001fd67ddfdb0 JavaThread "Sweeper thread" daemon [_thread_blocked, id=1292, stack(0x0000009dfbc00000,0x0000009dfbd00000)]
  0x000001fd67deea10 JavaThread "Common-Cleaner" daemon [_thread_blocked, id=12568, stack(0x0000009dfbd00000,0x0000009dfbe00000)]
  0x000001fd7d212240 JavaThread "Notification Thread" daemon [_thread_blocked, id=11320, stack(0x0000009dfbe00000,0x0000009dfbf00000)]
  0x000001fd7d254420 JavaThread "C2 CompilerThread1" daemon [_thread_in_native, id=5584, stack(0x0000009dfc000000,0x0000009dfc100000)]
  0x000001fd7e3984e0 JavaThread "Daemon health stats" [_thread_blocked, id=8436, stack(0x0000009dfc400000,0x0000009dfc500000)]
  0x000001fd7de94410 JavaThread "Incoming local TCP Connector on port 61491" [_thread_in_native, id=8924, stack(0x0000009dfc500000,0x0000009dfc600000)]
  0x000001fd7ded94c0 JavaThread "Daemon periodic checks" [_thread_blocked, id=12268, stack(0x0000009dfc600000,0x0000009dfc700000)]
  0x000001fd7ec5d6d0 JavaThread "Daemon" [_thread_blocked, id=4304, stack(0x0000009dfc700000,0x0000009dfc800000)]
  0x000001fd7ed05950 JavaThread "Handler for socket connection from /127.0.0.1:61491 to /127.0.0.1:61492" [_thread_in_native, id=11444, stack(0x0000009dfc800000,0x0000009dfc900000)]
  0x000001fd7deb57b0 JavaThread "Cancel handler" [_thread_blocked, id=13488, stack(0x0000009dfc900000,0x0000009dfca00000)]
  0x000001fd7deb5cc0 JavaThread "Daemon worker" [_thread_in_vm, id=11436, stack(0x0000009dfca00000,0x0000009dfcb00000)]
  0x000001fd7deb2510 JavaThread "Asynchronous log dispatcher for DefaultDaemonConnection: socket connection from /127.0.0.1:61491 to /127.0.0.1:61492" [_thread_blocked, id=12112, stack(0x0000009dfcb00000,0x0000009dfcc00000)]
  0x000001fd7deb2a20 JavaThread "Stdin handler" [_thread_blocked, id=11832, stack(0x0000009dfcc00000,0x0000009dfcd00000)]
  0x000001fd7deb2f30 JavaThread "Daemon client event forwarder" [_thread_blocked, id=9032, stack(0x0000009dfcd00000,0x0000009dfce00000)]
  0x000001fd7deb3440 JavaThread "Cache worker for journal cache (C:\Users\ASUS\.gradle\caches\journal-1)" [_thread_blocked, id=15052, stack(0x0000009dfce00000,0x0000009dfcf00000)]
  0x000001fd7deb4d90 JavaThread "File lock request listener" [_thread_in_native, id=4664, stack(0x0000009dfcf00000,0x0000009dfd000000)]
  0x000001fd7deb3e60 JavaThread "Cache worker for file hash cache (C:\Users\ASUS\.gradle\caches\8.11.1\fileHashes)" [_thread_blocked, id=5996, stack(0x0000009dfd000000,0x0000009dfd100000)]
  0x000001fd7deb3950 JavaThread "Cache worker for file content cache (C:\Users\ASUS\.gradle\caches\8.11.1\fileContent)" [_thread_blocked, id=8928, stack(0x0000009dfd100000,0x0000009dfd200000)]

Other Threads:
  0x000001fd67d812f0 VMThread "VM Thread" [stack: 0x0000009dfb300000,0x0000009dfb400000] [id=10540]
  0x000001fd4da76380 WatcherThread [stack: 0x0000009dfbf00000,0x0000009dfc000000] [id=12436]
  0x000001fd4daa1e70 GCTaskThread "GC Thread#0" [stack: 0x0000009dfae00000,0x0000009dfaf00000] [id=2444]
  0x000001fd7d275500 GCTaskThread "GC Thread#1" [stack: 0x0000009dfc100000,0x0000009dfc200000] [id=15076]
  0x000001fd7d314480 GCTaskThread "GC Thread#2" [stack: 0x0000009dfc200000,0x0000009dfc300000] [id=12168]
  0x000001fd7d2d1810 GCTaskThread "GC Thread#3" [stack: 0x0000009dfc300000,0x0000009dfc400000] [id=15308]
  0x000001fd4daa6b70 ConcurrentGCThread "G1 Main Marker" [stack: 0x0000009dfaf00000,0x0000009dfb000000] [id=9836]
  0x000001fd4daa7ae0 ConcurrentGCThread "G1 Conc#0" [stack: 0x0000009dfb000000,0x0000009dfb100000] [id=9620]
  0x000001fd4db3dae0 ConcurrentGCThread "G1 Refine#0" [stack: 0x0000009dfb100000,0x0000009dfb200000] [id=12272]
  0x000001fd4db3e2c0 ConcurrentGCThread "G1 Service" [stack: 0x0000009dfb200000,0x0000009dfb300000] [id=1512]

Threads with active compile tasks:
C2 CompilerThread0     3149 2363   !   4       java.net.URLClassLoader::findClass (47 bytes)
C1 CompilerThread0     3149 2500       3       java.util.Spliterator::getExactSizeIfKnown (25 bytes)
C2 CompilerThread1     3149 2320   !   4       java.lang.ClassLoader::loadClass (121 bytes)

VM state: not at safepoint (normal execution)

VM Mutex/Monitor currently owned by a thread: None

Heap address: 0x00000000e0000000, size: 512 MB, Compressed Oops mode: 32-bit

CDS archive(s) mapped at: [0x000001fd68000000-0x000001fd68bb0000-0x000001fd68bb0000), size 12255232, SharedBaseAddress: 0x000001fd68000000, ArchiveRelocationMode: 1.
Compressed class space mapped at: 0x000001fd69000000-0x000001fd7d000000, reserved size: 335544320
Narrow klass base: 0x000001fd68000000, Narrow klass shift: 0, Narrow klass range: 0x100000000

GC Precious Log:
 CPUs: 4 total, 4 available
 Memory: 8076M
 Large Page Support: Disabled
 NUMA Support: Disabled
 Compressed Oops: Enabled (32-bit)
 Heap Region Size: 1M
 Heap Min Capacity: 256M
 Heap Initial Capacity: 256M
 Heap Max Capacity: 512M
 Pre-touch: Disabled
 Parallel Workers: 4
 Concurrent Workers: 1
 Concurrent Refinement Workers: 4
 Periodic GC: Disabled

Heap:
 garbage-first heap   total 262144K, used 25801K [0x00000000e0000000, 0x0000000100000000)
  region size 1024K, 19 young (19456K), 14 survivors (14336K)
 Metaspace       used 19026K, committed 19328K, reserved 393216K
  class space    used 2768K, committed 2880K, reserved 327680K

Heap Regions: E=young(eden), S=young(survivor), O=old, HS=humongous(starts), HC=humongous(continues), CS=collection set, F=free, OA=open archive, CA=closed archive, TAMS=top-at-mark-start (previous, next)
|   0|0x00000000e0000000, 0x00000000e0100000, 0x00000000e0100000|100%|HS|  |TAMS 0x00000000e0000000, 0x00000000e0000000| Complete 
|   1|0x00000000e0100000, 0x00000000e0200000, 0x00000000e0200000|100%|HC|  |TAMS 0x00000000e0100000, 0x00000000e0100000| Complete 
|   2|0x00000000e0200000, 0x00000000e0300000, 0x00000000e0300000|100%|HC|  |TAMS 0x00000000e0200000, 0x00000000e0200000| Complete 
|   3|0x00000000e0300000, 0x00000000e0400000, 0x00000000e0400000|100%| O|  |TAMS 0x00000000e0300000, 0x00000000e0300000| Untracked 
|   4|0x00000000e0400000, 0x00000000e0500000, 0x00000000e0500000|100%| O|  |TAMS 0x00000000e0400000, 0x00000000e0400000| Untracked 
|   5|0x00000000e0500000, 0x00000000e0600000, 0x00000000e0600000|100%| O|  |TAMS 0x00000000e0500000, 0x00000000e0500000| Untracked 
|   6|0x00000000e0600000, 0x00000000e0632400, 0x00000000e0700000| 19%| O|  |TAMS 0x00000000e0600000, 0x00000000e0600000| Untracked 
|   7|0x00000000e0700000, 0x00000000e0800000, 0x00000000e0800000|100%|HS|  |TAMS 0x00000000e0700000, 0x00000000e0700000| Complete 
|   8|0x00000000e0800000, 0x00000000e0800000, 0x00000000e0900000|  0%| F|  |TAMS 0x00000000e0800000, 0x00000000e0800000| Untracked 
|   9|0x00000000e0900000, 0x00000000e0900000, 0x00000000e0a00000|  0%| F|  |TAMS 0x00000000e0900000, 0x00000000e0900000| Untracked 
|  10|0x00000000e0a00000, 0x00000000e0a00000, 0x00000000e0b00000|  0%| F|  |TAMS 0x00000000e0a00000, 0x00000000e0a00000| Untracked 
|  11|0x00000000e0b00000, 0x00000000e0b00000, 0x00000000e0c00000|  0%| F|  |TAMS 0x00000000e0b00000, 0x00000000e0b00000| Untracked 
|  12|0x00000000e0c00000, 0x00000000e0c00000, 0x00000000e0d00000|  0%| F|  |TAMS 0x00000000e0c00000, 0x00000000e0c00000| Untracked 
|  13|0x00000000e0d00000, 0x00000000e0d00000, 0x00000000e0e00000|  0%| F|  |TAMS 0x00000000e0d00000, 0x00000000e0d00000| Untracked 
|  14|0x00000000e0e00000, 0x00000000e0e00000, 0x00000000e0f00000|  0%| F|  |TAMS 0x00000000e0e00000, 0x00000000e0e00000| Untracked 
|  15|0x00000000e0f00000, 0x00000000e0f00000, 0x00000000e1000000|  0%| F|  |TAMS 0x00000000e0f00000, 0x00000000e0f00000| Untracked 
|  16|0x00000000e1000000, 0x00000000e1000000, 0x00000000e1100000|  0%| F|  |TAMS 0x00000000e1000000, 0x00000000e1000000| Untracked 
|  17|0x00000000e1100000, 0x00000000e1100000, 0x00000000e1200000|  0%| F|  |TAMS 0x00000000e1100000, 0x00000000e1100000| Untracked 
|  18|0x00000000e1200000, 0x00000000e1200000, 0x00000000e1300000|  0%| F|  |TAMS 0x00000000e1200000, 0x00000000e1200000| Untracked 
|  19|0x00000000e1300000, 0x00000000e1300000, 0x00000000e1400000|  0%| F|  |TAMS 0x00000000e1300000, 0x00000000e1300000| Untracked 
|  20|0x00000000e1400000, 0x00000000e1400000, 0x00000000e1500000|  0%| F|  |TAMS 0x00000000e1400000, 0x00000000e1400000| Untracked 
|  21|0x00000000e1500000, 0x00000000e1500000, 0x00000000e1600000|  0%| F|  |TAMS 0x00000000e1500000, 0x00000000e1500000| Untracked 
|  22|0x00000000e1600000, 0x00000000e1600000, 0x00000000e1700000|  0%| F|  |TAMS 0x00000000e1600000, 0x00000000e1600000| Untracked 
|  23|0x00000000e1700000, 0x00000000e1700000, 0x00000000e1800000|  0%| F|  |TAMS 0x00000000e1700000, 0x00000000e1700000| Untracked 
|  24|0x00000000e1800000, 0x00000000e1800000, 0x00000000e1900000|  0%| F|  |TAMS 0x00000000e1800000, 0x00000000e1800000| Untracked 
|  25|0x00000000e1900000, 0x00000000e1900000, 0x00000000e1a00000|  0%| F|  |TAMS 0x00000000e1900000, 0x00000000e1900000| Untracked 
|  26|0x00000000e1a00000, 0x00000000e1a00000, 0x00000000e1b00000|  0%| F|  |TAMS 0x00000000e1a00000, 0x00000000e1a00000| Untracked 
|  27|0x00000000e1b00000, 0x00000000e1b00000, 0x00000000e1c00000|  0%| F|  |TAMS 0x00000000e1b00000, 0x00000000e1b00000| Untracked 
|  28|0x00000000e1c00000, 0x00000000e1c00000, 0x00000000e1d00000|  0%| F|  |TAMS 0x00000000e1c00000, 0x00000000e1c00000| Untracked 
|  29|0x00000000e1d00000, 0x00000000e1d00000, 0x00000000e1e00000|  0%| F|  |TAMS 0x00000000e1d00000, 0x00000000e1d00000| Untracked 
|  30|0x00000000e1e00000, 0x00000000e1e00000, 0x00000000e1f00000|  0%| F|  |TAMS 0x00000000e1e00000, 0x00000000e1e00000| Untracked 
|  31|0x00000000e1f00000, 0x00000000e1f00000, 0x00000000e2000000|  0%| F|  |TAMS 0x00000000e1f00000, 0x00000000e1f00000| Untracked 
|  32|0x00000000e2000000, 0x00000000e2000000, 0x00000000e2100000|  0%| F|  |TAMS 0x00000000e2000000, 0x00000000e2000000| Untracked 
|  33|0x00000000e2100000, 0x00000000e2100000, 0x00000000e2200000|  0%| F|  |TAMS 0x00000000e2100000, 0x00000000e2100000| Untracked 
|  34|0x00000000e2200000, 0x00000000e2200000, 0x00000000e2300000|  0%| F|  |TAMS 0x00000000e2200000, 0x00000000e2200000| Untracked 
|  35|0x00000000e2300000, 0x00000000e2300000, 0x00000000e2400000|  0%| F|  |TAMS 0x00000000e2300000, 0x00000000e2300000| Untracked 
|  36|0x00000000e2400000, 0x00000000e2400000, 0x00000000e2500000|  0%| F|  |TAMS 0x00000000e2400000, 0x00000000e2400000| Untracked 
|  37|0x00000000e2500000, 0x00000000e2500000, 0x00000000e2600000|  0%| F|  |TAMS 0x00000000e2500000, 0x00000000e2500000| Untracked 
|  38|0x00000000e2600000, 0x00000000e2600000, 0x00000000e2700000|  0%| F|  |TAMS 0x00000000e2600000, 0x00000000e2600000| Untracked 
|  39|0x00000000e2700000, 0x00000000e2700000, 0x00000000e2800000|  0%| F|  |TAMS 0x00000000e2700000, 0x00000000e2700000| Untracked 
|  40|0x00000000e2800000, 0x00000000e2800000, 0x00000000e2900000|  0%| F|  |TAMS 0x00000000e2800000, 0x00000000e2800000| Untracked 
|  41|0x00000000e2900000, 0x00000000e2900000, 0x00000000e2a00000|  0%| F|  |TAMS 0x00000000e2900000, 0x00000000e2900000| Untracked 
|  42|0x00000000e2a00000, 0x00000000e2a00000, 0x00000000e2b00000|  0%| F|  |TAMS 0x00000000e2a00000, 0x00000000e2a00000| Untracked 
|  43|0x00000000e2b00000, 0x00000000e2b00000, 0x00000000e2c00000|  0%| F|  |TAMS 0x00000000e2b00000, 0x00000000e2b00000| Untracked 
|  44|0x00000000e2c00000, 0x00000000e2c00000, 0x00000000e2d00000|  0%| F|  |TAMS 0x00000000e2c00000, 0x00000000e2c00000| Untracked 
|  45|0x00000000e2d00000, 0x00000000e2d00000, 0x00000000e2e00000|  0%| F|  |TAMS 0x00000000e2d00000, 0x00000000e2d00000| Untracked 
|  46|0x00000000e2e00000, 0x00000000e2e00000, 0x00000000e2f00000|  0%| F|  |TAMS 0x00000000e2e00000, 0x00000000e2e00000| Untracked 
|  47|0x00000000e2f00000, 0x00000000e2f00000, 0x00000000e3000000|  0%| F|  |TAMS 0x00000000e2f00000, 0x00000000e2f00000| Untracked 
|  48|0x00000000e3000000, 0x00000000e3000000, 0x00000000e3100000|  0%| F|  |TAMS 0x00000000e3000000, 0x00000000e3000000| Untracked 
|  49|0x00000000e3100000, 0x00000000e3100000, 0x00000000e3200000|  0%| F|  |TAMS 0x00000000e3100000, 0x00000000e3100000| Untracked 
|  50|0x00000000e3200000, 0x00000000e3200000, 0x00000000e3300000|  0%| F|  |TAMS 0x00000000e3200000, 0x00000000e3200000| Untracked 
|  51|0x00000000e3300000, 0x00000000e3300000, 0x00000000e3400000|  0%| F|  |TAMS 0x00000000e3300000, 0x00000000e3300000| Untracked 
|  52|0x00000000e3400000, 0x00000000e3400000, 0x00000000e3500000|  0%| F|  |TAMS 0x00000000e3400000, 0x00000000e3400000| Untracked 
|  53|0x00000000e3500000, 0x00000000e3500000, 0x00000000e3600000|  0%| F|  |TAMS 0x00000000e3500000, 0x00000000e3500000| Untracked 
|  54|0x00000000e3600000, 0x00000000e3600000, 0x00000000e3700000|  0%| F|  |TAMS 0x00000000e3600000, 0x00000000e3600000| Untracked 
|  55|0x00000000e3700000, 0x00000000e3700000, 0x00000000e3800000|  0%| F|  |TAMS 0x00000000e3700000, 0x00000000e3700000| Untracked 
|  56|0x00000000e3800000, 0x00000000e3800000, 0x00000000e3900000|  0%| F|  |TAMS 0x00000000e3800000, 0x00000000e3800000| Untracked 
|  57|0x00000000e3900000, 0x00000000e3900000, 0x00000000e3a00000|  0%| F|  |TAMS 0x00000000e3900000, 0x00000000e3900000| Untracked 
|  58|0x00000000e3a00000, 0x00000000e3a00000, 0x00000000e3b00000|  0%| F|  |TAMS 0x00000000e3a00000, 0x00000000e3a00000| Untracked 
|  59|0x00000000e3b00000, 0x00000000e3b00000, 0x00000000e3c00000|  0%| F|  |TAMS 0x00000000e3b00000, 0x00000000e3b00000| Untracked 
|  60|0x00000000e3c00000, 0x00000000e3c00000, 0x00000000e3d00000|  0%| F|  |TAMS 0x00000000e3c00000, 0x00000000e3c00000| Untracked 
|  61|0x00000000e3d00000, 0x00000000e3d00000, 0x00000000e3e00000|  0%| F|  |TAMS 0x00000000e3d00000, 0x00000000e3d00000| Untracked 
|  62|0x00000000e3e00000, 0x00000000e3e00000, 0x00000000e3f00000|  0%| F|  |TAMS 0x00000000e3e00000, 0x00000000e3e00000| Untracked 
|  63|0x00000000e3f00000, 0x00000000e3f00000, 0x00000000e4000000|  0%| F|  |TAMS 0x00000000e3f00000, 0x00000000e3f00000| Untracked 
|  64|0x00000000e4000000, 0x00000000e4000000, 0x00000000e4100000|  0%| F|  |TAMS 0x00000000e4000000, 0x00000000e4000000| Untracked 
|  65|0x00000000e4100000, 0x00000000e4100000, 0x00000000e4200000|  0%| F|  |TAMS 0x00000000e4100000, 0x00000000e4100000| Untracked 
|  66|0x00000000e4200000, 0x00000000e4200000, 0x00000000e4300000|  0%| F|  |TAMS 0x00000000e4200000, 0x00000000e4200000| Untracked 
|  67|0x00000000e4300000, 0x00000000e4300000, 0x00000000e4400000|  0%| F|  |TAMS 0x00000000e4300000, 0x00000000e4300000| Untracked 
|  68|0x00000000e4400000, 0x00000000e4400000, 0x00000000e4500000|  0%| F|  |TAMS 0x00000000e4400000, 0x00000000e4400000| Untracked 
|  69|0x00000000e4500000, 0x00000000e4500000, 0x00000000e4600000|  0%| F|  |TAMS 0x00000000e4500000, 0x00000000e4500000| Untracked 
|  70|0x00000000e4600000, 0x00000000e4600000, 0x00000000e4700000|  0%| F|  |TAMS 0x00000000e4600000, 0x00000000e4600000| Untracked 
|  71|0x00000000e4700000, 0x00000000e4700000, 0x00000000e4800000|  0%| F|  |TAMS 0x00000000e4700000, 0x00000000e4700000| Untracked 
|  72|0x00000000e4800000, 0x00000000e4800000, 0x00000000e4900000|  0%| F|  |TAMS 0x00000000e4800000, 0x00000000e4800000| Untracked 
|  73|0x00000000e4900000, 0x00000000e4900000, 0x00000000e4a00000|  0%| F|  |TAMS 0x00000000e4900000, 0x00000000e4900000| Untracked 
|  74|0x00000000e4a00000, 0x00000000e4a00000, 0x00000000e4b00000|  0%| F|  |TAMS 0x00000000e4a00000, 0x00000000e4a00000| Untracked 
|  75|0x00000000e4b00000, 0x00000000e4b00000, 0x00000000e4c00000|  0%| F|  |TAMS 0x00000000e4b00000, 0x00000000e4b00000| Untracked 
|  76|0x00000000e4c00000, 0x00000000e4c00000, 0x00000000e4d00000|  0%| F|  |TAMS 0x00000000e4c00000, 0x00000000e4c00000| Untracked 
|  77|0x00000000e4d00000, 0x00000000e4d00000, 0x00000000e4e00000|  0%| F|  |TAMS 0x00000000e4d00000, 0x00000000e4d00000| Untracked 
|  78|0x00000000e4e00000, 0x00000000e4e00000, 0x00000000e4f00000|  0%| F|  |TAMS 0x00000000e4e00000, 0x00000000e4e00000| Untracked 
|  79|0x00000000e4f00000, 0x00000000e4f00000, 0x00000000e5000000|  0%| F|  |TAMS 0x00000000e4f00000, 0x00000000e4f00000| Untracked 
|  80|0x00000000e5000000, 0x00000000e5000000, 0x00000000e5100000|  0%| F|  |TAMS 0x00000000e5000000, 0x00000000e5000000| Untracked 
|  81|0x00000000e5100000, 0x00000000e5100000, 0x00000000e5200000|  0%| F|  |TAMS 0x00000000e5100000, 0x00000000e5100000| Untracked 
|  82|0x00000000e5200000, 0x00000000e5200000, 0x00000000e5300000|  0%| F|  |TAMS 0x00000000e5200000, 0x00000000e5200000| Untracked 
|  83|0x00000000e5300000, 0x00000000e5300000, 0x00000000e5400000|  0%| F|  |TAMS 0x00000000e5300000, 0x00000000e5300000| Untracked 
|  84|0x00000000e5400000, 0x00000000e5400000, 0x00000000e5500000|  0%| F|  |TAMS 0x00000000e5400000, 0x00000000e5400000| Untracked 
|  85|0x00000000e5500000, 0x00000000e5500000, 0x00000000e5600000|  0%| F|  |TAMS 0x00000000e5500000, 0x00000000e5500000| Untracked 
|  86|0x00000000e5600000, 0x00000000e5600000, 0x00000000e5700000|  0%| F|  |TAMS 0x00000000e5600000, 0x00000000e5600000| Untracked 
|  87|0x00000000e5700000, 0x00000000e5700000, 0x00000000e5800000|  0%| F|  |TAMS 0x00000000e5700000, 0x00000000e5700000| Untracked 
|  88|0x00000000e5800000, 0x00000000e5800000, 0x00000000e5900000|  0%| F|  |TAMS 0x00000000e5800000, 0x00000000e5800000| Untracked 
|  89|0x00000000e5900000, 0x00000000e5a00000, 0x00000000e5a00000|100%| S|CS|TAMS 0x00000000e5900000, 0x00000000e5900000| Complete 
|  90|0x00000000e5a00000, 0x00000000e5b00000, 0x00000000e5b00000|100%| S|CS|TAMS 0x00000000e5a00000, 0x00000000e5a00000| Complete 
|  91|0x00000000e5b00000, 0x00000000e5c00000, 0x00000000e5c00000|100%| S|CS|TAMS 0x00000000e5b00000, 0x00000000e5b00000| Complete 
|  92|0x00000000e5c00000, 0x00000000e5d00000, 0x00000000e5d00000|100%| S|CS|TAMS 0x00000000e5c00000, 0x00000000e5c00000| Complete 
|  93|0x00000000e5d00000, 0x00000000e5e00000, 0x00000000e5e00000|100%| S|CS|TAMS 0x00000000e5d00000, 0x00000000e5d00000| Complete 
|  94|0x00000000e5e00000, 0x00000000e5f00000, 0x00000000e5f00000|100%| S|CS|TAMS 0x00000000e5e00000, 0x00000000e5e00000| Complete 
|  95|0x00000000e5f00000, 0x00000000e6000000, 0x00000000e6000000|100%| S|CS|TAMS 0x00000000e5f00000, 0x00000000e5f00000| Complete 
|  96|0x00000000e6000000, 0x00000000e6100000, 0x00000000e6100000|100%| S|CS|TAMS 0x00000000e6000000, 0x00000000e6000000| Complete 
|  97|0x00000000e6100000, 0x00000000e6200000, 0x00000000e6200000|100%| S|CS|TAMS 0x00000000e6100000, 0x00000000e6100000| Complete 
|  98|0x00000000e6200000, 0x00000000e6300000, 0x00000000e6300000|100%| S|CS|TAMS 0x00000000e6200000, 0x00000000e6200000| Complete 
|  99|0x00000000e6300000, 0x00000000e6400000, 0x00000000e6400000|100%| S|CS|TAMS 0x00000000e6300000, 0x00000000e6300000| Complete 
| 100|0x00000000e6400000, 0x00000000e6500000, 0x00000000e6500000|100%| S|CS|TAMS 0x00000000e6400000, 0x00000000e6400000| Complete 
| 101|0x00000000e6500000, 0x00000000e6600000, 0x00000000e6600000|100%| S|CS|TAMS 0x00000000e6500000, 0x00000000e6500000| Complete 
| 102|0x00000000e6600000, 0x00000000e6700000, 0x00000000e6700000|100%| S|CS|TAMS 0x00000000e6600000, 0x00000000e6600000| Complete 
| 103|0x00000000e6700000, 0x00000000e6700000, 0x00000000e6800000|  0%| F|  |TAMS 0x00000000e6700000, 0x00000000e6700000| Untracked 
| 104|0x00000000e6800000, 0x00000000e6800000, 0x00000000e6900000|  0%| F|  |TAMS 0x00000000e6800000, 0x00000000e6800000| Untracked 
| 105|0x00000000e6900000, 0x00000000e6900000, 0x00000000e6a00000|  0%| F|  |TAMS 0x00000000e6900000, 0x00000000e6900000| Untracked 
| 106|0x00000000e6a00000, 0x00000000e6a00000, 0x00000000e6b00000|  0%| F|  |TAMS 0x00000000e6a00000, 0x00000000e6a00000| Untracked 
| 107|0x00000000e6b00000, 0x00000000e6b00000, 0x00000000e6c00000|  0%| F|  |TAMS 0x00000000e6b00000, 0x00000000e6b00000| Untracked 
| 108|0x00000000e6c00000, 0x00000000e6c00000, 0x00000000e6d00000|  0%| F|  |TAMS 0x00000000e6c00000, 0x00000000e6c00000| Untracked 
| 109|0x00000000e6d00000, 0x00000000e6d00000, 0x00000000e6e00000|  0%| F|  |TAMS 0x00000000e6d00000, 0x00000000e6d00000| Untracked 
| 110|0x00000000e6e00000, 0x00000000e6e00000, 0x00000000e6f00000|  0%| F|  |TAMS 0x00000000e6e00000, 0x00000000e6e00000| Untracked 
| 111|0x00000000e6f00000, 0x00000000e6f00000, 0x00000000e7000000|  0%| F|  |TAMS 0x00000000e6f00000, 0x00000000e6f00000| Untracked 
| 112|0x00000000e7000000, 0x00000000e7000000, 0x00000000e7100000|  0%| F|  |TAMS 0x00000000e7000000, 0x00000000e7000000| Untracked 
| 113|0x00000000e7100000, 0x00000000e7100000, 0x00000000e7200000|  0%| F|  |TAMS 0x00000000e7100000, 0x00000000e7100000| Untracked 
| 114|0x00000000e7200000, 0x00000000e7200000, 0x00000000e7300000|  0%| F|  |TAMS 0x00000000e7200000, 0x00000000e7200000| Untracked 
| 115|0x00000000e7300000, 0x00000000e7300000, 0x00000000e7400000|  0%| F|  |TAMS 0x00000000e7300000, 0x00000000e7300000| Untracked 
| 116|0x00000000e7400000, 0x00000000e7400000, 0x00000000e7500000|  0%| F|  |TAMS 0x00000000e7400000, 0x00000000e7400000| Untracked 
| 117|0x00000000e7500000, 0x00000000e7500000, 0x00000000e7600000|  0%| F|  |TAMS 0x00000000e7500000, 0x00000000e7500000| Untracked 
| 118|0x00000000e7600000, 0x00000000e7600000, 0x00000000e7700000|  0%| F|  |TAMS 0x00000000e7600000, 0x00000000e7600000| Untracked 
| 119|0x00000000e7700000, 0x00000000e7700000, 0x00000000e7800000|  0%| F|  |TAMS 0x00000000e7700000, 0x00000000e7700000| Untracked 
| 120|0x00000000e7800000, 0x00000000e7800000, 0x00000000e7900000|  0%| F|  |TAMS 0x00000000e7800000, 0x00000000e7800000| Untracked 
| 121|0x00000000e7900000, 0x00000000e7900000, 0x00000000e7a00000|  0%| F|  |TAMS 0x00000000e7900000, 0x00000000e7900000| Untracked 
| 122|0x00000000e7a00000, 0x00000000e7a00000, 0x00000000e7b00000|  0%| F|  |TAMS 0x00000000e7a00000, 0x00000000e7a00000| Untracked 
| 123|0x00000000e7b00000, 0x00000000e7b00000, 0x00000000e7c00000|  0%| F|  |TAMS 0x00000000e7b00000, 0x00000000e7b00000| Untracked 
| 124|0x00000000e7c00000, 0x00000000e7c00000, 0x00000000e7d00000|  0%| F|  |TAMS 0x00000000e7c00000, 0x00000000e7c00000| Untracked 
| 125|0x00000000e7d00000, 0x00000000e7d00000, 0x00000000e7e00000|  0%| F|  |TAMS 0x00000000e7d00000, 0x00000000e7d00000| Untracked 
| 126|0x00000000e7e00000, 0x00000000e7e00000, 0x00000000e7f00000|  0%| F|  |TAMS 0x00000000e7e00000, 0x00000000e7e00000| Untracked 
| 127|0x00000000e7f00000, 0x00000000e7f00000, 0x00000000e8000000|  0%| F|  |TAMS 0x00000000e7f00000, 0x00000000e7f00000| Untracked 
| 128|0x00000000e8000000, 0x00000000e8000000, 0x00000000e8100000|  0%| F|  |TAMS 0x00000000e8000000, 0x00000000e8000000| Untracked 
| 129|0x00000000e8100000, 0x00000000e8100000, 0x00000000e8200000|  0%| F|  |TAMS 0x00000000e8100000, 0x00000000e8100000| Untracked 
| 130|0x00000000e8200000, 0x00000000e8200000, 0x00000000e8300000|  0%| F|  |TAMS 0x00000000e8200000, 0x00000000e8200000| Untracked 
| 131|0x00000000e8300000, 0x00000000e8300000, 0x00000000e8400000|  0%| F|  |TAMS 0x00000000e8300000, 0x00000000e8300000| Untracked 
| 132|0x00000000e8400000, 0x00000000e8400000, 0x00000000e8500000|  0%| F|  |TAMS 0x00000000e8400000, 0x00000000e8400000| Untracked 
| 133|0x00000000e8500000, 0x00000000e8500000, 0x00000000e8600000|  0%| F|  |TAMS 0x00000000e8500000, 0x00000000e8500000| Untracked 
| 134|0x00000000e8600000, 0x00000000e8600000, 0x00000000e8700000|  0%| F|  |TAMS 0x00000000e8600000, 0x00000000e8600000| Untracked 
| 135|0x00000000e8700000, 0x00000000e8700000, 0x00000000e8800000|  0%| F|  |TAMS 0x00000000e8700000, 0x00000000e8700000| Untracked 
| 136|0x00000000e8800000, 0x00000000e8800000, 0x00000000e8900000|  0%| F|  |TAMS 0x00000000e8800000, 0x00000000e8800000| Untracked 
| 137|0x00000000e8900000, 0x00000000e8900000, 0x00000000e8a00000|  0%| F|  |TAMS 0x00000000e8900000, 0x00000000e8900000| Untracked 
| 138|0x00000000e8a00000, 0x00000000e8a00000, 0x00000000e8b00000|  0%| F|  |TAMS 0x00000000e8a00000, 0x00000000e8a00000| Untracked 
| 139|0x00000000e8b00000, 0x00000000e8b00000, 0x00000000e8c00000|  0%| F|  |TAMS 0x00000000e8b00000, 0x00000000e8b00000| Untracked 
| 140|0x00000000e8c00000, 0x00000000e8c00000, 0x00000000e8d00000|  0%| F|  |TAMS 0x00000000e8c00000, 0x00000000e8c00000| Untracked 
| 141|0x00000000e8d00000, 0x00000000e8d00000, 0x00000000e8e00000|  0%| F|  |TAMS 0x00000000e8d00000, 0x00000000e8d00000| Untracked 
| 142|0x00000000e8e00000, 0x00000000e8e00000, 0x00000000e8f00000|  0%| F|  |TAMS 0x00000000e8e00000, 0x00000000e8e00000| Untracked 
| 143|0x00000000e8f00000, 0x00000000e8f00000, 0x00000000e9000000|  0%| F|  |TAMS 0x00000000e8f00000, 0x00000000e8f00000| Untracked 
| 144|0x00000000e9000000, 0x00000000e9000000, 0x00000000e9100000|  0%| F|  |TAMS 0x00000000e9000000, 0x00000000e9000000| Untracked 
| 145|0x00000000e9100000, 0x00000000e9100000, 0x00000000e9200000|  0%| F|  |TAMS 0x00000000e9100000, 0x00000000e9100000| Untracked 
| 146|0x00000000e9200000, 0x00000000e9200000, 0x00000000e9300000|  0%| F|  |TAMS 0x00000000e9200000, 0x00000000e9200000| Untracked 
| 147|0x00000000e9300000, 0x00000000e9300000, 0x00000000e9400000|  0%| F|  |TAMS 0x00000000e9300000, 0x00000000e9300000| Untracked 
| 148|0x00000000e9400000, 0x00000000e9400000, 0x00000000e9500000|  0%| F|  |TAMS 0x00000000e9400000, 0x00000000e9400000| Untracked 
| 149|0x00000000e9500000, 0x00000000e9500000, 0x00000000e9600000|  0%| F|  |TAMS 0x00000000e9500000, 0x00000000e9500000| Untracked 
| 150|0x00000000e9600000, 0x00000000e9600000, 0x00000000e9700000|  0%| F|  |TAMS 0x00000000e9600000, 0x00000000e9600000| Untracked 
| 151|0x00000000e9700000, 0x00000000e9700000, 0x00000000e9800000|  0%| F|  |TAMS 0x00000000e9700000, 0x00000000e9700000| Untracked 
| 152|0x00000000e9800000, 0x00000000e9800000, 0x00000000e9900000|  0%| F|  |TAMS 0x00000000e9800000, 0x00000000e9800000| Untracked 
| 153|0x00000000e9900000, 0x00000000e9900000, 0x00000000e9a00000|  0%| F|  |TAMS 0x00000000e9900000, 0x00000000e9900000| Untracked 
| 154|0x00000000e9a00000, 0x00000000e9a00000, 0x00000000e9b00000|  0%| F|  |TAMS 0x00000000e9a00000, 0x00000000e9a00000| Untracked 
| 155|0x00000000e9b00000, 0x00000000e9b00000, 0x00000000e9c00000|  0%| F|  |TAMS 0x00000000e9b00000, 0x00000000e9b00000| Untracked 
| 156|0x00000000e9c00000, 0x00000000e9c00000, 0x00000000e9d00000|  0%| F|  |TAMS 0x00000000e9c00000, 0x00000000e9c00000| Untracked 
| 157|0x00000000e9d00000, 0x00000000e9d00000, 0x00000000e9e00000|  0%| F|  |TAMS 0x00000000e9d00000, 0x00000000e9d00000| Untracked 
| 158|0x00000000e9e00000, 0x00000000e9e00000, 0x00000000e9f00000|  0%| F|  |TAMS 0x00000000e9e00000, 0x00000000e9e00000| Untracked 
| 159|0x00000000e9f00000, 0x00000000e9f00000, 0x00000000ea000000|  0%| F|  |TAMS 0x00000000e9f00000, 0x00000000e9f00000| Untracked 
| 160|0x00000000ea000000, 0x00000000ea000000, 0x00000000ea100000|  0%| F|  |TAMS 0x00000000ea000000, 0x00000000ea000000| Untracked 
| 161|0x00000000ea100000, 0x00000000ea100000, 0x00000000ea200000|  0%| F|  |TAMS 0x00000000ea100000, 0x00000000ea100000| Untracked 
| 162|0x00000000ea200000, 0x00000000ea200000, 0x00000000ea300000|  0%| F|  |TAMS 0x00000000ea200000, 0x00000000ea200000| Untracked 
| 163|0x00000000ea300000, 0x00000000ea300000, 0x00000000ea400000|  0%| F|  |TAMS 0x00000000ea300000, 0x00000000ea300000| Untracked 
| 164|0x00000000ea400000, 0x00000000ea400000, 0x00000000ea500000|  0%| F|  |TAMS 0x00000000ea400000, 0x00000000ea400000| Untracked 
| 165|0x00000000ea500000, 0x00000000ea500000, 0x00000000ea600000|  0%| F|  |TAMS 0x00000000ea500000, 0x00000000ea500000| Untracked 
| 166|0x00000000ea600000, 0x00000000ea600000, 0x00000000ea700000|  0%| F|  |TAMS 0x00000000ea600000, 0x00000000ea600000| Untracked 
| 167|0x00000000ea700000, 0x00000000ea700000, 0x00000000ea800000|  0%| F|  |TAMS 0x00000000ea700000, 0x00000000ea700000| Untracked 
| 168|0x00000000ea800000, 0x00000000ea800000, 0x00000000ea900000|  0%| F|  |TAMS 0x00000000ea800000, 0x00000000ea800000| Untracked 
| 169|0x00000000ea900000, 0x00000000ea900000, 0x00000000eaa00000|  0%| F|  |TAMS 0x00000000ea900000, 0x00000000ea900000| Untracked 
| 170|0x00000000eaa00000, 0x00000000eaa00000, 0x00000000eab00000|  0%| F|  |TAMS 0x00000000eaa00000, 0x00000000eaa00000| Untracked 
| 171|0x00000000eab00000, 0x00000000eab00000, 0x00000000eac00000|  0%| F|  |TAMS 0x00000000eab00000, 0x00000000eab00000| Untracked 
| 172|0x00000000eac00000, 0x00000000eac00000, 0x00000000ead00000|  0%| F|  |TAMS 0x00000000eac00000, 0x00000000eac00000| Untracked 
| 173|0x00000000ead00000, 0x00000000ead00000, 0x00000000eae00000|  0%| F|  |TAMS 0x00000000ead00000, 0x00000000ead00000| Untracked 
| 174|0x00000000eae00000, 0x00000000eae00000, 0x00000000eaf00000|  0%| F|  |TAMS 0x00000000eae00000, 0x00000000eae00000| Untracked 
| 175|0x00000000eaf00000, 0x00000000eaf00000, 0x00000000eb000000|  0%| F|  |TAMS 0x00000000eaf00000, 0x00000000eaf00000| Untracked 
| 176|0x00000000eb000000, 0x00000000eb000000, 0x00000000eb100000|  0%| F|  |TAMS 0x00000000eb000000, 0x00000000eb000000| Untracked 
| 177|0x00000000eb100000, 0x00000000eb100000, 0x00000000eb200000|  0%| F|  |TAMS 0x00000000eb100000, 0x00000000eb100000| Untracked 
| 178|0x00000000eb200000, 0x00000000eb200000, 0x00000000eb300000|  0%| F|  |TAMS 0x00000000eb200000, 0x00000000eb200000| Untracked 
| 179|0x00000000eb300000, 0x00000000eb300000, 0x00000000eb400000|  0%| F|  |TAMS 0x00000000eb300000, 0x00000000eb300000| Untracked 
| 180|0x00000000eb400000, 0x00000000eb400000, 0x00000000eb500000|  0%| F|  |TAMS 0x00000000eb400000, 0x00000000eb400000| Untracked 
| 181|0x00000000eb500000, 0x00000000eb500000, 0x00000000eb600000|  0%| F|  |TAMS 0x00000000eb500000, 0x00000000eb500000| Untracked 
| 182|0x00000000eb600000, 0x00000000eb600000, 0x00000000eb700000|  0%| F|  |TAMS 0x00000000eb600000, 0x00000000eb600000| Untracked 
| 183|0x00000000eb700000, 0x00000000eb700000, 0x00000000eb800000|  0%| F|  |TAMS 0x00000000eb700000, 0x00000000eb700000| Untracked 
| 184|0x00000000eb800000, 0x00000000eb800000, 0x00000000eb900000|  0%| F|  |TAMS 0x00000000eb800000, 0x00000000eb800000| Untracked 
| 185|0x00000000eb900000, 0x00000000eb900000, 0x00000000eba00000|  0%| F|  |TAMS 0x00000000eb900000, 0x00000000eb900000| Untracked 
| 186|0x00000000eba00000, 0x00000000eba00000, 0x00000000ebb00000|  0%| F|  |TAMS 0x00000000eba00000, 0x00000000eba00000| Untracked 
| 187|0x00000000ebb00000, 0x00000000ebb00000, 0x00000000ebc00000|  0%| F|  |TAMS 0x00000000ebb00000, 0x00000000ebb00000| Untracked 
| 188|0x00000000ebc00000, 0x00000000ebc00000, 0x00000000ebd00000|  0%| F|  |TAMS 0x00000000ebc00000, 0x00000000ebc00000| Untracked 
| 189|0x00000000ebd00000, 0x00000000ebd00000, 0x00000000ebe00000|  0%| F|  |TAMS 0x00000000ebd00000, 0x00000000ebd00000| Untracked 
| 190|0x00000000ebe00000, 0x00000000ebe00000, 0x00000000ebf00000|  0%| F|  |TAMS 0x00000000ebe00000, 0x00000000ebe00000| Untracked 
| 191|0x00000000ebf00000, 0x00000000ebf00000, 0x00000000ec000000|  0%| F|  |TAMS 0x00000000ebf00000, 0x00000000ebf00000| Untracked 
| 192|0x00000000ec000000, 0x00000000ec000000, 0x00000000ec100000|  0%| F|  |TAMS 0x00000000ec000000, 0x00000000ec000000| Untracked 
| 193|0x00000000ec100000, 0x00000000ec100000, 0x00000000ec200000|  0%| F|  |TAMS 0x00000000ec100000, 0x00000000ec100000| Untracked 
| 194|0x00000000ec200000, 0x00000000ec200000, 0x00000000ec300000|  0%| F|  |TAMS 0x00000000ec200000, 0x00000000ec200000| Untracked 
| 195|0x00000000ec300000, 0x00000000ec300000, 0x00000000ec400000|  0%| F|  |TAMS 0x00000000ec300000, 0x00000000ec300000| Untracked 
| 196|0x00000000ec400000, 0x00000000ec400000, 0x00000000ec500000|  0%| F|  |TAMS 0x00000000ec400000, 0x00000000ec400000| Untracked 
| 197|0x00000000ec500000, 0x00000000ec500000, 0x00000000ec600000|  0%| F|  |TAMS 0x00000000ec500000, 0x00000000ec500000| Untracked 
| 198|0x00000000ec600000, 0x00000000ec600000, 0x00000000ec700000|  0%| F|  |TAMS 0x00000000ec600000, 0x00000000ec600000| Untracked 
| 199|0x00000000ec700000, 0x00000000ec700000, 0x00000000ec800000|  0%| F|  |TAMS 0x00000000ec700000, 0x00000000ec700000| Untracked 
| 200|0x00000000ec800000, 0x00000000ec800000, 0x00000000ec900000|  0%| F|  |TAMS 0x00000000ec800000, 0x00000000ec800000| Untracked 
| 201|0x00000000ec900000, 0x00000000ec900000, 0x00000000eca00000|  0%| F|  |TAMS 0x00000000ec900000, 0x00000000ec900000| Untracked 
| 202|0x00000000eca00000, 0x00000000eca00000, 0x00000000ecb00000|  0%| F|  |TAMS 0x00000000eca00000, 0x00000000eca00000| Untracked 
| 203|0x00000000ecb00000, 0x00000000ecb00000, 0x00000000ecc00000|  0%| F|  |TAMS 0x00000000ecb00000, 0x00000000ecb00000| Untracked 
| 204|0x00000000ecc00000, 0x00000000ecc00000, 0x00000000ecd00000|  0%| F|  |TAMS 0x00000000ecc00000, 0x00000000ecc00000| Untracked 
| 205|0x00000000ecd00000, 0x00000000ecd00000, 0x00000000ece00000|  0%| F|  |TAMS 0x00000000ecd00000, 0x00000000ecd00000| Untracked 
| 206|0x00000000ece00000, 0x00000000ece00000, 0x00000000ecf00000|  0%| F|  |TAMS 0x00000000ece00000, 0x00000000ece00000| Untracked 
| 207|0x00000000ecf00000, 0x00000000ecf00000, 0x00000000ed000000|  0%| F|  |TAMS 0x00000000ecf00000, 0x00000000ecf00000| Untracked 
| 208|0x00000000ed000000, 0x00000000ed000000, 0x00000000ed100000|  0%| F|  |TAMS 0x00000000ed000000, 0x00000000ed000000| Untracked 
| 209|0x00000000ed100000, 0x00000000ed100000, 0x00000000ed200000|  0%| F|  |TAMS 0x00000000ed100000, 0x00000000ed100000| Untracked 
| 210|0x00000000ed200000, 0x00000000ed200000, 0x00000000ed300000|  0%| F|  |TAMS 0x00000000ed200000, 0x00000000ed200000| Untracked 
| 211|0x00000000ed300000, 0x00000000ed300000, 0x00000000ed400000|  0%| F|  |TAMS 0x00000000ed300000, 0x00000000ed300000| Untracked 
| 212|0x00000000ed400000, 0x00000000ed400000, 0x00000000ed500000|  0%| F|  |TAMS 0x00000000ed400000, 0x00000000ed400000| Untracked 
| 213|0x00000000ed500000, 0x00000000ed500000, 0x00000000ed600000|  0%| F|  |TAMS 0x00000000ed500000, 0x00000000ed500000| Untracked 
| 214|0x00000000ed600000, 0x00000000ed600000, 0x00000000ed700000|  0%| F|  |TAMS 0x00000000ed600000, 0x00000000ed600000| Untracked 
| 215|0x00000000ed700000, 0x00000000ed700000, 0x00000000ed800000|  0%| F|  |TAMS 0x00000000ed700000, 0x00000000ed700000| Untracked 
| 216|0x00000000ed800000, 0x00000000ed800000, 0x00000000ed900000|  0%| F|  |TAMS 0x00000000ed800000, 0x00000000ed800000| Untracked 
| 217|0x00000000ed900000, 0x00000000ed900000, 0x00000000eda00000|  0%| F|  |TAMS 0x00000000ed900000, 0x00000000ed900000| Untracked 
| 218|0x00000000eda00000, 0x00000000eda00000, 0x00000000edb00000|  0%| F|  |TAMS 0x00000000eda00000, 0x00000000eda00000| Untracked 
| 219|0x00000000edb00000, 0x00000000edb00000, 0x00000000edc00000|  0%| F|  |TAMS 0x00000000edb00000, 0x00000000edb00000| Untracked 
| 220|0x00000000edc00000, 0x00000000edc00000, 0x00000000edd00000|  0%| F|  |TAMS 0x00000000edc00000, 0x00000000edc00000| Untracked 
| 221|0x00000000edd00000, 0x00000000edd00000, 0x00000000ede00000|  0%| F|  |TAMS 0x00000000edd00000, 0x00000000edd00000| Untracked 
| 222|0x00000000ede00000, 0x00000000ede00000, 0x00000000edf00000|  0%| F|  |TAMS 0x00000000ede00000, 0x00000000ede00000| Untracked 
| 223|0x00000000edf00000, 0x00000000edf00000, 0x00000000ee000000|  0%| F|  |TAMS 0x00000000edf00000, 0x00000000edf00000| Untracked 
| 224|0x00000000ee000000, 0x00000000ee000000, 0x00000000ee100000|  0%| F|  |TAMS 0x00000000ee000000, 0x00000000ee000000| Untracked 
| 225|0x00000000ee100000, 0x00000000ee100000, 0x00000000ee200000|  0%| F|  |TAMS 0x00000000ee100000, 0x00000000ee100000| Untracked 
| 226|0x00000000ee200000, 0x00000000ee200000, 0x00000000ee300000|  0%| F|  |TAMS 0x00000000ee200000, 0x00000000ee200000| Untracked 
| 227|0x00000000ee300000, 0x00000000ee300000, 0x00000000ee400000|  0%| F|  |TAMS 0x00000000ee300000, 0x00000000ee300000| Untracked 
| 228|0x00000000ee400000, 0x00000000ee400000, 0x00000000ee500000|  0%| F|  |TAMS 0x00000000ee400000, 0x00000000ee400000| Untracked 
| 229|0x00000000ee500000, 0x00000000ee500000, 0x00000000ee600000|  0%| F|  |TAMS 0x00000000ee500000, 0x00000000ee500000| Untracked 
| 230|0x00000000ee600000, 0x00000000ee600000, 0x00000000ee700000|  0%| F|  |TAMS 0x00000000ee600000, 0x00000000ee600000| Untracked 
| 231|0x00000000ee700000, 0x00000000ee700000, 0x00000000ee800000|  0%| F|  |TAMS 0x00000000ee700000, 0x00000000ee700000| Untracked 
| 232|0x00000000ee800000, 0x00000000ee800000, 0x00000000ee900000|  0%| F|  |TAMS 0x00000000ee800000, 0x00000000ee800000| Untracked 
| 233|0x00000000ee900000, 0x00000000ee900000, 0x00000000eea00000|  0%| F|  |TAMS 0x00000000ee900000, 0x00000000ee900000| Untracked 
| 234|0x00000000eea00000, 0x00000000eea00000, 0x00000000eeb00000|  0%| F|  |TAMS 0x00000000eea00000, 0x00000000eea00000| Untracked 
| 235|0x00000000eeb00000, 0x00000000eeb00000, 0x00000000eec00000|  0%| F|  |TAMS 0x00000000eeb00000, 0x00000000eeb00000| Untracked 
| 236|0x00000000eec00000, 0x00000000eec00000, 0x00000000eed00000|  0%| F|  |TAMS 0x00000000eec00000, 0x00000000eec00000| Untracked 
| 237|0x00000000eed00000, 0x00000000eed00000, 0x00000000eee00000|  0%| F|  |TAMS 0x00000000eed00000, 0x00000000eed00000| Untracked 
| 238|0x00000000eee00000, 0x00000000eee00000, 0x00000000eef00000|  0%| F|  |TAMS 0x00000000eee00000, 0x00000000eee00000| Untracked 
| 239|0x00000000eef00000, 0x00000000eef00000, 0x00000000ef000000|  0%| F|  |TAMS 0x00000000eef00000, 0x00000000eef00000| Untracked 
| 240|0x00000000ef000000, 0x00000000ef000000, 0x00000000ef100000|  0%| F|  |TAMS 0x00000000ef000000, 0x00000000ef000000| Untracked 
| 241|0x00000000ef100000, 0x00000000ef100000, 0x00000000ef200000|  0%| F|  |TAMS 0x00000000ef100000, 0x00000000ef100000| Untracked 
| 242|0x00000000ef200000, 0x00000000ef200000, 0x00000000ef300000|  0%| F|  |TAMS 0x00000000ef200000, 0x00000000ef200000| Untracked 
| 243|0x00000000ef300000, 0x00000000ef300000, 0x00000000ef400000|  0%| F|  |TAMS 0x00000000ef300000, 0x00000000ef300000| Untracked 
| 244|0x00000000ef400000, 0x00000000ef400000, 0x00000000ef500000|  0%| F|  |TAMS 0x00000000ef400000, 0x00000000ef400000| Untracked 
| 245|0x00000000ef500000, 0x00000000ef500000, 0x00000000ef600000|  0%| F|  |TAMS 0x00000000ef500000, 0x00000000ef500000| Untracked 
| 246|0x00000000ef600000, 0x00000000ef600000, 0x00000000ef700000|  0%| F|  |TAMS 0x00000000ef600000, 0x00000000ef600000| Untracked 
| 247|0x00000000ef700000, 0x00000000ef700000, 0x00000000ef800000|  0%| F|  |TAMS 0x00000000ef700000, 0x00000000ef700000| Untracked 
| 248|0x00000000ef800000, 0x00000000ef800000, 0x00000000ef900000|  0%| F|  |TAMS 0x00000000ef800000, 0x00000000ef800000| Untracked 
| 249|0x00000000ef900000, 0x00000000ef900000, 0x00000000efa00000|  0%| F|  |TAMS 0x00000000ef900000, 0x00000000ef900000| Untracked 
| 250|0x00000000efa00000, 0x00000000efa00000, 0x00000000efb00000|  0%| F|  |TAMS 0x00000000efa00000, 0x00000000efa00000| Untracked 
| 251|0x00000000efb00000, 0x00000000efb80800, 0x00000000efc00000| 50%| E|  |TAMS 0x00000000efb00000, 0x00000000efb00000| Complete 
| 252|0x00000000efc00000, 0x00000000efd00000, 0x00000000efd00000|100%| E|CS|TAMS 0x00000000efc00000, 0x00000000efc00000| Complete 
| 253|0x00000000efd00000, 0x00000000efe00000, 0x00000000efe00000|100%| E|CS|TAMS 0x00000000efd00000, 0x00000000efd00000| Complete 
| 254|0x00000000efe00000, 0x00000000eff00000, 0x00000000eff00000|100%| E|CS|TAMS 0x00000000efe00000, 0x00000000efe00000| Complete 
| 255|0x00000000eff00000, 0x00000000f0000000, 0x00000000f0000000|100%| E|CS|TAMS 0x00000000eff00000, 0x00000000eff00000| Complete 

Card table byte_map: [0x000001fd645b0000,0x000001fd646b0000] _byte_map_base: 0x000001fd63eb0000

Marking Bits (Prev, Next): (CMBitMap*) 0x000001fd4daa2240, (CMBitMap*) 0x000001fd4daa2280
 Prev Bits: [0x000001fd647b0000, 0x000001fd64fb0000)
 Next Bits: [0x000001fd64fb0000, 0x000001fd657b0000)

Polling page: 0x000001fd4b970000

Metaspace:

Usage:
  Non-class:     15.88 MB used.
      Class:      2.70 MB used.
       Both:     18.58 MB used.

Virtual space:
  Non-class space:       64.00 MB reserved,      16.06 MB ( 25%) committed,  1 nodes.
      Class space:      320.00 MB reserved,       2.81 MB ( <1%) committed,  1 nodes.
             Both:      384.00 MB reserved,      18.88 MB (  5%) committed. 

Chunk freelists:
   Non-Class:  15.79 MB
       Class:  13.19 MB
        Both:  28.98 MB

MaxMetaspaceSize: 384.00 MB
CompressedClassSpaceSize: 320.00 MB
Initial GC threshold: 21.00 MB
Current GC threshold: 21.00 MB
CDS: on
MetaspaceReclaimPolicy: balanced
 - commit_granule_bytes: 65536.
 - commit_granule_words: 8192.
 - virtual_space_node_default_size: 8388608.
 - enlarge_chunks_in_place: 1.
 - new_chunks_are_fully_committed: 0.
 - uncommit_free_chunks: 1.
 - use_allocation_guard: 0.
 - handle_deallocations: 1.


Internal statistics:

num_allocs_failed_limit: 0.
num_arena_births: 206.
num_arena_deaths: 0.
num_vsnodes_births: 2.
num_vsnodes_deaths: 0.
num_space_committed: 302.
num_space_uncommitted: 0.
num_chunks_returned_to_freelist: 0.
num_chunks_taken_from_freelist: 868.
num_chunk_merges: 0.
num_chunk_splits: 580.
num_chunks_enlarged: 425.
num_inconsistent_stats: 0.

CodeHeap 'non-profiled nmethods': size=120000Kb used=1232Kb max_used=1232Kb free=118767Kb
 bounds [0x000001fd5d080000, 0x000001fd5d2f0000, 0x000001fd645b0000]
CodeHeap 'profiled nmethods': size=120000Kb used=5123Kb max_used=5123Kb free=114876Kb
 bounds [0x000001fd555b0000, 0x000001fd55ac0000, 0x000001fd5cae0000]
CodeHeap 'non-nmethods': size=5760Kb used=1235Kb max_used=1291Kb free=4524Kb
 bounds [0x000001fd5cae0000, 0x000001fd5cd50000, 0x000001fd5d080000]
 total_blobs=3035 nmethods=2491 adapters=456
 compilation: enabled
              stopped_count=0, restarted_count=0
 full_count=0

Compilation events (20 events):
Event: 3.116 Thread 0x000001fd67dad890 nmethod 2489 0x000001fd5d1b3d90 code [0x000001fd5d1b3f20, 0x000001fd5d1b3ff8]
Event: 3.116 Thread 0x000001fd67dad890 2490       3       java.util.stream.StreamOpFlag::isKnown (19 bytes)
Event: 3.116 Thread 0x000001fd67dad890 nmethod 2490 0x000001fd55aaaf10 code [0x000001fd55aab0a0, 0x000001fd55aab218]
Event: 3.116 Thread 0x000001fd67dad890 2491       3       org.objectweb.asm.SymbolTable::addConstantUtf8Reference (101 bytes)
Event: 3.117 Thread 0x000001fd67dad890 nmethod 2491 0x000001fd55aab290 code [0x000001fd55aab4a0, 0x000001fd55aaba98]
Event: 3.117 Thread 0x000001fd67dad890 2492       3       org.objectweb.asm.Frame::getLocal (46 bytes)
Event: 3.117 Thread 0x000001fd67dad890 nmethod 2492 0x000001fd55aabe10 code [0x000001fd55aabfc0, 0x000001fd55aac1f8]
Event: 3.117 Thread 0x000001fd67dad890 2493       3       org.objectweb.asm.Label::<init> (5 bytes)
Event: 3.117 Thread 0x000001fd67dad890 nmethod 2493 0x000001fd55aac310 code [0x000001fd55aac4a0, 0x000001fd55aac5f8]
Event: 3.117 Thread 0x000001fd67dad890 2494       3       org.objectweb.asm.Label::resolve (259 bytes)
Event: 3.118 Thread 0x000001fd67dad890 nmethod 2494 0x000001fd55aac690 code [0x000001fd55aac880, 0x000001fd55aace78]
Event: 3.118 Thread 0x000001fd67dad890 2495       3       org.objectweb.asm.Type::getArgumentsAndReturnSizes (140 bytes)
Event: 3.120 Thread 0x000001fd67dad890 nmethod 2495 0x000001fd55aad210 code [0x000001fd55aad600, 0x000001fd55aaf418]
Event: 3.122 Thread 0x000001fd67dad890 2496       3       org.objectweb.asm.ByteVector::put122 (93 bytes)
Event: 3.123 Thread 0x000001fd67dad890 nmethod 2496 0x000001fd55aaff10 code [0x000001fd55ab00c0, 0x000001fd55ab0348]
Event: 3.123 Thread 0x000001fd67dad890 2497       3       org.objectweb.asm.SymbolTable::addConstantClass (8 bytes)
Event: 3.123 Thread 0x000001fd67dad890 nmethod 2497 0x000001fd55ab0510 code [0x000001fd55ab06a0, 0x000001fd55ab07e8]
Event: 3.125 Thread 0x000001fd67dad890 2499       3       org.objectweb.asm.Frame::pop (42 bytes)
Event: 3.125 Thread 0x000001fd67dad890 nmethod 2499 0x000001fd55ab0890 code [0x000001fd55ab0a40, 0x000001fd55ab0bf8]
Event: 3.125 Thread 0x000001fd67dad890 2500       3       java.util.Spliterator::getExactSizeIfKnown (25 bytes)

GC Heap History (6 events):
Event: 0.548 GC heap before
{Heap before GC invocations=0 (full 0):
 garbage-first heap   total 262144K, used 13312K [0x00000000e0000000, 0x0000000100000000)
  region size 1024K, 13 young (13312K), 0 survivors (0K)
 Metaspace       used 765K, committed 896K, reserved 393216K
  class space    used 61K, committed 128K, reserved 327680K
}
Event: 0.549 GC heap after
{Heap after GC invocations=1 (full 0):
 garbage-first heap   total 262144K, used 1280K [0x00000000e0000000, 0x0000000100000000)
  region size 1024K, 2 young (2048K), 2 survivors (2048K)
 Metaspace       used 765K, committed 896K, reserved 393216K
  class space    used 61K, committed 128K, reserved 327680K
}
Event: 0.904 GC heap before
{Heap before GC invocations=1 (full 0):
 garbage-first heap   total 262144K, used 23808K [0x00000000e0000000, 0x0000000100000000)
  region size 1024K, 21 young (21504K), 2 survivors (2048K)
 Metaspace       used 2851K, committed 3008K, reserved 393216K
  class space    used 322K, committed 384K, reserved 327680K
}
Event: 0.907 GC heap after
{Heap after GC invocations=2 (full 0):
 garbage-first heap   total 262144K, used 9417K [0x00000000e0000000, 0x0000000100000000)
  region size 1024K, 3 young (3072K), 3 survivors (3072K)
 Metaspace       used 2851K, committed 3008K, reserved 393216K
  class space    used 322K, committed 384K, reserved 327680K
}
Event: 3.034 GC heap before
{Heap before GC invocations=2 (full 0):
 garbage-first heap   total 262144K, used 165065K [0x00000000e0000000, 0x0000000100000000)
  region size 1024K, 153 young (156672K), 3 survivors (3072K)
 Metaspace       used 18565K, committed 18816K, reserved 393216K
  class space    used 2699K, committed 2816K, reserved 327680K
}
Event: 3.046 GC heap after
{Heap after GC invocations=3 (full 0):
 garbage-first heap   total 262144K, used 21705K [0x00000000e0000000, 0x0000000100000000)
  region size 1024K, 14 young (14336K), 14 survivors (14336K)
 Metaspace       used 18565K, committed 18816K, reserved 393216K
  class space    used 2699K, committed 2816K, reserved 327680K
}

Dll operation events (15 events):
Event: 0.007 Loaded shared library C:\Users\ASUS\.jdks\corretto-17.0.12\bin\java.dll
Event: 0.025 Loaded shared library C:\Users\ASUS\.jdks\corretto-17.0.12\bin\jsvml.dll
Event: 0.212 Loaded shared library C:\Users\ASUS\.jdks\corretto-17.0.12\bin\zip.dll
Event: 0.216 Loaded shared library C:\Users\ASUS\.jdks\corretto-17.0.12\bin\instrument.dll
Event: 0.221 Loaded shared library C:\Users\ASUS\.jdks\corretto-17.0.12\bin\net.dll
Event: 0.223 Loaded shared library C:\Users\ASUS\.jdks\corretto-17.0.12\bin\nio.dll
Event: 0.225 Loaded shared library C:\Users\ASUS\.jdks\corretto-17.0.12\bin\zip.dll
Event: 0.605 Loaded shared library C:\Users\ASUS\.jdks\corretto-17.0.12\bin\jimage.dll
Event: 0.738 Loaded shared library C:\Users\ASUS\.jdks\corretto-17.0.12\bin\verify.dll
Event: 0.882 Loaded shared library C:\Users\ASUS\.gradle\native\c067742578af261105cb4f569cf0c3c89f3d7b1fecec35dd04571415982c5e48\windows-amd64\native-platform.dll
Event: 0.886 Loaded shared library C:\Users\ASUS\.gradle\native\100fb08df4bc3b14c8652ba06237920a3bd2aa13389f12d3474272988ae205f9\windows-amd64\native-platform-file-events.dll
Event: 1.739 Loaded shared library C:\Users\ASUS\.jdks\corretto-17.0.12\bin\management.dll
Event: 1.741 Loaded shared library C:\Users\ASUS\.jdks\corretto-17.0.12\bin\management_ext.dll
Event: 1.915 Loaded shared library C:\Users\ASUS\.jdks\corretto-17.0.12\bin\extnet.dll
Event: 2.112 Loaded shared library C:\Users\ASUS\.jdks\corretto-17.0.12\bin\sunmscapi.dll

Deoptimization events (20 events):
Event: 2.498 Thread 0x000001fd7deb5cc0 Uncommon trap: trap_request=0xffffff45 fr.pc=0x000001fd5d145444 relative=0x00000000000001a4
Event: 2.498 Thread 0x000001fd7deb5cc0 Uncommon trap: reason=unstable_if action=reinterpret pc=0x000001fd5d145444 method=java.util.WeakHashMap.expungeStaleEntries()V @ 9 c2
Event: 2.498 Thread 0x000001fd7deb5cc0 DEOPT PACKING pc=0x000001fd5d145444 sp=0x0000009dfcafba70
Event: 2.498 Thread 0x000001fd7deb5cc0 DEOPT UNPACKING pc=0x000001fd5cb369a3 sp=0x0000009dfcafba08 mode 2
Event: 2.542 Thread 0x000001fd7deb5cc0 Uncommon trap: trap_request=0xffffff45 fr.pc=0x000001fd5d09ce70 relative=0x00000000000001d0
Event: 2.542 Thread 0x000001fd7deb5cc0 Uncommon trap: reason=unstable_if action=reinterpret pc=0x000001fd5d09ce70 method=java.util.regex.Matcher.reset()Ljava/util/regex/Matcher; @ 47 c2
Event: 2.542 Thread 0x000001fd7deb5cc0 DEOPT PACKING pc=0x000001fd5d09ce70 sp=0x0000009dfcafa880
Event: 2.542 Thread 0x000001fd7deb5cc0 DEOPT UNPACKING pc=0x000001fd5cb369a3 sp=0x0000009dfcafa808 mode 2
Event: 2.549 Thread 0x000001fd7deb5cc0 DEOPT PACKING pc=0x000001fd55697d3d sp=0x0000009dfcafa510
Event: 2.549 Thread 0x000001fd7deb5cc0 DEOPT UNPACKING pc=0x000001fd5cb37143 sp=0x0000009dfcaf99a8 mode 0
Event: 2.583 Thread 0x000001fd7deb5cc0 Uncommon trap: trap_request=0xffffff45 fr.pc=0x000001fd5d12fc68 relative=0x0000000000000ae8
Event: 2.583 Thread 0x000001fd7deb5cc0 Uncommon trap: reason=unstable_if action=reinterpret pc=0x000001fd5d12fc68 method=java.io.WinNTFileSystem.resolve(Ljava/lang/String;Ljava/lang/String;)Ljava/lang/String; @ 19 c2
Event: 2.583 Thread 0x000001fd7deb5cc0 DEOPT PACKING pc=0x000001fd5d12fc68 sp=0x0000009dfcafb260
Event: 2.583 Thread 0x000001fd7deb5cc0 DEOPT UNPACKING pc=0x000001fd5cb369a3 sp=0x0000009dfcafb208 mode 2
Event: 2.584 Thread 0x000001fd7deb5cc0 Uncommon trap: trap_request=0xffffff45 fr.pc=0x000001fd5d1163ec relative=0x000000000000062c
Event: 2.584 Thread 0x000001fd7deb5cc0 Uncommon trap: reason=unstable_if action=reinterpret pc=0x000001fd5d1163ec method=java.io.File.getName()Ljava/lang/String; @ 16 c2
Event: 2.584 Thread 0x000001fd7deb5cc0 DEOPT PACKING pc=0x000001fd5d1163ec sp=0x0000009dfcafb210
Event: 2.584 Thread 0x000001fd7deb5cc0 DEOPT UNPACKING pc=0x000001fd5cb369a3 sp=0x0000009dfcafb1e0 mode 2
Event: 2.824 Thread 0x000001fd7deb5cc0 DEOPT PACKING pc=0x000001fd5595ad08 sp=0x0000009dfcafafe0
Event: 2.824 Thread 0x000001fd7deb5cc0 DEOPT UNPACKING pc=0x000001fd5cb37143 sp=0x0000009dfcafa4e8 mode 0

Classes loaded (20 events):
Event: 2.870 Loading class java/io/ObjectInputStream
Event: 2.870 Loading class java/io/ObjectInput
Event: 2.870 Loading class java/io/ObjectInput done
Event: 2.870 Loading class java/io/ObjectStreamConstants
Event: 2.870 Loading class java/io/ObjectStreamConstants done
Event: 2.870 Loading class java/io/ObjectInputStream done
Event: 2.871 Loading class java/io/ObjectOutputStream
Event: 2.871 Loading class java/io/ObjectOutput
Event: 2.871 Loading class java/io/ObjectOutput done
Event: 2.872 Loading class java/io/ObjectOutputStream done
Event: 3.032 Loading class javax/xml/parsers/ParserConfigurationException
Event: 3.032 Loading class javax/xml/parsers/ParserConfigurationException done
Event: 3.032 Loading class org/xml/sax/SAXException
Event: 3.032 Loading class org/xml/sax/SAXException done
Event: 3.032 Loading class javax/xml/xpath/XPathExpressionException
Event: 3.032 Loading class javax/xml/xpath/XPathException
Event: 3.032 Loading class javax/xml/xpath/XPathException done
Event: 3.032 Loading class javax/xml/xpath/XPathExpressionException done
Event: 3.033 Loading class org/xml/sax/ErrorHandler
Event: 3.033 Loading class org/xml/sax/ErrorHandler done

Classes unloaded (0 events):
No events

Classes redefined (0 events):
No events

Internal exceptions (20 events):
Event: 2.185 Thread 0x000001fd7ec5d6d0 Exception <a 'java/lang/NoSuchMethodError'{0x00000000ea277260}: 'void java.lang.invoke.DirectMethodHandle$Holder.invokeSpecial(java.lang.Object, java.lang.Object, java.lang.Object)'> (0x00000000ea277260) 
thrown [s\src\hotspot\share\interpreter\linkResolver.cpp, line 759]
Event: 2.233 Thread 0x000001fd7deb5cc0 Exception <a 'java/lang/NoSuchMethodError'{0x00000000e9ee60a0}: 'long java.lang.invoke.DirectMethodHandle$Holder.invokeInterface(java.lang.Object, java.lang.Object)'> (0x00000000e9ee60a0) 
thrown [s\src\hotspot\share\interpreter\linkResolver.cpp, line 759]
Event: 2.293 Thread 0x000001fd7deb5cc0 Exception <a 'java/lang/NoSuchMethodError'{0x00000000e9954838}: 'void java.lang.invoke.DirectMethodHandle$Holder.invokeStatic(java.lang.Object, java.lang.Object)'> (0x00000000e9954838) 
thrown [s\src\hotspot\share\interpreter\linkResolver.cpp, line 759]
Event: 2.327 Thread 0x000001fd7deb5cc0 Exception <a 'java/lang/NoSuchMethodError'{0x00000000e976d000}: 'int java.lang.invoke.DirectMethodHandle$Holder.invokeVirtual(java.lang.Object, java.lang.Object, java.lang.Object)'> (0x00000000e976d000) 
thrown [s\src\hotspot\share\interpreter\linkResolver.cpp, line 759]
Event: 2.361 Thread 0x000001fd7deb5cc0 Exception <a 'java/lang/NoSuchMethodError'{0x00000000e95f5d08}: 'java.lang.Object java.lang.invoke.DirectMethodHandle$Holder.newInvokeSpecial(java.lang.Object, java.lang.Object, java.lang.Object, java.lang.Object, java.lang.Object, java.lang.Object)'> (0x00000000e95f5d08) 
thrown [s\src\hotspot\share\interpreter\linkResolver.cpp, line 759]
Event: 2.411 Thread 0x000001fd7deb5cc0 Exception <a 'java/lang/NoSuchMethodError'{0x00000000e92f61f8}: 'void java.lang.invoke.DelegatingMethodHandle$Holder.reinvoke_L(java.lang.Object, java.lang.Object, java.lang.Object, java.lang.Object, java.lang.Object, java.lang.Object, java.lang.Object, java.lang.Object, java.lang.Object, java.lang.Object)'> (0x00000000e92f61f8) 
thrown [s\src\hotspot\share\interpreter\linkResolver.cpp, line 759]
Event: 2.412 Thread 0x000001fd7deb5cc0 Exception <a 'java/lang/NoSuchMethodError'{0x00000000e92fe668}: 'java.lang.Object java.lang.invoke.DirectMethodHandle$Holder.invokeSpecial(java.lang.Object, java.lang.Object, java.lang.Object, java.lang.Object, java.lang.Object, java.lang.Object, java.lang.Object, java.lang.Object, java.lang.Object, java.lang.Object)'> (0x00000000e92fe668) 
thrown [s\src\hotspot\share\interpreter\linkResolver.cpp, line 759]
Event: 2.412 Thread 0x000001fd7deb5cc0 Exception <a 'java/lang/NoSuchMethodError'{0x00000000e9103490}: 'java.lang.Object java.lang.invoke.Invokers$Holder.invoker(java.lang.Object, java.lang.Object, java.lang.Object, java.lang.Object, java.lang.Object, java.lang.Object, java.lang.Object, java.lang.Object, java.lang.Object, java.lang.Object)'> (0x00000000e9103490) 
thrown [s\src\hotspot\share\interpreter\linkResolver.cpp, line 759]
Event: 2.412 Thread 0x000001fd7deb5cc0 Exception <a 'java/lang/NoSuchMethodError'{0x00000000e9109098}: 'java.lang.Object java.lang.invoke.DirectMethodHandle$Holder.invokeSpecial(java.lang.Object, java.lang.Object, java.lang.Object, java.lang.Object, java.lang.Object, java.lang.Object, java.lang.Object, java.lang.Object, java.lang.Object, java.lang.Object, java.lang.Object)'> (0x00000000e9109098) 
thrown [s\src\hotspot\share\interpreter\linkResolver.cpp, line 759]
Event: 2.528 Thread 0x000001fd7deb5cc0 Exception <a 'java/lang/NoSuchMethodError'{0x00000000e8a8e270}: 'java.lang.Object java.lang.invoke.DirectMethodHandle$Holder.newInvokeSpecial(java.lang.Object, java.lang.Object, int)'> (0x00000000e8a8e270) 
thrown [s\src\hotspot\share\interpreter\linkResolver.cpp, line 759]
Event: 2.609 Thread 0x000001fd7deb5cc0 Exception <a 'java/lang/NoSuchMethodError'{0x00000000e8417c78}: 'int java.lang.invoke.DirectMethodHandle$Holder.invokeSpecialIFC(java.lang.Object, java.lang.Object, java.lang.Object, java.lang.Object)'> (0x00000000e8417c78) 
thrown [s\src\hotspot\share\interpreter\linkResolver.cpp, line 759]
Event: 2.611 Thread 0x000001fd7deb5cc0 Exception <a 'java/lang/NoSuchMethodError'{0x00000000e8426d60}: 'java.lang.Object java.lang.invoke.DirectMethodHandle$Holder.invokeInterface(java.lang.Object, java.lang.Object, java.lang.Object)'> (0x00000000e8426d60) 
thrown [s\src\hotspot\share\interpreter\linkResolver.cpp, line 759]
Event: 2.611 Thread 0x000001fd7deb5cc0 Exception <a 'java/lang/IncompatibleClassChangeError'{0x00000000e842ac20}: Found class java.lang.Object, but interface was expected> (0x00000000e842ac20) 
thrown [s\src\hotspot\share\interpreter\linkResolver.cpp, line 826]
Event: 2.658 Thread 0x000001fd7deb5cc0 Exception <a 'java/lang/NoSuchMethodError'{0x00000000e821f920}: 'int java.lang.invoke.DirectMethodHandle$Holder.invokeStatic(java.lang.Object, java.lang.Object, java.lang.Object, java.lang.Object)'> (0x00000000e821f920) 
thrown [s\src\hotspot\share\interpreter\linkResolver.cpp, line 759]
Event: 2.659 Thread 0x000001fd7deb5cc0 Exception <a 'java/lang/NoSuchMethodError'{0x00000000e82237f0}: 'java.lang.Object java.lang.invoke.Invokers$Holder.invokeExact_MT(java.lang.Object, java.lang.Object, java.lang.Object, java.lang.Object, java.lang.Object, java.lang.Object)'> (0x00000000e82237f0) 
thrown [s\src\hotspot\share\interpreter\linkResolver.cpp, line 759]
Event: 2.702 Thread 0x000001fd7deb5cc0 Exception <a 'java/lang/IncompatibleClassChangeError'{0x00000000e7f162a8}: Found class java.lang.Object, but interface was expected> (0x00000000e7f162a8) 
thrown [s\src\hotspot\share\interpreter\linkResolver.cpp, line 826]
Event: 2.885 Thread 0x000001fd7deb5cc0 Exception <a 'java/lang/NoSuchMethodError'{0x00000000e72c2fe8}: 'int java.lang.invoke.DirectMethodHandle$Holder.invokeStaticInit(java.lang.Object, java.lang.Object, java.lang.Object)'> (0x00000000e72c2fe8) 
thrown [s\src\hotspot\share\interpreter\linkResolver.cpp, line 759]
Event: 3.065 Thread 0x000001fd7deb5cc0 Exception <a 'java/lang/NoSuchMethodError'{0x00000000efe5e8b8}: 'java.lang.Object java.lang.invoke.DirectMethodHandle$Holder.invokeVirtual(java.lang.Object, java.lang.Object, java.lang.Object, java.lang.Object)'> (0x00000000efe5e8b8) 
thrown [s\src\hotspot\share\interpreter\linkResolver.cpp, line 759]
Event: 3.124 Thread 0x000001fd7deb5cc0 Exception <a 'java/lang/NoSuchMethodError'{0x00000000efb03738}: 'java.lang.Object java.lang.invoke.DirectMethodHandle$Holder.newInvokeSpecial(java.lang.Object, java.lang.Object, java.lang.Object, java.lang.Object, java.lang.Object, java.lang.Object, java.lang.Object)'> (0x00000000efb03738) 
thrown [s\src\hotspot\share\interpreter\linkResolver.cpp, line 759]
Event: 3.124 Thread 0x000001fd7deb5cc0 Exception <a 'java/lang/NoSuchMethodError'{0x00000000efb08408}: 'java.lang.Object java.lang.invoke.Invokers$Holder.linkToTargetMethod(java.lang.Object, java.lang.Object, java.lang.Object, java.lang.Object, java.lang.Object, java.lang.Object, java.lang.Object)'> (0x00000000efb08408) 
thrown [s\src\hotspot\share\interpreter\linkResolver.cpp, line 759]

VM Operations (20 events):
Event: 1.783 Executing VM operation: HandshakeAllThreads
Event: 1.783 Executing VM operation: HandshakeAllThreads done
Event: 1.831 Executing VM operation: HandshakeAllThreads
Event: 1.831 Executing VM operation: HandshakeAllThreads done
Event: 1.904 Executing VM operation: HandshakeAllThreads
Event: 1.904 Executing VM operation: HandshakeAllThreads done
Event: 1.912 Executing VM operation: ICBufferFull
Event: 1.912 Executing VM operation: ICBufferFull done
Event: 2.070 Executing VM operation: HandshakeAllThreads
Event: 2.070 Executing VM operation: HandshakeAllThreads done
Event: 2.116 Executing VM operation: HandshakeAllThreads
Event: 2.116 Executing VM operation: HandshakeAllThreads done
Event: 2.536 Executing VM operation: ICBufferFull
Event: 2.537 Executing VM operation: ICBufferFull done
Event: 2.694 Executing VM operation: HandshakeAllThreads
Event: 2.694 Executing VM operation: HandshakeAllThreads done
Event: 2.694 Executing VM operation: HandshakeAllThreads
Event: 2.694 Executing VM operation: HandshakeAllThreads done
Event: 3.034 Executing VM operation: G1CollectForAllocation
Event: 3.046 Executing VM operation: G1CollectForAllocation done

Events (20 events):
Event: 0.035 Thread 0x000001fd67da88e0 Thread added: 0x000001fd67da88e0
Event: 0.035 Thread 0x000001fd67dad890 Thread added: 0x000001fd67dad890
Event: 0.036 Thread 0x000001fd67ddfdb0 Thread added: 0x000001fd67ddfdb0
Event: 0.049 Thread 0x000001fd67deea10 Thread added: 0x000001fd67deea10
Event: 0.238 Thread 0x000001fd7d212240 Thread added: 0x000001fd7d212240
Event: 0.545 Thread 0x000001fd7d254420 Thread added: 0x000001fd7d254420
Event: 1.766 Thread 0x000001fd7e3984e0 Thread added: 0x000001fd7e3984e0
Event: 2.051 Thread 0x000001fd7de94410 Thread added: 0x000001fd7de94410
Event: 2.128 Thread 0x000001fd7ded94c0 Thread added: 0x000001fd7ded94c0
Event: 2.150 Thread 0x000001fd7ec5d6d0 Thread added: 0x000001fd7ec5d6d0
Event: 2.153 Thread 0x000001fd7ed05950 Thread added: 0x000001fd7ed05950
Event: 2.179 Thread 0x000001fd7deb57b0 Thread added: 0x000001fd7deb57b0
Event: 2.186 Thread 0x000001fd7deb5cc0 Thread added: 0x000001fd7deb5cc0
Event: 2.193 Thread 0x000001fd7deb2510 Thread added: 0x000001fd7deb2510
Event: 2.195 Thread 0x000001fd7deb2a20 Thread added: 0x000001fd7deb2a20
Event: 2.197 Thread 0x000001fd7deb2f30 Thread added: 0x000001fd7deb2f30
Event: 2.527 Thread 0x000001fd7deb3440 Thread added: 0x000001fd7deb3440
Event: 2.535 Thread 0x000001fd7deb4d90 Thread added: 0x000001fd7deb4d90
Event: 2.560 Thread 0x000001fd7deb3e60 Thread added: 0x000001fd7deb3e60
Event: 3.015 Thread 0x000001fd7deb3950 Thread added: 0x000001fd7deb3950


Dynamic libraries:
0x00007ff679530000 - 0x00007ff67953e000 	C:\Users\ASUS\.jdks\corretto-17.0.12\bin\java.exe
0x00007ffd82c70000 - 0x00007ffd82e68000 	C:\Windows\SYSTEM32\ntdll.dll
0x00007ffd81570000 - 0x00007ffd8162f000 	C:\Windows\System32\KERNEL32.DLL
0x00007ffd80820000 - 0x00007ffd80af2000 	C:\Windows\System32\KERNELBASE.dll
0x00007ffd80610000 - 0x00007ffd80710000 	C:\Windows\System32\ucrtbase.dll
0x00007ffd78d20000 - 0x00007ffd78d37000 	C:\Users\ASUS\.jdks\corretto-17.0.12\bin\jli.dll
0x00007ffd78d00000 - 0x00007ffd78d1b000 	C:\Users\ASUS\.jdks\corretto-17.0.12\bin\VCRUNTIME140.dll
0x00007ffd82940000 - 0x00007ffd82ae1000 	C:\Windows\System32\USER32.dll
0x00007ffd6c9c0000 - 0x00007ffd6cc5a000 	C:\Windows\WinSxS\amd64_microsoft.windows.common-controls_6595b64144ccf1df_6.0.19041.1110_none_60b5254171f9507e\COMCTL32.dll
0x00007ffd80390000 - 0x00007ffd803b2000 	C:\Windows\System32\win32u.dll
0x00007ffd81540000 - 0x00007ffd8156b000 	C:\Windows\System32\GDI32.dll
0x00007ffd81830000 - 0x00007ffd818ce000 	C:\Windows\System32\msvcrt.dll
0x00007ffd80710000 - 0x00007ffd8081f000 	C:\Windows\System32\gdi32full.dll
0x00007ffd804e0000 - 0x00007ffd8057d000 	C:\Windows\System32\msvcp_win.dll
0x00007ffd81500000 - 0x00007ffd81532000 	C:\Windows\System32\IMM32.DLL
0x00007ffd7abe0000 - 0x00007ffd7abec000 	C:\Users\ASUS\.jdks\corretto-17.0.12\bin\vcruntime140_1.dll
0x00007ffd52cd0000 - 0x00007ffd52d5d000 	C:\Users\ASUS\.jdks\corretto-17.0.12\bin\msvcp140.dll
0x00007ffcf4290000 - 0x00007ffcf4efa000 	C:\Users\ASUS\.jdks\corretto-17.0.12\bin\server\jvm.dll
0x00007ffd82890000 - 0x00007ffd8293e000 	C:\Windows\System32\ADVAPI32.dll
0x00007ffd81a20000 - 0x00007ffd81abc000 	C:\Windows\System32\sechost.dll
0x00007ffd82760000 - 0x00007ffd82885000 	C:\Windows\System32\RPCRT4.dll
0x00007ffd82af0000 - 0x00007ffd82b5b000 	C:\Windows\System32\WS2_32.dll
0x00007ffd7f8e0000 - 0x00007ffd7f92b000 	C:\Windows\SYSTEM32\POWRPROF.dll
0x00007ffd743c0000 - 0x00007ffd743e7000 	C:\Windows\SYSTEM32\WINMM.dll
0x00007ffd79f60000 - 0x00007ffd79f6a000 	C:\Windows\SYSTEM32\VERSION.dll
0x00007ffd7f7a0000 - 0x00007ffd7f7b2000 	C:\Windows\SYSTEM32\UMPDC.dll
0x00007ffd7e220000 - 0x00007ffd7e232000 	C:\Windows\SYSTEM32\kernel.appcore.dll
0x00007ffd7a680000 - 0x00007ffd7a68a000 	C:\Users\ASUS\.jdks\corretto-17.0.12\bin\jimage.dll
0x00007ffd69e90000 - 0x00007ffd6a074000 	C:\Windows\SYSTEM32\DBGHELP.DLL
0x00007ffd68c90000 - 0x00007ffd68cc5000 	C:\Windows\SYSTEM32\dbgcore.DLL
0x00007ffd80580000 - 0x00007ffd80602000 	C:\Windows\System32\bcryptPrimitives.dll
0x00007ffd78dd0000 - 0x00007ffd78dde000 	C:\Users\ASUS\.jdks\corretto-17.0.12\bin\instrument.dll
0x00007ffd78cd0000 - 0x00007ffd78cf5000 	C:\Users\ASUS\.jdks\corretto-17.0.12\bin\java.dll
0x00007ffd50b00000 - 0x00007ffd50bd7000 	C:\Users\ASUS\.jdks\corretto-17.0.12\bin\jsvml.dll
0x00007ffd82010000 - 0x00007ffd82755000 	C:\Windows\System32\SHELL32.dll
0x00007ffd7e420000 - 0x00007ffd7ebb2000 	C:\Windows\SYSTEM32\windows.storage.dll
0x00007ffd81c50000 - 0x00007ffd81fa5000 	C:\Windows\System32\combase.dll
0x00007ffd7fdc0000 - 0x00007ffd7fdf0000 	C:\Windows\SYSTEM32\Wldp.dll
0x00007ffd81720000 - 0x00007ffd817cd000 	C:\Windows\System32\SHCORE.dll
0x00007ffd81fb0000 - 0x00007ffd82005000 	C:\Windows\System32\shlwapi.dll
0x00007ffd802a0000 - 0x00007ffd802bf000 	C:\Windows\SYSTEM32\profapi.dll
0x00007ffd78b40000 - 0x00007ffd78b58000 	C:\Users\ASUS\.jdks\corretto-17.0.12\bin\zip.dll
0x00007ffd78b20000 - 0x00007ffd78b39000 	C:\Users\ASUS\.jdks\corretto-17.0.12\bin\net.dll
0x00007ffd78010000 - 0x00007ffd7811c000 	C:\Windows\SYSTEM32\WINHTTP.dll
0x00007ffd7fb20000 - 0x00007ffd7fb8a000 	C:\Windows\system32\mswsock.dll
0x00007ffd78b00000 - 0x00007ffd78b16000 	C:\Users\ASUS\.jdks\corretto-17.0.12\bin\nio.dll
0x00007ffd78d90000 - 0x00007ffd78da0000 	C:\Users\ASUS\.jdks\corretto-17.0.12\bin\verify.dll
0x00007ffd78c60000 - 0x00007ffd78c87000 	C:\Users\ASUS\.gradle\native\c067742578af261105cb4f569cf0c3c89f3d7b1fecec35dd04571415982c5e48\windows-amd64\native-platform.dll
0x00007ffd32700000 - 0x00007ffd32844000 	C:\Users\ASUS\.gradle\native\100fb08df4bc3b14c8652ba06237920a3bd2aa13389f12d3474272988ae205f9\windows-amd64\native-platform-file-events.dll
0x00007ffd78cc0000 - 0x00007ffd78cc9000 	C:\Users\ASUS\.jdks\corretto-17.0.12\bin\management.dll
0x00007ffd78c50000 - 0x00007ffd78c5b000 	C:\Users\ASUS\.jdks\corretto-17.0.12\bin\management_ext.dll
0x00007ffd816b0000 - 0x00007ffd816b8000 	C:\Windows\System32\PSAPI.DLL
0x00007ffd7fd10000 - 0x00007ffd7fd28000 	C:\Windows\SYSTEM32\CRYPTSP.dll
0x00007ffd7f3d0000 - 0x00007ffd7f404000 	C:\Windows\system32\rsaenh.dll
0x00007ffd80360000 - 0x00007ffd80387000 	C:\Windows\System32\bcrypt.dll
0x00007ffd80260000 - 0x00007ffd8028e000 	C:\Windows\SYSTEM32\USERENV.dll
0x00007ffd7fd30000 - 0x00007ffd7fd3c000 	C:\Windows\SYSTEM32\CRYPTBASE.dll
0x00007ffd7f7c0000 - 0x00007ffd7f7fb000 	C:\Windows\SYSTEM32\IPHLPAPI.DLL
0x00007ffd80cb0000 - 0x00007ffd80cb8000 	C:\Windows\System32\NSI.dll
0x00007ffd78310000 - 0x00007ffd78327000 	C:\Windows\SYSTEM32\dhcpcsvc6.DLL
0x00007ffd79230000 - 0x00007ffd7924d000 	C:\Windows\SYSTEM32\dhcpcsvc.DLL
0x00007ffd7f810000 - 0x00007ffd7f8db000 	C:\Windows\SYSTEM32\DNSAPI.dll
0x00007ffd789b0000 - 0x00007ffd789b9000 	C:\Users\ASUS\.jdks\corretto-17.0.12\bin\extnet.dll
0x00007ffd73e20000 - 0x00007ffd73e2e000 	C:\Users\ASUS\.jdks\corretto-17.0.12\bin\sunmscapi.dll
0x00007ffd80b00000 - 0x00007ffd80c56000 	C:\Windows\System32\CRYPT32.dll
0x00007ffd7fe30000 - 0x00007ffd7fe57000 	C:\Windows\SYSTEM32\ncrypt.dll
0x00007ffd7fdf0000 - 0x00007ffd7fe2b000 	C:\Windows\SYSTEM32\NTASN1.dll
0x00007ffd78ad0000 - 0x00007ffd78ad7000 	C:\Windows\system32\wshunix.dll

dbghelp: loaded successfully - version: 4.0.5 - missing functions: none
symbol engine: initialized successfully - sym options: 0x614 - pdb path: .;C:\Users\ASUS\.jdks\corretto-17.0.12\bin;C:\Windows\SYSTEM32;C:\Windows\WinSxS\amd64_microsoft.windows.common-controls_6595b64144ccf1df_6.0.19041.1110_none_60b5254171f9507e;C:\Users\ASUS\.jdks\corretto-17.0.12\bin\server;C:\Users\ASUS\.gradle\native\c067742578af261105cb4f569cf0c3c89f3d7b1fecec35dd04571415982c5e48\windows-amd64;C:\Users\ASUS\.gradle\native\100fb08df4bc3b14c8652ba06237920a3bd2aa13389f12d3474272988ae205f9\windows-amd64

VM Arguments:
jvm_args: --add-opens=java.base/java.lang=ALL-UNNAMED --add-opens=java.base/java.lang.invoke=ALL-UNNAMED --add-opens=java.base/java.util=ALL-UNNAMED --add-opens=java.prefs/java.util.prefs=ALL-UNNAMED --add-exports=jdk.compiler/com.sun.tools.javac.api=ALL-UNNAMED --add-exports=jdk.compiler/com.sun.tools.javac.util=ALL-UNNAMED --add-opens=java.base/java.util=ALL-UNNAMED --add-opens=java.prefs/java.util.prefs=ALL-UNNAMED --add-opens=java.base/java.nio.charset=ALL-UNNAMED --add-opens=java.base/java.net=ALL-UNNAMED --add-opens=java.base/java.util.concurrent.atomic=ALL-UNNAMED --add-opens=java.xml/javax.xml.namespace=ALL-UNNAMED -XX:MaxMetaspaceSize=384m -XX:+HeapDumpOnOutOfMemoryError -Xms256m -Xmx512m -Dfile.encoding=windows-1252 -Duser.country=US -Duser.language=en -Duser.variant -javaagent:C:\Users\ASUS\.gradle\wrapper\dists\gradle-8.11.1-bin\bpt9gzteqjrbo1mjrsomdt32c\gradle-8.11.1\lib\agents\gradle-instrumentation-agent-8.11.1.jar 
java_command: org.gradle.launcher.daemon.bootstrap.GradleDaemon 8.11.1
java_class_path (initial): C:\Users\ASUS\.gradle\wrapper\dists\gradle-8.11.1-bin\bpt9gzteqjrbo1mjrsomdt32c\gradle-8.11.1\lib\gradle-daemon-main-8.11.1.jar
Launcher Type: SUN_STANDARD

[Global flags]
     intx CICompilerCount                          = 3                                         {product} {ergonomic}
   size_t CompressedClassSpaceSize                 = 335544320                                 {product} {ergonomic}
     uint ConcGCThreads                            = 1                                         {product} {ergonomic}
     uint G1ConcRefinementThreads                  = 4                                         {product} {ergonomic}
   size_t G1HeapRegionSize                         = 1048576                                   {product} {ergonomic}
    uintx GCDrainStackTargetSize                   = 64                                        {product} {ergonomic}
     bool HeapDumpOnOutOfMemoryError               = true                                   {manageable} {command line}
   size_t InitialHeapSize                          = 268435456                                 {product} {command line}
   size_t MarkStackSize                            = 4194304                                   {product} {ergonomic}
   size_t MaxHeapSize                              = 536870912                                 {product} {command line}
   size_t MaxMetaspaceSize                         = 402653184                                 {product} {command line}
   size_t MaxNewSize                               = 321912832                                 {product} {ergonomic}
   size_t MinHeapDeltaBytes                        = 1048576                                   {product} {ergonomic}
   size_t MinHeapSize                              = 268435456                                 {product} {command line}
    uintx NonNMethodCodeHeapSize                   = 5832780                                {pd product} {ergonomic}
    uintx NonProfiledCodeHeapSize                  = 122912730                              {pd product} {ergonomic}
    uintx ProfiledCodeHeapSize                     = 122912730                              {pd product} {ergonomic}
    uintx ReservedCodeCacheSize                    = 251658240                              {pd product} {ergonomic}
     bool SegmentedCodeCache                       = true                                      {product} {ergonomic}
   size_t SoftMaxHeapSize                          = 536870912                              {manageable} {ergonomic}
     bool UseCompressedClassPointers               = true                           {product lp64_product} {ergonomic}
     bool UseCompressedOops                        = true                           {product lp64_product} {ergonomic}
     bool UseG1GC                                  = true                                      {product} {ergonomic}
     bool UseLargePagesIndividualAllocation        = false                                  {pd product} {ergonomic}

Logging:
Log output configuration:
 #0: stdout all=warning uptime,level,tags
 #1: stderr all=off uptime,level,tags

Environment Variables:
PATH=C:\Windows\system32;C:\Windows;C:\Windows\System32\Wbem;C:\Windows\System32\WindowsPowerShell\v1.0\;C:\Windows\System32\OpenSSH\;C:\Program Files\Git\cmd;C:\Users\ASUS\AppData\Local\Microsoft\WindowsApps;;D:\WebStorm 2024.1.5\bin;
USERNAME=ASUS
OS=Windows_NT
PROCESSOR_IDENTIFIER=Intel64 Family 6 Model 158 Stepping 9, GenuineIntel
TMP=C:\Users\ASUS\AppData\Local\Temp
TEMP=C:\Users\ASUS\AppData\Local\Temp



Periodic native trim disabled


---------------  S Y S T E M  ---------------

OS:
 Windows 10 , 64 bit Build 19041 (10.0.19041.2546)
OS uptime: 3 days 7:53 hours

CPU: total 4 (initial active 4) (4 cores per cpu, 1 threads per core) family 6 model 158 stepping 9 microcode 0xb4, cx8, cmov, fxsr, mmx, 3dnowpref, sse, sse2, sse3, ssse3, sse4.1, sse4.2, popcnt, lzcnt, tsc, tscinvbit, avx, avx2, aes, erms, clmul, bmi1, bmi2, adx, fma, vzeroupper, clflush, clflushopt
Processor Information for all 4 processors :
  Max Mhz: 2501, Current Mhz: 2501, Mhz Limit: 2501

Memory: 4k page, system-wide physical 8076M (865M free)
TotalPageFile size 16542M (AvailPageFile size 4M)
current process WorkingSet (physical memory assigned to process): 312M, peak: 312M
current process commit charge ("private bytes"): 439M, peak: 439M

vm_info: OpenJDK 64-Bit Server VM (17.0.12+7-LTS) for windows-amd64 JRE (17.0.12+7-LTS), built on Jul 10 2024 20:46:33 by "Administrator" with MS VC++ 16.10 / 16.11 (VS2019)

END.
