#
# There is insufficient memory for the Java Runtime Environment to continue.
# Native memory allocation (malloc) failed to allocate 2035808 bytes. Error detail: Chunk::new
# Possible reasons:
#   The system is out of physical RAM or swap space
#   This process is running with CompressedOops enabled, and the Java Heap may be blocking the growth of the native heap
# Possible solutions:
#   Reduce memory load on the system
#   Increase physical memory or swap space
#   Check if swap backing store is full
#   Decrease Java heap size (-Xmx/-Xms)
#   Decrease number of Java threads
#   Decrease Java thread stack sizes (-Xss)
#   Set larger code cache with -XX:ReservedCodeCacheSize=
#   JVM is running with Unscaled Compressed Oops mode in which the Java heap is
#     placed in the first 4GB address space. The Java Heap base address is the
#     maximum limit for the native heap growth. Please use -XX:HeapBaseMinAddress
#     to set the Java Heap base and to place the Java Heap above 4GB virtual address.
# This output file may be truncated or incomplete.
#
#  Out of Memory Error (arena.cpp:191), pid=212, tid=16540
#
# JRE version: OpenJDK Runtime Environment Corretto-17.0.12.7.1 (17.0.12+7) (build 17.0.12+7-LTS)
# Java VM: OpenJDK 64-Bit Server VM Corretto-17.0.12.7.1 (17.0.12+7-LTS, mixed mode, sharing, tiered, compressed oops, compressed class ptrs, g1 gc, windows-amd64)
# No core dump will be written. Minidumps are not enabled by default on client versions of Windows
#

---------------  S U M M A R Y ------------

Command Line: --add-opens=java.base/java.lang=ALL-UNNAMED --add-opens=java.base/java.lang.invoke=ALL-UNNAMED --add-opens=java.base/java.util=ALL-UNNAMED --add-opens=java.prefs/java.util.prefs=ALL-UNNAMED --add-exports=jdk.compiler/com.sun.tools.javac.api=ALL-UNNAMED --add-exports=jdk.compiler/com.sun.tools.javac.util=ALL-UNNAMED --add-opens=java.base/java.util=ALL-UNNAMED --add-opens=java.prefs/java.util.prefs=ALL-UNNAMED --add-opens=java.base/java.nio.charset=ALL-UNNAMED --add-opens=java.base/java.net=ALL-UNNAMED --add-opens=java.base/java.util.concurrent.atomic=ALL-UNNAMED --add-opens=java.xml/javax.xml.namespace=ALL-UNNAMED -XX:MaxMetaspaceSize=384m -XX:+HeapDumpOnOutOfMemoryError -Xms256m -Xmx512m -Dfile.encoding=windows-1252 -Duser.country=US -Duser.language=en -Duser.variant -javaagent:C:\Users\ASUS\.gradle\wrapper\dists\gradle-8.11.1-bin\bpt9gzteqjrbo1mjrsomdt32c\gradle-8.11.1\lib\agents\gradle-instrumentation-agent-8.11.1.jar org.gradle.launcher.daemon.bootstrap.GradleDaemon 8.11.1

Host: Intel(R) Core(TM) i5-7300HQ CPU @ 2.50GHz, 4 cores, 7G,  Windows 10 , 64 bit Build 19041 (10.0.19041.2546)
Time: Thu Jan 23 08:16:30 2025 SE Asia Standard Time elapsed time: 7.449363 seconds (0d 0h 0m 7s)

---------------  T H R E A D  ---------------

Current thread (0x00000287fa0eb5f0):  JavaThread "C2 CompilerThread0" daemon [_thread_in_native, id=16540, stack(0x000000e003100000,0x000000e003200000)]


Current CompileTask:
C2:   7449 3306   !   4       java.lang.ClassLoader::loadClass (121 bytes)

Stack: [0x000000e003100000,0x000000e003200000]
Native frames: (J=compiled Java code, j=interpreted, Vv=VM code, C=native code)
V  [jvm.dll+0x67f4f9]
V  [jvm.dll+0x836eaa]
V  [jvm.dll+0x83896e]
V  [jvm.dll+0x838fd3]
V  [jvm.dll+0x247f6f]
V  [jvm.dll+0xac9d4]
V  [jvm.dll+0xad01c]
V  [jvm.dll+0x367097]
V  [jvm.dll+0x1bd452]
V  [jvm.dll+0x21a659]
V  [jvm.dll+0x219941]
V  [jvm.dll+0x1a57bd]
V  [jvm.dll+0x22966d]
V  [jvm.dll+0x22781c]
V  [jvm.dll+0x7ebec7]
V  [jvm.dll+0x7e62ac]
V  [jvm.dll+0x67e3c7]
C  [ucrtbase.dll+0x21bb2]
C  [KERNEL32.DLL+0x17614]
C  [ntdll.dll+0x526a1]


---------------  P R O C E S S  ---------------

Threads class SMR info:
_java_thread_list=0x0000028796b17eb0, length=36, elements={
0x00000287dde66880, 0x00000287fa0d0920, 0x00000287fa0d13f0, 0x00000287fa0e8ed0,
0x00000287fa0e97a0, 0x00000287fa0ea070, 0x00000287fa0ea940, 0x00000287fa0eb5f0,
0x00000287fa0ee770, 0x00000287fa0ef080, 0x00000287fa34ad80, 0x00000287fa3dc260,
0x00000287ffd0a700, 0x00000287fa6a4a80, 0x00000287fa982480, 0x00000287ffe74090,
0x00000287ffe08b60, 0x00000287953d35a0, 0x00000287953d3fc0, 0x00000287953d49e0,
0x00000287953d3090, 0x00000287953d3ab0, 0x0000028795cad230, 0x0000028795caa9b0,
0x0000028795ca9f90, 0x0000028795cad740, 0x0000028795ca62d0, 0x0000028795ca8130,
0x0000028795cab8e0, 0x0000028795ca6cf0, 0x0000028795ca7200, 0x0000028795cadc50,
0x0000028795a6b300, 0x0000028795cabdf0, 0x0000028795ca67e0, 0x0000028795ca7710
}

Java Threads: ( => current thread )
  0x00000287dde66880 JavaThread "main" [_thread_blocked, id=11512, stack(0x000000e002400000,0x000000e002500000)]
  0x00000287fa0d0920 JavaThread "Reference Handler" daemon [_thread_blocked, id=616, stack(0x000000e002b00000,0x000000e002c00000)]
  0x00000287fa0d13f0 JavaThread "Finalizer" daemon [_thread_blocked, id=3384, stack(0x000000e002c00000,0x000000e002d00000)]
  0x00000287fa0e8ed0 JavaThread "Signal Dispatcher" daemon [_thread_blocked, id=3000, stack(0x000000e002d00000,0x000000e002e00000)]
  0x00000287fa0e97a0 JavaThread "Attach Listener" daemon [_thread_blocked, id=8612, stack(0x000000e002e00000,0x000000e002f00000)]
  0x00000287fa0ea070 JavaThread "Service Thread" daemon [_thread_blocked, id=16716, stack(0x000000e002f00000,0x000000e003000000)]
  0x00000287fa0ea940 JavaThread "Monitor Deflation Thread" daemon [_thread_blocked, id=17256, stack(0x000000e003000000,0x000000e003100000)]
=>0x00000287fa0eb5f0 JavaThread "C2 CompilerThread0" daemon [_thread_in_native, id=16540, stack(0x000000e003100000,0x000000e003200000)]
  0x00000287fa0ee770 JavaThread "C1 CompilerThread0" daemon [_thread_blocked, id=1948, stack(0x000000e003200000,0x000000e003300000)]
  0x00000287fa0ef080 JavaThread "Sweeper thread" daemon [_thread_blocked, id=1096, stack(0x000000e003300000,0x000000e003400000)]
  0x00000287fa34ad80 JavaThread "Common-Cleaner" daemon [_thread_blocked, id=11664, stack(0x000000e003400000,0x000000e003500000)]
  0x00000287fa3dc260 JavaThread "Notification Thread" daemon [_thread_blocked, id=14816, stack(0x000000e003500000,0x000000e003600000)]
  0x00000287ffd0a700 JavaThread "Daemon health stats" [_thread_blocked, id=9252, stack(0x000000e003700000,0x000000e003800000)]
  0x00000287fa6a4a80 JavaThread "Incoming local TCP Connector on port 54091" [_thread_in_native, id=796, stack(0x000000e003c00000,0x000000e003d00000)]
  0x00000287fa982480 JavaThread "Daemon periodic checks" [_thread_blocked, id=14932, stack(0x000000e003d00000,0x000000e003e00000)]
  0x00000287ffe74090 JavaThread "Daemon" [_thread_blocked, id=14464, stack(0x000000e003e00000,0x000000e003f00000)]
  0x00000287ffe08b60 JavaThread "Handler for socket connection from /127.0.0.1:54091 to /127.0.0.1:54092" [_thread_in_native, id=11676, stack(0x000000e003f00000,0x000000e004000000)]
  0x00000287953d35a0 JavaThread "Cancel handler" [_thread_blocked, id=15108, stack(0x000000e004000000,0x000000e004100000)]
  0x00000287953d3fc0 JavaThread "Daemon worker" [_thread_in_vm, id=2136, stack(0x000000e004100000,0x000000e004200000)]
  0x00000287953d49e0 JavaThread "Asynchronous log dispatcher for DefaultDaemonConnection: socket connection from /127.0.0.1:54091 to /127.0.0.1:54092" [_thread_blocked, id=2324, stack(0x000000e004200000,0x000000e004300000)]
  0x00000287953d3090 JavaThread "Stdin handler" [_thread_blocked, id=15328, stack(0x000000e004300000,0x000000e004400000)]
  0x00000287953d3ab0 JavaThread "Daemon client event forwarder" [_thread_blocked, id=2320, stack(0x000000e004400000,0x000000e004500000)]
  0x0000028795cad230 JavaThread "Cache worker for journal cache (C:\Users\ASUS\.gradle\caches\journal-1)" [_thread_blocked, id=12816, stack(0x000000e004500000,0x000000e004600000)]
  0x0000028795caa9b0 JavaThread "File lock request listener" [_thread_in_native, id=3240, stack(0x000000e004600000,0x000000e004700000)]
  0x0000028795ca9f90 JavaThread "Cache worker for file hash cache (C:\Users\ASUS\.gradle\caches\8.11.1\fileHashes)" [_thread_blocked, id=16776, stack(0x000000e004700000,0x000000e004800000)]
  0x0000028795cad740 JavaThread "Cache worker for file content cache (C:\Users\ASUS\.gradle\caches\8.11.1\fileContent)" [_thread_blocked, id=14300, stack(0x000000e004800000,0x000000e004900000)]
  0x0000028795ca62d0 JavaThread "Cache worker for file hash cache (D:\codegym\module4\football_player_management\.gradle\8.11.1\fileHashes)" [_thread_blocked, id=3960, stack(0x000000e004900000,0x000000e004a00000)]
  0x0000028795ca8130 JavaThread "Cache worker for Build Output Cleanup Cache (D:\codegym\module4\football_player_management\.gradle\buildOutputCleanup)" [_thread_blocked, id=4052, stack(0x000000e004a00000,0x000000e004b00000)]
  0x0000028795cab8e0 JavaThread "File watcher server" daemon [_thread_in_native, id=1636, stack(0x000000e004b00000,0x000000e004c00000)]
  0x0000028795ca6cf0 JavaThread "File watcher consumer" daemon [_thread_blocked, id=8056, stack(0x000000e004c00000,0x000000e004d00000)]
  0x0000028795ca7200 JavaThread "Cache worker for checksums cache (D:\codegym\module4\football_player_management\.gradle\8.11.1\checksums)" [_thread_blocked, id=2236, stack(0x000000e004d00000,0x000000e004e00000)]
  0x0000028795cadc50 JavaThread "Cache worker for cache directory md-rule (C:\Users\ASUS\.gradle\caches\8.11.1\md-rule)" [_thread_blocked, id=9724, stack(0x000000e004e00000,0x000000e004f00000)]
  0x0000028795a6b300 JavaThread "C2 CompilerThread1" daemon [_thread_in_native, id=1112, stack(0x000000e004f00000,0x000000e005000000)]
  0x0000028795cabdf0 JavaThread "Cache worker for cache directory md-supplier (C:\Users\ASUS\.gradle\caches\8.11.1\md-supplier)" [_thread_blocked, id=14016, stack(0x000000e005000000,0x000000e005100000)]
  0x0000028795ca67e0 JavaThread "jar transforms" [_thread_blocked, id=4728, stack(0x000000e005100000,0x000000e005200000)]
  0x0000028795ca7710 JavaThread "jar transforms Thread 2" [_thread_blocked, id=14596, stack(0x000000e005200000,0x000000e005300000)]

Other Threads:
  0x00000287fa0cb290 VMThread "VM Thread" [stack: 0x000000e002a00000,0x000000e002b00000] [id=2740]
  0x00000287fa39a610 WatcherThread [stack: 0x000000e003600000,0x000000e003700000] [id=16600]
  0x00000287dde91f70 GCTaskThread "GC Thread#0" [stack: 0x000000e002500000,0x000000e002600000] [id=1312]
  0x00000287fa4c1370 GCTaskThread "GC Thread#1" [stack: 0x000000e003800000,0x000000e003900000] [id=15160]
  0x00000287fa4d3360 GCTaskThread "GC Thread#2" [stack: 0x000000e003900000,0x000000e003a00000] [id=10732]
  0x00000287fa4d3620 GCTaskThread "GC Thread#3" [stack: 0x000000e003a00000,0x000000e003b00000] [id=11916]
  0x00000287dde98490 ConcurrentGCThread "G1 Main Marker" [stack: 0x000000e002600000,0x000000e002700000] [id=12144]
  0x00000287dde99400 ConcurrentGCThread "G1 Conc#0" [stack: 0x000000e002700000,0x000000e002800000] [id=7608]
  0x00000287f9f8e540 ConcurrentGCThread "G1 Refine#0" [stack: 0x000000e002800000,0x000000e002900000] [id=3376]
  0x00000287ff4c1d70 ConcurrentGCThread "G1 Refine#1" [stack: 0x000000e003b00000,0x000000e003c00000] [id=13588]
  0x00000287f9f8ec20 ConcurrentGCThread "G1 Service" [stack: 0x000000e002900000,0x000000e002a00000] [id=5448]

Threads with active compile tasks:
C2 CompilerThread0     7508 3306   !   4       java.lang.ClassLoader::loadClass (121 bytes)
C2 CompilerThread1     7508 3353  s!   4       jdk.internal.loader.URLClassPath::getLoader (194 bytes)

VM state: not at safepoint (normal execution)

VM Mutex/Monitor currently owned by a thread: None

Heap address: 0x00000000e0000000, size: 512 MB, Compressed Oops mode: 32-bit

CDS archive(s) mapped at: [0x0000028780000000-0x0000028780bb0000-0x0000028780bb0000), size 12255232, SharedBaseAddress: 0x0000028780000000, ArchiveRelocationMode: 1.
Compressed class space mapped at: 0x0000028781000000-0x0000028795000000, reserved size: 335544320
Narrow klass base: 0x0000028780000000, Narrow klass shift: 0, Narrow klass range: 0x100000000

GC Precious Log:
 CPUs: 4 total, 4 available
 Memory: 8076M
 Large Page Support: Disabled
 NUMA Support: Disabled
 Compressed Oops: Enabled (32-bit)
 Heap Region Size: 1M
 Heap Min Capacity: 256M
 Heap Initial Capacity: 256M
 Heap Max Capacity: 512M
 Pre-touch: Disabled
 Parallel Workers: 4
 Concurrent Workers: 1
 Concurrent Refinement Workers: 4
 Periodic GC: Disabled

Heap:
 garbage-first heap   total 262144K, used 94396K [0x00000000e0000000, 0x0000000100000000)
  region size 1024K, 72 young (73728K), 2 survivors (2048K)
 Metaspace       used 30684K, committed 31040K, reserved 393216K
  class space    used 4487K, committed 4672K, reserved 327680K

Heap Regions: E=young(eden), S=young(survivor), O=old, HS=humongous(starts), HC=humongous(continues), CS=collection set, F=free, OA=open archive, CA=closed archive, TAMS=top-at-mark-start (previous, next)
|   0|0x00000000e0000000, 0x00000000e0100000, 0x00000000e0100000|100%|HS|  |TAMS 0x00000000e0100000, 0x00000000e0000000| Complete 
|   1|0x00000000e0100000, 0x00000000e0200000, 0x00000000e0200000|100%|HC|  |TAMS 0x00000000e0200000, 0x00000000e0100000| Complete 
|   2|0x00000000e0200000, 0x00000000e0300000, 0x00000000e0300000|100%|HC|  |TAMS 0x00000000e0300000, 0x00000000e0200000| Complete 
|   3|0x00000000e0300000, 0x00000000e0400000, 0x00000000e0400000|100%| O|  |TAMS 0x00000000e0400000, 0x00000000e0300000| Untracked 
|   4|0x00000000e0400000, 0x00000000e0500000, 0x00000000e0500000|100%| O|  |TAMS 0x00000000e0500000, 0x00000000e0400000| Untracked 
|   5|0x00000000e0500000, 0x00000000e0600000, 0x00000000e0600000|100%| O|  |TAMS 0x00000000e0600000, 0x00000000e0500000| Untracked 
|   6|0x00000000e0600000, 0x00000000e0700000, 0x00000000e0700000|100%| O|  |TAMS 0x00000000e066ae00, 0x00000000e0600000| Untracked 
|   7|0x00000000e0700000, 0x00000000e0800000, 0x00000000e0800000|100%|HS|  |TAMS 0x00000000e0800000, 0x00000000e0700000| Complete 
|   8|0x00000000e0800000, 0x00000000e0900000, 0x00000000e0900000|100%| O|  |TAMS 0x00000000e0800000, 0x00000000e0800000| Untracked 
|   9|0x00000000e0900000, 0x00000000e0a00000, 0x00000000e0a00000|100%| O|  |TAMS 0x00000000e0900000, 0x00000000e0900000| Untracked 
|  10|0x00000000e0a00000, 0x00000000e0b00000, 0x00000000e0b00000|100%| O|  |TAMS 0x00000000e0a00000, 0x00000000e0a00000| Untracked 
|  11|0x00000000e0b00000, 0x00000000e0c00000, 0x00000000e0c00000|100%| O|  |TAMS 0x00000000e0b00000, 0x00000000e0b00000| Untracked 
|  12|0x00000000e0c00000, 0x00000000e0d00000, 0x00000000e0d00000|100%| O|  |TAMS 0x00000000e0c00000, 0x00000000e0c00000| Untracked 
|  13|0x00000000e0d00000, 0x00000000e0e00000, 0x00000000e0e00000|100%| O|  |TAMS 0x00000000e0d00000, 0x00000000e0d00000| Untracked 
|  14|0x00000000e0e00000, 0x00000000e0f00000, 0x00000000e0f00000|100%| O|  |TAMS 0x00000000e0e00000, 0x00000000e0e00000| Untracked 
|  15|0x00000000e0f00000, 0x00000000e1000000, 0x00000000e1000000|100%| O|  |TAMS 0x00000000e0f00000, 0x00000000e0f00000| Untracked 
|  16|0x00000000e1000000, 0x00000000e1100000, 0x00000000e1100000|100%| O|  |TAMS 0x00000000e1000000, 0x00000000e1000000| Untracked 
|  17|0x00000000e1100000, 0x00000000e1200000, 0x00000000e1200000|100%| O|  |TAMS 0x00000000e1100000, 0x00000000e1100000| Untracked 
|  18|0x00000000e1200000, 0x00000000e1300000, 0x00000000e1300000|100%| O|  |TAMS 0x00000000e1200000, 0x00000000e1200000| Untracked 
|  19|0x00000000e1300000, 0x00000000e1400000, 0x00000000e1400000|100%| O|  |TAMS 0x00000000e1300000, 0x00000000e1300000| Untracked 
|  20|0x00000000e1400000, 0x00000000e1500000, 0x00000000e1500000|100%| O|  |TAMS 0x00000000e1400000, 0x00000000e1400000| Untracked 
|  21|0x00000000e1500000, 0x00000000e152f000, 0x00000000e1600000| 18%| O|  |TAMS 0x00000000e1500000, 0x00000000e1500000| Untracked 
|  22|0x00000000e1600000, 0x00000000e1600000, 0x00000000e1700000|  0%| F|  |TAMS 0x00000000e1600000, 0x00000000e1600000| Untracked 
|  23|0x00000000e1700000, 0x00000000e1700000, 0x00000000e1800000|  0%| F|  |TAMS 0x00000000e1700000, 0x00000000e1700000| Untracked 
|  24|0x00000000e1800000, 0x00000000e1800000, 0x00000000e1900000|  0%| F|  |TAMS 0x00000000e1800000, 0x00000000e1800000| Untracked 
|  25|0x00000000e1900000, 0x00000000e1900000, 0x00000000e1a00000|  0%| F|  |TAMS 0x00000000e1900000, 0x00000000e1900000| Untracked 
|  26|0x00000000e1a00000, 0x00000000e1a00000, 0x00000000e1b00000|  0%| F|  |TAMS 0x00000000e1a00000, 0x00000000e1a00000| Untracked 
|  27|0x00000000e1b00000, 0x00000000e1b00000, 0x00000000e1c00000|  0%| F|  |TAMS 0x00000000e1b00000, 0x00000000e1b00000| Untracked 
|  28|0x00000000e1c00000, 0x00000000e1c00000, 0x00000000e1d00000|  0%| F|  |TAMS 0x00000000e1c00000, 0x00000000e1c00000| Untracked 
|  29|0x00000000e1d00000, 0x00000000e1d00000, 0x00000000e1e00000|  0%| F|  |TAMS 0x00000000e1d00000, 0x00000000e1d00000| Untracked 
|  30|0x00000000e1e00000, 0x00000000e1e00000, 0x00000000e1f00000|  0%| F|  |TAMS 0x00000000e1e00000, 0x00000000e1e00000| Untracked 
|  31|0x00000000e1f00000, 0x00000000e1f00000, 0x00000000e2000000|  0%| F|  |TAMS 0x00000000e1f00000, 0x00000000e1f00000| Untracked 
|  32|0x00000000e2000000, 0x00000000e2000000, 0x00000000e2100000|  0%| F|  |TAMS 0x00000000e2000000, 0x00000000e2000000| Untracked 
|  33|0x00000000e2100000, 0x00000000e2100000, 0x00000000e2200000|  0%| F|  |TAMS 0x00000000e2100000, 0x00000000e2100000| Untracked 
|  34|0x00000000e2200000, 0x00000000e2200000, 0x00000000e2300000|  0%| F|  |TAMS 0x00000000e2200000, 0x00000000e2200000| Untracked 
|  35|0x00000000e2300000, 0x00000000e2300000, 0x00000000e2400000|  0%| F|  |TAMS 0x00000000e2300000, 0x00000000e2300000| Untracked 
|  36|0x00000000e2400000, 0x00000000e2400000, 0x00000000e2500000|  0%| F|  |TAMS 0x00000000e2400000, 0x00000000e2400000| Untracked 
|  37|0x00000000e2500000, 0x00000000e2500000, 0x00000000e2600000|  0%| F|  |TAMS 0x00000000e2500000, 0x00000000e2500000| Untracked 
|  38|0x00000000e2600000, 0x00000000e2600000, 0x00000000e2700000|  0%| F|  |TAMS 0x00000000e2600000, 0x00000000e2600000| Untracked 
|  39|0x00000000e2700000, 0x00000000e2700000, 0x00000000e2800000|  0%| F|  |TAMS 0x00000000e2700000, 0x00000000e2700000| Untracked 
|  40|0x00000000e2800000, 0x00000000e2800000, 0x00000000e2900000|  0%| F|  |TAMS 0x00000000e2800000, 0x00000000e2800000| Untracked 
|  41|0x00000000e2900000, 0x00000000e2900000, 0x00000000e2a00000|  0%| F|  |TAMS 0x00000000e2900000, 0x00000000e2900000| Untracked 
|  42|0x00000000e2a00000, 0x00000000e2a00000, 0x00000000e2b00000|  0%| F|  |TAMS 0x00000000e2a00000, 0x00000000e2a00000| Untracked 
|  43|0x00000000e2b00000, 0x00000000e2b00000, 0x00000000e2c00000|  0%| F|  |TAMS 0x00000000e2b00000, 0x00000000e2b00000| Untracked 
|  44|0x00000000e2c00000, 0x00000000e2c00000, 0x00000000e2d00000|  0%| F|  |TAMS 0x00000000e2c00000, 0x00000000e2c00000| Untracked 
|  45|0x00000000e2d00000, 0x00000000e2d00000, 0x00000000e2e00000|  0%| F|  |TAMS 0x00000000e2d00000, 0x00000000e2d00000| Untracked 
|  46|0x00000000e2e00000, 0x00000000e2e00000, 0x00000000e2f00000|  0%| F|  |TAMS 0x00000000e2e00000, 0x00000000e2e00000| Untracked 
|  47|0x00000000e2f00000, 0x00000000e2f00000, 0x00000000e3000000|  0%| F|  |TAMS 0x00000000e2f00000, 0x00000000e2f00000| Untracked 
|  48|0x00000000e3000000, 0x00000000e3000000, 0x00000000e3100000|  0%| F|  |TAMS 0x00000000e3000000, 0x00000000e3000000| Untracked 
|  49|0x00000000e3100000, 0x00000000e3100000, 0x00000000e3200000|  0%| F|  |TAMS 0x00000000e3100000, 0x00000000e3100000| Untracked 
|  50|0x00000000e3200000, 0x00000000e3200000, 0x00000000e3300000|  0%| F|  |TAMS 0x00000000e3200000, 0x00000000e3200000| Untracked 
|  51|0x00000000e3300000, 0x00000000e3300000, 0x00000000e3400000|  0%| F|  |TAMS 0x00000000e3300000, 0x00000000e3300000| Untracked 
|  52|0x00000000e3400000, 0x00000000e3400000, 0x00000000e3500000|  0%| F|  |TAMS 0x00000000e3400000, 0x00000000e3400000| Untracked 
|  53|0x00000000e3500000, 0x00000000e3500000, 0x00000000e3600000|  0%| F|  |TAMS 0x00000000e3500000, 0x00000000e3500000| Untracked 
|  54|0x00000000e3600000, 0x00000000e3600000, 0x00000000e3700000|  0%| F|  |TAMS 0x00000000e3600000, 0x00000000e3600000| Untracked 
|  55|0x00000000e3700000, 0x00000000e3700000, 0x00000000e3800000|  0%| F|  |TAMS 0x00000000e3700000, 0x00000000e3700000| Untracked 
|  56|0x00000000e3800000, 0x00000000e3800000, 0x00000000e3900000|  0%| F|  |TAMS 0x00000000e3800000, 0x00000000e3800000| Untracked 
|  57|0x00000000e3900000, 0x00000000e3900000, 0x00000000e3a00000|  0%| F|  |TAMS 0x00000000e3900000, 0x00000000e3900000| Untracked 
|  58|0x00000000e3a00000, 0x00000000e3a00000, 0x00000000e3b00000|  0%| F|  |TAMS 0x00000000e3a00000, 0x00000000e3a00000| Untracked 
|  59|0x00000000e3b00000, 0x00000000e3b00000, 0x00000000e3c00000|  0%| F|  |TAMS 0x00000000e3b00000, 0x00000000e3b00000| Untracked 
|  60|0x00000000e3c00000, 0x00000000e3c00000, 0x00000000e3d00000|  0%| F|  |TAMS 0x00000000e3c00000, 0x00000000e3c00000| Untracked 
|  61|0x00000000e3d00000, 0x00000000e3d00000, 0x00000000e3e00000|  0%| F|  |TAMS 0x00000000e3d00000, 0x00000000e3d00000| Untracked 
|  62|0x00000000e3e00000, 0x00000000e3e00000, 0x00000000e3f00000|  0%| F|  |TAMS 0x00000000e3e00000, 0x00000000e3e00000| Untracked 
|  63|0x00000000e3f00000, 0x00000000e3f00000, 0x00000000e4000000|  0%| F|  |TAMS 0x00000000e3f00000, 0x00000000e3f00000| Untracked 
|  64|0x00000000e4000000, 0x00000000e4000000, 0x00000000e4100000|  0%| F|  |TAMS 0x00000000e4000000, 0x00000000e4000000| Untracked 
|  65|0x00000000e4100000, 0x00000000e4100000, 0x00000000e4200000|  0%| F|  |TAMS 0x00000000e4100000, 0x00000000e4100000| Untracked 
|  66|0x00000000e4200000, 0x00000000e4200000, 0x00000000e4300000|  0%| F|  |TAMS 0x00000000e4200000, 0x00000000e4200000| Untracked 
|  67|0x00000000e4300000, 0x00000000e4300000, 0x00000000e4400000|  0%| F|  |TAMS 0x00000000e4300000, 0x00000000e4300000| Untracked 
|  68|0x00000000e4400000, 0x00000000e4400000, 0x00000000e4500000|  0%| F|  |TAMS 0x00000000e4400000, 0x00000000e4400000| Untracked 
|  69|0x00000000e4500000, 0x00000000e4500000, 0x00000000e4600000|  0%| F|  |TAMS 0x00000000e4500000, 0x00000000e4500000| Untracked 
|  70|0x00000000e4600000, 0x00000000e4600000, 0x00000000e4700000|  0%| F|  |TAMS 0x00000000e4600000, 0x00000000e4600000| Untracked 
|  71|0x00000000e4700000, 0x00000000e4700000, 0x00000000e4800000|  0%| F|  |TAMS 0x00000000e4700000, 0x00000000e4700000| Untracked 
|  72|0x00000000e4800000, 0x00000000e4800000, 0x00000000e4900000|  0%| F|  |TAMS 0x00000000e4800000, 0x00000000e4800000| Untracked 
|  73|0x00000000e4900000, 0x00000000e4900000, 0x00000000e4a00000|  0%| F|  |TAMS 0x00000000e4900000, 0x00000000e4900000| Untracked 
|  74|0x00000000e4a00000, 0x00000000e4a00000, 0x00000000e4b00000|  0%| F|  |TAMS 0x00000000e4a00000, 0x00000000e4a00000| Untracked 
|  75|0x00000000e4b00000, 0x00000000e4b00000, 0x00000000e4c00000|  0%| F|  |TAMS 0x00000000e4b00000, 0x00000000e4b00000| Untracked 
|  76|0x00000000e4c00000, 0x00000000e4c00000, 0x00000000e4d00000|  0%| F|  |TAMS 0x00000000e4c00000, 0x00000000e4c00000| Untracked 
|  77|0x00000000e4d00000, 0x00000000e4d00000, 0x00000000e4e00000|  0%| F|  |TAMS 0x00000000e4d00000, 0x00000000e4d00000| Untracked 
|  78|0x00000000e4e00000, 0x00000000e4e00000, 0x00000000e4f00000|  0%| F|  |TAMS 0x00000000e4e00000, 0x00000000e4e00000| Untracked 
|  79|0x00000000e4f00000, 0x00000000e4f00000, 0x00000000e5000000|  0%| F|  |TAMS 0x00000000e4f00000, 0x00000000e4f00000| Untracked 
|  80|0x00000000e5000000, 0x00000000e5000000, 0x00000000e5100000|  0%| F|  |TAMS 0x00000000e5000000, 0x00000000e5000000| Untracked 
|  81|0x00000000e5100000, 0x00000000e5100000, 0x00000000e5200000|  0%| F|  |TAMS 0x00000000e5100000, 0x00000000e5100000| Untracked 
|  82|0x00000000e5200000, 0x00000000e5200000, 0x00000000e5300000|  0%| F|  |TAMS 0x00000000e5200000, 0x00000000e5200000| Untracked 
|  83|0x00000000e5300000, 0x00000000e5300000, 0x00000000e5400000|  0%| F|  |TAMS 0x00000000e5300000, 0x00000000e5300000| Untracked 
|  84|0x00000000e5400000, 0x00000000e5400000, 0x00000000e5500000|  0%| F|  |TAMS 0x00000000e5400000, 0x00000000e5400000| Untracked 
|  85|0x00000000e5500000, 0x00000000e5500000, 0x00000000e5600000|  0%| F|  |TAMS 0x00000000e5500000, 0x00000000e5500000| Untracked 
|  86|0x00000000e5600000, 0x00000000e5600000, 0x00000000e5700000|  0%| F|  |TAMS 0x00000000e5600000, 0x00000000e5600000| Untracked 
|  87|0x00000000e5700000, 0x00000000e5700000, 0x00000000e5800000|  0%| F|  |TAMS 0x00000000e5700000, 0x00000000e5700000| Untracked 
|  88|0x00000000e5800000, 0x00000000e5800000, 0x00000000e5900000|  0%| F|  |TAMS 0x00000000e5800000, 0x00000000e5800000| Untracked 
|  89|0x00000000e5900000, 0x00000000e5900000, 0x00000000e5a00000|  0%| F|  |TAMS 0x00000000e5900000, 0x00000000e5900000| Untracked 
|  90|0x00000000e5a00000, 0x00000000e5a00000, 0x00000000e5b00000|  0%| F|  |TAMS 0x00000000e5a00000, 0x00000000e5a00000| Untracked 
|  91|0x00000000e5b00000, 0x00000000e5b00000, 0x00000000e5c00000|  0%| F|  |TAMS 0x00000000e5b00000, 0x00000000e5b00000| Untracked 
|  92|0x00000000e5c00000, 0x00000000e5c00000, 0x00000000e5d00000|  0%| F|  |TAMS 0x00000000e5c00000, 0x00000000e5c00000| Untracked 
|  93|0x00000000e5d00000, 0x00000000e5d00000, 0x00000000e5e00000|  0%| F|  |TAMS 0x00000000e5d00000, 0x00000000e5d00000| Untracked 
|  94|0x00000000e5e00000, 0x00000000e5e00000, 0x00000000e5f00000|  0%| F|  |TAMS 0x00000000e5e00000, 0x00000000e5e00000| Untracked 
|  95|0x00000000e5f00000, 0x00000000e5f00000, 0x00000000e6000000|  0%| F|  |TAMS 0x00000000e5f00000, 0x00000000e5f00000| Untracked 
|  96|0x00000000e6000000, 0x00000000e6000000, 0x00000000e6100000|  0%| F|  |TAMS 0x00000000e6000000, 0x00000000e6000000| Untracked 
|  97|0x00000000e6100000, 0x00000000e6100000, 0x00000000e6200000|  0%| F|  |TAMS 0x00000000e6100000, 0x00000000e6100000| Untracked 
|  98|0x00000000e6200000, 0x00000000e6200000, 0x00000000e6300000|  0%| F|  |TAMS 0x00000000e6200000, 0x00000000e6200000| Untracked 
|  99|0x00000000e6300000, 0x00000000e6300000, 0x00000000e6400000|  0%| F|  |TAMS 0x00000000e6300000, 0x00000000e6300000| Untracked 
| 100|0x00000000e6400000, 0x00000000e6400000, 0x00000000e6500000|  0%| F|  |TAMS 0x00000000e6400000, 0x00000000e6400000| Untracked 
| 101|0x00000000e6500000, 0x00000000e6500000, 0x00000000e6600000|  0%| F|  |TAMS 0x00000000e6500000, 0x00000000e6500000| Untracked 
| 102|0x00000000e6600000, 0x00000000e6600000, 0x00000000e6700000|  0%| F|  |TAMS 0x00000000e6600000, 0x00000000e6600000| Untracked 
| 103|0x00000000e6700000, 0x00000000e6700000, 0x00000000e6800000|  0%| F|  |TAMS 0x00000000e6700000, 0x00000000e6700000| Untracked 
| 104|0x00000000e6800000, 0x00000000e6800000, 0x00000000e6900000|  0%| F|  |TAMS 0x00000000e6800000, 0x00000000e6800000| Untracked 
| 105|0x00000000e6900000, 0x00000000e6900000, 0x00000000e6a00000|  0%| F|  |TAMS 0x00000000e6900000, 0x00000000e6900000| Untracked 
| 106|0x00000000e6a00000, 0x00000000e6a00000, 0x00000000e6b00000|  0%| F|  |TAMS 0x00000000e6a00000, 0x00000000e6a00000| Untracked 
| 107|0x00000000e6b00000, 0x00000000e6b00000, 0x00000000e6c00000|  0%| F|  |TAMS 0x00000000e6b00000, 0x00000000e6b00000| Untracked 
| 108|0x00000000e6c00000, 0x00000000e6c00000, 0x00000000e6d00000|  0%| F|  |TAMS 0x00000000e6c00000, 0x00000000e6c00000| Untracked 
| 109|0x00000000e6d00000, 0x00000000e6d00000, 0x00000000e6e00000|  0%| F|  |TAMS 0x00000000e6d00000, 0x00000000e6d00000| Untracked 
| 110|0x00000000e6e00000, 0x00000000e6e00000, 0x00000000e6f00000|  0%| F|  |TAMS 0x00000000e6e00000, 0x00000000e6e00000| Untracked 
| 111|0x00000000e6f00000, 0x00000000e6f00000, 0x00000000e7000000|  0%| F|  |TAMS 0x00000000e6f00000, 0x00000000e6f00000| Untracked 
| 112|0x00000000e7000000, 0x00000000e7000000, 0x00000000e7100000|  0%| F|  |TAMS 0x00000000e7000000, 0x00000000e7000000| Untracked 
| 113|0x00000000e7100000, 0x00000000e7100000, 0x00000000e7200000|  0%| F|  |TAMS 0x00000000e7100000, 0x00000000e7100000| Untracked 
| 114|0x00000000e7200000, 0x00000000e7200000, 0x00000000e7300000|  0%| F|  |TAMS 0x00000000e7200000, 0x00000000e7200000| Untracked 
| 115|0x00000000e7300000, 0x00000000e7300000, 0x00000000e7400000|  0%| F|  |TAMS 0x00000000e7300000, 0x00000000e7300000| Untracked 
| 116|0x00000000e7400000, 0x00000000e7400000, 0x00000000e7500000|  0%| F|  |TAMS 0x00000000e7400000, 0x00000000e7400000| Untracked 
| 117|0x00000000e7500000, 0x00000000e7500000, 0x00000000e7600000|  0%| F|  |TAMS 0x00000000e7500000, 0x00000000e7500000| Untracked 
| 118|0x00000000e7600000, 0x00000000e7600000, 0x00000000e7700000|  0%| F|  |TAMS 0x00000000e7600000, 0x00000000e7600000| Untracked 
| 119|0x00000000e7700000, 0x00000000e7700000, 0x00000000e7800000|  0%| F|  |TAMS 0x00000000e7700000, 0x00000000e7700000| Untracked 
| 120|0x00000000e7800000, 0x00000000e7800000, 0x00000000e7900000|  0%| F|  |TAMS 0x00000000e7800000, 0x00000000e7800000| Untracked 
| 121|0x00000000e7900000, 0x00000000e7900000, 0x00000000e7a00000|  0%| F|  |TAMS 0x00000000e7900000, 0x00000000e7900000| Untracked 
| 122|0x00000000e7a00000, 0x00000000e7a00000, 0x00000000e7b00000|  0%| F|  |TAMS 0x00000000e7a00000, 0x00000000e7a00000| Untracked 
| 123|0x00000000e7b00000, 0x00000000e7b00000, 0x00000000e7c00000|  0%| F|  |TAMS 0x00000000e7b00000, 0x00000000e7b00000| Untracked 
| 124|0x00000000e7c00000, 0x00000000e7c00000, 0x00000000e7d00000|  0%| F|  |TAMS 0x00000000e7c00000, 0x00000000e7c00000| Untracked 
| 125|0x00000000e7d00000, 0x00000000e7d00000, 0x00000000e7e00000|  0%| F|  |TAMS 0x00000000e7d00000, 0x00000000e7d00000| Untracked 
| 126|0x00000000e7e00000, 0x00000000e7e00000, 0x00000000e7f00000|  0%| F|  |TAMS 0x00000000e7e00000, 0x00000000e7e00000| Untracked 
| 127|0x00000000e7f00000, 0x00000000e7f00000, 0x00000000e8000000|  0%| F|  |TAMS 0x00000000e7f00000, 0x00000000e7f00000| Untracked 
| 128|0x00000000e8000000, 0x00000000e8000000, 0x00000000e8100000|  0%| F|  |TAMS 0x00000000e8000000, 0x00000000e8000000| Untracked 
| 129|0x00000000e8100000, 0x00000000e8100000, 0x00000000e8200000|  0%| F|  |TAMS 0x00000000e8100000, 0x00000000e8100000| Untracked 
| 130|0x00000000e8200000, 0x00000000e8200000, 0x00000000e8300000|  0%| F|  |TAMS 0x00000000e8200000, 0x00000000e8200000| Untracked 
| 131|0x00000000e8300000, 0x00000000e8300000, 0x00000000e8400000|  0%| F|  |TAMS 0x00000000e8300000, 0x00000000e8300000| Untracked 
| 132|0x00000000e8400000, 0x00000000e8400000, 0x00000000e8500000|  0%| F|  |TAMS 0x00000000e8400000, 0x00000000e8400000| Untracked 
| 133|0x00000000e8500000, 0x00000000e8500000, 0x00000000e8600000|  0%| F|  |TAMS 0x00000000e8500000, 0x00000000e8500000| Untracked 
| 134|0x00000000e8600000, 0x00000000e8600000, 0x00000000e8700000|  0%| F|  |TAMS 0x00000000e8600000, 0x00000000e8600000| Untracked 
| 135|0x00000000e8700000, 0x00000000e8700000, 0x00000000e8800000|  0%| F|  |TAMS 0x00000000e8700000, 0x00000000e8700000| Untracked 
| 136|0x00000000e8800000, 0x00000000e8800000, 0x00000000e8900000|  0%| F|  |TAMS 0x00000000e8800000, 0x00000000e8800000| Untracked 
| 137|0x00000000e8900000, 0x00000000e8900000, 0x00000000e8a00000|  0%| F|  |TAMS 0x00000000e8900000, 0x00000000e8900000| Untracked 
| 138|0x00000000e8a00000, 0x00000000e8a00000, 0x00000000e8b00000|  0%| F|  |TAMS 0x00000000e8a00000, 0x00000000e8a00000| Untracked 
| 139|0x00000000e8b00000, 0x00000000e8b00000, 0x00000000e8c00000|  0%| F|  |TAMS 0x00000000e8b00000, 0x00000000e8b00000| Untracked 
| 140|0x00000000e8c00000, 0x00000000e8c00000, 0x00000000e8d00000|  0%| F|  |TAMS 0x00000000e8c00000, 0x00000000e8c00000| Untracked 
| 141|0x00000000e8d00000, 0x00000000e8d00000, 0x00000000e8e00000|  0%| F|  |TAMS 0x00000000e8d00000, 0x00000000e8d00000| Untracked 
| 142|0x00000000e8e00000, 0x00000000e8e00000, 0x00000000e8f00000|  0%| F|  |TAMS 0x00000000e8e00000, 0x00000000e8e00000| Untracked 
| 143|0x00000000e8f00000, 0x00000000e8f00000, 0x00000000e9000000|  0%| F|  |TAMS 0x00000000e8f00000, 0x00000000e8f00000| Untracked 
| 144|0x00000000e9000000, 0x00000000e9000000, 0x00000000e9100000|  0%| F|  |TAMS 0x00000000e9000000, 0x00000000e9000000| Untracked 
| 145|0x00000000e9100000, 0x00000000e9100000, 0x00000000e9200000|  0%| F|  |TAMS 0x00000000e9100000, 0x00000000e9100000| Untracked 
| 146|0x00000000e9200000, 0x00000000e9200000, 0x00000000e9300000|  0%| F|  |TAMS 0x00000000e9200000, 0x00000000e9200000| Untracked 
| 147|0x00000000e9300000, 0x00000000e9300000, 0x00000000e9400000|  0%| F|  |TAMS 0x00000000e9300000, 0x00000000e9300000| Untracked 
| 148|0x00000000e9400000, 0x00000000e9400000, 0x00000000e9500000|  0%| F|  |TAMS 0x00000000e9400000, 0x00000000e9400000| Untracked 
| 149|0x00000000e9500000, 0x00000000e9500000, 0x00000000e9600000|  0%| F|  |TAMS 0x00000000e9500000, 0x00000000e9500000| Untracked 
| 150|0x00000000e9600000, 0x00000000e9600000, 0x00000000e9700000|  0%| F|  |TAMS 0x00000000e9600000, 0x00000000e9600000| Untracked 
| 151|0x00000000e9700000, 0x00000000e9700000, 0x00000000e9800000|  0%| F|  |TAMS 0x00000000e9700000, 0x00000000e9700000| Untracked 
| 152|0x00000000e9800000, 0x00000000e9800000, 0x00000000e9900000|  0%| F|  |TAMS 0x00000000e9800000, 0x00000000e9800000| Untracked 
| 153|0x00000000e9900000, 0x00000000e9900000, 0x00000000e9a00000|  0%| F|  |TAMS 0x00000000e9900000, 0x00000000e9900000| Untracked 
| 154|0x00000000e9a00000, 0x00000000e9a00000, 0x00000000e9b00000|  0%| F|  |TAMS 0x00000000e9a00000, 0x00000000e9a00000| Untracked 
| 155|0x00000000e9b00000, 0x00000000e9b00000, 0x00000000e9c00000|  0%| F|  |TAMS 0x00000000e9b00000, 0x00000000e9b00000| Untracked 
| 156|0x00000000e9c00000, 0x00000000e9c00000, 0x00000000e9d00000|  0%| F|  |TAMS 0x00000000e9c00000, 0x00000000e9c00000| Untracked 
| 157|0x00000000e9d00000, 0x00000000e9d00000, 0x00000000e9e00000|  0%| F|  |TAMS 0x00000000e9d00000, 0x00000000e9d00000| Untracked 
| 158|0x00000000e9e00000, 0x00000000e9e00000, 0x00000000e9f00000|  0%| F|  |TAMS 0x00000000e9e00000, 0x00000000e9e00000| Untracked 
| 159|0x00000000e9f00000, 0x00000000e9f00000, 0x00000000ea000000|  0%| F|  |TAMS 0x00000000e9f00000, 0x00000000e9f00000| Untracked 
| 160|0x00000000ea000000, 0x00000000ea000000, 0x00000000ea100000|  0%| F|  |TAMS 0x00000000ea000000, 0x00000000ea000000| Untracked 
| 161|0x00000000ea100000, 0x00000000ea100000, 0x00000000ea200000|  0%| F|  |TAMS 0x00000000ea100000, 0x00000000ea100000| Untracked 
| 162|0x00000000ea200000, 0x00000000ea200000, 0x00000000ea300000|  0%| F|  |TAMS 0x00000000ea200000, 0x00000000ea200000| Untracked 
| 163|0x00000000ea300000, 0x00000000ea300000, 0x00000000ea400000|  0%| F|  |TAMS 0x00000000ea300000, 0x00000000ea300000| Untracked 
| 164|0x00000000ea400000, 0x00000000ea400000, 0x00000000ea500000|  0%| F|  |TAMS 0x00000000ea400000, 0x00000000ea400000| Untracked 
| 165|0x00000000ea500000, 0x00000000ea500000, 0x00000000ea600000|  0%| F|  |TAMS 0x00000000ea500000, 0x00000000ea500000| Untracked 
| 166|0x00000000ea600000, 0x00000000ea600000, 0x00000000ea700000|  0%| F|  |TAMS 0x00000000ea600000, 0x00000000ea600000| Untracked 
| 167|0x00000000ea700000, 0x00000000ea700000, 0x00000000ea800000|  0%| F|  |TAMS 0x00000000ea700000, 0x00000000ea700000| Untracked 
| 168|0x00000000ea800000, 0x00000000ea800000, 0x00000000ea900000|  0%| F|  |TAMS 0x00000000ea800000, 0x00000000ea800000| Untracked 
| 169|0x00000000ea900000, 0x00000000ea900000, 0x00000000eaa00000|  0%| F|  |TAMS 0x00000000ea900000, 0x00000000ea900000| Untracked 
| 170|0x00000000eaa00000, 0x00000000eaa00000, 0x00000000eab00000|  0%| F|  |TAMS 0x00000000eaa00000, 0x00000000eaa00000| Untracked 
| 171|0x00000000eab00000, 0x00000000eab00000, 0x00000000eac00000|  0%| F|  |TAMS 0x00000000eab00000, 0x00000000eab00000| Untracked 
| 172|0x00000000eac00000, 0x00000000eac00000, 0x00000000ead00000|  0%| F|  |TAMS 0x00000000eac00000, 0x00000000eac00000| Untracked 
| 173|0x00000000ead00000, 0x00000000ead00000, 0x00000000eae00000|  0%| F|  |TAMS 0x00000000ead00000, 0x00000000ead00000| Untracked 
| 174|0x00000000eae00000, 0x00000000eae00000, 0x00000000eaf00000|  0%| F|  |TAMS 0x00000000eae00000, 0x00000000eae00000| Untracked 
| 175|0x00000000eaf00000, 0x00000000eaf00000, 0x00000000eb000000|  0%| F|  |TAMS 0x00000000eaf00000, 0x00000000eaf00000| Untracked 
| 176|0x00000000eb000000, 0x00000000eb000000, 0x00000000eb100000|  0%| F|  |TAMS 0x00000000eb000000, 0x00000000eb000000| Untracked 
| 177|0x00000000eb100000, 0x00000000eb100000, 0x00000000eb200000|  0%| F|  |TAMS 0x00000000eb100000, 0x00000000eb100000| Untracked 
| 178|0x00000000eb200000, 0x00000000eb200000, 0x00000000eb300000|  0%| F|  |TAMS 0x00000000eb200000, 0x00000000eb200000| Untracked 
| 179|0x00000000eb300000, 0x00000000eb300000, 0x00000000eb400000|  0%| F|  |TAMS 0x00000000eb300000, 0x00000000eb300000| Untracked 
| 180|0x00000000eb400000, 0x00000000eb400000, 0x00000000eb500000|  0%| F|  |TAMS 0x00000000eb400000, 0x00000000eb400000| Untracked 
| 181|0x00000000eb500000, 0x00000000eb500000, 0x00000000eb600000|  0%| F|  |TAMS 0x00000000eb500000, 0x00000000eb500000| Untracked 
| 182|0x00000000eb600000, 0x00000000eb600000, 0x00000000eb700000|  0%| F|  |TAMS 0x00000000eb600000, 0x00000000eb600000| Untracked 
| 183|0x00000000eb700000, 0x00000000eb700000, 0x00000000eb800000|  0%| F|  |TAMS 0x00000000eb700000, 0x00000000eb700000| Untracked 
| 184|0x00000000eb800000, 0x00000000eb8f0858, 0x00000000eb900000| 93%| E|  |TAMS 0x00000000eb800000, 0x00000000eb800000| Complete 
| 185|0x00000000eb900000, 0x00000000eba00000, 0x00000000eba00000|100%| E|CS|TAMS 0x00000000eb900000, 0x00000000eb900000| Complete 
| 186|0x00000000eba00000, 0x00000000ebb00000, 0x00000000ebb00000|100%| E|CS|TAMS 0x00000000eba00000, 0x00000000eba00000| Complete 
| 187|0x00000000ebb00000, 0x00000000ebc00000, 0x00000000ebc00000|100%| E|CS|TAMS 0x00000000ebb00000, 0x00000000ebb00000| Complete 
| 188|0x00000000ebc00000, 0x00000000ebd00000, 0x00000000ebd00000|100%| E|CS|TAMS 0x00000000ebc00000, 0x00000000ebc00000| Complete 
| 189|0x00000000ebd00000, 0x00000000ebe00000, 0x00000000ebe00000|100%| E|CS|TAMS 0x00000000ebd00000, 0x00000000ebd00000| Complete 
| 190|0x00000000ebe00000, 0x00000000ebf00000, 0x00000000ebf00000|100%| E|CS|TAMS 0x00000000ebe00000, 0x00000000ebe00000| Complete 
| 191|0x00000000ebf00000, 0x00000000ec000000, 0x00000000ec000000|100%| E|CS|TAMS 0x00000000ebf00000, 0x00000000ebf00000| Complete 
| 192|0x00000000ec000000, 0x00000000ec100000, 0x00000000ec100000|100%| E|CS|TAMS 0x00000000ec000000, 0x00000000ec000000| Complete 
| 193|0x00000000ec100000, 0x00000000ec200000, 0x00000000ec200000|100%| E|CS|TAMS 0x00000000ec100000, 0x00000000ec100000| Complete 
| 194|0x00000000ec200000, 0x00000000ec300000, 0x00000000ec300000|100%| E|CS|TAMS 0x00000000ec200000, 0x00000000ec200000| Complete 
| 195|0x00000000ec300000, 0x00000000ec400000, 0x00000000ec400000|100%| E|CS|TAMS 0x00000000ec300000, 0x00000000ec300000| Complete 
| 196|0x00000000ec400000, 0x00000000ec500000, 0x00000000ec500000|100%| E|CS|TAMS 0x00000000ec400000, 0x00000000ec400000| Complete 
| 197|0x00000000ec500000, 0x00000000ec600000, 0x00000000ec600000|100%| E|CS|TAMS 0x00000000ec500000, 0x00000000ec500000| Complete 
| 198|0x00000000ec600000, 0x00000000ec700000, 0x00000000ec700000|100%| E|CS|TAMS 0x00000000ec600000, 0x00000000ec600000| Complete 
| 199|0x00000000ec700000, 0x00000000ec800000, 0x00000000ec800000|100%| E|CS|TAMS 0x00000000ec700000, 0x00000000ec700000| Complete 
| 200|0x00000000ec800000, 0x00000000ec900000, 0x00000000ec900000|100%| E|CS|TAMS 0x00000000ec800000, 0x00000000ec800000| Complete 
| 201|0x00000000ec900000, 0x00000000eca00000, 0x00000000eca00000|100%| E|CS|TAMS 0x00000000ec900000, 0x00000000ec900000| Complete 
| 202|0x00000000eca00000, 0x00000000ecb00000, 0x00000000ecb00000|100%| E|CS|TAMS 0x00000000eca00000, 0x00000000eca00000| Complete 
| 203|0x00000000ecb00000, 0x00000000ecc00000, 0x00000000ecc00000|100%| E|CS|TAMS 0x00000000ecb00000, 0x00000000ecb00000| Complete 
| 204|0x00000000ecc00000, 0x00000000ecd00000, 0x00000000ecd00000|100%| E|CS|TAMS 0x00000000ecc00000, 0x00000000ecc00000| Complete 
| 205|0x00000000ecd00000, 0x00000000ece00000, 0x00000000ece00000|100%| E|CS|TAMS 0x00000000ecd00000, 0x00000000ecd00000| Complete 
| 206|0x00000000ece00000, 0x00000000ecf00000, 0x00000000ecf00000|100%| E|CS|TAMS 0x00000000ece00000, 0x00000000ece00000| Complete 
| 207|0x00000000ecf00000, 0x00000000ed000000, 0x00000000ed000000|100%| E|CS|TAMS 0x00000000ecf00000, 0x00000000ecf00000| Complete 
| 208|0x00000000ed000000, 0x00000000ed100000, 0x00000000ed100000|100%| E|CS|TAMS 0x00000000ed000000, 0x00000000ed000000| Complete 
| 209|0x00000000ed100000, 0x00000000ed200000, 0x00000000ed200000|100%| E|CS|TAMS 0x00000000ed100000, 0x00000000ed100000| Complete 
| 210|0x00000000ed200000, 0x00000000ed300000, 0x00000000ed300000|100%| E|CS|TAMS 0x00000000ed200000, 0x00000000ed200000| Complete 
| 211|0x00000000ed300000, 0x00000000ed400000, 0x00000000ed400000|100%| E|CS|TAMS 0x00000000ed300000, 0x00000000ed300000| Complete 
| 212|0x00000000ed400000, 0x00000000ed500000, 0x00000000ed500000|100%| E|CS|TAMS 0x00000000ed400000, 0x00000000ed400000| Complete 
| 213|0x00000000ed500000, 0x00000000ed600000, 0x00000000ed600000|100%| E|CS|TAMS 0x00000000ed500000, 0x00000000ed500000| Complete 
| 214|0x00000000ed600000, 0x00000000ed700000, 0x00000000ed700000|100%| E|CS|TAMS 0x00000000ed600000, 0x00000000ed600000| Complete 
| 215|0x00000000ed700000, 0x00000000ed800000, 0x00000000ed800000|100%| E|CS|TAMS 0x00000000ed700000, 0x00000000ed700000| Complete 
| 216|0x00000000ed800000, 0x00000000ed900000, 0x00000000ed900000|100%| E|CS|TAMS 0x00000000ed800000, 0x00000000ed800000| Complete 
| 217|0x00000000ed900000, 0x00000000eda00000, 0x00000000eda00000|100%| E|CS|TAMS 0x00000000ed900000, 0x00000000ed900000| Complete 
| 218|0x00000000eda00000, 0x00000000edb00000, 0x00000000edb00000|100%| E|CS|TAMS 0x00000000eda00000, 0x00000000eda00000| Complete 
| 219|0x00000000edb00000, 0x00000000edc00000, 0x00000000edc00000|100%| E|CS|TAMS 0x00000000edb00000, 0x00000000edb00000| Complete 
| 220|0x00000000edc00000, 0x00000000edd00000, 0x00000000edd00000|100%| E|CS|TAMS 0x00000000edc00000, 0x00000000edc00000| Complete 
| 221|0x00000000edd00000, 0x00000000ede00000, 0x00000000ede00000|100%| E|CS|TAMS 0x00000000edd00000, 0x00000000edd00000| Complete 
| 222|0x00000000ede00000, 0x00000000edf00000, 0x00000000edf00000|100%| E|CS|TAMS 0x00000000ede00000, 0x00000000ede00000| Complete 
| 223|0x00000000edf00000, 0x00000000ee000000, 0x00000000ee000000|100%| E|CS|TAMS 0x00000000edf00000, 0x00000000edf00000| Complete 
| 224|0x00000000ee000000, 0x00000000ee100000, 0x00000000ee100000|100%| E|CS|TAMS 0x00000000ee000000, 0x00000000ee000000| Complete 
| 225|0x00000000ee100000, 0x00000000ee200000, 0x00000000ee200000|100%| E|CS|TAMS 0x00000000ee100000, 0x00000000ee100000| Complete 
| 226|0x00000000ee200000, 0x00000000ee300000, 0x00000000ee300000|100%| E|CS|TAMS 0x00000000ee200000, 0x00000000ee200000| Complete 
| 227|0x00000000ee300000, 0x00000000ee400000, 0x00000000ee400000|100%| E|CS|TAMS 0x00000000ee300000, 0x00000000ee300000| Complete 
| 228|0x00000000ee400000, 0x00000000ee500000, 0x00000000ee500000|100%| E|CS|TAMS 0x00000000ee400000, 0x00000000ee400000| Complete 
| 229|0x00000000ee500000, 0x00000000ee600000, 0x00000000ee600000|100%| E|CS|TAMS 0x00000000ee500000, 0x00000000ee500000| Complete 
| 230|0x00000000ee600000, 0x00000000ee700000, 0x00000000ee700000|100%| E|CS|TAMS 0x00000000ee600000, 0x00000000ee600000| Complete 
| 231|0x00000000ee700000, 0x00000000ee800000, 0x00000000ee800000|100%| E|CS|TAMS 0x00000000ee700000, 0x00000000ee700000| Complete 
| 232|0x00000000ee800000, 0x00000000ee900000, 0x00000000ee900000|100%| S|CS|TAMS 0x00000000ee800000, 0x00000000ee800000| Complete 
| 233|0x00000000ee900000, 0x00000000eea00000, 0x00000000eea00000|100%| S|CS|TAMS 0x00000000ee900000, 0x00000000ee900000| Complete 
| 234|0x00000000eea00000, 0x00000000eeb00000, 0x00000000eeb00000|100%| E|CS|TAMS 0x00000000eea00000, 0x00000000eea00000| Complete 
| 235|0x00000000eeb00000, 0x00000000eec00000, 0x00000000eec00000|100%| E|CS|TAMS 0x00000000eeb00000, 0x00000000eeb00000| Complete 
| 236|0x00000000eec00000, 0x00000000eed00000, 0x00000000eed00000|100%| E|CS|TAMS 0x00000000eec00000, 0x00000000eec00000| Complete 
| 237|0x00000000eed00000, 0x00000000eee00000, 0x00000000eee00000|100%| E|CS|TAMS 0x00000000eed00000, 0x00000000eed00000| Complete 
| 238|0x00000000eee00000, 0x00000000eef00000, 0x00000000eef00000|100%| E|CS|TAMS 0x00000000eee00000, 0x00000000eee00000| Complete 
| 239|0x00000000eef00000, 0x00000000ef000000, 0x00000000ef000000|100%| E|CS|TAMS 0x00000000eef00000, 0x00000000eef00000| Complete 
| 240|0x00000000ef000000, 0x00000000ef100000, 0x00000000ef100000|100%| E|CS|TAMS 0x00000000ef000000, 0x00000000ef000000| Complete 
| 241|0x00000000ef100000, 0x00000000ef200000, 0x00000000ef200000|100%| E|CS|TAMS 0x00000000ef100000, 0x00000000ef100000| Complete 
| 242|0x00000000ef200000, 0x00000000ef300000, 0x00000000ef300000|100%| E|CS|TAMS 0x00000000ef200000, 0x00000000ef200000| Complete 
| 243|0x00000000ef300000, 0x00000000ef400000, 0x00000000ef400000|100%| E|CS|TAMS 0x00000000ef300000, 0x00000000ef300000| Complete 
| 244|0x00000000ef400000, 0x00000000ef500000, 0x00000000ef500000|100%| E|CS|TAMS 0x00000000ef400000, 0x00000000ef400000| Complete 
| 245|0x00000000ef500000, 0x00000000ef600000, 0x00000000ef600000|100%| E|CS|TAMS 0x00000000ef500000, 0x00000000ef500000| Complete 
| 246|0x00000000ef600000, 0x00000000ef700000, 0x00000000ef700000|100%| E|CS|TAMS 0x00000000ef600000, 0x00000000ef600000| Complete 
| 247|0x00000000ef700000, 0x00000000ef800000, 0x00000000ef800000|100%| E|CS|TAMS 0x00000000ef700000, 0x00000000ef700000| Complete 
| 248|0x00000000ef800000, 0x00000000ef900000, 0x00000000ef900000|100%| E|CS|TAMS 0x00000000ef800000, 0x00000000ef800000| Complete 
| 249|0x00000000ef900000, 0x00000000efa00000, 0x00000000efa00000|100%| E|CS|TAMS 0x00000000ef900000, 0x00000000ef900000| Complete 
| 250|0x00000000efa00000, 0x00000000efb00000, 0x00000000efb00000|100%| E|CS|TAMS 0x00000000efa00000, 0x00000000efa00000| Complete 
| 251|0x00000000efb00000, 0x00000000efc00000, 0x00000000efc00000|100%| E|CS|TAMS 0x00000000efb00000, 0x00000000efb00000| Complete 
| 252|0x00000000efc00000, 0x00000000efd00000, 0x00000000efd00000|100%| E|CS|TAMS 0x00000000efc00000, 0x00000000efc00000| Complete 
| 253|0x00000000efd00000, 0x00000000efe00000, 0x00000000efe00000|100%| E|CS|TAMS 0x00000000efd00000, 0x00000000efd00000| Complete 
| 254|0x00000000efe00000, 0x00000000eff00000, 0x00000000eff00000|100%| E|CS|TAMS 0x00000000efe00000, 0x00000000efe00000| Complete 
| 255|0x00000000eff00000, 0x00000000f0000000, 0x00000000f0000000|100%| E|CS|TAMS 0x00000000eff00000, 0x00000000eff00000| Complete 

Card table byte_map: [0x00000287f68e0000,0x00000287f69e0000] _byte_map_base: 0x00000287f61e0000

Marking Bits (Prev, Next): (CMBitMap*) 0x00000287dde93390, (CMBitMap*) 0x00000287dde93350
 Prev Bits: [0x00000287f72e0000, 0x00000287f7ae0000)
 Next Bits: [0x00000287f6ae0000, 0x00000287f72e0000)

Polling page: 0x00000287ddf30000

Metaspace:

Usage:
  Non-class:     25.58 MB used.
      Class:      4.38 MB used.
       Both:     29.96 MB used.

Virtual space:
  Non-class space:       64.00 MB reserved,      25.75 MB ( 40%) committed,  1 nodes.
      Class space:      320.00 MB reserved,       4.56 MB (  1%) committed,  1 nodes.
             Both:      384.00 MB reserved,      30.31 MB (  8%) committed. 

Chunk freelists:
   Non-Class:  6.19 MB
       Class:  11.31 MB
        Both:  17.50 MB

MaxMetaspaceSize: 384.00 MB
CompressedClassSpaceSize: 320.00 MB
Initial GC threshold: 21.00 MB
Current GC threshold: 35.25 MB
CDS: on
MetaspaceReclaimPolicy: balanced
 - commit_granule_bytes: 65536.
 - commit_granule_words: 8192.
 - virtual_space_node_default_size: 8388608.
 - enlarge_chunks_in_place: 1.
 - new_chunks_are_fully_committed: 0.
 - uncommit_free_chunks: 1.
 - use_allocation_guard: 0.
 - handle_deallocations: 1.


Internal statistics:

num_allocs_failed_limit: 3.
num_arena_births: 400.
num_arena_deaths: 0.
num_vsnodes_births: 2.
num_vsnodes_deaths: 0.
num_space_committed: 485.
num_space_uncommitted: 0.
num_chunks_returned_to_freelist: 3.
num_chunks_taken_from_freelist: 1588.
num_chunk_merges: 3.
num_chunk_splits: 1037.
num_chunks_enlarged: 723.
num_inconsistent_stats: 0.

CodeHeap 'non-profiled nmethods': size=120000Kb used=1944Kb max_used=1944Kb free=118055Kb
 bounds [0x00000287eec80000, 0x00000287eeef0000, 0x00000287f61b0000]
CodeHeap 'profiled nmethods': size=120000Kb used=7301Kb max_used=7301Kb free=112698Kb
 bounds [0x00000287e71b0000, 0x00000287e78e0000, 0x00000287ee6e0000]
CodeHeap 'non-nmethods': size=5760Kb used=1256Kb max_used=1339Kb free=4504Kb
 bounds [0x00000287ee6e0000, 0x00000287ee950000, 0x00000287eec80000]
 total_blobs=4028 nmethods=3459 adapters=481
 compilation: enabled
              stopped_count=0, restarted_count=0
 full_count=0

Compilation events (20 events):
Event: 7.421 Thread 0x00000287fa0ee770 3465       1       java.util.Collections$EmptySet::contains (2 bytes)
Event: 7.421 Thread 0x00000287fa0ee770 nmethod 3465 0x00000287eee59f90 code [0x00000287eee5a120, 0x00000287eee5a1f8]
Event: 7.421 Thread 0x00000287fa0ee770 3463       1       org.codehaus.groovy.util.ManagedConcurrentLinkedQueue::access$000 (5 bytes)
Event: 7.421 Thread 0x00000287fa0ee770 nmethod 3463 0x00000287eee5a290 code [0x00000287eee5a420, 0x00000287eee5a4d8]
Event: 7.421 Thread 0x00000287fa0ee770 3464       1       org.codehaus.groovy.reflection.ClassInfo::access$200 (5 bytes)
Event: 7.421 Thread 0x00000287fa0ee770 nmethod 3464 0x00000287eee5a590 code [0x00000287eee5a720, 0x00000287eee5a7d8]
Event: 7.421 Thread 0x00000287fa0ee770 3466       2       java.lang.Class::privateGetPublicMethods (224 bytes)
Event: 7.422 Thread 0x00000287fa0ee770 nmethod 3466 0x00000287e78cc010 code [0x00000287e78cc260, 0x00000287e78cc998]
Event: 7.422 Thread 0x00000287fa0ee770 3467       2       org.codehaus.groovy.reflection.ReflectionCache::isAssignableFrom (13 bytes)
Event: 7.422 Thread 0x00000287fa0ee770 nmethod 3467 0x00000287e78ccf10 code [0x00000287e78cd0c0, 0x00000287e78cd208]
Event: 7.422 Thread 0x00000287fa0ee770 3468       2       org.codehaus.groovy.util.LockableObject::tryRelease (45 bytes)
Event: 7.422 Thread 0x00000287fa0ee770 nmethod 3468 0x00000287e78cd310 code [0x00000287e78cd4c0, 0x00000287e78cd6e8]
Event: 7.426 Thread 0x00000287fa0ee770 3469       2       java.util.Properties::<init> (32 bytes)
Event: 7.426 Thread 0x00000287fa0ee770 nmethod 3469 0x00000287e78cd810 code [0x00000287e78cd9e0, 0x00000287e78cdc68]
Event: 7.426 Thread 0x00000287fa0ee770 3470       2       java.util.Hashtable::<init> (10 bytes)
Event: 7.427 Thread 0x00000287fa0ee770 nmethod 3470 0x00000287e78cdd90 code [0x00000287e78cdf20, 0x00000287e78ce038]
Event: 7.428 Thread 0x00000287fa0ee770 3471       2       java.util.Properties::load0 (249 bytes)
Event: 7.429 Thread 0x00000287fa0ee770 nmethod 3471 0x00000287e78ce110 code [0x00000287e78ce300, 0x00000287e78ce7e8]
Event: 7.430 Thread 0x00000287fa0ee770 3472       1       java.util.logging.LogManager$LoggerContext::getOwner (5 bytes)
Event: 7.430 Thread 0x00000287fa0ee770 nmethod 3472 0x00000287eee5a890 code [0x00000287eee5aa20, 0x00000287eee5aaf8]

GC Heap History (8 events):
Event: 0.288 GC heap before
{Heap before GC invocations=0 (full 0):
 garbage-first heap   total 262144K, used 13312K [0x00000000e0000000, 0x0000000100000000)
  region size 1024K, 13 young (13312K), 0 survivors (0K)
 Metaspace       used 758K, committed 896K, reserved 393216K
  class space    used 61K, committed 128K, reserved 327680K
}
Event: 0.290 GC heap after
{Heap after GC invocations=1 (full 0):
 garbage-first heap   total 262144K, used 1252K [0x00000000e0000000, 0x0000000100000000)
  region size 1024K, 2 young (2048K), 2 survivors (2048K)
 Metaspace       used 758K, committed 896K, reserved 393216K
  class space    used 61K, committed 128K, reserved 327680K
}
Event: 0.849 GC heap before
{Heap before GC invocations=1 (full 0):
 garbage-first heap   total 262144K, used 22756K [0x00000000e0000000, 0x0000000100000000)
  region size 1024K, 21 young (21504K), 2 survivors (2048K)
 Metaspace       used 2839K, committed 3008K, reserved 393216K
  class space    used 324K, committed 384K, reserved 327680K
}
Event: 0.854 GC heap after
{Heap after GC invocations=2 (full 0):
 garbage-first heap   total 262144K, used 9643K [0x00000000e0000000, 0x0000000100000000)
  region size 1024K, 3 young (3072K), 3 survivors (3072K)
 Metaspace       used 2839K, committed 3008K, reserved 393216K
  class space    used 324K, committed 384K, reserved 327680K
}
Event: 5.355 GC heap before
{Heap before GC invocations=2 (full 0):
 garbage-first heap   total 262144K, used 165291K [0x00000000e0000000, 0x0000000100000000)
  region size 1024K, 153 young (156672K), 3 survivors (3072K)
 Metaspace       used 18624K, committed 18880K, reserved 393216K
  class space    used 2700K, committed 2816K, reserved 327680K
}
Event: 5.368 GC heap after
{Heap after GC invocations=3 (full 0):
 garbage-first heap   total 262144K, used 21931K [0x00000000e0000000, 0x0000000100000000)
  region size 1024K, 14 young (14336K), 14 survivors (14336K)
 Metaspace       used 18624K, committed 18880K, reserved 393216K
  class space    used 2700K, committed 2816K, reserved 327680K
}
Event: 5.817 GC heap before
{Heap before GC invocations=3 (full 0):
 garbage-first heap   total 262144K, used 43435K [0x00000000e0000000, 0x0000000100000000)
  region size 1024K, 36 young (36864K), 14 survivors (14336K)
 Metaspace       used 21175K, committed 21504K, reserved 393216K
  class space    used 3096K, committed 3264K, reserved 327680K
}
Event: 5.829 GC heap after
{Heap after GC invocations=4 (full 0):
 garbage-first heap   total 262144K, used 23740K [0x00000000e0000000, 0x0000000100000000)
  region size 1024K, 2 young (2048K), 2 survivors (2048K)
 Metaspace       used 21175K, committed 21504K, reserved 393216K
  class space    used 3096K, committed 3264K, reserved 327680K
}

Dll operation events (15 events):
Event: 0.009 Loaded shared library C:\Users\ASUS\.jdks\corretto-17.0.12\bin\java.dll
Event: 0.029 Loaded shared library C:\Users\ASUS\.jdks\corretto-17.0.12\bin\jsvml.dll
Event: 0.073 Loaded shared library C:\Users\ASUS\.jdks\corretto-17.0.12\bin\zip.dll
Event: 0.075 Loaded shared library C:\Users\ASUS\.jdks\corretto-17.0.12\bin\instrument.dll
Event: 0.078 Loaded shared library C:\Users\ASUS\.jdks\corretto-17.0.12\bin\net.dll
Event: 0.079 Loaded shared library C:\Users\ASUS\.jdks\corretto-17.0.12\bin\nio.dll
Event: 0.081 Loaded shared library C:\Users\ASUS\.jdks\corretto-17.0.12\bin\zip.dll
Event: 0.437 Loaded shared library C:\Users\ASUS\.jdks\corretto-17.0.12\bin\jimage.dll
Event: 0.592 Loaded shared library C:\Users\ASUS\.jdks\corretto-17.0.12\bin\verify.dll
Event: 0.790 Loaded shared library C:\Users\ASUS\.gradle\native\c067742578af261105cb4f569cf0c3c89f3d7b1fecec35dd04571415982c5e48\windows-amd64\native-platform.dll
Event: 0.806 Loaded shared library C:\Users\ASUS\.gradle\native\100fb08df4bc3b14c8652ba06237920a3bd2aa13389f12d3474272988ae205f9\windows-amd64\native-platform-file-events.dll
Event: 2.580 Loaded shared library C:\Users\ASUS\.jdks\corretto-17.0.12\bin\management.dll
Event: 2.586 Loaded shared library C:\Users\ASUS\.jdks\corretto-17.0.12\bin\management_ext.dll
Event: 2.826 Loaded shared library C:\Users\ASUS\.jdks\corretto-17.0.12\bin\extnet.dll
Event: 3.505 Loaded shared library C:\Users\ASUS\.jdks\corretto-17.0.12\bin\sunmscapi.dll

Deoptimization events (20 events):
Event: 7.274 Thread 0x00000287953d3fc0 DEOPT PACKING pc=0x00000287eee4b7f8 sp=0x000000e0041f8040
Event: 7.274 Thread 0x00000287953d3fc0 DEOPT UNPACKING pc=0x00000287ee7369a3 sp=0x000000e0041f7ff8 mode 2
Event: 7.299 Thread 0x00000287953d3fc0 Uncommon trap: trap_request=0xffffff45 fr.pc=0x00000287eee28e20 relative=0x0000000000000b40
Event: 7.299 Thread 0x00000287953d3fc0 Uncommon trap: reason=unstable_if action=reinterpret pc=0x00000287eee28e20 method=jdk.internal.org.objectweb.asm.MethodWriter.visitVarInsn(II)V @ 108 c2
Event: 7.299 Thread 0x00000287953d3fc0 DEOPT PACKING pc=0x00000287eee28e20 sp=0x000000e0041f10c0
Event: 7.299 Thread 0x00000287953d3fc0 DEOPT UNPACKING pc=0x00000287ee7369a3 sp=0x000000e0041f10c8 mode 2
Event: 7.427 Thread 0x00000287953d3fc0 DEOPT PACKING pc=0x00000287e763d34b sp=0x000000e0041f7cb0
Event: 7.427 Thread 0x00000287953d3fc0 DEOPT UNPACKING pc=0x00000287ee737143 sp=0x000000e0041f71d0 mode 0
Event: 7.428 Thread 0x00000287953d3fc0 Uncommon trap: trap_request=0xffffff45 fr.pc=0x00000287eed4edb0 relative=0x0000000000000610
Event: 7.428 Thread 0x00000287953d3fc0 Uncommon trap: reason=unstable_if action=reinterpret pc=0x00000287eed4edb0 method=java.util.Properties$LineReader.readLine()I @ 95 c2
Event: 7.428 Thread 0x00000287953d3fc0 DEOPT PACKING pc=0x00000287eed4edb0 sp=0x000000e0041f80b0
Event: 7.428 Thread 0x00000287953d3fc0 DEOPT UNPACKING pc=0x00000287ee7369a3 sp=0x000000e0041f8060 mode 2
Event: 7.430 Thread 0x00000287953d3fc0 Uncommon trap: trap_request=0xffffffc6 fr.pc=0x00000287eee05d30 relative=0x00000000000001f0
Event: 7.430 Thread 0x00000287953d3fc0 Uncommon trap: reason=bimorphic_or_optimized_type_check action=maybe_recompile pc=0x00000287eee05d30 method=java.util.regex.Pattern$BmpCharProperty.match(Ljava/util/regex/Matcher;ILjava/lang/CharSequence;)Z @ 19 c2
Event: 7.430 Thread 0x00000287953d3fc0 DEOPT PACKING pc=0x00000287eee05d30 sp=0x000000e0041f7d40
Event: 7.430 Thread 0x00000287953d3fc0 DEOPT UNPACKING pc=0x00000287ee7369a3 sp=0x000000e0041f7cd8 mode 2
Event: 7.430 Thread 0x00000287953d3fc0 Uncommon trap: trap_request=0xffffffc6 fr.pc=0x00000287eee05d30 relative=0x00000000000001f0
Event: 7.430 Thread 0x00000287953d3fc0 Uncommon trap: reason=bimorphic_or_optimized_type_check action=maybe_recompile pc=0x00000287eee05d30 method=java.util.regex.Pattern$BmpCharProperty.match(Ljava/util/regex/Matcher;ILjava/lang/CharSequence;)Z @ 19 c2
Event: 7.430 Thread 0x00000287953d3fc0 DEOPT PACKING pc=0x00000287eee05d30 sp=0x000000e0041f7d40
Event: 7.430 Thread 0x00000287953d3fc0 DEOPT UNPACKING pc=0x00000287ee7369a3 sp=0x000000e0041f7cd8 mode 2

Classes loaded (20 events):
Event: 7.440 Loading class java/awt/Component
Event: 7.442 Loading class java/awt/image/ImageObserver
Event: 7.442 Loading class java/awt/image/ImageObserver done
Event: 7.442 Loading class java/awt/MenuContainer
Event: 7.442 Loading class java/awt/MenuContainer done
Event: 7.443 Loading class java/awt/Component done
Event: 7.443 Loading class java/awt/Container done
Event: 7.443 Loading class javax/swing/JComponent done
Event: 7.443 Loading class javax/swing/JComboBox done
Event: 7.443 Loading class javax/swing/JTabbedPane
Event: 7.444 Loading class javax/swing/SwingConstants
Event: 7.444 Loading class javax/swing/SwingConstants done
Event: 7.444 Loading class javax/swing/JTabbedPane done
Event: 7.444 Loading class javax/swing/DefaultListModel
Event: 7.445 Loading class javax/swing/AbstractListModel
Event: 7.445 Loading class javax/swing/AbstractListModel done
Event: 7.445 Loading class javax/swing/DefaultListModel done
Event: 7.445 Loading class javax/swing/DefaultComboBoxModel
Event: 7.445 Loading class javax/swing/MutableComboBoxModel
Event: 7.446 Loading class javax/swing/ComboBoxModel

Classes unloaded (0 events):
No events

Classes redefined (0 events):
No events

Internal exceptions (20 events):
Event: 6.784 Thread 0x00000287953d3fc0 Exception <a 'java/lang/NoSuchMethodError'{0x00000000ed7a0ee0}: 'java.lang.Object java.lang.invoke.DirectMethodHandle$Holder.newInvokeSpecial(java.lang.Object, java.lang.Object, java.lang.Object, java.lang.Object, java.lang.Object, java.lang.Object, java.lang.Object, java.lang.Object, java.lang.Object, java.lang.Object, java.lang.Object)'> (0x00000000ed7a0ee0) 
thrown [s\src\hotspot\share\interpreter\linkResolver.cpp, line 759]
Event: 6.787 Thread 0x00000287953d3fc0 Exception <a 'java/lang/NoSuchMethodError'{0x00000000ed7a6a18}: 'java.lang.Object java.lang.invoke.DirectMethodHandle$Holder.invokeSpecial(java.lang.Object, java.lang.Object, java.lang.Object, java.lang.Object, java.lang.Object, java.lang.Object, java.lang.Object, java.lang.Object, java.lang.Object, java.lang.Object, java.lang.Object, java.lang.Object)'> (0x00000000ed7a6a18) 
thrown [s\src\hotspot\share\interpreter\linkResolver.cpp, line 759]
Event: 6.788 Thread 0x00000287953d3fc0 Exception <a 'java/lang/NoSuchMethodError'{0x00000000ed7ac0b0}: 'java.lang.Object java.lang.invoke.Invokers$Holder.linkToTargetMethod(java.lang.Object, java.lang.Object, java.lang.Object, java.lang.Object, java.lang.Object, java.lang.Object, java.lang.Object, java.lang.Object, java.lang.Object, java.lang.Object, java.lang.Object)'> (0x00000000ed7ac0b0) 
thrown [s\src\hotspot\share\interpreter\linkResolver.cpp, line 759]
Event: 6.796 Thread 0x00000287953d3fc0 Exception <a 'java/lang/NoSuchMethodError'{0x00000000ed612b70}: 'java.lang.Object java.lang.invoke.DirectMethodHandle$Holder.newInvokeSpecial(java.lang.Object, java.lang.Object, java.lang.Object, java.lang.Object, java.lang.Object, java.lang.Object, java.lang.Object, java.lang.Object, java.lang.Object, java.lang.Object, java.lang.Object, java.lang.Object)'> (0x00000000ed612b70) 
thrown [s\src\hotspot\share\interpreter\linkResolver.cpp, line 759]
Event: 6.796 Thread 0x00000287953d3fc0 Exception <a 'java/lang/NoSuchMethodError'{0x00000000ed618890}: 'java.lang.Object java.lang.invoke.DirectMethodHandle$Holder.invokeSpecial(java.lang.Object, java.lang.Object, java.lang.Object, java.lang.Object, java.lang.Object, java.lang.Object, java.lang.Object, java.lang.Object, java.lang.Object, java.lang.Object, java.lang.Object, java.lang.Object, java.lang.Object)'> (0x00000000ed618890) 
thrown [s\src\hotspot\share\interpreter\linkResolver.cpp, line 759]
Event: 6.797 Thread 0x00000287953d3fc0 Exception <a 'java/lang/NoSuchMethodError'{0x00000000ed61e0b0}: 'java.lang.Object java.lang.invoke.Invokers$Holder.linkToTargetMethod(java.lang.Object, java.lang.Object, java.lang.Object, java.lang.Object, java.lang.Object, java.lang.Object, java.lang.Object, java.lang.Object, java.lang.Object, java.lang.Object, java.lang.Object, java.lang.Object)'> (0x00000000ed61e0b0) 
thrown [s\src\hotspot\share\interpreter\linkResolver.cpp, line 759]
Event: 6.946 Thread 0x00000287953d3fc0 Exception <a 'java/lang/IncompatibleClassChangeError'{0x00000000ecf6ac78}: Found class java.lang.Object, but interface was expected> (0x00000000ecf6ac78) 
thrown [s\src\hotspot\share\interpreter\linkResolver.cpp, line 826]
Event: 6.962 Thread 0x00000287953d3fc0 Exception <a 'java/lang/NoSuchMethodError'{0x00000000ece83658}: 'java.lang.Object java.lang.invoke.DirectMethodHandle$Holder.newInvokeSpecial(java.lang.Object, java.lang.Object, long)'> (0x00000000ece83658) 
thrown [s\src\hotspot\share\interpreter\linkResolver.cpp, line 759]
Event: 6.963 Thread 0x00000287953d3fc0 Exception <a 'java/lang/NoSuchMethodError'{0x00000000ece87c68}: 'java.lang.Object java.lang.invoke.Invokers$Holder.linkToTargetMethod(java.lang.Object, long, java.lang.Object)'> (0x00000000ece87c68) 
thrown [s\src\hotspot\share\interpreter\linkResolver.cpp, line 759]
Event: 7.011 Thread 0x00000287953d3fc0 Exception <a 'java/lang/NoSuchMethodError'{0x00000000eccf3b98}: 'int java.lang.invoke.DirectMethodHandle$Holder.invokeInterface(java.lang.Object, java.lang.Object)'> (0x00000000eccf3b98) 
thrown [s\src\hotspot\share\interpreter\linkResolver.cpp, line 759]
Event: 7.020 Thread 0x00000287953d3fc0 Exception <a 'java/lang/NoSuchMethodError'{0x00000000ecb68fa8}: 'java.lang.Object java.lang.invoke.DirectMethodHandle$Holder.invokeVirtual(java.lang.Object, java.lang.Object, int)'> (0x00000000ecb68fa8) 
thrown [s\src\hotspot\share\interpreter\linkResolver.cpp, line 759]
Event: 7.041 Thread 0x00000287953d3fc0 Exception <a 'java/lang/NoSuchMethodError'{0x00000000eca35870}: 'java.lang.Object java.lang.invoke.DirectMethodHandle$Holder.invokeStatic(java.lang.Object, java.lang.Object, int, java.lang.Object)'> (0x00000000eca35870) 
thrown [s\src\hotspot\share\interpreter\linkResolver.cpp, line 759]
Event: 7.041 Thread 0x00000287953d3fc0 Exception <a 'java/lang/NoSuchMethodError'{0x00000000eca3d7f0}: 'java.lang.Object java.lang.invoke.DirectMethodHandle$Holder.newInvokeSpecial(java.lang.Object, java.lang.Object, int, java.lang.Object)'> (0x00000000eca3d7f0) 
thrown [s\src\hotspot\share\interpreter\linkResolver.cpp, line 759]
Event: 7.042 Thread 0x00000287953d3fc0 Exception <a 'java/lang/NoSuchMethodError'{0x00000000eca421d0}: 'java.lang.Object java.lang.invoke.DirectMethodHandle$Holder.invokeSpecial(java.lang.Object, java.lang.Object, java.lang.Object, int, java.lang.Object)'> (0x00000000eca421d0) 
thrown [s\src\hotspot\share\interpreter\linkResolver.cpp, line 759]
Event: 7.133 Thread 0x00000287953d3fc0 Exception <a 'java/lang/NoSuchMethodError'{0x00000000ec633458}: 'java.lang.Object java.lang.invoke.DirectMethodHandle$Holder.invokeStaticInit(java.lang.Object, java.lang.Object, java.lang.Object, java.lang.Object, java.lang.Object, java.lang.Object, java.lang.Object)'> (0x00000000ec633458) 
thrown [s\src\hotspot\share\interpreter\linkResolver.cpp, line 759]
Event: 7.138 Thread 0x00000287953d3fc0 Exception <a 'java/lang/NoSuchMethodError'{0x00000000ec65cf18}: 'java.lang.Object java.lang.invoke.DirectMethodHandle$Holder.invokeSpecial(java.lang.Object, java.lang.Object, java.lang.Object, int, java.lang.Object, java.lang.Object)'> (0x00000000ec65cf18) 
thrown [s\src\hotspot\share\interpreter\linkResolver.cpp, line 759]
Event: 7.299 Thread 0x00000287953d3fc0 Implicit null exception at 0x00000287eee28417 to 0x00000287eee28e10
Event: 7.330 Thread 0x00000287953d3fc0 Exception <a 'java/lang/NoSuchMethodError'{0x00000000ebfcefd8}: 'void java.lang.invoke.DirectMethodHandle$Holder.invokeStaticInit(java.lang.Object, java.lang.Object, java.lang.Object)'> (0x00000000ebfcefd8) 
thrown [s\src\hotspot\share\interpreter\linkResolver.cpp, line 759]
Event: 7.332 Thread 0x00000287953d3fc0 Exception <a 'java/lang/NoSuchMethodError'{0x00000000ebff41c8}: 'void java.lang.invoke.DirectMethodHandle$Holder.invokeStaticInit(java.lang.Object, java.lang.Object, java.lang.Object, java.lang.Object, java.lang.Object)'> (0x00000000ebff41c8) 
thrown [s\src\hotspot\share\interpreter\linkResolver.cpp, line 759]
Event: 7.342 Thread 0x00000287953d3fc0 Exception <a 'java/lang/NoSuchMethodError'{0x00000000ebe501e8}: 'int java.lang.invoke.DirectMethodHandle$Holder.invokeStaticInit(java.lang.Object, java.lang.Object, java.lang.Object, java.lang.Object)'> (0x00000000ebe501e8) 
thrown [s\src\hotspot\share\interpreter\linkResolver.cpp, line 759]

VM Operations (20 events):
Event: 5.882 Executing VM operation: HandshakeAllThreads
Event: 5.882 Executing VM operation: HandshakeAllThreads done
Event: 5.943 Executing VM operation: HandshakeAllThreads
Event: 5.943 Executing VM operation: HandshakeAllThreads done
Event: 6.363 Executing VM operation: HandshakeAllThreads
Event: 6.363 Executing VM operation: HandshakeAllThreads done
Event: 6.707 Executing VM operation: HandshakeAllThreads
Event: 6.707 Executing VM operation: HandshakeAllThreads done
Event: 6.948 Executing VM operation: HandshakeAllThreads
Event: 6.948 Executing VM operation: HandshakeAllThreads done
Event: 6.948 Executing VM operation: Cleanup
Event: 6.948 Executing VM operation: Cleanup done
Event: 6.965 Executing VM operation: HandshakeAllThreads
Event: 6.965 Executing VM operation: HandshakeAllThreads done
Event: 7.099 Executing VM operation: HandshakeAllThreads
Event: 7.099 Executing VM operation: HandshakeAllThreads done
Event: 7.099 Executing VM operation: HandshakeAllThreads
Event: 7.099 Executing VM operation: HandshakeAllThreads done
Event: 7.292 Executing VM operation: HandshakeAllThreads
Event: 7.292 Executing VM operation: HandshakeAllThreads done

Events (20 events):
Event: 3.550 Thread 0x00000287ffe08b60 Thread added: 0x00000287ffe08b60
Event: 3.590 Thread 0x00000287953d35a0 Thread added: 0x00000287953d35a0
Event: 3.609 Thread 0x00000287953d3fc0 Thread added: 0x00000287953d3fc0
Event: 3.648 Thread 0x00000287953d49e0 Thread added: 0x00000287953d49e0
Event: 3.658 Thread 0x00000287953d3090 Thread added: 0x00000287953d3090
Event: 3.663 Thread 0x00000287953d3ab0 Thread added: 0x00000287953d3ab0
Event: 4.483 Thread 0x0000028795cad230 Thread added: 0x0000028795cad230
Event: 4.496 Thread 0x0000028795caa9b0 Thread added: 0x0000028795caa9b0
Event: 4.567 Thread 0x0000028795ca9f90 Thread added: 0x0000028795ca9f90
Event: 5.333 Thread 0x0000028795cad740 Thread added: 0x0000028795cad740
Event: 5.660 Thread 0x0000028795ca62d0 Thread added: 0x0000028795ca62d0
Event: 5.670 Thread 0x0000028795ca8130 Thread added: 0x0000028795ca8130
Event: 5.906 Thread 0x0000028795cab8e0 Thread added: 0x0000028795cab8e0
Event: 5.913 Thread 0x0000028795ca6cf0 Thread added: 0x0000028795ca6cf0
Event: 6.261 Thread 0x0000028795ca7200 Thread added: 0x0000028795ca7200
Event: 6.532 Thread 0x0000028795cadc50 Thread added: 0x0000028795cadc50
Event: 6.533 Thread 0x0000028795a6b300 Thread added: 0x0000028795a6b300
Event: 6.823 Thread 0x0000028795cabdf0 Thread added: 0x0000028795cabdf0
Event: 7.042 Thread 0x0000028795ca67e0 Thread added: 0x0000028795ca67e0
Event: 7.083 Thread 0x0000028795ca7710 Thread added: 0x0000028795ca7710


Dynamic libraries:
0x00007ff7b36b0000 - 0x00007ff7b36be000 	C:\Users\ASUS\.jdks\corretto-17.0.12\bin\java.exe
0x00007ffadbf90000 - 0x00007ffadc188000 	C:\Windows\SYSTEM32\ntdll.dll
0x00007ffada3e0000 - 0x00007ffada49f000 	C:\Windows\System32\KERNEL32.DLL
0x00007ffad9720000 - 0x00007ffad99f2000 	C:\Windows\System32\KERNELBASE.dll
0x00007ffad9be0000 - 0x00007ffad9ce0000 	C:\Windows\System32\ucrtbase.dll
0x00007ffaafb80000 - 0x00007ffaafb9b000 	C:\Users\ASUS\.jdks\corretto-17.0.12\bin\VCRUNTIME140.dll
0x00007ffacf940000 - 0x00007ffacf957000 	C:\Users\ASUS\.jdks\corretto-17.0.12\bin\jli.dll
0x00007ffada150000 - 0x00007ffada2f1000 	C:\Windows\System32\USER32.dll
0x00007ffac5b00000 - 0x00007ffac5d9a000 	C:\Windows\WinSxS\amd64_microsoft.windows.common-controls_6595b64144ccf1df_6.0.19041.1110_none_60b5254171f9507e\COMCTL32.dll
0x00007ffad96f0000 - 0x00007ffad9712000 	C:\Windows\System32\win32u.dll
0x00007ffad9fd0000 - 0x00007ffada06e000 	C:\Windows\System32\msvcrt.dll
0x00007ffadb120000 - 0x00007ffadb14b000 	C:\Windows\System32\GDI32.dll
0x00007ffad9a00000 - 0x00007ffad9b0f000 	C:\Windows\System32\gdi32full.dll
0x00007ffad9b10000 - 0x00007ffad9bad000 	C:\Windows\System32\msvcp_win.dll
0x00007ffadb910000 - 0x00007ffadb942000 	C:\Windows\System32\IMM32.DLL
0x00007ffad09e0000 - 0x00007ffad09ec000 	C:\Users\ASUS\.jdks\corretto-17.0.12\bin\vcruntime140_1.dll
0x00007ffa863b0000 - 0x00007ffa8643d000 	C:\Users\ASUS\.jdks\corretto-17.0.12\bin\msvcp140.dll
0x00007ffa76b90000 - 0x00007ffa777fa000 	C:\Users\ASUS\.jdks\corretto-17.0.12\bin\server\jvm.dll
0x00007ffadafb0000 - 0x00007ffadb05e000 	C:\Windows\System32\ADVAPI32.dll
0x00007ffadb4b0000 - 0x00007ffadb54c000 	C:\Windows\System32\sechost.dll
0x00007ffadb720000 - 0x00007ffadb845000 	C:\Windows\System32\RPCRT4.dll
0x00007ffadac60000 - 0x00007ffadaccb000 	C:\Windows\System32\WS2_32.dll
0x00007ffad8c00000 - 0x00007ffad8c4b000 	C:\Windows\SYSTEM32\POWRPROF.dll
0x00007ffacf780000 - 0x00007ffacf7a7000 	C:\Windows\SYSTEM32\WINMM.dll
0x00007ffad3330000 - 0x00007ffad333a000 	C:\Windows\SYSTEM32\VERSION.dll
0x00007ffad8ac0000 - 0x00007ffad8ad2000 	C:\Windows\SYSTEM32\UMPDC.dll
0x00007ffad7540000 - 0x00007ffad7552000 	C:\Windows\SYSTEM32\kernel.appcore.dll
0x00007ffaafb70000 - 0x00007ffaafb7a000 	C:\Users\ASUS\.jdks\corretto-17.0.12\bin\jimage.dll
0x00007ffac2e30000 - 0x00007ffac3014000 	C:\Windows\SYSTEM32\DBGHELP.DLL
0x00007ffac1d70000 - 0x00007ffac1da5000 	C:\Windows\SYSTEM32\dbgcore.DLL
0x00007ffad9f40000 - 0x00007ffad9fc2000 	C:\Windows\System32\bcryptPrimitives.dll
0x00007ffaab5f0000 - 0x00007ffaab5fe000 	C:\Users\ASUS\.jdks\corretto-17.0.12\bin\instrument.dll
0x00007ffaa50e0000 - 0x00007ffaa5105000 	C:\Users\ASUS\.jdks\corretto-17.0.12\bin\java.dll
0x00007ffa825c0000 - 0x00007ffa82697000 	C:\Users\ASUS\.jdks\corretto-17.0.12\bin\jsvml.dll
0x00007ffada500000 - 0x00007ffadac45000 	C:\Windows\System32\SHELL32.dll
0x00007ffad7740000 - 0x00007ffad7ed2000 	C:\Windows\SYSTEM32\windows.storage.dll
0x00007ffadb150000 - 0x00007ffadb4a5000 	C:\Windows\System32\combase.dll
0x00007ffad90e0000 - 0x00007ffad9110000 	C:\Windows\SYSTEM32\Wldp.dll
0x00007ffadb850000 - 0x00007ffadb8fd000 	C:\Windows\System32\SHCORE.dll
0x00007ffadbef0000 - 0x00007ffadbf45000 	C:\Windows\System32\shlwapi.dll
0x00007ffad95c0000 - 0x00007ffad95df000 	C:\Windows\SYSTEM32\profapi.dll
0x00007ffaa4fa0000 - 0x00007ffaa4fb8000 	C:\Users\ASUS\.jdks\corretto-17.0.12\bin\zip.dll
0x00007ffaa4f80000 - 0x00007ffaa4f99000 	C:\Users\ASUS\.jdks\corretto-17.0.12\bin\net.dll
0x00007ffad1e20000 - 0x00007ffad1f2c000 	C:\Windows\SYSTEM32\WINHTTP.dll
0x00007ffad8e40000 - 0x00007ffad8eaa000 	C:\Windows\system32\mswsock.dll
0x00007ffaa4b10000 - 0x00007ffaa4b26000 	C:\Users\ASUS\.jdks\corretto-17.0.12\bin\nio.dll
0x00007ffaab5e0000 - 0x00007ffaab5f0000 	C:\Users\ASUS\.jdks\corretto-17.0.12\bin\verify.dll
0x00007ffaccda0000 - 0x00007ffaccdc7000 	C:\Users\ASUS\.gradle\native\c067742578af261105cb4f569cf0c3c89f3d7b1fecec35dd04571415982c5e48\windows-amd64\native-platform.dll
0x00007ffaa6e90000 - 0x00007ffaa6fd4000 	C:\Users\ASUS\.gradle\native\100fb08df4bc3b14c8652ba06237920a3bd2aa13389f12d3474272988ae205f9\windows-amd64\native-platform-file-events.dll
0x00007ffaa60a0000 - 0x00007ffaa60a9000 	C:\Users\ASUS\.jdks\corretto-17.0.12\bin\management.dll
0x00007ffaa5f80000 - 0x00007ffaa5f8b000 	C:\Users\ASUS\.jdks\corretto-17.0.12\bin\management_ext.dll
0x00007ffadb900000 - 0x00007ffadb908000 	C:\Windows\System32\PSAPI.DLL
0x00007ffad9030000 - 0x00007ffad9048000 	C:\Windows\SYSTEM32\CRYPTSP.dll
0x00007ffad8680000 - 0x00007ffad86b4000 	C:\Windows\system32\rsaenh.dll
0x00007ffad9bb0000 - 0x00007ffad9bd7000 	C:\Windows\System32\bcrypt.dll
0x00007ffad9580000 - 0x00007ffad95ae000 	C:\Windows\SYSTEM32\USERENV.dll
0x00007ffad9050000 - 0x00007ffad905c000 	C:\Windows\SYSTEM32\CRYPTBASE.dll
0x00007ffad8ae0000 - 0x00007ffad8b1b000 	C:\Windows\SYSTEM32\IPHLPAPI.DLL
0x00007ffadac50000 - 0x00007ffadac58000 	C:\Windows\System32\NSI.dll
0x00007ffad24a0000 - 0x00007ffad24b7000 	C:\Windows\SYSTEM32\dhcpcsvc6.DLL
0x00007ffad2910000 - 0x00007ffad292d000 	C:\Windows\SYSTEM32\dhcpcsvc.DLL
0x00007ffad8b30000 - 0x00007ffad8bfb000 	C:\Windows\SYSTEM32\DNSAPI.dll
0x00007ffaa4f70000 - 0x00007ffaa4f79000 	C:\Users\ASUS\.jdks\corretto-17.0.12\bin\extnet.dll
0x00007ffaa4b00000 - 0x00007ffaa4b0e000 	C:\Users\ASUS\.jdks\corretto-17.0.12\bin\sunmscapi.dll
0x00007ffad9de0000 - 0x00007ffad9f36000 	C:\Windows\System32\CRYPT32.dll
0x00007ffad9150000 - 0x00007ffad9177000 	C:\Windows\SYSTEM32\ncrypt.dll
0x00007ffad9110000 - 0x00007ffad914b000 	C:\Windows\SYSTEM32\NTASN1.dll
0x00007ffa82930000 - 0x00007ffa82937000 	C:\Windows\system32\wshunix.dll

dbghelp: loaded successfully - version: 4.0.5 - missing functions: none
symbol engine: initialized successfully - sym options: 0x614 - pdb path: .;C:\Users\ASUS\.jdks\corretto-17.0.12\bin;C:\Windows\SYSTEM32;C:\Windows\WinSxS\amd64_microsoft.windows.common-controls_6595b64144ccf1df_6.0.19041.1110_none_60b5254171f9507e;C:\Users\ASUS\.jdks\corretto-17.0.12\bin\server;C:\Users\ASUS\.gradle\native\c067742578af261105cb4f569cf0c3c89f3d7b1fecec35dd04571415982c5e48\windows-amd64;C:\Users\ASUS\.gradle\native\100fb08df4bc3b14c8652ba06237920a3bd2aa13389f12d3474272988ae205f9\windows-amd64

VM Arguments:
jvm_args: --add-opens=java.base/java.lang=ALL-UNNAMED --add-opens=java.base/java.lang.invoke=ALL-UNNAMED --add-opens=java.base/java.util=ALL-UNNAMED --add-opens=java.prefs/java.util.prefs=ALL-UNNAMED --add-exports=jdk.compiler/com.sun.tools.javac.api=ALL-UNNAMED --add-exports=jdk.compiler/com.sun.tools.javac.util=ALL-UNNAMED --add-opens=java.base/java.util=ALL-UNNAMED --add-opens=java.prefs/java.util.prefs=ALL-UNNAMED --add-opens=java.base/java.nio.charset=ALL-UNNAMED --add-opens=java.base/java.net=ALL-UNNAMED --add-opens=java.base/java.util.concurrent.atomic=ALL-UNNAMED --add-opens=java.xml/javax.xml.namespace=ALL-UNNAMED -XX:MaxMetaspaceSize=384m -XX:+HeapDumpOnOutOfMemoryError -Xms256m -Xmx512m -Dfile.encoding=windows-1252 -Duser.country=US -Duser.language=en -Duser.variant -javaagent:C:\Users\ASUS\.gradle\wrapper\dists\gradle-8.11.1-bin\bpt9gzteqjrbo1mjrsomdt32c\gradle-8.11.1\lib\agents\gradle-instrumentation-agent-8.11.1.jar 
java_command: org.gradle.launcher.daemon.bootstrap.GradleDaemon 8.11.1
java_class_path (initial): C:\Users\ASUS\.gradle\wrapper\dists\gradle-8.11.1-bin\bpt9gzteqjrbo1mjrsomdt32c\gradle-8.11.1\lib\gradle-daemon-main-8.11.1.jar
Launcher Type: SUN_STANDARD

[Global flags]
     intx CICompilerCount                          = 3                                         {product} {ergonomic}
   size_t CompressedClassSpaceSize                 = 335544320                                 {product} {ergonomic}
     uint ConcGCThreads                            = 1                                         {product} {ergonomic}
     uint G1ConcRefinementThreads                  = 4                                         {product} {ergonomic}
   size_t G1HeapRegionSize                         = 1048576                                   {product} {ergonomic}
    uintx GCDrainStackTargetSize                   = 64                                        {product} {ergonomic}
     bool HeapDumpOnOutOfMemoryError               = true                                   {manageable} {command line}
   size_t InitialHeapSize                          = 268435456                                 {product} {command line}
   size_t MarkStackSize                            = 4194304                                   {product} {ergonomic}
   size_t MaxHeapSize                              = 536870912                                 {product} {command line}
   size_t MaxMetaspaceSize                         = 402653184                                 {product} {command line}
   size_t MaxNewSize                               = 321912832                                 {product} {ergonomic}
   size_t MinHeapDeltaBytes                        = 1048576                                   {product} {ergonomic}
   size_t MinHeapSize                              = 268435456                                 {product} {command line}
    uintx NonNMethodCodeHeapSize                   = 5832780                                {pd product} {ergonomic}
    uintx NonProfiledCodeHeapSize                  = 122912730                              {pd product} {ergonomic}
    uintx ProfiledCodeHeapSize                     = 122912730                              {pd product} {ergonomic}
    uintx ReservedCodeCacheSize                    = 251658240                              {pd product} {ergonomic}
     bool SegmentedCodeCache                       = true                                      {product} {ergonomic}
   size_t SoftMaxHeapSize                          = 536870912                              {manageable} {ergonomic}
     bool UseCompressedClassPointers               = true                           {product lp64_product} {ergonomic}
     bool UseCompressedOops                        = true                           {product lp64_product} {ergonomic}
     bool UseG1GC                                  = true                                      {product} {ergonomic}
     bool UseLargePagesIndividualAllocation        = false                                  {pd product} {ergonomic}

Logging:
Log output configuration:
 #0: stdout all=warning uptime,level,tags
 #1: stderr all=off uptime,level,tags

Environment Variables:
PATH=C:\Windows\system32;C:\Windows;C:\Windows\System32\Wbem;C:\Windows\System32\WindowsPowerShell\v1.0\;C:\Windows\System32\OpenSSH\;C:\Program Files\Git\cmd;C:\Users\ASUS\AppData\Local\Microsoft\WindowsApps;;D:\WebStorm 2024.1.5\bin;
USERNAME=ASUS
OS=Windows_NT
PROCESSOR_IDENTIFIER=Intel64 Family 6 Model 158 Stepping 9, GenuineIntel
TMP=C:\Users\ASUS\AppData\Local\Temp
TEMP=C:\Users\ASUS\AppData\Local\Temp



Periodic native trim disabled


---------------  S Y S T E M  ---------------

OS:
 Windows 10 , 64 bit Build 19041 (10.0.19041.2546)
OS uptime: 3 days 7:27 hours

CPU: total 4 (initial active 4) (4 cores per cpu, 1 threads per core) family 6 model 158 stepping 9 microcode 0xb4, cx8, cmov, fxsr, mmx, 3dnowpref, sse, sse2, sse3, ssse3, sse4.1, sse4.2, popcnt, lzcnt, tsc, tscinvbit, avx, avx2, aes, erms, clmul, bmi1, bmi2, adx, fma, vzeroupper, clflush, clflushopt
Processor Information for all 4 processors :
  Max Mhz: 2501, Current Mhz: 2501, Mhz Limit: 2501

Memory: 4k page, system-wide physical 8076M (398M free)
TotalPageFile size 16542M (AvailPageFile size 9M)
current process WorkingSet (physical memory assigned to process): 333M, peak: 337M
current process commit charge ("private bytes"): 446M, peak: 449M

vm_info: OpenJDK 64-Bit Server VM (17.0.12+7-LTS) for windows-amd64 JRE (17.0.12+7-LTS), built on Jul 10 2024 20:46:33 by "Administrator" with MS VC++ 16.10 / 16.11 (VS2019)

END.
